2014/01/05 05:44:29 [error] [exception.CHttpException.404] exception 'CHttpException' with message 'The system is unable to find the requested action "index".' in C:\xampp\htdocs\yii\framework\web\CController.php:483
Stack trace:
#0 C:\xampp\htdocs\yii\framework\web\CController.php(270): CController->missingAction('')
#1 C:\xampp\htdocs\yii\framework\web\CWebApplication.php(282): CController->run('')
#2 C:\xampp\htdocs\yii\framework\web\CWebApplication.php(141): CWebApplication->runController('kelas')
#3 C:\xampp\htdocs\yii\framework\base\CApplication.php(180): CWebApplication->processRequest()
#4 C:\xampp\htdocs\edwin\index.php(13): CApplication->run()
#5 {main}
REQUEST_URI=/edwin/index.php?r=kelas
---
2014/01/05 05:45:07 [error] [exception.CHttpException.404] exception 'CHttpException' with message 'The system is unable to find the requested action "index".' in C:\xampp\htdocs\yii\framework\web\CController.php:483
Stack trace:
#0 C:\xampp\htdocs\yii\framework\web\CController.php(270): CController->missingAction('')
#1 C:\xampp\htdocs\yii\framework\web\CWebApplication.php(282): CController->run('')
#2 C:\xampp\htdocs\yii\framework\web\CWebApplication.php(141): CWebApplication->runController('kelas')
#3 C:\xampp\htdocs\yii\framework\base\CApplication.php(180): CWebApplication->processRequest()
#4 C:\xampp\htdocs\edwin\index.php(13): CApplication->run()
#5 {main}
REQUEST_URI=/edwin/index.php?r=kelas
---
2014/01/05 05:45:43 [error] [exception.CHttpException.404] exception 'CHttpException' with message 'The system is unable to find the requested action "index".' in C:\xampp\htdocs\yii\framework\web\CController.php:483
Stack trace:
#0 C:\xampp\htdocs\yii\framework\web\CController.php(270): CController->missingAction('')
#1 C:\xampp\htdocs\yii\framework\web\CWebApplication.php(282): CController->run('')
#2 C:\xampp\htdocs\yii\framework\web\CWebApplication.php(141): CWebApplication->runController('kelas')
#3 C:\xampp\htdocs\yii\framework\base\CApplication.php(180): CWebApplication->processRequest()
#4 C:\xampp\htdocs\edwin\index.php(13): CApplication->run()
#5 {main}
REQUEST_URI=/edwin/index.php?r=kelas
---
2014/01/05 05:48:06 [error] [exception.CHttpException.404] exception 'CHttpException' with message 'The system is unable to find the requested action "index".' in C:\xampp\htdocs\yii\framework\web\CController.php:483
Stack trace:
#0 C:\xampp\htdocs\yii\framework\web\CController.php(270): CController->missingAction('')
#1 C:\xampp\htdocs\yii\framework\web\CWebApplication.php(282): CController->run('')
#2 C:\xampp\htdocs\yii\framework\web\CWebApplication.php(141): CWebApplication->runController('kelas')
#3 C:\xampp\htdocs\yii\framework\base\CApplication.php(180): CWebApplication->processRequest()
#4 C:\xampp\htdocs\edwin\index.php(13): CApplication->run()
#5 {main}
REQUEST_URI=/edwin/index.php?r=kelas
---
2014/01/05 05:48:41 [error] [exception.CHttpException.404] exception 'CHttpException' with message 'The system is unable to find the requested action "index".' in C:\xampp\htdocs\yii\framework\web\CController.php:483
Stack trace:
#0 C:\xampp\htdocs\yii\framework\web\CController.php(270): CController->missingAction('')
#1 C:\xampp\htdocs\yii\framework\web\CWebApplication.php(282): CController->run('')
#2 C:\xampp\htdocs\yii\framework\web\CWebApplication.php(141): CWebApplication->runController('kelas')
#3 C:\xampp\htdocs\yii\framework\base\CApplication.php(180): CWebApplication->processRequest()
#4 C:\xampp\htdocs\edwin\index.php(13): CApplication->run()
#5 {main}
REQUEST_URI=/edwin/index.php?r=kelas
---
2014/01/05 05:50:28 [error] [exception.CHttpException.404] exception 'CHttpException' with message 'The system is unable to find the requested action "index".' in C:\xampp\htdocs\yii\framework\web\CController.php:483
Stack trace:
#0 C:\xampp\htdocs\yii\framework\web\CController.php(270): CController->missingAction('')
#1 C:\xampp\htdocs\yii\framework\web\CWebApplication.php(282): CController->run('')
#2 C:\xampp\htdocs\yii\framework\web\CWebApplication.php(141): CWebApplication->runController('kelas')
#3 C:\xampp\htdocs\yii\framework\base\CApplication.php(180): CWebApplication->processRequest()
#4 C:\xampp\htdocs\edwin\index.php(13): CApplication->run()
#5 {main}
REQUEST_URI=/edwin/index.php?r=kelas
---
2014/01/05 05:55:44 [error] [exception.CHttpException.404] exception 'CHttpException' with message 'The system is unable to find the requested action "index".' in C:\xampp\htdocs\yii\framework\web\CController.php:483
Stack trace:
#0 C:\xampp\htdocs\yii\framework\web\CController.php(270): CController->missingAction('')
#1 C:\xampp\htdocs\yii\framework\web\CWebApplication.php(282): CController->run('')
#2 C:\xampp\htdocs\yii\framework\web\CWebApplication.php(141): CWebApplication->runController('kelas')
#3 C:\xampp\htdocs\yii\framework\base\CApplication.php(180): CWebApplication->processRequest()
#4 C:\xampp\htdocs\edwin\index.php(13): CApplication->run()
#5 {main}
REQUEST_URI=/edwin/index.php?r=kelas
---
2014/01/05 05:57:41 [error] [exception.CHttpException.404] exception 'CHttpException' with message 'The system is unable to find the requested action "index".' in C:\xampp\htdocs\yii\framework\web\CController.php:483
Stack trace:
#0 C:\xampp\htdocs\yii\framework\web\CController.php(270): CController->missingAction('')
#1 C:\xampp\htdocs\yii\framework\web\CWebApplication.php(282): CController->run('')
#2 C:\xampp\htdocs\yii\framework\web\CWebApplication.php(141): CWebApplication->runController('kelas')
#3 C:\xampp\htdocs\yii\framework\base\CApplication.php(180): CWebApplication->processRequest()
#4 C:\xampp\htdocs\edwin\index.php(13): CApplication->run()
#5 {main}
REQUEST_URI=/edwin/index.php?r=kelas
---
2014/01/05 06:02:05 [error] [exception.CHttpException.404] exception 'CHttpException' with message 'The system is unable to find the requested action "index".' in C:\xampp\htdocs\yii\framework\web\CController.php:483
Stack trace:
#0 C:\xampp\htdocs\yii\framework\web\CController.php(270): CController->missingAction('')
#1 C:\xampp\htdocs\yii\framework\web\CWebApplication.php(282): CController->run('')
#2 C:\xampp\htdocs\yii\framework\web\CWebApplication.php(141): CWebApplication->runController('kelas')
#3 C:\xampp\htdocs\yii\framework\base\CApplication.php(180): CWebApplication->processRequest()
#4 C:\xampp\htdocs\edwin\index.php(13): CApplication->run()
#5 {main}
REQUEST_URI=/edwin/index.php?r=kelas
---
2014/01/05 06:09:55 [error] [exception.CDbException] exception 'CDbException' with message 'CDbConnection failed to open the DB connection: SQLSTATE[HY000] [1049] Unknown database 'akedemik'' in C:\xampp\htdocs\yii\framework\db\CDbConnection.php:382
Stack trace:
#0 C:\xampp\htdocs\yii\framework\db\CDbConnection.php(330): CDbConnection->open()
#1 C:\xampp\htdocs\yii\framework\db\CDbConnection.php(308): CDbConnection->setActive(true)
#2 C:\xampp\htdocs\yii\framework\base\CModule.php(387): CDbConnection->init()
#3 C:\xampp\htdocs\yii\framework\base\CModule.php(103): CModule->getComponent('db')
#4 C:\xampp\htdocs\yii\framework\gii\generators\model\ModelCode.php(60): CModule->__get('db')
#5 C:\xampp\htdocs\yii\framework\web\CFormModel.php(39): ModelCode->init()
#6 C:\xampp\htdocs\yii\framework\gii\CCodeGenerator.php(153): CFormModel->__construct()
#7 C:\xampp\htdocs\yii\framework\gii\CCodeGenerator.php(63): CCodeGenerator->prepare()
#8 C:\xampp\htdocs\yii\framework\web\actions\CInlineAction.php(49): CCodeGenerator->actionIndex()
#9 C:\xampp\htdocs\yii\framework\web\CController.php(308): CInlineAction->runWithParams(Array)
#10 C:\xampp\htdocs\yii\framework\web\CController.php(286): CController->runAction(Object(CInlineAction))
#11 C:\xampp\htdocs\yii\framework\web\CController.php(265): CController->runActionWithFilters(Object(CInlineAction), Array)
#12 C:\xampp\htdocs\yii\framework\web\CWebApplication.php(282): CController->run('index')
#13 C:\xampp\htdocs\yii\framework\web\CWebApplication.php(141): CWebApplication->runController('gii/model/index')
#14 C:\xampp\htdocs\yii\framework\base\CApplication.php(180): CWebApplication->processRequest()
#15 C:\xampp\htdocs\edwin\index.php(13): CApplication->run()
#16 {main}
REQUEST_URI=/edwin/index.php?r=gii/model/index
HTTP_REFERER=http://localhost/edwin/index.php?r=gii/default/index
---
2014/01/05 07:18:30 [error] [exception.CHttpException.404] exception 'CHttpException' with message 'The requested view "Biodata" was not found.' in C:\xampp\htdocs\yii\framework\web\actions\CViewAction.php:112
Stack trace:
#0 C:\xampp\htdocs\yii\framework\web\actions\CViewAction.php(123): CViewAction->resolveView('Biodata')
#1 C:\xampp\htdocs\yii\framework\web\actions\CAction.php(76): CViewAction->run()
#2 C:\xampp\htdocs\yii\framework\web\CController.php(308): CAction->runWithParams(Array)
#3 C:\xampp\htdocs\yii\framework\web\CController.php(286): CController->runAction(Object(CViewAction))
#4 C:\xampp\htdocs\yii\framework\web\CController.php(265): CController->runActionWithFilters(Object(CViewAction), Array)
#5 C:\xampp\htdocs\yii\framework\web\CWebApplication.php(282): CController->run('page')
#6 C:\xampp\htdocs\yii\framework\web\CWebApplication.php(141): CWebApplication->runController('site/page')
#7 C:\xampp\htdocs\yii\framework\base\CApplication.php(180): CWebApplication->processRequest()
#8 C:\xampp\htdocs\edwin\index.php(13): CApplication->run()
#9 {main}
REQUEST_URI=/edwin/index.php?r=site/page&view=Biodata
HTTP_REFERER=http://localhost/edwin/index.php?r=film/view&id=2
---
2014/01/05 07:25:46 [error] [exception.CHttpException.404] exception 'CHttpException' with message 'The system is unable to find the requested action "_view.php".' in C:\xampp\htdocs\yii\framework\web\CController.php:483
Stack trace:
#0 C:\xampp\htdocs\yii\framework\web\CController.php(270): CController->missingAction('_view.php')
#1 C:\xampp\htdocs\yii\framework\web\CWebApplication.php(282): CController->run('_view.php')
#2 C:\xampp\htdocs\yii\framework\web\CWebApplication.php(141): CWebApplication->runController('film/_view.php')
#3 C:\xampp\htdocs\yii\framework\base\CApplication.php(180): CWebApplication->processRequest()
#4 C:\xampp\htdocs\edwin\index.php(13): CApplication->run()
#5 {main}
REQUEST_URI=/edwin/index.php?r=film/_view.php
---
2014/01/05 07:26:01 [error] [exception.CHttpException.404] exception 'CHttpException' with message 'The system is unable to find the requested action "_view.php".' in C:\xampp\htdocs\yii\framework\web\CController.php:483
Stack trace:
#0 C:\xampp\htdocs\yii\framework\web\CController.php(270): CController->missingAction('_view.php')
#1 C:\xampp\htdocs\yii\framework\web\CWebApplication.php(282): CController->run('_view.php')
#2 C:\xampp\htdocs\yii\framework\web\CWebApplication.php(141): CWebApplication->runController('film/_view.php')
#3 C:\xampp\htdocs\yii\framework\base\CApplication.php(180): CWebApplication->processRequest()
#4 C:\xampp\htdocs\edwin\index.php(13): CApplication->run()
#5 {main}
REQUEST_URI=/edwin/index.php?r=film/_view.php
---
2014/01/05 07:29:08 [error] [exception.CHttpException.400] exception 'CHttpException' with message 'Your request is invalid.' in C:\xampp\htdocs\yii\framework\web\CController.php:336
Stack trace:
#0 C:\xampp\htdocs\yii\framework\web\CController.php(309): CController->invalidActionParams(Object(CInlineAction))
#1 C:\xampp\htdocs\yii\framework\web\filters\CFilterChain.php(133): CController->runAction(Object(CInlineAction))
#2 C:\xampp\htdocs\yii\framework\web\filters\CFilter.php(40): CFilterChain->run()
#3 C:\xampp\htdocs\yii\framework\web\CController.php(1145): CFilter->filter(Object(CFilterChain))
#4 C:\xampp\htdocs\yii\framework\web\filters\CInlineFilter.php(58): CController->filterAccessControl(Object(CFilterChain))
#5 C:\xampp\htdocs\yii\framework\web\filters\CFilterChain.php(130): CInlineFilter->filter(Object(CFilterChain))
#6 C:\xampp\htdocs\yii\framework\web\CController.php(291): CFilterChain->run()
#7 C:\xampp\htdocs\yii\framework\web\CController.php(265): CController->runActionWithFilters(Object(CInlineAction), Array)
#8 C:\xampp\htdocs\yii\framework\web\CWebApplication.php(282): CController->run('view')
#9 C:\xampp\htdocs\yii\framework\web\CWebApplication.php(141): CWebApplication->runController('film/view')
#10 C:\xampp\htdocs\yii\framework\base\CApplication.php(180): CWebApplication->processRequest()
#11 C:\xampp\htdocs\edwin\index.php(13): CApplication->run()
#12 {main}
REQUEST_URI=/edwin/index.php?r=film/view
---
2014/01/05 07:29:22 [error] [exception.CHttpException.400] exception 'CHttpException' with message 'Your request is invalid.' in C:\xampp\htdocs\yii\framework\web\CController.php:336
Stack trace:
#0 C:\xampp\htdocs\yii\framework\web\CController.php(309): CController->invalidActionParams(Object(CInlineAction))
#1 C:\xampp\htdocs\yii\framework\web\filters\CFilterChain.php(133): CController->runAction(Object(CInlineAction))
#2 C:\xampp\htdocs\yii\framework\web\filters\CFilter.php(40): CFilterChain->run()
#3 C:\xampp\htdocs\yii\framework\web\CController.php(1145): CFilter->filter(Object(CFilterChain))
#4 C:\xampp\htdocs\yii\framework\web\filters\CInlineFilter.php(58): CController->filterAccessControl(Object(CFilterChain))
#5 C:\xampp\htdocs\yii\framework\web\filters\CFilterChain.php(130): CInlineFilter->filter(Object(CFilterChain))
#6 C:\xampp\htdocs\yii\framework\web\CController.php(291): CFilterChain->run()
#7 C:\xampp\htdocs\yii\framework\web\CController.php(265): CController->runActionWithFilters(Object(CInlineAction), Array)
#8 C:\xampp\htdocs\yii\framework\web\CWebApplication.php(282): CController->run('update')
#9 C:\xampp\htdocs\yii\framework\web\CWebApplication.php(141): CWebApplication->runController('film/update')
#10 C:\xampp\htdocs\yii\framework\base\CApplication.php(180): CWebApplication->processRequest()
#11 C:\xampp\htdocs\edwin\index.php(13): CApplication->run()
#12 {main}
REQUEST_URI=/edwin/index.php?r=film/update
---
2014/01/05 07:29:30 [error] [exception.CHttpException.404] exception 'CHttpException' with message 'The system is unable to find the requested action "update.php".' in C:\xampp\htdocs\yii\framework\web\CController.php:483
Stack trace:
#0 C:\xampp\htdocs\yii\framework\web\CController.php(270): CController->missingAction('update.php')
#1 C:\xampp\htdocs\yii\framework\web\CWebApplication.php(282): CController->run('update.php')
#2 C:\xampp\htdocs\yii\framework\web\CWebApplication.php(141): CWebApplication->runController('film/update.php')
#3 C:\xampp\htdocs\yii\framework\base\CApplication.php(180): CWebApplication->processRequest()
#4 C:\xampp\htdocs\edwin\index.php(13): CApplication->run()
#5 {main}
REQUEST_URI=/edwin/index.php?r=film/update.php
---
2014/01/05 07:31:40 [error] [exception.CHttpException.400] exception 'CHttpException' with message 'Your request is invalid.' in C:\xampp\htdocs\yii\framework\web\CController.php:336
Stack trace:
#0 C:\xampp\htdocs\yii\framework\web\CController.php(309): CController->invalidActionParams(Object(CInlineAction))
#1 C:\xampp\htdocs\yii\framework\web\filters\CFilterChain.php(133): CController->runAction(Object(CInlineAction))
#2 C:\xampp\htdocs\yii\framework\web\filters\CFilter.php(40): CFilterChain->run()
#3 C:\xampp\htdocs\yii\framework\web\CController.php(1145): CFilter->filter(Object(CFilterChain))
#4 C:\xampp\htdocs\yii\framework\web\filters\CInlineFilter.php(58): CController->filterAccessControl(Object(CFilterChain))
#5 C:\xampp\htdocs\yii\framework\web\filters\CFilterChain.php(130): CInlineFilter->filter(Object(CFilterChain))
#6 C:\xampp\htdocs\yii\framework\web\CController.php(291): CFilterChain->run()
#7 C:\xampp\htdocs\yii\framework\web\CController.php(265): CController->runActionWithFilters(Object(CInlineAction), Array)
#8 C:\xampp\htdocs\yii\framework\web\CWebApplication.php(282): CController->run('view')
#9 C:\xampp\htdocs\yii\framework\web\CWebApplication.php(141): CWebApplication->runController('film/view')
#10 C:\xampp\htdocs\yii\framework\base\CApplication.php(180): CWebApplication->processRequest()
#11 C:\xampp\htdocs\edwin\index.php(13): CApplication->run()
#12 {main}
REQUEST_URI=/edwin/index.php?r=film/view
---
2014/01/05 07:32:29 [error] [exception.CHttpException.400] exception 'CHttpException' with message 'Your request is invalid.' in C:\xampp\htdocs\yii\framework\web\CController.php:336
Stack trace:
#0 C:\xampp\htdocs\yii\framework\web\CController.php(309): CController->invalidActionParams(Object(CInlineAction))
#1 C:\xampp\htdocs\yii\framework\web\filters\CFilterChain.php(133): CController->runAction(Object(CInlineAction))
#2 C:\xampp\htdocs\yii\framework\web\filters\CFilter.php(40): CFilterChain->run()
#3 C:\xampp\htdocs\yii\framework\web\CController.php(1145): CFilter->filter(Object(CFilterChain))
#4 C:\xampp\htdocs\yii\framework\web\filters\CInlineFilter.php(58): CController->filterAccessControl(Object(CFilterChain))
#5 C:\xampp\htdocs\yii\framework\web\filters\CFilterChain.php(130): CInlineFilter->filter(Object(CFilterChain))
#6 C:\xampp\htdocs\yii\framework\web\CController.php(291): CFilterChain->run()
#7 C:\xampp\htdocs\yii\framework\web\CController.php(265): CController->runActionWithFilters(Object(CInlineAction), Array)
#8 C:\xampp\htdocs\yii\framework\web\CWebApplication.php(282): CController->run('view')
#9 C:\xampp\htdocs\yii\framework\web\CWebApplication.php(141): CWebApplication->runController('film/view')
#10 C:\xampp\htdocs\yii\framework\base\CApplication.php(180): CWebApplication->processRequest()
#11 C:\xampp\htdocs\edwin\index.php(13): CApplication->run()
#12 {main}
REQUEST_URI=/edwin/index.php?r=film/view
---
2014/01/11 13:48:25 [error] [exception.CHttpException.404] exception 'CHttpException' with message 'Unable to resolve the request "film".' in C:\xampp\htdocs\yii\framework\web\CWebApplication.php:286
Stack trace:
#0 C:\xampp\htdocs\yii\framework\web\CWebApplication.php(141): CWebApplication->runController('film')
#1 C:\xampp\htdocs\yii\framework\base\CApplication.php(180): CWebApplication->processRequest()
#2 C:\xampp\htdocs\edwin\index.php(13): CApplication->run()
#3 {main}
REQUEST_URI=/edwin/index.php?r=film
---
2014/01/11 14:55:59 [error] [php] Undefined variable: dataProvider (C:\xampp\htdocs\edwin\protected\views\edwin\index.php:18)
Stack trace:
#0 C:\xampp\htdocs\yii\framework\web\CController.php(869): EdwinController->renderFile()
#1 C:\xampp\htdocs\yii\framework\web\CController.php(782): EdwinController->renderPartial()
#2 C:\xampp\htdocs\edwin\protected\controllers\EdwinController.php(32): EdwinController->render()
#3 C:\xampp\htdocs\yii\framework\web\actions\CInlineAction.php(49): EdwinController->actionIndex()
#4 C:\xampp\htdocs\yii\framework\web\CController.php(308): CInlineAction->runWithParams()
#5 C:\xampp\htdocs\yii\framework\web\CController.php(286): EdwinController->runAction()
#6 C:\xampp\htdocs\yii\framework\web\CController.php(265): EdwinController->runActionWithFilters()
#7 C:\xampp\htdocs\yii\framework\web\CWebApplication.php(282): EdwinController->run()
#8 C:\xampp\htdocs\yii\framework\web\CWebApplication.php(141): CWebApplication->runController()
#9 C:\xampp\htdocs\yii\framework\base\CApplication.php(180): CWebApplication->processRequest()
#10 C:\xampp\htdocs\edwin\index.php(13): CWebApplication->run()
REQUEST_URI=/edwin/index.php?r=edwin
in C:\xampp\htdocs\edwin\protected\views\edwin\index.php (18)
in C:\xampp\htdocs\edwin\protected\controllers\EdwinController.php (32)
in C:\xampp\htdocs\edwin\index.php (13)
2014/01/11 15:21:05 [error] [exception.CHttpException.404] exception 'CHttpException' with message 'Unable to resolve the request "helmi/index".' in C:\xampp\htdocs\yii\framework\web\CWebApplication.php:286
Stack trace:
#0 C:\xampp\htdocs\yii\framework\web\CWebApplication.php(141): CWebApplication->runController('helmi/index')
#1 C:\xampp\htdocs\yii\framework\base\CApplication.php(180): CWebApplication->processRequest()
#2 C:\xampp\htdocs\edwin\index.php(13): CApplication->run()
#3 {main}
REQUEST_URI=/edwin/index.php?r=helmi/index
---
