2014/01/07 03:49:28 [error] [exception.CDbException] exception 'CDbException' with message 'CDbConnection failed to open the DB connection: SQLSTATE[HY000] [1049] Unknown database 'testdrive'' in C:\xampp\htdocs\yii_kienda\framework\db\CDbConnection.php:382
Stack trace:
#0 C:\xampp\htdocs\yii_kienda\framework\db\CDbConnection.php(331): CDbConnection->open()
#1 C:\xampp\htdocs\yii_kienda\framework\db\CDbConnection.php(309): CDbConnection->setActive(true)
#2 C:\xampp\htdocs\yii_kienda\framework\base\CModule.php(388): CDbConnection->init()
#3 C:\xampp\htdocs\yii_kienda\framework\base\CApplication.php(431): CModule->getComponent('db')
#4 C:\xampp\htdocs\yii_kienda\framework\db\ar\CActiveRecord.php(615): CApplication->getDb()
#5 C:\xampp\htdocs\yii_kienda\framework\db\ar\CActiveRecord.php(2263): CActiveRecord->getDbConnection()
#6 C:\xampp\htdocs\yii_kienda\framework\db\ar\CActiveRecord.php(379): CActiveRecordMetaData->__construct(Object(Tiket))
#7 C:\xampp\htdocs\yii_kienda\framework\db\ar\CActiveRecord.php(394): CActiveRecord::model('Tiket')
#8 C:\xampp\htdocs\yii_kienda\framework\db\ar\CActiveRecord.php(78): CActiveRecord->getMetaData()
#9 C:\xampp\htdocs\yii_kienda\protected\controllers\TiketController.php(8): CActiveRecord->__construct()
#10 C:\xampp\htdocs\yii_kienda\framework\web\actions\CInlineAction.php(50): TiketController->actionCreate()
#11 C:\xampp\htdocs\yii_kienda\framework\web\CController.php(309): CInlineAction->runWithParams(Array)
#12 C:\xampp\htdocs\yii_kienda\framework\web\CController.php(287): CController->runAction(Object(CInlineAction))
#13 C:\xampp\htdocs\yii_kienda\framework\web\CController.php(266): CController->runActionWithFilters(Object(CInlineAction), Array)
#14 C:\xampp\htdocs\yii_kienda\framework\web\CWebApplication.php(276): CController->run('create')
#15 C:\xampp\htdocs\yii_kienda\framework\web\CWebApplication.php(135): CWebApplication->runController('tiket/create')
#16 C:\xampp\htdocs\yii_kienda\framework\base\CApplication.php(162): CWebApplication->processRequest()
#17 C:\xampp\htdocs\yii_kienda\index.php(13): CApplication->run()
#18 {main}
REQUEST_URI=/yii_kienda/index.php?r=tiket/create
---
2014/01/07 03:50:30 [error] [exception.CDbException] exception 'CDbException' with message 'CDbConnection failed to open the DB connection: SQLSTATE[HY000] [1049] Unknown database 'testdrive'' in C:\xampp\htdocs\yii_kienda\framework\db\CDbConnection.php:382
Stack trace:
#0 C:\xampp\htdocs\yii_kienda\framework\db\CDbConnection.php(331): CDbConnection->open()
#1 C:\xampp\htdocs\yii_kienda\framework\db\CDbConnection.php(309): CDbConnection->setActive(true)
#2 C:\xampp\htdocs\yii_kienda\framework\base\CModule.php(388): CDbConnection->init()
#3 C:\xampp\htdocs\yii_kienda\framework\base\CApplication.php(431): CModule->getComponent('db')
#4 C:\xampp\htdocs\yii_kienda\framework\db\ar\CActiveRecord.php(615): CApplication->getDb()
#5 C:\xampp\htdocs\yii_kienda\framework\db\ar\CActiveRecord.php(2263): CActiveRecord->getDbConnection()
#6 C:\xampp\htdocs\yii_kienda\framework\db\ar\CActiveRecord.php(379): CActiveRecordMetaData->__construct(Object(Tiket))
#7 C:\xampp\htdocs\yii_kienda\framework\db\ar\CActiveRecord.php(394): CActiveRecord::model('Tiket')
#8 C:\xampp\htdocs\yii_kienda\framework\db\ar\CActiveRecord.php(78): CActiveRecord->getMetaData()
#9 C:\xampp\htdocs\yii_kienda\protected\controllers\TiketController.php(8): CActiveRecord->__construct()
#10 C:\xampp\htdocs\yii_kienda\framework\web\actions\CInlineAction.php(50): TiketController->actionCreate()
#11 C:\xampp\htdocs\yii_kienda\framework\web\CController.php(309): CInlineAction->runWithParams(Array)
#12 C:\xampp\htdocs\yii_kienda\framework\web\CController.php(287): CController->runAction(Object(CInlineAction))
#13 C:\xampp\htdocs\yii_kienda\framework\web\CController.php(266): CController->runActionWithFilters(Object(CInlineAction), Array)
#14 C:\xampp\htdocs\yii_kienda\framework\web\CWebApplication.php(276): CController->run('create')
#15 C:\xampp\htdocs\yii_kienda\framework\web\CWebApplication.php(135): CWebApplication->runController('Tiket/create')
#16 C:\xampp\htdocs\yii_kienda\framework\base\CApplication.php(162): CWebApplication->processRequest()
#17 C:\xampp\htdocs\yii_kienda\index.php(13): CApplication->run()
#18 {main}
REQUEST_URI=/yii_kienda/index.php?r=Tiket/create
---
2014/01/07 04:10:06 [error] [php] include(kreta.php): failed to open stream: No such file or directory (C:\xampp\htdocs\yii_kienda\framework\YiiBase.php:418)
Stack trace:
#0 C:\xampp\htdocs\yii_kienda\protected\controllers\TugasController.php(29): spl_autoload_call()
#1 unknown(0): TugasController->actionUpdate()
#2 C:\xampp\htdocs\yii_kienda\framework\web\actions\CAction.php(107): ReflectionMethod->invokeArgs()
#3 C:\xampp\htdocs\yii_kienda\framework\web\actions\CInlineAction.php(48): CInlineAction->runWithParamsInternal()
#4 C:\xampp\htdocs\yii_kienda\framework\web\CController.php(309): CInlineAction->runWithParams()
#5 C:\xampp\htdocs\yii_kienda\framework\web\CController.php(287): TugasController->runAction()
#6 C:\xampp\htdocs\yii_kienda\framework\web\CController.php(266): TugasController->runActionWithFilters()
#7 C:\xampp\htdocs\yii_kienda\framework\web\CWebApplication.php(276): TugasController->run()
#8 C:\xampp\htdocs\yii_kienda\framework\web\CWebApplication.php(135): CWebApplication->runController()
#9 C:\xampp\htdocs\yii_kienda\framework\base\CApplication.php(162): CWebApplication->processRequest()
#10 C:\xampp\htdocs\yii_kienda\index.php(13): CWebApplication->run()
REQUEST_URI=/yii_kienda/index.php?r=tugas/update&idkreta=2
in C:\xampp\htdocs\yii_kienda\protected\controllers\TugasController.php (29)
in C:\xampp\htdocs\yii_kienda\index.php (13)
2014/01/07 04:17:28 [error] [php] include(kreta.php): failed to open stream: No such file or directory (C:\xampp\htdocs\yii_kienda\framework\YiiBase.php:418)
Stack trace:
#0 C:\xampp\htdocs\yii_kienda\protected\controllers\TugasController.php(29): spl_autoload_call()
#1 unknown(0): TugasController->actionUpdate()
#2 C:\xampp\htdocs\yii_kienda\framework\web\actions\CAction.php(107): ReflectionMethod->invokeArgs()
#3 C:\xampp\htdocs\yii_kienda\framework\web\actions\CInlineAction.php(48): CInlineAction->runWithParamsInternal()
#4 C:\xampp\htdocs\yii_kienda\framework\web\CController.php(309): CInlineAction->runWithParams()
#5 C:\xampp\htdocs\yii_kienda\framework\web\CController.php(287): TugasController->runAction()
#6 C:\xampp\htdocs\yii_kienda\framework\web\CController.php(266): TugasController->runActionWithFilters()
#7 C:\xampp\htdocs\yii_kienda\framework\web\CWebApplication.php(276): TugasController->run()
#8 C:\xampp\htdocs\yii_kienda\framework\web\CWebApplication.php(135): CWebApplication->runController()
#9 C:\xampp\htdocs\yii_kienda\framework\base\CApplication.php(162): CWebApplication->processRequest()
#10 C:\xampp\htdocs\yii_kienda\index.php(13): CWebApplication->run()
REQUEST_URI=/yii_kienda/index.php?r=tugas/update&idkreta=2
in C:\xampp\htdocs\yii_kienda\protected\controllers\TugasController.php (29)
in C:\xampp\htdocs\yii_kienda\index.php (13)
2014/01/07 04:38:29 [error] [php] include(kreta.php): failed to open stream: No such file or directory (C:\xampp\htdocs\yii_kienda\framework\YiiBase.php:418)
Stack trace:
#0 C:\xampp\htdocs\yii_kienda\protected\controllers\TugasController.php(29): spl_autoload_call()
#1 unknown(0): TugasController->actionUpdate()
#2 C:\xampp\htdocs\yii_kienda\framework\web\actions\CAction.php(107): ReflectionMethod->invokeArgs()
#3 C:\xampp\htdocs\yii_kienda\framework\web\actions\CInlineAction.php(48): CInlineAction->runWithParamsInternal()
#4 C:\xampp\htdocs\yii_kienda\framework\web\CController.php(309): CInlineAction->runWithParams()
#5 C:\xampp\htdocs\yii_kienda\framework\web\CController.php(287): TugasController->runAction()
#6 C:\xampp\htdocs\yii_kienda\framework\web\CController.php(266): TugasController->runActionWithFilters()
#7 C:\xampp\htdocs\yii_kienda\framework\web\CWebApplication.php(276): TugasController->run()
#8 C:\xampp\htdocs\yii_kienda\framework\web\CWebApplication.php(135): CWebApplication->runController()
#9 C:\xampp\htdocs\yii_kienda\framework\base\CApplication.php(162): CWebApplication->processRequest()
#10 C:\xampp\htdocs\yii_kienda\index.php(13): CWebApplication->run()
REQUEST_URI=/yii_kienda/index.php?r=tugas/update&idkreta=2
in C:\xampp\htdocs\yii_kienda\protected\controllers\TugasController.php (29)
in C:\xampp\htdocs\yii_kienda\index.php (13)
2014/01/07 04:45:09 [error] [system.db.CDbCommand] CDbCommand::execute() failed: SQLSTATE[23000]: Integrity constraint violation: 1062 Duplicate entry '1' for key 'PRIMARY'. The SQL statement executed was: INSERT INTO `kreta` (`idkreta`, `tipe`, `nama`, `kota_asal`, `kota_tujuan`, `jam_keberangkatan`, `jam_kedatangan`, `harga_tiket`) VALUES (:yp0, :yp1, :yp2, :yp3, :yp4, :yp5, :yp6, :yp7).
in C:\xampp\htdocs\yii_kienda\protected\controllers\TiketController.php (19)
in C:\xampp\htdocs\yii_kienda\index.php (13)
2014/01/07 04:45:09 [error] [exception.CDbException] exception 'CDbException' with message 'CDbCommand failed to execute the SQL statement: SQLSTATE[23000]: Integrity constraint violation: 1062 Duplicate entry '1' for key 'PRIMARY'. The SQL statement executed was: INSERT INTO `kreta` (`idkreta`, `tipe`, `nama`, `kota_asal`, `kota_tujuan`, `jam_keberangkatan`, `jam_kedatangan`, `harga_tiket`) VALUES (:yp0, :yp1, :yp2, :yp3, :yp4, :yp5, :yp6, :yp7)' in C:\xampp\htdocs\yii_kienda\framework\db\CDbCommand.php:354
Stack trace:
#0 C:\xampp\htdocs\yii_kienda\framework\db\ar\CActiveRecord.php(1014): CDbCommand->execute()
#1 C:\xampp\htdocs\yii_kienda\framework\db\ar\CActiveRecord.php(787): CActiveRecord->insert(NULL)
#2 C:\xampp\htdocs\yii_kienda\protected\controllers\TiketController.php(19): CActiveRecord->save()
#3 C:\xampp\htdocs\yii_kienda\framework\web\actions\CInlineAction.php(50): TiketController->actionCreate()
#4 C:\xampp\htdocs\yii_kienda\framework\web\CController.php(309): CInlineAction->runWithParams(Array)
#5 C:\xampp\htdocs\yii_kienda\framework\web\CController.php(287): CController->runAction(Object(CInlineAction))
#6 C:\xampp\htdocs\yii_kienda\framework\web\CController.php(266): CController->runActionWithFilters(Object(CInlineAction), Array)
#7 C:\xampp\htdocs\yii_kienda\framework\web\CWebApplication.php(276): CController->run('create')
#8 C:\xampp\htdocs\yii_kienda\framework\web\CWebApplication.php(135): CWebApplication->runController('Tiket/create')
#9 C:\xampp\htdocs\yii_kienda\framework\base\CApplication.php(162): CWebApplication->processRequest()
#10 C:\xampp\htdocs\yii_kienda\index.php(13): CApplication->run()
#11 {main}
REQUEST_URI=/yii_kienda/index.php?r=Tiket/create
HTTP_REFERER=http://localhost/yii_kienda/index.php?r=Tiket/create
---
2014/01/11 04:10:10 [error] [exception.CHttpException.404] exception 'CHttpException' with message 'The requested page  does not exist.' in C:\xampp\htdocs\yii_kienda\protected\controllers\TugasController.php:24
Stack trace:
#0 [internal function]: TugasController->actionDelete('1')
#1 C:\xampp\htdocs\yii_kienda\framework\web\actions\CAction.php(107): ReflectionMethod->invokeArgs(Object(TugasController), Array)
#2 C:\xampp\htdocs\yii_kienda\framework\web\actions\CInlineAction.php(48): CAction->runWithParamsInternal(Object(TugasController), Object(ReflectionMethod), Array)
#3 C:\xampp\htdocs\yii_kienda\framework\web\CController.php(309): CInlineAction->runWithParams(Array)
#4 C:\xampp\htdocs\yii_kienda\framework\web\CController.php(287): CController->runAction(Object(CInlineAction))
#5 C:\xampp\htdocs\yii_kienda\framework\web\CController.php(266): CController->runActionWithFilters(Object(CInlineAction), Array)
#6 C:\xampp\htdocs\yii_kienda\framework\web\CWebApplication.php(276): CController->run('delete')
#7 C:\xampp\htdocs\yii_kienda\framework\web\CWebApplication.php(135): CWebApplication->runController('tugas/delete')
#8 C:\xampp\htdocs\yii_kienda\framework\base\CApplication.php(162): CWebApplication->processRequest()
#9 C:\xampp\htdocs\yii_kienda\index.php(13): CApplication->run()
#10 {main}
REQUEST_URI=/yii_kienda/index.php?r=tugas/delete&idkreta=1
---
2014/01/11 05:08:26 [error] [exception.CHttpException.404] exception 'CHttpException' with message 'The requested view "Biodata" was not found.' in C:\xampp\htdocs\yii_kienda\framework\web\actions\CViewAction.php:113
Stack trace:
#0 C:\xampp\htdocs\yii_kienda\framework\web\actions\CViewAction.php(124): CViewAction->resolveView('Biodata')
#1 C:\xampp\htdocs\yii_kienda\framework\web\actions\CAction.php(75): CViewAction->run()
#2 C:\xampp\htdocs\yii_kienda\framework\web\CController.php(309): CAction->runWithParams(Array)
#3 C:\xampp\htdocs\yii_kienda\framework\web\CController.php(287): CController->runAction(Object(CViewAction))
#4 C:\xampp\htdocs\yii_kienda\framework\web\CController.php(266): CController->runActionWithFilters(Object(CViewAction), Array)
#5 C:\xampp\htdocs\yii_kienda\framework\web\CWebApplication.php(276): CController->run('page')
#6 C:\xampp\htdocs\yii_kienda\framework\web\CWebApplication.php(135): CWebApplication->runController('site/page')
#7 C:\xampp\htdocs\yii_kienda\framework\base\CApplication.php(162): CWebApplication->processRequest()
#8 C:\xampp\htdocs\yii_kienda\index.php(13): CApplication->run()
#9 {main}
REQUEST_URI=/yii_kienda/index.php?r=site/page&view=Biodata
HTTP_REFERER=http://localhost/yii_kienda/index.php?r=kienda/index
---
2014/01/11 05:08:31 [error] [exception.CHttpException.404] exception 'CHttpException' with message 'The requested view "Biodata" was not found.' in C:\xampp\htdocs\yii_kienda\framework\web\actions\CViewAction.php:113
Stack trace:
#0 C:\xampp\htdocs\yii_kienda\framework\web\actions\CViewAction.php(124): CViewAction->resolveView('Biodata')
#1 C:\xampp\htdocs\yii_kienda\framework\web\actions\CAction.php(75): CViewAction->run()
#2 C:\xampp\htdocs\yii_kienda\framework\web\CController.php(309): CAction->runWithParams(Array)
#3 C:\xampp\htdocs\yii_kienda\framework\web\CController.php(287): CController->runAction(Object(CViewAction))
#4 C:\xampp\htdocs\yii_kienda\framework\web\CController.php(266): CController->runActionWithFilters(Object(CViewAction), Array)
#5 C:\xampp\htdocs\yii_kienda\framework\web\CWebApplication.php(276): CController->run('page')
#6 C:\xampp\htdocs\yii_kienda\framework\web\CWebApplication.php(135): CWebApplication->runController('site/page')
#7 C:\xampp\htdocs\yii_kienda\framework\base\CApplication.php(162): CWebApplication->processRequest()
#8 C:\xampp\htdocs\yii_kienda\index.php(13): CApplication->run()
#9 {main}
REQUEST_URI=/yii_kienda/index.php?r=site/page&view=Biodata
HTTP_REFERER=http://localhost/yii_kienda/index.php?r=site/index
---
2014/01/11 05:12:48 [error] [exception.CHttpException.404] exception 'CHttpException' with message 'The requested view "Biodata" was not found.' in C:\xampp\htdocs\yii_kienda\framework\web\actions\CViewAction.php:113
Stack trace:
#0 C:\xampp\htdocs\yii_kienda\framework\web\actions\CViewAction.php(124): CViewAction->resolveView('Biodata')
#1 C:\xampp\htdocs\yii_kienda\framework\web\actions\CAction.php(75): CViewAction->run()
#2 C:\xampp\htdocs\yii_kienda\framework\web\CController.php(309): CAction->runWithParams(Array)
#3 C:\xampp\htdocs\yii_kienda\framework\web\CController.php(287): CController->runAction(Object(CViewAction))
#4 C:\xampp\htdocs\yii_kienda\framework\web\CController.php(266): CController->runActionWithFilters(Object(CViewAction), Array)
#5 C:\xampp\htdocs\yii_kienda\framework\web\CWebApplication.php(276): CController->run('page')
#6 C:\xampp\htdocs\yii_kienda\framework\web\CWebApplication.php(135): CWebApplication->runController('site/page')
#7 C:\xampp\htdocs\yii_kienda\framework\base\CApplication.php(162): CWebApplication->processRequest()
#8 C:\xampp\htdocs\yii_kienda\index.php(13): CApplication->run()
#9 {main}
REQUEST_URI=/yii_kienda/index.php?r=site/page&view=Biodata
HTTP_REFERER=http://localhost/yii_kienda/index.php?r=kienda/index
---
2014/01/11 05:14:43 [error] [exception.CHttpException.404] exception 'CHttpException' with message 'The requested view "Biodata" was not found.' in C:\xampp\htdocs\yii_kienda\framework\web\actions\CViewAction.php:113
Stack trace:
#0 C:\xampp\htdocs\yii_kienda\framework\web\actions\CViewAction.php(124): CViewAction->resolveView('Biodata')
#1 C:\xampp\htdocs\yii_kienda\framework\web\actions\CAction.php(75): CViewAction->run()
#2 C:\xampp\htdocs\yii_kienda\framework\web\CController.php(309): CAction->runWithParams(Array)
#3 C:\xampp\htdocs\yii_kienda\framework\web\CController.php(287): CController->runAction(Object(CViewAction))
#4 C:\xampp\htdocs\yii_kienda\framework\web\CController.php(266): CController->runActionWithFilters(Object(CViewAction), Array)
#5 C:\xampp\htdocs\yii_kienda\framework\web\CWebApplication.php(276): CController->run('page')
#6 C:\xampp\htdocs\yii_kienda\framework\web\CWebApplication.php(135): CWebApplication->runController('site/page')
#7 C:\xampp\htdocs\yii_kienda\framework\base\CApplication.php(162): CWebApplication->processRequest()
#8 C:\xampp\htdocs\yii_kienda\index.php(13): CApplication->run()
#9 {main}
REQUEST_URI=/yii_kienda/index.php?r=site/page&view=Biodata
---
2014/01/11 05:19:46 [error] [exception.CHttpException.404] exception 'CHttpException' with message 'The requested view "Biodata" was not found.' in C:\xampp\htdocs\yii_kienda\framework\web\actions\CViewAction.php:113
Stack trace:
#0 C:\xampp\htdocs\yii_kienda\framework\web\actions\CViewAction.php(124): CViewAction->resolveView('Biodata')
#1 C:\xampp\htdocs\yii_kienda\framework\web\actions\CAction.php(75): CViewAction->run()
#2 C:\xampp\htdocs\yii_kienda\framework\web\CController.php(309): CAction->runWithParams(Array)
#3 C:\xampp\htdocs\yii_kienda\framework\web\CController.php(287): CController->runAction(Object(CViewAction))
#4 C:\xampp\htdocs\yii_kienda\framework\web\CController.php(266): CController->runActionWithFilters(Object(CViewAction), Array)
#5 C:\xampp\htdocs\yii_kienda\framework\web\CWebApplication.php(276): CController->run('page')
#6 C:\xampp\htdocs\yii_kienda\framework\web\CWebApplication.php(135): CWebApplication->runController('site/page')
#7 C:\xampp\htdocs\yii_kienda\framework\base\CApplication.php(162): CWebApplication->processRequest()
#8 C:\xampp\htdocs\yii_kienda\index.php(13): CApplication->run()
#9 {main}
REQUEST_URI=/yii_kienda/index.php?r=site/page&view=Biodata
HTTP_REFERER=http://localhost/yii_kienda/index.php?r=site/page&view=about
---
2014/01/11 05:19:49 [error] [exception.CHttpException.404] exception 'CHttpException' with message 'The requested view "Biodata" was not found.' in C:\xampp\htdocs\yii_kienda\framework\web\actions\CViewAction.php:113
Stack trace:
#0 C:\xampp\htdocs\yii_kienda\framework\web\actions\CViewAction.php(124): CViewAction->resolveView('Biodata')
#1 C:\xampp\htdocs\yii_kienda\framework\web\actions\CAction.php(75): CViewAction->run()
#2 C:\xampp\htdocs\yii_kienda\framework\web\CController.php(309): CAction->runWithParams(Array)
#3 C:\xampp\htdocs\yii_kienda\framework\web\CController.php(287): CController->runAction(Object(CViewAction))
#4 C:\xampp\htdocs\yii_kienda\framework\web\CController.php(266): CController->runActionWithFilters(Object(CViewAction), Array)
#5 C:\xampp\htdocs\yii_kienda\framework\web\CWebApplication.php(276): CController->run('page')
#6 C:\xampp\htdocs\yii_kienda\framework\web\CWebApplication.php(135): CWebApplication->runController('site/page')
#7 C:\xampp\htdocs\yii_kienda\framework\base\CApplication.php(162): CWebApplication->processRequest()
#8 C:\xampp\htdocs\yii_kienda\index.php(13): CApplication->run()
#9 {main}
REQUEST_URI=/yii_kienda/index.php?r=site/page&view=Biodata
HTTP_REFERER=http://localhost/yii_kienda/index.php?r=site/index
---
2014/01/11 05:19:54 [error] [exception.CHttpException.404] exception 'CHttpException' with message 'The requested view "Biodata" was not found.' in C:\xampp\htdocs\yii_kienda\framework\web\actions\CViewAction.php:113
Stack trace:
#0 C:\xampp\htdocs\yii_kienda\framework\web\actions\CViewAction.php(124): CViewAction->resolveView('Biodata')
#1 C:\xampp\htdocs\yii_kienda\framework\web\actions\CAction.php(75): CViewAction->run()
#2 C:\xampp\htdocs\yii_kienda\framework\web\CController.php(309): CAction->runWithParams(Array)
#3 C:\xampp\htdocs\yii_kienda\framework\web\CController.php(287): CController->runAction(Object(CViewAction))
#4 C:\xampp\htdocs\yii_kienda\framework\web\CController.php(266): CController->runActionWithFilters(Object(CViewAction), Array)
#5 C:\xampp\htdocs\yii_kienda\framework\web\CWebApplication.php(276): CController->run('page')
#6 C:\xampp\htdocs\yii_kienda\framework\web\CWebApplication.php(135): CWebApplication->runController('site/page')
#7 C:\xampp\htdocs\yii_kienda\framework\base\CApplication.php(162): CWebApplication->processRequest()
#8 C:\xampp\htdocs\yii_kienda\index.php(13): CApplication->run()
#9 {main}
REQUEST_URI=/yii_kienda/index.php?r=site/page&view=Biodata
HTTP_REFERER=http://localhost/yii_kienda/index.php?r=site/contact
---
2014/01/11 05:39:38 [error] [exception.CHttpException.404] exception 'CHttpException' with message 'The system is unable to find the requested action "index".' in C:\xampp\htdocs\yii_kienda\framework\web\CController.php:484
Stack trace:
#0 C:\xampp\htdocs\yii_kienda\framework\web\CController.php(271): CController->missingAction('')
#1 C:\xampp\htdocs\yii_kienda\framework\web\CWebApplication.php(276): CController->run('')
#2 C:\xampp\htdocs\yii_kienda\framework\web\CWebApplication.php(135): CWebApplication->runController('tiket/')
#3 C:\xampp\htdocs\yii_kienda\framework\base\CApplication.php(162): CWebApplication->processRequest()
#4 C:\xampp\htdocs\yii_kienda\index.php(13): CApplication->run()
#5 {main}
REQUEST_URI=/yii_kienda/index.php?r=tiket/
---
2014/01/15 07:34:12 [error] [php] include(kreta.php): failed to open stream: No such file or directory (C:\xampp\htdocs\yii_kienda\framework\YiiBase.php:418)
Stack trace:
#0 C:\xampp\htdocs\yii_kienda\protected\controllers\TugasController.php(29): spl_autoload_call()
#1 unknown(0): TugasController->actionUpdate()
#2 C:\xampp\htdocs\yii_kienda\framework\web\actions\CAction.php(107): ReflectionMethod->invokeArgs()
#3 C:\xampp\htdocs\yii_kienda\framework\web\actions\CInlineAction.php(48): CInlineAction->runWithParamsInternal()
#4 C:\xampp\htdocs\yii_kienda\framework\web\CController.php(309): CInlineAction->runWithParams()
#5 C:\xampp\htdocs\yii_kienda\framework\web\CController.php(287): TugasController->runAction()
#6 C:\xampp\htdocs\yii_kienda\framework\web\CController.php(266): TugasController->runActionWithFilters()
#7 C:\xampp\htdocs\yii_kienda\framework\web\CWebApplication.php(276): TugasController->run()
#8 C:\xampp\htdocs\yii_kienda\framework\web\CWebApplication.php(135): CWebApplication->runController()
#9 C:\xampp\htdocs\yii_kienda\framework\base\CApplication.php(162): CWebApplication->processRequest()
#10 C:\xampp\htdocs\yii_kienda\index.php(13): CWebApplication->run()
REQUEST_URI=/yii_kienda/index.php?r=tugas/update&idkreta=2
in C:\xampp\htdocs\yii_kienda\protected\controllers\TugasController.php (29)
in C:\xampp\htdocs\yii_kienda\index.php (13)
2014/01/15 08:15:49 [error] [exception.CHttpException.404] exception 'CHttpException' with message 'The requested page  does not exist.' in C:\xampp\htdocs\yii_kienda\protected\controllers\TugasController.php:24
Stack trace:
#0 [internal function]: TugasController->actionDelete('1')
#1 C:\xampp\htdocs\yii_kienda\framework\web\actions\CAction.php(107): ReflectionMethod->invokeArgs(Object(TugasController), Array)
#2 C:\xampp\htdocs\yii_kienda\framework\web\actions\CInlineAction.php(48): CAction->runWithParamsInternal(Object(TugasController), Object(ReflectionMethod), Array)
#3 C:\xampp\htdocs\yii_kienda\framework\web\CController.php(309): CInlineAction->runWithParams(Array)
#4 C:\xampp\htdocs\yii_kienda\framework\web\CController.php(287): CController->runAction(Object(CInlineAction))
#5 C:\xampp\htdocs\yii_kienda\framework\web\CController.php(266): CController->runActionWithFilters(Object(CInlineAction), Array)
#6 C:\xampp\htdocs\yii_kienda\framework\web\CWebApplication.php(276): CController->run('delete')
#7 C:\xampp\htdocs\yii_kienda\framework\web\CWebApplication.php(135): CWebApplication->runController('tugas/delete')
#8 C:\xampp\htdocs\yii_kienda\framework\base\CApplication.php(162): CWebApplication->processRequest()
#9 C:\xampp\htdocs\yii_kienda\index.php(13): CApplication->run()
#10 {main}
REQUEST_URI=/yii_kienda/index.php?r=tugas/delete&idkreta=1
---
2014/01/15 12:21:36 [error] [php] include(kreta.php): failed to open stream: No such file or directory (C:\xampp\htdocs\yii_kienda\framework\YiiBase.php:418)
Stack trace:
#0 C:\xampp\htdocs\yii_kienda\protected\controllers\TugasController.php(29): spl_autoload_call()
#1 unknown(0): TugasController->actionUpdate()
#2 C:\xampp\htdocs\yii_kienda\framework\web\actions\CAction.php(107): ReflectionMethod->invokeArgs()
#3 C:\xampp\htdocs\yii_kienda\framework\web\actions\CInlineAction.php(48): CInlineAction->runWithParamsInternal()
#4 C:\xampp\htdocs\yii_kienda\framework\web\CController.php(309): CInlineAction->runWithParams()
#5 C:\xampp\htdocs\yii_kienda\framework\web\CController.php(287): TugasController->runAction()
#6 C:\xampp\htdocs\yii_kienda\framework\web\CController.php(266): TugasController->runActionWithFilters()
#7 C:\xampp\htdocs\yii_kienda\framework\web\CWebApplication.php(276): TugasController->run()
#8 C:\xampp\htdocs\yii_kienda\framework\web\CWebApplication.php(135): CWebApplication->runController()
#9 C:\xampp\htdocs\yii_kienda\framework\base\CApplication.php(162): CWebApplication->processRequest()
#10 C:\xampp\htdocs\yii_kienda\index.php(13): CWebApplication->run()
REQUEST_URI=/yii_kienda/index.php?r=tugas/update&idkreta=2
in C:\xampp\htdocs\yii_kienda\protected\controllers\TugasController.php (29)
in C:\xampp\htdocs\yii_kienda\index.php (13)
2014/01/23 05:04:09 [error] [exception.CException] exception 'CException' with message 'TugasController cannot find the requested view "update".' in C:\xampp\htdocs\yii_kienda\framework\web\CController.php:879
Stack trace:
#0 C:\xampp\htdocs\yii_kienda\framework\web\CController.php(783): CController->renderPartial('update', Array, true)
#1 C:\xampp\htdocs\yii_kienda\protected\controllers\TugasController.php(46): CController->render('update', Array)
#2 [internal function]: TugasController->actionUpdate('2')
#3 C:\xampp\htdocs\yii_kienda\framework\web\actions\CAction.php(107): ReflectionMethod->invokeArgs(Object(TugasController), Array)
#4 C:\xampp\htdocs\yii_kienda\framework\web\actions\CInlineAction.php(48): CAction->runWithParamsInternal(Object(TugasController), Object(ReflectionMethod), Array)
#5 C:\xampp\htdocs\yii_kienda\framework\web\CController.php(309): CInlineAction->runWithParams(Array)
#6 C:\xampp\htdocs\yii_kienda\framework\web\CController.php(287): CController->runAction(Object(CInlineAction))
#7 C:\xampp\htdocs\yii_kienda\framework\web\CController.php(266): CController->runActionWithFilters(Object(CInlineAction), Array)
#8 C:\xampp\htdocs\yii_kienda\framework\web\CWebApplication.php(276): CController->run('update')
#9 C:\xampp\htdocs\yii_kienda\framework\web\CWebApplication.php(135): CWebApplication->runController('tugas/update')
#10 C:\xampp\htdocs\yii_kienda\framework\base\CApplication.php(162): CWebApplication->processRequest()
#11 C:\xampp\htdocs\yii_kienda\index.php(13): CApplication->run()
#12 {main}
REQUEST_URI=/yii_kienda/index.php?r=tugas/update&idkreta=2
HTTP_REFERER=http://localhost/yii_kienda/index.php?r=tugas/index
---
2014/01/23 05:05:37 [error] [exception.CException] exception 'CException' with message 'TugasController cannot find the requested view "update".' in C:\xampp\htdocs\yii_kienda\framework\web\CController.php:879
Stack trace:
#0 C:\xampp\htdocs\yii_kienda\framework\web\CController.php(783): CController->renderPartial('update', Array, true)
#1 C:\xampp\htdocs\yii_kienda\protected\controllers\TugasController.php(46): CController->render('update', Array)
#2 [internal function]: TugasController->actionUpdate('2')
#3 C:\xampp\htdocs\yii_kienda\framework\web\actions\CAction.php(107): ReflectionMethod->invokeArgs(Object(TugasController), Array)
#4 C:\xampp\htdocs\yii_kienda\framework\web\actions\CInlineAction.php(48): CAction->runWithParamsInternal(Object(TugasController), Object(ReflectionMethod), Array)
#5 C:\xampp\htdocs\yii_kienda\framework\web\CController.php(309): CInlineAction->runWithParams(Array)
#6 C:\xampp\htdocs\yii_kienda\framework\web\CController.php(287): CController->runAction(Object(CInlineAction))
#7 C:\xampp\htdocs\yii_kienda\framework\web\CController.php(266): CController->runActionWithFilters(Object(CInlineAction), Array)
#8 C:\xampp\htdocs\yii_kienda\framework\web\CWebApplication.php(276): CController->run('update')
#9 C:\xampp\htdocs\yii_kienda\framework\web\CWebApplication.php(135): CWebApplication->runController('tugas/update')
#10 C:\xampp\htdocs\yii_kienda\framework\base\CApplication.php(162): CWebApplication->processRequest()
#11 C:\xampp\htdocs\yii_kienda\index.php(13): CApplication->run()
#12 {main}
REQUEST_URI=/yii_kienda/index.php?r=tugas/update&idkreta=2
HTTP_REFERER=http://localhost/yii_kienda/index.php?r=tugas/index
---
2014/01/23 05:07:28 [error] [exception.CException] exception 'CException' with message 'Property "Tiket.id" is not defined.' in C:\xampp\htdocs\yii_kienda\framework\base\CComponent.php:131
Stack trace:
#0 C:\xampp\htdocs\yii_kienda\framework\db\ar\CActiveRecord.php(144): CComponent->__get('id')
#1 C:\xampp\htdocs\yii_kienda\protected\views\tugas\update.php(3): CActiveRecord->__get('id')
#2 C:\xampp\htdocs\yii_kienda\framework\web\CBaseController.php(127): require('C:\xampp\htdocs...')
#3 C:\xampp\htdocs\yii_kienda\framework\web\CBaseController.php(96): CBaseController->renderInternal('C:\xampp\htdocs...', Array, true)
#4 C:\xampp\htdocs\yii_kienda\framework\web\CController.php(870): CBaseController->renderFile('C:\xampp\htdocs...', Array, true)
#5 C:\xampp\htdocs\yii_kienda\framework\web\CController.php(783): CController->renderPartial('update', Array, true)
#6 C:\xampp\htdocs\yii_kienda\protected\controllers\TugasController.php(46): CController->render('update', Array)
#7 [internal function]: TugasController->actionUpdate('2')
#8 C:\xampp\htdocs\yii_kienda\framework\web\actions\CAction.php(107): ReflectionMethod->invokeArgs(Object(TugasController), Array)
#9 C:\xampp\htdocs\yii_kienda\framework\web\actions\CInlineAction.php(48): CAction->runWithParamsInternal(Object(TugasController), Object(ReflectionMethod), Array)
#10 C:\xampp\htdocs\yii_kienda\framework\web\CController.php(309): CInlineAction->runWithParams(Array)
#11 C:\xampp\htdocs\yii_kienda\framework\web\CController.php(287): CController->runAction(Object(CInlineAction))
#12 C:\xampp\htdocs\yii_kienda\framework\web\CController.php(266): CController->runActionWithFilters(Object(CInlineAction), Array)
#13 C:\xampp\htdocs\yii_kienda\framework\web\CWebApplication.php(276): CController->run('update')
#14 C:\xampp\htdocs\yii_kienda\framework\web\CWebApplication.php(135): CWebApplication->runController('tugas/update')
#15 C:\xampp\htdocs\yii_kienda\framework\base\CApplication.php(162): CWebApplication->processRequest()
#16 C:\xampp\htdocs\yii_kienda\index.php(13): CApplication->run()
#17 {main}
REQUEST_URI=/yii_kienda/index.php?r=tugas/update&idkreta=2
HTTP_REFERER=http://localhost/yii_kienda/index.php?r=tugas/index
---
2014/01/23 05:12:32 [error] [exception.CHttpException.400] exception 'CHttpException' with message 'Your request is invalid.' in C:\xampp\htdocs\yii_kienda\framework\web\CController.php:337
Stack trace:
#0 C:\xampp\htdocs\yii_kienda\framework\web\CController.php(310): CController->invalidActionParams(Object(CInlineAction))
#1 C:\xampp\htdocs\yii_kienda\framework\web\CController.php(287): CController->runAction(Object(CInlineAction))
#2 C:\xampp\htdocs\yii_kienda\framework\web\CController.php(266): CController->runActionWithFilters(Object(CInlineAction), Array)
#3 C:\xampp\htdocs\yii_kienda\framework\web\CWebApplication.php(276): CController->run('update')
#4 C:\xampp\htdocs\yii_kienda\framework\web\CWebApplication.php(135): CWebApplication->runController('tugas/update')
#5 C:\xampp\htdocs\yii_kienda\framework\base\CApplication.php(162): CWebApplication->processRequest()
#6 C:\xampp\htdocs\yii_kienda\index.php(13): CApplication->run()
#7 {main}
REQUEST_URI=/yii_kienda/index.php?r=tugas/update&id=2
HTTP_REFERER=http://localhost/yii_kienda/index.php?r=tugas/update&idkreta=2
---
2014/01/25 02:55:03 [error] [php] Undefined variable: Jumlah (C:\xampp\htdocs\yii_kienda\protected\views\tugas\index.php:64)
Stack trace:
#0 C:\xampp\htdocs\yii_kienda\framework\web\CController.php(870): TugasController->renderFile()
#1 C:\xampp\htdocs\yii_kienda\framework\web\CController.php(783): TugasController->renderPartial()
#2 C:\xampp\htdocs\yii_kienda\protected\controllers\TugasController.php(13): TugasController->render()
#3 C:\xampp\htdocs\yii_kienda\framework\web\actions\CInlineAction.php(50): TugasController->actionIndex()
#4 C:\xampp\htdocs\yii_kienda\framework\web\CController.php(309): CInlineAction->runWithParams()
#5 C:\xampp\htdocs\yii_kienda\framework\web\CController.php(287): TugasController->runAction()
#6 C:\xampp\htdocs\yii_kienda\framework\web\CController.php(266): TugasController->runActionWithFilters()
#7 C:\xampp\htdocs\yii_kienda\framework\web\CWebApplication.php(276): TugasController->run()
#8 C:\xampp\htdocs\yii_kienda\framework\web\CWebApplication.php(135): CWebApplication->runController()
#9 C:\xampp\htdocs\yii_kienda\framework\base\CApplication.php(162): CWebApplication->processRequest()
#10 C:\xampp\htdocs\yii_kienda\index.php(13): CWebApplication->run()
REQUEST_URI=/yii_kienda/index.php?r=tugas/index
in C:\xampp\htdocs\yii_kienda\protected\views\tugas\index.php (64)
in C:\xampp\htdocs\yii_kienda\protected\controllers\TugasController.php (13)
in C:\xampp\htdocs\yii_kienda\index.php (13)
2014/01/25 02:55:49 [error] [php] Undefined variable: Jumlah (C:\xampp\htdocs\yii_kienda\protected\views\tugas\index.php:64)
Stack trace:
#0 C:\xampp\htdocs\yii_kienda\framework\web\CController.php(870): TugasController->renderFile()
#1 C:\xampp\htdocs\yii_kienda\framework\web\CController.php(783): TugasController->renderPartial()
#2 C:\xampp\htdocs\yii_kienda\protected\controllers\TugasController.php(13): TugasController->render()
#3 C:\xampp\htdocs\yii_kienda\framework\web\actions\CInlineAction.php(50): TugasController->actionIndex()
#4 C:\xampp\htdocs\yii_kienda\framework\web\CController.php(309): CInlineAction->runWithParams()
#5 C:\xampp\htdocs\yii_kienda\framework\web\CController.php(287): TugasController->runAction()
#6 C:\xampp\htdocs\yii_kienda\framework\web\CController.php(266): TugasController->runActionWithFilters()
#7 C:\xampp\htdocs\yii_kienda\framework\web\CWebApplication.php(276): TugasController->run()
#8 C:\xampp\htdocs\yii_kienda\framework\web\CWebApplication.php(135): CWebApplication->runController()
#9 C:\xampp\htdocs\yii_kienda\framework\base\CApplication.php(162): CWebApplication->processRequest()
#10 C:\xampp\htdocs\yii_kienda\index.php(13): CWebApplication->run()
REQUEST_URI=/yii_kienda/index.php?r=tugas/index
in C:\xampp\htdocs\yii_kienda\protected\views\tugas\index.php (64)
in C:\xampp\htdocs\yii_kienda\protected\controllers\TugasController.php (13)
in C:\xampp\htdocs\yii_kienda\index.php (13)
2014/01/25 02:57:44 [error] [php] Undefined variable: Jumlah (C:\xampp\htdocs\yii_kienda\protected\views\tugas\index.php:64)
Stack trace:
#0 C:\xampp\htdocs\yii_kienda\framework\web\CController.php(870): TugasController->renderFile()
#1 C:\xampp\htdocs\yii_kienda\framework\web\CController.php(783): TugasController->renderPartial()
#2 C:\xampp\htdocs\yii_kienda\protected\controllers\TugasController.php(13): TugasController->render()
#3 C:\xampp\htdocs\yii_kienda\framework\web\actions\CInlineAction.php(50): TugasController->actionIndex()
#4 C:\xampp\htdocs\yii_kienda\framework\web\CController.php(309): CInlineAction->runWithParams()
#5 C:\xampp\htdocs\yii_kienda\framework\web\CController.php(287): TugasController->runAction()
#6 C:\xampp\htdocs\yii_kienda\framework\web\CController.php(266): TugasController->runActionWithFilters()
#7 C:\xampp\htdocs\yii_kienda\framework\web\CWebApplication.php(276): TugasController->run()
#8 C:\xampp\htdocs\yii_kienda\framework\web\CWebApplication.php(135): CWebApplication->runController()
#9 C:\xampp\htdocs\yii_kienda\framework\base\CApplication.php(162): CWebApplication->processRequest()
#10 C:\xampp\htdocs\yii_kienda\index.php(13): CWebApplication->run()
REQUEST_URI=/yii_kienda/index.php?r=tugas/index
in C:\xampp\htdocs\yii_kienda\protected\views\tugas\index.php (64)
in C:\xampp\htdocs\yii_kienda\protected\controllers\TugasController.php (13)
in C:\xampp\htdocs\yii_kienda\index.php (13)
2014/01/25 02:59:14 [error] [php] Undefined variable: Jumlah (C:\xampp\htdocs\yii_kienda\protected\views\tugas\index.php:64)
Stack trace:
#0 C:\xampp\htdocs\yii_kienda\framework\web\CController.php(870): TugasController->renderFile()
#1 C:\xampp\htdocs\yii_kienda\framework\web\CController.php(783): TugasController->renderPartial()
#2 C:\xampp\htdocs\yii_kienda\protected\controllers\TugasController.php(13): TugasController->render()
#3 C:\xampp\htdocs\yii_kienda\framework\web\actions\CInlineAction.php(50): TugasController->actionIndex()
#4 C:\xampp\htdocs\yii_kienda\framework\web\CController.php(309): CInlineAction->runWithParams()
#5 C:\xampp\htdocs\yii_kienda\framework\web\CController.php(287): TugasController->runAction()
#6 C:\xampp\htdocs\yii_kienda\framework\web\CController.php(266): TugasController->runActionWithFilters()
#7 C:\xampp\htdocs\yii_kienda\framework\web\CWebApplication.php(276): TugasController->run()
#8 C:\xampp\htdocs\yii_kienda\framework\web\CWebApplication.php(135): CWebApplication->runController()
#9 C:\xampp\htdocs\yii_kienda\framework\base\CApplication.php(162): CWebApplication->processRequest()
#10 C:\xampp\htdocs\yii_kienda\index.php(13): CWebApplication->run()
REQUEST_URI=/yii_kienda/index.php?r=tugas/index
in C:\xampp\htdocs\yii_kienda\protected\views\tugas\index.php (64)
in C:\xampp\htdocs\yii_kienda\protected\controllers\TugasController.php (13)
in C:\xampp\htdocs\yii_kienda\index.php (13)
2014/01/25 03:01:13 [error] [php] Undefined variable: Jumlah (C:\xampp\htdocs\yii_kienda\protected\views\tugas\index.php:64)
Stack trace:
#0 C:\xampp\htdocs\yii_kienda\framework\web\CController.php(870): TugasController->renderFile()
#1 C:\xampp\htdocs\yii_kienda\framework\web\CController.php(783): TugasController->renderPartial()
#2 C:\xampp\htdocs\yii_kienda\protected\controllers\TugasController.php(13): TugasController->render()
#3 C:\xampp\htdocs\yii_kienda\framework\web\actions\CInlineAction.php(50): TugasController->actionIndex()
#4 C:\xampp\htdocs\yii_kienda\framework\web\CController.php(309): CInlineAction->runWithParams()
#5 C:\xampp\htdocs\yii_kienda\framework\web\CController.php(287): TugasController->runAction()
#6 C:\xampp\htdocs\yii_kienda\framework\web\CController.php(266): TugasController->runActionWithFilters()
#7 C:\xampp\htdocs\yii_kienda\framework\web\CWebApplication.php(276): TugasController->run()
#8 C:\xampp\htdocs\yii_kienda\framework\web\CWebApplication.php(135): CWebApplication->runController()
#9 C:\xampp\htdocs\yii_kienda\framework\base\CApplication.php(162): CWebApplication->processRequest()
#10 C:\xampp\htdocs\yii_kienda\index.php(13): CWebApplication->run()
REQUEST_URI=/yii_kienda/index.php?r=tugas/index
in C:\xampp\htdocs\yii_kienda\protected\views\tugas\index.php (64)
in C:\xampp\htdocs\yii_kienda\protected\controllers\TugasController.php (13)
in C:\xampp\htdocs\yii_kienda\index.php (13)
2014/01/25 03:05:50 [error] [php] Undefined variable: Jumlah (C:\xampp\htdocs\yii_kienda\protected\views\tugas\index.php:65)
Stack trace:
#0 C:\xampp\htdocs\yii_kienda\framework\web\CController.php(870): TugasController->renderFile()
#1 C:\xampp\htdocs\yii_kienda\framework\web\CController.php(783): TugasController->renderPartial()
#2 C:\xampp\htdocs\yii_kienda\protected\controllers\TugasController.php(13): TugasController->render()
#3 C:\xampp\htdocs\yii_kienda\framework\web\actions\CInlineAction.php(50): TugasController->actionIndex()
#4 C:\xampp\htdocs\yii_kienda\framework\web\CController.php(309): CInlineAction->runWithParams()
#5 C:\xampp\htdocs\yii_kienda\framework\web\CController.php(287): TugasController->runAction()
#6 C:\xampp\htdocs\yii_kienda\framework\web\CController.php(266): TugasController->runActionWithFilters()
#7 C:\xampp\htdocs\yii_kienda\framework\web\CWebApplication.php(276): TugasController->run()
#8 C:\xampp\htdocs\yii_kienda\framework\web\CWebApplication.php(135): CWebApplication->runController()
#9 C:\xampp\htdocs\yii_kienda\framework\base\CApplication.php(162): CWebApplication->processRequest()
#10 C:\xampp\htdocs\yii_kienda\index.php(13): CWebApplication->run()
REQUEST_URI=/yii_kienda/index.php?r=tugas/index
in C:\xampp\htdocs\yii_kienda\protected\views\tugas\index.php (65)
in C:\xampp\htdocs\yii_kienda\protected\controllers\TugasController.php (13)
in C:\xampp\htdocs\yii_kienda\index.php (13)
2014/01/25 03:11:55 [error] [system.db.CDbCommand] CDbCommand::execute() failed: SQLSTATE[23000]: Integrity constraint violation: 1062 Duplicate entry '3' for key 'PRIMARY'. The SQL statement executed was: INSERT INTO `kreta` (`idkreta`, `tipe`, `nama`, `kota_asal`, `kota_tujuan`, `jam_keberangkatan`, `jam_kedatangan`, `harga_tiket`) VALUES (:yp0, :yp1, :yp2, :yp3, :yp4, :yp5, :yp6, :yp7).
in C:\xampp\htdocs\yii_kienda\protected\controllers\TiketController.php (19)
in C:\xampp\htdocs\yii_kienda\index.php (13)
2014/01/25 03:11:55 [error] [exception.CDbException] exception 'CDbException' with message 'CDbCommand failed to execute the SQL statement: SQLSTATE[23000]: Integrity constraint violation: 1062 Duplicate entry '3' for key 'PRIMARY'. The SQL statement executed was: INSERT INTO `kreta` (`idkreta`, `tipe`, `nama`, `kota_asal`, `kota_tujuan`, `jam_keberangkatan`, `jam_kedatangan`, `harga_tiket`) VALUES (:yp0, :yp1, :yp2, :yp3, :yp4, :yp5, :yp6, :yp7)' in C:\xampp\htdocs\yii_kienda\framework\db\CDbCommand.php:354
Stack trace:
#0 C:\xampp\htdocs\yii_kienda\framework\db\ar\CActiveRecord.php(1014): CDbCommand->execute()
#1 C:\xampp\htdocs\yii_kienda\framework\db\ar\CActiveRecord.php(787): CActiveRecord->insert(NULL)
#2 C:\xampp\htdocs\yii_kienda\protected\controllers\TiketController.php(19): CActiveRecord->save()
#3 C:\xampp\htdocs\yii_kienda\framework\web\actions\CInlineAction.php(50): TiketController->actionCreate()
#4 C:\xampp\htdocs\yii_kienda\framework\web\CController.php(309): CInlineAction->runWithParams(Array)
#5 C:\xampp\htdocs\yii_kienda\framework\web\CController.php(287): CController->runAction(Object(CInlineAction))
#6 C:\xampp\htdocs\yii_kienda\framework\web\CController.php(266): CController->runActionWithFilters(Object(CInlineAction), Array)
#7 C:\xampp\htdocs\yii_kienda\framework\web\CWebApplication.php(276): CController->run('create')
#8 C:\xampp\htdocs\yii_kienda\framework\web\CWebApplication.php(135): CWebApplication->runController('Tiket/create')
#9 C:\xampp\htdocs\yii_kienda\framework\base\CApplication.php(162): CWebApplication->processRequest()
#10 C:\xampp\htdocs\yii_kienda\index.php(13): CApplication->run()
#11 {main}
REQUEST_URI=/yii_kienda/index.php?r=Tiket/create
HTTP_REFERER=http://localhost/yii_kienda/index.php?r=tiket/create
---
2014/01/25 03:26:44 [error] [system.db.CDbCommand] CDbCommand::execute() failed: SQLSTATE[23000]: Integrity constraint violation: 1062 Duplicate entry '7' for key 'PRIMARY'. The SQL statement executed was: INSERT INTO `kreta` (`idkreta`, `tipe`, `nama`, `kota_asal`, `kota_tujuan`, `jam_keberangkatan`, `jam_kedatangan`, `harga_tiket`) VALUES (:yp0, :yp1, :yp2, :yp3, :yp4, :yp5, :yp6, :yp7).
in C:\xampp\htdocs\yii_kienda\protected\controllers\TiketController.php (19)
in C:\xampp\htdocs\yii_kienda\index.php (13)
2014/01/25 03:26:44 [error] [exception.CDbException] exception 'CDbException' with message 'CDbCommand failed to execute the SQL statement: SQLSTATE[23000]: Integrity constraint violation: 1062 Duplicate entry '7' for key 'PRIMARY'. The SQL statement executed was: INSERT INTO `kreta` (`idkreta`, `tipe`, `nama`, `kota_asal`, `kota_tujuan`, `jam_keberangkatan`, `jam_kedatangan`, `harga_tiket`) VALUES (:yp0, :yp1, :yp2, :yp3, :yp4, :yp5, :yp6, :yp7)' in C:\xampp\htdocs\yii_kienda\framework\db\CDbCommand.php:354
Stack trace:
#0 C:\xampp\htdocs\yii_kienda\framework\db\ar\CActiveRecord.php(1014): CDbCommand->execute()
#1 C:\xampp\htdocs\yii_kienda\framework\db\ar\CActiveRecord.php(787): CActiveRecord->insert(NULL)
#2 C:\xampp\htdocs\yii_kienda\protected\controllers\TiketController.php(19): CActiveRecord->save()
#3 C:\xampp\htdocs\yii_kienda\framework\web\actions\CInlineAction.php(50): TiketController->actionCreate()
#4 C:\xampp\htdocs\yii_kienda\framework\web\CController.php(309): CInlineAction->runWithParams(Array)
#5 C:\xampp\htdocs\yii_kienda\framework\web\CController.php(287): CController->runAction(Object(CInlineAction))
#6 C:\xampp\htdocs\yii_kienda\framework\web\CController.php(266): CController->runActionWithFilters(Object(CInlineAction), Array)
#7 C:\xampp\htdocs\yii_kienda\framework\web\CWebApplication.php(276): CController->run('create')
#8 C:\xampp\htdocs\yii_kienda\framework\web\CWebApplication.php(135): CWebApplication->runController('Tiket/create')
#9 C:\xampp\htdocs\yii_kienda\framework\base\CApplication.php(162): CWebApplication->processRequest()
#10 C:\xampp\htdocs\yii_kienda\index.php(13): CApplication->run()
#11 {main}
REQUEST_URI=/yii_kienda/index.php?r=Tiket/create
HTTP_REFERER=http://localhost/yii_kienda/index.php?r=Tiket/create
---
