2014/01/24 02:50:35 [error] [exception.CHttpException.404] exception 'CHttpException' with message 'Unable to resolve the request "gii".' in C:\xampp\htdocs\LatihanHtdocs\yii\framework\web\CWebApplication.php:286
Stack trace:
#0 C:\xampp\htdocs\LatihanHtdocs\yii\framework\web\CWebApplication.php(141): CWebApplication->runController('gii')
#1 C:\xampp\htdocs\LatihanHtdocs\yii\framework\base\CApplication.php(180): CWebApplication->processRequest()
#2 C:\xampp\htdocs\LatihanHtdocs\yiibrian\index.php(13): CApplication->run()
#3 {main}
REQUEST_URI=/LatihanHtdocs/yiibrian/index.php?r=gii
---
2014/01/24 02:50:54 [error] [exception.CHttpException.404] exception 'CHttpException' with message 'Unable to resolve the request "gii/".' in C:\xampp\htdocs\LatihanHtdocs\yii\framework\web\CWebApplication.php:286
Stack trace:
#0 C:\xampp\htdocs\LatihanHtdocs\yii\framework\web\CWebApplication.php(141): CWebApplication->runController('gii/')
#1 C:\xampp\htdocs\LatihanHtdocs\yii\framework\base\CApplication.php(180): CWebApplication->processRequest()
#2 C:\xampp\htdocs\LatihanHtdocs\yiibrian\index.php(13): CApplication->run()
#3 {main}
REQUEST_URI=/LatihanHtdocs/yiibrian/index.php?r=gii/
---
2014/01/24 02:51:55 [error] [exception.CHttpException.404] exception 'CHttpException' with message 'Unable to resolve the request "gii/".' in C:\xampp\htdocs\LatihanHtdocs\yii\framework\web\CWebApplication.php:286
Stack trace:
#0 C:\xampp\htdocs\LatihanHtdocs\yii\framework\web\CWebApplication.php(141): CWebApplication->runController('gii/')
#1 C:\xampp\htdocs\LatihanHtdocs\yii\framework\base\CApplication.php(180): CWebApplication->processRequest()
#2 C:\xampp\htdocs\LatihanHtdocs\yiibrian\index.php(13): CApplication->run()
#3 {main}
REQUEST_URI=/LatihanHtdocs/yiibrian/index.php?r=gii/
---
2014/01/24 02:57:59 [error] [exception.CDbException] exception 'CDbException' with message 'CDbConnection failed to open the DB connection: SQLSTATE[42000] [1049] Unknown database 'kursus'' in C:\xampp\htdocs\LatihanHtdocs\yii\framework\db\CDbConnection.php:382
Stack trace:
#0 C:\xampp\htdocs\LatihanHtdocs\yii\framework\db\CDbConnection.php(330): CDbConnection->open()
#1 C:\xampp\htdocs\LatihanHtdocs\yii\framework\db\CDbConnection.php(308): CDbConnection->setActive(true)
#2 C:\xampp\htdocs\LatihanHtdocs\yii\framework\base\CModule.php(387): CDbConnection->init()
#3 C:\xampp\htdocs\LatihanHtdocs\yii\framework\base\CModule.php(103): CModule->getComponent('db')
#4 C:\xampp\htdocs\LatihanHtdocs\yii\framework\gii\generators\model\ModelCode.php(60): CModule->__get('db')
#5 C:\xampp\htdocs\LatihanHtdocs\yii\framework\web\CFormModel.php(39): ModelCode->init()
#6 C:\xampp\htdocs\LatihanHtdocs\yii\framework\gii\CCodeGenerator.php(153): CFormModel->__construct()
#7 C:\xampp\htdocs\LatihanHtdocs\yii\framework\gii\CCodeGenerator.php(63): CCodeGenerator->prepare()
#8 C:\xampp\htdocs\LatihanHtdocs\yii\framework\web\actions\CInlineAction.php(49): CCodeGenerator->actionIndex()
#9 C:\xampp\htdocs\LatihanHtdocs\yii\framework\web\CController.php(308): CInlineAction->runWithParams(Array)
#10 C:\xampp\htdocs\LatihanHtdocs\yii\framework\web\CController.php(286): CController->runAction(Object(CInlineAction))
#11 C:\xampp\htdocs\LatihanHtdocs\yii\framework\web\CController.php(265): CController->runActionWithFilters(Object(CInlineAction), Array)
#12 C:\xampp\htdocs\LatihanHtdocs\yii\framework\web\CWebApplication.php(282): CController->run('index')
#13 C:\xampp\htdocs\LatihanHtdocs\yii\framework\web\CWebApplication.php(141): CWebApplication->runController('gii/model/index')
#14 C:\xampp\htdocs\LatihanHtdocs\yii\framework\base\CApplication.php(180): CWebApplication->processRequest()
#15 C:\xampp\htdocs\LatihanHtdocs\yiibrian\index.php(13): CApplication->run()
#16 {main}
REQUEST_URI=/LatihanHtdocs/yiibrian/index.php?r=gii/model/index
HTTP_REFERER=http://localhost/LatihanHtdocs/yiibrian/index.php?r=gii/model/index
---
2014/01/24 03:32:58 [error] [exception.CHttpException.404] exception 'CHttpException' with message 'The system is unable to find the requested action "create".' in C:\xampp\htdocs\LatihanHtdocs\yii\framework\web\CController.php:483
Stack trace:
#0 C:\xampp\htdocs\LatihanHtdocs\yii\framework\web\CController.php(270): CController->missingAction('create')
#1 C:\xampp\htdocs\LatihanHtdocs\yii\framework\web\CWebApplication.php(282): CController->run('create')
#2 C:\xampp\htdocs\LatihanHtdocs\yii\framework\web\CWebApplication.php(141): CWebApplication->runController('home/create')
#3 C:\xampp\htdocs\LatihanHtdocs\yii\framework\base\CApplication.php(180): CWebApplication->processRequest()
#4 C:\xampp\htdocs\LatihanHtdocs\yiibrian\index.php(13): CApplication->run()
#5 {main}
REQUEST_URI=/LatihanHtdocs/yiibrian/index.php?r=home/create
HTTP_REFERER=http://localhost/LatihanHtdocs/yiibrian/index.php?r=home/login
---
2014/01/24 03:48:35 [error] [exception.CHttpException.404] exception 'CHttpException' with message 'The system is unable to find the requested action "index".' in C:\xampp\htdocs\LatihanHtdocs\yii\framework\web\CController.php:483
Stack trace:
#0 C:\xampp\htdocs\LatihanHtdocs\yii\framework\web\CController.php(270): CController->missingAction('index')
#1 C:\xampp\htdocs\LatihanHtdocs\yii\framework\web\CWebApplication.php(282): CController->run('index')
#2 C:\xampp\htdocs\LatihanHtdocs\yii\framework\web\CWebApplication.php(141): CWebApplication->runController('home/index')
#3 C:\xampp\htdocs\LatihanHtdocs\yii\framework\base\CApplication.php(180): CWebApplication->processRequest()
#4 C:\xampp\htdocs\LatihanHtdocs\yiibrian\index.php(13): CApplication->run()
#5 {main}
REQUEST_URI=/LatihanHtdocs/yiibrian/index.php?r=home/index
HTTP_REFERER=http://localhost/LatihanHtdocs/yiibrian/
---
2014/01/24 03:48:59 [error] [exception.CHttpException.404] exception 'CHttpException' with message 'The system is unable to find the requested action "index".' in C:\xampp\htdocs\LatihanHtdocs\yii\framework\web\CController.php:483
Stack trace:
#0 C:\xampp\htdocs\LatihanHtdocs\yii\framework\web\CController.php(270): CController->missingAction('index')
#1 C:\xampp\htdocs\LatihanHtdocs\yii\framework\web\CWebApplication.php(282): CController->run('index')
#2 C:\xampp\htdocs\LatihanHtdocs\yii\framework\web\CWebApplication.php(141): CWebApplication->runController('home/index')
#3 C:\xampp\htdocs\LatihanHtdocs\yii\framework\base\CApplication.php(180): CWebApplication->processRequest()
#4 C:\xampp\htdocs\LatihanHtdocs\yiibrian\index.php(13): CApplication->run()
#5 {main}
REQUEST_URI=/LatihanHtdocs/yiibrian/index.php?r=home/index
---
2014/01/24 03:49:22 [error] [exception.CHttpException.404] exception 'CHttpException' with message 'The system is unable to find the requested action "index".' in C:\xampp\htdocs\LatihanHtdocs\yii\framework\web\CController.php:483
Stack trace:
#0 C:\xampp\htdocs\LatihanHtdocs\yii\framework\web\CController.php(270): CController->missingAction('index')
#1 C:\xampp\htdocs\LatihanHtdocs\yii\framework\web\CWebApplication.php(282): CController->run('index')
#2 C:\xampp\htdocs\LatihanHtdocs\yii\framework\web\CWebApplication.php(141): CWebApplication->runController('home/index')
#3 C:\xampp\htdocs\LatihanHtdocs\yii\framework\base\CApplication.php(180): CWebApplication->processRequest()
#4 C:\xampp\htdocs\LatihanHtdocs\yiibrian\index.php(13): CApplication->run()
#5 {main}
REQUEST_URI=/LatihanHtdocs/yiibrian/index.php?r=home/index
---
2014/01/24 03:49:25 [error] [exception.CHttpException.404] exception 'CHttpException' with message 'The system is unable to find the requested action "admin".' in C:\xampp\htdocs\LatihanHtdocs\yii\framework\web\CController.php:483
Stack trace:
#0 C:\xampp\htdocs\LatihanHtdocs\yii\framework\web\CController.php(270): CController->missingAction('admin')
#1 C:\xampp\htdocs\LatihanHtdocs\yii\framework\web\CWebApplication.php(282): CController->run('admin')
#2 C:\xampp\htdocs\LatihanHtdocs\yii\framework\web\CWebApplication.php(141): CWebApplication->runController('home/admin')
#3 C:\xampp\htdocs\LatihanHtdocs\yii\framework\base\CApplication.php(180): CWebApplication->processRequest()
#4 C:\xampp\htdocs\LatihanHtdocs\yiibrian\index.php(13): CApplication->run()
#5 {main}
REQUEST_URI=/LatihanHtdocs/yiibrian/index.php?r=home/admin
HTTP_REFERER=http://localhost/LatihanHtdocs/yiibrian/index.php?r=home/index
---
2014/01/24 03:51:17 [error] [exception.CHttpException.404] exception 'CHttpException' with message 'The system is unable to find the requested action "contact".' in C:\xampp\htdocs\LatihanHtdocs\yii\framework\web\CController.php:483
Stack trace:
#0 C:\xampp\htdocs\LatihanHtdocs\yii\framework\web\CController.php(270): CController->missingAction('contact')
#1 C:\xampp\htdocs\LatihanHtdocs\yii\framework\web\CWebApplication.php(282): CController->run('contact')
#2 C:\xampp\htdocs\LatihanHtdocs\yii\framework\web\CWebApplication.php(141): CWebApplication->runController('home/contact')
#3 C:\xampp\htdocs\LatihanHtdocs\yii\framework\base\CApplication.php(180): CWebApplication->processRequest()
#4 C:\xampp\htdocs\LatihanHtdocs\yiibrian\index.php(13): CApplication->run()
#5 {main}
REQUEST_URI=/LatihanHtdocs/yiibrian/index.php?r=home/contact
HTTP_REFERER=http://localhost/LatihanHtdocs/yiibrian/
---
2014/01/24 03:55:56 [error] [exception.CHttpException.404] exception 'CHttpException' with message 'The system is unable to find the requested action "contact".' in C:\xampp\htdocs\LatihanHtdocs\yii\framework\web\CController.php:483
Stack trace:
#0 C:\xampp\htdocs\LatihanHtdocs\yii\framework\web\CController.php(270): CController->missingAction('contact')
#1 C:\xampp\htdocs\LatihanHtdocs\yii\framework\web\CWebApplication.php(282): CController->run('contact')
#2 C:\xampp\htdocs\LatihanHtdocs\yii\framework\web\CWebApplication.php(141): CWebApplication->runController('home/contact')
#3 C:\xampp\htdocs\LatihanHtdocs\yii\framework\base\CApplication.php(180): CWebApplication->processRequest()
#4 C:\xampp\htdocs\LatihanHtdocs\yiibrian\index.php(13): CApplication->run()
#5 {main}
REQUEST_URI=/LatihanHtdocs/yiibrian/index.php?r=home/contact
HTTP_REFERER=http://localhost/LatihanHtdocs/yiibrian/index.php?r=home/login
---
2014/01/24 03:59:09 [error] [exception.CHttpException.404] exception 'CHttpException' with message 'The system is unable to find the requested action "contact".' in C:\xampp\htdocs\LatihanHtdocs\yii\framework\web\CController.php:483
Stack trace:
#0 C:\xampp\htdocs\LatihanHtdocs\yii\framework\web\CController.php(270): CController->missingAction('contact')
#1 C:\xampp\htdocs\LatihanHtdocs\yii\framework\web\CWebApplication.php(282): CController->run('contact')
#2 C:\xampp\htdocs\LatihanHtdocs\yii\framework\web\CWebApplication.php(141): CWebApplication->runController('home/contact')
#3 C:\xampp\htdocs\LatihanHtdocs\yii\framework\base\CApplication.php(180): CWebApplication->processRequest()
#4 C:\xampp\htdocs\LatihanHtdocs\yiibrian\index.php(13): CApplication->run()
#5 {main}
REQUEST_URI=/LatihanHtdocs/yiibrian/index.php?r=home/contact
HTTP_REFERER=http://localhost/LatihanHtdocs/yiibrian/index.php?r=home/login
---
2014/01/24 03:59:10 [error] [exception.CHttpException.404] exception 'CHttpException' with message 'The system is unable to find the requested action "contact".' in C:\xampp\htdocs\LatihanHtdocs\yii\framework\web\CController.php:483
Stack trace:
#0 C:\xampp\htdocs\LatihanHtdocs\yii\framework\web\CController.php(270): CController->missingAction('contact')
#1 C:\xampp\htdocs\LatihanHtdocs\yii\framework\web\CWebApplication.php(282): CController->run('contact')
#2 C:\xampp\htdocs\LatihanHtdocs\yii\framework\web\CWebApplication.php(141): CWebApplication->runController('home/contact')
#3 C:\xampp\htdocs\LatihanHtdocs\yii\framework\base\CApplication.php(180): CWebApplication->processRequest()
#4 C:\xampp\htdocs\LatihanHtdocs\yiibrian\index.php(13): CApplication->run()
#5 {main}
REQUEST_URI=/LatihanHtdocs/yiibrian/index.php?r=home/contact
HTTP_REFERER=http://localhost/LatihanHtdocs/yiibrian/index.php?r=home/contact
---
2014/01/24 03:59:36 [error] [exception.CHttpException.404] exception 'CHttpException' with message 'The system is unable to find the requested action "kelas".' in C:\xampp\htdocs\LatihanHtdocs\yii\framework\web\CController.php:483
Stack trace:
#0 C:\xampp\htdocs\LatihanHtdocs\yii\framework\web\CController.php(270): CController->missingAction('kelas')
#1 C:\xampp\htdocs\LatihanHtdocs\yii\framework\web\CWebApplication.php(282): CController->run('kelas')
#2 C:\xampp\htdocs\LatihanHtdocs\yii\framework\web\CWebApplication.php(141): CWebApplication->runController('home/kelas')
#3 C:\xampp\htdocs\LatihanHtdocs\yii\framework\base\CApplication.php(180): CWebApplication->processRequest()
#4 C:\xampp\htdocs\LatihanHtdocs\yiibrian\index.php(13): CApplication->run()
#5 {main}
REQUEST_URI=/LatihanHtdocs/yiibrian/index.php?r=home/kelas
---
2014/01/24 04:02:09 [error] [exception.CHttpException.404] exception 'CHttpException' with message 'The system is unable to find the requested action "kelas".' in C:\xampp\htdocs\LatihanHtdocs\yii\framework\web\CController.php:483
Stack trace:
#0 C:\xampp\htdocs\LatihanHtdocs\yii\framework\web\CController.php(270): CController->missingAction('kelas')
#1 C:\xampp\htdocs\LatihanHtdocs\yii\framework\web\CWebApplication.php(282): CController->run('kelas')
#2 C:\xampp\htdocs\LatihanHtdocs\yii\framework\web\CWebApplication.php(141): CWebApplication->runController('home/kelas')
#3 C:\xampp\htdocs\LatihanHtdocs\yii\framework\base\CApplication.php(180): CWebApplication->processRequest()
#4 C:\xampp\htdocs\LatihanHtdocs\yiibrian\index.php(13): CApplication->run()
#5 {main}
REQUEST_URI=/LatihanHtdocs/yiibrian/index.php?r=home/kelas
HTTP_REFERER=http://localhost/LatihanHtdocs/yiibrian/index.php?r=home/kelas
---
2014/01/24 04:02:12 [error] [exception.CHttpException.404] exception 'CHttpException' with message 'The system is unable to find the requested action "kelas".' in C:\xampp\htdocs\LatihanHtdocs\yii\framework\web\CController.php:483
Stack trace:
#0 C:\xampp\htdocs\LatihanHtdocs\yii\framework\web\CController.php(270): CController->missingAction('kelas')
#1 C:\xampp\htdocs\LatihanHtdocs\yii\framework\web\CWebApplication.php(282): CController->run('kelas')
#2 C:\xampp\htdocs\LatihanHtdocs\yii\framework\web\CWebApplication.php(141): CWebApplication->runController('home/kelas')
#3 C:\xampp\htdocs\LatihanHtdocs\yii\framework\base\CApplication.php(180): CWebApplication->processRequest()
#4 C:\xampp\htdocs\LatihanHtdocs\yiibrian\index.php(13): CApplication->run()
#5 {main}
REQUEST_URI=/LatihanHtdocs/yiibrian/index.php?r=home/kelas
HTTP_REFERER=http://localhost/LatihanHtdocs/yiibrian/index.php?r=home/kelas
---
2014/01/24 04:02:14 [error] [exception.CHttpException.404] exception 'CHttpException' with message 'The system is unable to find the requested action "admin".' in C:\xampp\htdocs\LatihanHtdocs\yii\framework\web\CController.php:483
Stack trace:
#0 C:\xampp\htdocs\LatihanHtdocs\yii\framework\web\CController.php(270): CController->missingAction('admin')
#1 C:\xampp\htdocs\LatihanHtdocs\yii\framework\web\CWebApplication.php(282): CController->run('admin')
#2 C:\xampp\htdocs\LatihanHtdocs\yii\framework\web\CWebApplication.php(141): CWebApplication->runController('home/admin')
#3 C:\xampp\htdocs\LatihanHtdocs\yii\framework\base\CApplication.php(180): CWebApplication->processRequest()
#4 C:\xampp\htdocs\LatihanHtdocs\yiibrian\index.php(13): CApplication->run()
#5 {main}
REQUEST_URI=/LatihanHtdocs/yiibrian/index.php?r=home/admin
HTTP_REFERER=http://localhost/LatihanHtdocs/yiibrian/index.php?r=home/kelas
---
2014/01/24 04:02:15 [error] [exception.CHttpException.404] exception 'CHttpException' with message 'The system is unable to find the requested action "admin".' in C:\xampp\htdocs\LatihanHtdocs\yii\framework\web\CController.php:483
Stack trace:
#0 C:\xampp\htdocs\LatihanHtdocs\yii\framework\web\CController.php(270): CController->missingAction('admin')
#1 C:\xampp\htdocs\LatihanHtdocs\yii\framework\web\CWebApplication.php(282): CController->run('admin')
#2 C:\xampp\htdocs\LatihanHtdocs\yii\framework\web\CWebApplication.php(141): CWebApplication->runController('home/admin')
#3 C:\xampp\htdocs\LatihanHtdocs\yii\framework\base\CApplication.php(180): CWebApplication->processRequest()
#4 C:\xampp\htdocs\LatihanHtdocs\yiibrian\index.php(13): CApplication->run()
#5 {main}
REQUEST_URI=/LatihanHtdocs/yiibrian/index.php?r=home/admin
HTTP_REFERER=http://localhost/LatihanHtdocs/yiibrian/index.php?r=home/admin
---
2014/01/24 04:02:37 [error] [exception.CHttpException.404] exception 'CHttpException' with message 'The system is unable to find the requested action "admin".' in C:\xampp\htdocs\LatihanHtdocs\yii\framework\web\CController.php:483
Stack trace:
#0 C:\xampp\htdocs\LatihanHtdocs\yii\framework\web\CController.php(270): CController->missingAction('admin')
#1 C:\xampp\htdocs\LatihanHtdocs\yii\framework\web\CWebApplication.php(282): CController->run('admin')
#2 C:\xampp\htdocs\LatihanHtdocs\yii\framework\web\CWebApplication.php(141): CWebApplication->runController('home/admin')
#3 C:\xampp\htdocs\LatihanHtdocs\yii\framework\base\CApplication.php(180): CWebApplication->processRequest()
#4 C:\xampp\htdocs\LatihanHtdocs\yiibrian\index.php(13): CApplication->run()
#5 {main}
REQUEST_URI=/LatihanHtdocs/yiibrian/index.php?r=home/admin
HTTP_REFERER=http://localhost/LatihanHtdocs/yiibrian/index.php?r=home/admin
---
2014/01/24 04:02:38 [error] [exception.CHttpException.404] exception 'CHttpException' with message 'The system is unable to find the requested action "kelas".' in C:\xampp\htdocs\LatihanHtdocs\yii\framework\web\CController.php:483
Stack trace:
#0 C:\xampp\htdocs\LatihanHtdocs\yii\framework\web\CController.php(270): CController->missingAction('kelas')
#1 C:\xampp\htdocs\LatihanHtdocs\yii\framework\web\CWebApplication.php(282): CController->run('kelas')
#2 C:\xampp\htdocs\LatihanHtdocs\yii\framework\web\CWebApplication.php(141): CWebApplication->runController('home/kelas')
#3 C:\xampp\htdocs\LatihanHtdocs\yii\framework\base\CApplication.php(180): CWebApplication->processRequest()
#4 C:\xampp\htdocs\LatihanHtdocs\yiibrian\index.php(13): CApplication->run()
#5 {main}
REQUEST_URI=/LatihanHtdocs/yiibrian/index.php?r=home/kelas
HTTP_REFERER=http://localhost/LatihanHtdocs/yiibrian/index.php?r=home/admin
---
2014/01/24 04:02:39 [error] [exception.CHttpException.404] exception 'CHttpException' with message 'The system is unable to find the requested action "kelas".' in C:\xampp\htdocs\LatihanHtdocs\yii\framework\web\CController.php:483
Stack trace:
#0 C:\xampp\htdocs\LatihanHtdocs\yii\framework\web\CController.php(270): CController->missingAction('kelas')
#1 C:\xampp\htdocs\LatihanHtdocs\yii\framework\web\CWebApplication.php(282): CController->run('kelas')
#2 C:\xampp\htdocs\LatihanHtdocs\yii\framework\web\CWebApplication.php(141): CWebApplication->runController('home/kelas')
#3 C:\xampp\htdocs\LatihanHtdocs\yii\framework\base\CApplication.php(180): CWebApplication->processRequest()
#4 C:\xampp\htdocs\LatihanHtdocs\yiibrian\index.php(13): CApplication->run()
#5 {main}
REQUEST_URI=/LatihanHtdocs/yiibrian/index.php?r=home/kelas
HTTP_REFERER=http://localhost/LatihanHtdocs/yiibrian/index.php?r=home/kelas
---
2014/01/24 04:02:59 [error] [exception.CHttpException.404] exception 'CHttpException' with message 'The system is unable to find the requested action "kelas".' in C:\xampp\htdocs\LatihanHtdocs\yii\framework\web\CController.php:483
Stack trace:
#0 C:\xampp\htdocs\LatihanHtdocs\yii\framework\web\CController.php(270): CController->missingAction('kelas')
#1 C:\xampp\htdocs\LatihanHtdocs\yii\framework\web\CWebApplication.php(282): CController->run('kelas')
#2 C:\xampp\htdocs\LatihanHtdocs\yii\framework\web\CWebApplication.php(141): CWebApplication->runController('home/kelas')
#3 C:\xampp\htdocs\LatihanHtdocs\yii\framework\base\CApplication.php(180): CWebApplication->processRequest()
#4 C:\xampp\htdocs\LatihanHtdocs\yiibrian\index.php(13): CApplication->run()
#5 {main}
REQUEST_URI=/LatihanHtdocs/yiibrian/index.php?r=home/kelas
HTTP_REFERER=http://localhost/LatihanHtdocs/yiibrian/index.php?r=home/kelas
---
2014/01/24 08:11:51 [error] [exception.CHttpException.404] exception 'CHttpException' with message 'The system is unable to find the requested action "home".' in C:\xampp\htdocs\LatihanHtdocs\yii\framework\web\CController.php:483
Stack trace:
#0 C:\xampp\htdocs\LatihanHtdocs\yii\framework\web\CController.php(270): CController->missingAction('home')
#1 C:\xampp\htdocs\LatihanHtdocs\yii\framework\web\CWebApplication.php(282): CController->run('home')
#2 C:\xampp\htdocs\LatihanHtdocs\yii\framework\web\CWebApplication.php(141): CWebApplication->runController('home/home')
#3 C:\xampp\htdocs\LatihanHtdocs\yii\framework\base\CApplication.php(180): CWebApplication->processRequest()
#4 C:\xampp\htdocs\LatihanHtdocs\yiibrian\index.php(13): CApplication->run()
#5 {main}
REQUEST_URI=/LatihanHtdocs/yiibrian/index.php?r=home/home
HTTP_REFERER=http://localhost/LatihanHtdocs/yiibrian/
---
2014/01/24 08:14:49 [error] [exception.CHttpException.404] exception 'CHttpException' with message 'The system is unable to find the requested action "login".' in C:\xampp\htdocs\LatihanHtdocs\yii\framework\web\CController.php:483
Stack trace:
#0 C:\xampp\htdocs\LatihanHtdocs\yii\framework\web\CController.php(270): CController->missingAction('login')
#1 C:\xampp\htdocs\LatihanHtdocs\yii\framework\web\CWebApplication.php(282): CController->run('login')
#2 C:\xampp\htdocs\LatihanHtdocs\yii\framework\web\CWebApplication.php(141): CWebApplication->runController('home/login')
#3 C:\xampp\htdocs\LatihanHtdocs\yii\framework\base\CApplication.php(180): CWebApplication->processRequest()
#4 C:\xampp\htdocs\LatihanHtdocs\yiibrian\index.php(13): CApplication->run()
#5 {main}
REQUEST_URI=/LatihanHtdocs/yiibrian/index.php?r=home/login
HTTP_REFERER=http://localhost/LatihanHtdocs/yiibrian/
---
2014/01/24 08:15:51 [error] [exception.CHttpException.404] exception 'CHttpException' with message 'The system is unable to find the requested action "login".' in C:\xampp\htdocs\LatihanHtdocs\yii\framework\web\CController.php:483
Stack trace:
#0 C:\xampp\htdocs\LatihanHtdocs\yii\framework\web\CController.php(270): CController->missingAction('login')
#1 C:\xampp\htdocs\LatihanHtdocs\yii\framework\web\CWebApplication.php(282): CController->run('login')
#2 C:\xampp\htdocs\LatihanHtdocs\yii\framework\web\CWebApplication.php(141): CWebApplication->runController('home/login')
#3 C:\xampp\htdocs\LatihanHtdocs\yii\framework\base\CApplication.php(180): CWebApplication->processRequest()
#4 C:\xampp\htdocs\LatihanHtdocs\yiibrian\index.php(13): CApplication->run()
#5 {main}
REQUEST_URI=/LatihanHtdocs/yiibrian/index.php?r=home/login
HTTP_REFERER=http://localhost/LatihanHtdocs/yiibrian/
---
2014/01/24 08:15:53 [error] [exception.CHttpException.404] exception 'CHttpException' with message 'The system is unable to find the requested action "login".' in C:\xampp\htdocs\LatihanHtdocs\yii\framework\web\CController.php:483
Stack trace:
#0 C:\xampp\htdocs\LatihanHtdocs\yii\framework\web\CController.php(270): CController->missingAction('login')
#1 C:\xampp\htdocs\LatihanHtdocs\yii\framework\web\CWebApplication.php(282): CController->run('login')
#2 C:\xampp\htdocs\LatihanHtdocs\yii\framework\web\CWebApplication.php(141): CWebApplication->runController('home/login')
#3 C:\xampp\htdocs\LatihanHtdocs\yii\framework\base\CApplication.php(180): CWebApplication->processRequest()
#4 C:\xampp\htdocs\LatihanHtdocs\yiibrian\index.php(13): CApplication->run()
#5 {main}
REQUEST_URI=/LatihanHtdocs/yiibrian/index.php?r=home/login
HTTP_REFERER=http://localhost/LatihanHtdocs/yiibrian/index.php?r=home/login
---
2014/01/24 08:15:54 [error] [exception.CHttpException.404] exception 'CHttpException' with message 'The system is unable to find the requested action "login".' in C:\xampp\htdocs\LatihanHtdocs\yii\framework\web\CController.php:483
Stack trace:
#0 C:\xampp\htdocs\LatihanHtdocs\yii\framework\web\CController.php(270): CController->missingAction('login')
#1 C:\xampp\htdocs\LatihanHtdocs\yii\framework\web\CWebApplication.php(282): CController->run('login')
#2 C:\xampp\htdocs\LatihanHtdocs\yii\framework\web\CWebApplication.php(141): CWebApplication->runController('home/login')
#3 C:\xampp\htdocs\LatihanHtdocs\yii\framework\base\CApplication.php(180): CWebApplication->processRequest()
#4 C:\xampp\htdocs\LatihanHtdocs\yiibrian\index.php(13): CApplication->run()
#5 {main}
REQUEST_URI=/LatihanHtdocs/yiibrian/index.php?r=home/login
HTTP_REFERER=http://localhost/LatihanHtdocs/yiibrian/index.php?r=home/login
---
2014/01/24 08:15:55 [error] [exception.CHttpException.404] exception 'CHttpException' with message 'The system is unable to find the requested action "login".' in C:\xampp\htdocs\LatihanHtdocs\yii\framework\web\CController.php:483
Stack trace:
#0 C:\xampp\htdocs\LatihanHtdocs\yii\framework\web\CController.php(270): CController->missingAction('login')
#1 C:\xampp\htdocs\LatihanHtdocs\yii\framework\web\CWebApplication.php(282): CController->run('login')
#2 C:\xampp\htdocs\LatihanHtdocs\yii\framework\web\CWebApplication.php(141): CWebApplication->runController('home/login')
#3 C:\xampp\htdocs\LatihanHtdocs\yii\framework\base\CApplication.php(180): CWebApplication->processRequest()
#4 C:\xampp\htdocs\LatihanHtdocs\yiibrian\index.php(13): CApplication->run()
#5 {main}
REQUEST_URI=/LatihanHtdocs/yiibrian/index.php?r=home/login
HTTP_REFERER=http://localhost/LatihanHtdocs/yiibrian/index.php?r=home/login
---
2014/01/24 08:16:20 [error] [exception.CHttpException.404] exception 'CHttpException' with message 'The system is unable to find the requested action "lndex".' in C:\xampp\htdocs\LatihanHtdocs\yii\framework\web\CController.php:483
Stack trace:
#0 C:\xampp\htdocs\LatihanHtdocs\yii\framework\web\CController.php(270): CController->missingAction('lndex')
#1 C:\xampp\htdocs\LatihanHtdocs\yii\framework\web\CWebApplication.php(282): CController->run('lndex')
#2 C:\xampp\htdocs\LatihanHtdocs\yii\framework\web\CWebApplication.php(141): CWebApplication->runController('home/lndex')
#3 C:\xampp\htdocs\LatihanHtdocs\yii\framework\base\CApplication.php(180): CWebApplication->processRequest()
#4 C:\xampp\htdocs\LatihanHtdocs\yiibrian\index.php(13): CApplication->run()
#5 {main}
REQUEST_URI=/LatihanHtdocs/yiibrian/index.php?r=home/lndex
HTTP_REFERER=http://localhost/LatihanHtdocs/yiibrian/index.php?
---
2014/01/24 08:21:19 [error] [exception.CHttpException.404] exception 'CHttpException' with message 'The system is unable to find the requested action "lndex".' in C:\xampp\htdocs\LatihanHtdocs\yii\framework\web\CController.php:483
Stack trace:
#0 C:\xampp\htdocs\LatihanHtdocs\yii\framework\web\CController.php(270): CController->missingAction('lndex')
#1 C:\xampp\htdocs\LatihanHtdocs\yii\framework\web\CWebApplication.php(282): CController->run('lndex')
#2 C:\xampp\htdocs\LatihanHtdocs\yii\framework\web\CWebApplication.php(141): CWebApplication->runController('home/lndex')
#3 C:\xampp\htdocs\LatihanHtdocs\yii\framework\base\CApplication.php(180): CWebApplication->processRequest()
#4 C:\xampp\htdocs\LatihanHtdocs\yiibrian\index.php(13): CApplication->run()
#5 {main}
REQUEST_URI=/LatihanHtdocs/yiibrian/index.php?r=home/lndex
HTTP_REFERER=http://localhost/LatihanHtdocs/yiibrian/index.php
---
2014/01/24 08:32:11 [error] [exception.CHttpException.404] exception 'CHttpException' with message 'The system is unable to find the requested action "lndex".' in C:\xampp\htdocs\LatihanHtdocs\yii\framework\web\CController.php:483
Stack trace:
#0 C:\xampp\htdocs\LatihanHtdocs\yii\framework\web\CController.php(270): CController->missingAction('lndex')
#1 C:\xampp\htdocs\LatihanHtdocs\yii\framework\web\CWebApplication.php(282): CController->run('lndex')
#2 C:\xampp\htdocs\LatihanHtdocs\yii\framework\web\CWebApplication.php(141): CWebApplication->runController('home/lndex')
#3 C:\xampp\htdocs\LatihanHtdocs\yii\framework\base\CApplication.php(180): CWebApplication->processRequest()
#4 C:\xampp\htdocs\LatihanHtdocs\yiibrian\index.php(13): CApplication->run()
#5 {main}
REQUEST_URI=/LatihanHtdocs/yiibrian/index.php?r=home/lndex
HTTP_REFERER=http://localhost/LatihanHtdocs/yiibrian/index.php/home
---
2014/01/24 08:32:13 [error] [exception.CHttpException.404] exception 'CHttpException' with message 'The system is unable to find the requested action "lndex".' in C:\xampp\htdocs\LatihanHtdocs\yii\framework\web\CController.php:483
Stack trace:
#0 C:\xampp\htdocs\LatihanHtdocs\yii\framework\web\CController.php(270): CController->missingAction('lndex')
#1 C:\xampp\htdocs\LatihanHtdocs\yii\framework\web\CWebApplication.php(282): CController->run('lndex')
#2 C:\xampp\htdocs\LatihanHtdocs\yii\framework\web\CWebApplication.php(141): CWebApplication->runController('home/lndex')
#3 C:\xampp\htdocs\LatihanHtdocs\yii\framework\base\CApplication.php(180): CWebApplication->processRequest()
#4 C:\xampp\htdocs\LatihanHtdocs\yiibrian\index.php(13): CApplication->run()
#5 {main}
REQUEST_URI=/LatihanHtdocs/yiibrian/index.php?r=home/lndex
HTTP_REFERER=http://localhost/LatihanHtdocs/yiibrian/index.php?r=home/lndex
---
2014/01/24 08:32:19 [error] [exception.CHttpException.404] exception 'CHttpException' with message 'The system is unable to find the requested action "lndex".' in C:\xampp\htdocs\LatihanHtdocs\yii\framework\web\CController.php:483
Stack trace:
#0 C:\xampp\htdocs\LatihanHtdocs\yii\framework\web\CController.php(270): CController->missingAction('lndex')
#1 C:\xampp\htdocs\LatihanHtdocs\yii\framework\web\CWebApplication.php(282): CController->run('lndex')
#2 C:\xampp\htdocs\LatihanHtdocs\yii\framework\web\CWebApplication.php(141): CWebApplication->runController('home/lndex')
#3 C:\xampp\htdocs\LatihanHtdocs\yii\framework\base\CApplication.php(180): CWebApplication->processRequest()
#4 C:\xampp\htdocs\LatihanHtdocs\yiibrian\index.php(13): CApplication->run()
#5 {main}
REQUEST_URI=/LatihanHtdocs/yiibrian/index.php?r=home/lndex
HTTP_REFERER=http://localhost/LatihanHtdocs/yiibrian/
---
2014/01/24 08:32:50 [error] [exception.CHttpException.404] exception 'CHttpException' with message 'The system is unable to find the requested action "lndex".' in C:\xampp\htdocs\LatihanHtdocs\yii\framework\web\CController.php:483
Stack trace:
#0 C:\xampp\htdocs\LatihanHtdocs\yii\framework\web\CController.php(270): CController->missingAction('lndex')
#1 C:\xampp\htdocs\LatihanHtdocs\yii\framework\web\CWebApplication.php(282): CController->run('lndex')
#2 C:\xampp\htdocs\LatihanHtdocs\yii\framework\web\CWebApplication.php(141): CWebApplication->runController('home/lndex')
#3 C:\xampp\htdocs\LatihanHtdocs\yii\framework\base\CApplication.php(180): CWebApplication->processRequest()
#4 C:\xampp\htdocs\LatihanHtdocs\yiibrian\index.php(13): CApplication->run()
#5 {main}
REQUEST_URI=/LatihanHtdocs/yiibrian/index.php?r=home/lndex
HTTP_REFERER=http://localhost/LatihanHtdocs/yiibrian/
---
2014/01/24 08:35:35 [error] [exception.CHttpException.404] exception 'CHttpException' with message 'The system is unable to find the requested action "lndex".' in C:\xampp\htdocs\LatihanHtdocs\yii\framework\web\CController.php:483
Stack trace:
#0 C:\xampp\htdocs\LatihanHtdocs\yii\framework\web\CController.php(270): CController->missingAction('lndex')
#1 C:\xampp\htdocs\LatihanHtdocs\yii\framework\web\CWebApplication.php(282): CController->run('lndex')
#2 C:\xampp\htdocs\LatihanHtdocs\yii\framework\web\CWebApplication.php(141): CWebApplication->runController('home/lndex')
#3 C:\xampp\htdocs\LatihanHtdocs\yii\framework\base\CApplication.php(180): CWebApplication->processRequest()
#4 C:\xampp\htdocs\LatihanHtdocs\yiibrian\index.php(13): CApplication->run()
#5 {main}
REQUEST_URI=/LatihanHtdocs/yiibrian/index.php?r=home/lndex
HTTP_REFERER=http://localhost/LatihanHtdocs/yiibrian/index.php?r=site/index
---
2014/01/24 08:35:52 [error] [exception.CHttpException.404] exception 'CHttpException' with message 'The system is unable to find the requested action "lndex".' in C:\xampp\htdocs\LatihanHtdocs\yii\framework\web\CController.php:483
Stack trace:
#0 C:\xampp\htdocs\LatihanHtdocs\yii\framework\web\CController.php(270): CController->missingAction('lndex')
#1 C:\xampp\htdocs\LatihanHtdocs\yii\framework\web\CWebApplication.php(282): CController->run('lndex')
#2 C:\xampp\htdocs\LatihanHtdocs\yii\framework\web\CWebApplication.php(141): CWebApplication->runController('home/lndex')
#3 C:\xampp\htdocs\LatihanHtdocs\yii\framework\base\CApplication.php(180): CWebApplication->processRequest()
#4 C:\xampp\htdocs\LatihanHtdocs\yiibrian\index.php(13): CApplication->run()
#5 {main}
REQUEST_URI=/LatihanHtdocs/yiibrian/index.php?r=home/lndex
HTTP_REFERER=http://localhost/LatihanHtdocs/yiibrian/index.php?r=site/index
---
2014/01/24 08:35:54 [error] [exception.CHttpException.404] exception 'CHttpException' with message 'The system is unable to find the requested action "lndex".' in C:\xampp\htdocs\LatihanHtdocs\yii\framework\web\CController.php:483
Stack trace:
#0 C:\xampp\htdocs\LatihanHtdocs\yii\framework\web\CController.php(270): CController->missingAction('lndex')
#1 C:\xampp\htdocs\LatihanHtdocs\yii\framework\web\CWebApplication.php(282): CController->run('lndex')
#2 C:\xampp\htdocs\LatihanHtdocs\yii\framework\web\CWebApplication.php(141): CWebApplication->runController('site/lndex')
#3 C:\xampp\htdocs\LatihanHtdocs\yii\framework\base\CApplication.php(180): CWebApplication->processRequest()
#4 C:\xampp\htdocs\LatihanHtdocs\yiibrian\index.php(13): CApplication->run()
#5 {main}
REQUEST_URI=/LatihanHtdocs/yiibrian/index.php?r=site/lndex
HTTP_REFERER=http://localhost/LatihanHtdocs/yiibrian/index.php?r=home/lndex
---
2014/01/24 08:35:55 [error] [exception.CHttpException.404] exception 'CHttpException' with message 'The system is unable to find the requested action "lndex".' in C:\xampp\htdocs\LatihanHtdocs\yii\framework\web\CController.php:483
Stack trace:
#0 C:\xampp\htdocs\LatihanHtdocs\yii\framework\web\CController.php(270): CController->missingAction('lndex')
#1 C:\xampp\htdocs\LatihanHtdocs\yii\framework\web\CWebApplication.php(282): CController->run('lndex')
#2 C:\xampp\htdocs\LatihanHtdocs\yii\framework\web\CWebApplication.php(141): CWebApplication->runController('site/lndex')
#3 C:\xampp\htdocs\LatihanHtdocs\yii\framework\base\CApplication.php(180): CWebApplication->processRequest()
#4 C:\xampp\htdocs\LatihanHtdocs\yiibrian\index.php(13): CApplication->run()
#5 {main}
REQUEST_URI=/LatihanHtdocs/yiibrian/index.php?r=site/lndex
HTTP_REFERER=http://localhost/LatihanHtdocs/yiibrian/index.php?r=site/lndex
---
2014/01/24 08:35:55 [error] [exception.CHttpException.404] exception 'CHttpException' with message 'The system is unable to find the requested action "lndex".' in C:\xampp\htdocs\LatihanHtdocs\yii\framework\web\CController.php:483
Stack trace:
#0 C:\xampp\htdocs\LatihanHtdocs\yii\framework\web\CController.php(270): CController->missingAction('lndex')
#1 C:\xampp\htdocs\LatihanHtdocs\yii\framework\web\CWebApplication.php(282): CController->run('lndex')
#2 C:\xampp\htdocs\LatihanHtdocs\yii\framework\web\CWebApplication.php(141): CWebApplication->runController('site/lndex')
#3 C:\xampp\htdocs\LatihanHtdocs\yii\framework\base\CApplication.php(180): CWebApplication->processRequest()
#4 C:\xampp\htdocs\LatihanHtdocs\yiibrian\index.php(13): CApplication->run()
#5 {main}
REQUEST_URI=/LatihanHtdocs/yiibrian/index.php?r=site/lndex
HTTP_REFERER=http://localhost/LatihanHtdocs/yiibrian/index.php?r=site/lndex
---
2014/01/24 08:37:17 [error] [exception.CHttpException.404] exception 'CHttpException' with message 'The system is unable to find the requested action "lndex".' in C:\xampp\htdocs\LatihanHtdocs\yii\framework\web\CController.php:483
Stack trace:
#0 C:\xampp\htdocs\LatihanHtdocs\yii\framework\web\CController.php(270): CController->missingAction('lndex')
#1 C:\xampp\htdocs\LatihanHtdocs\yii\framework\web\CWebApplication.php(282): CController->run('lndex')
#2 C:\xampp\htdocs\LatihanHtdocs\yii\framework\web\CWebApplication.php(141): CWebApplication->runController('site/lndex')
#3 C:\xampp\htdocs\LatihanHtdocs\yii\framework\base\CApplication.php(180): CWebApplication->processRequest()
#4 C:\xampp\htdocs\LatihanHtdocs\yiibrian\index.php(13): CApplication->run()
#5 {main}
REQUEST_URI=/LatihanHtdocs/yiibrian/index.php?r=site/lndex
---
2014/01/24 08:50:27 [error] [exception.CHttpException.404] exception 'CHttpException' with message 'The system is unable to find the requested action "login".' in C:\xampp\htdocs\LatihanHtdocs\yii\framework\web\CController.php:483
Stack trace:
#0 C:\xampp\htdocs\LatihanHtdocs\yii\framework\web\CController.php(270): CController->missingAction('login')
#1 C:\xampp\htdocs\LatihanHtdocs\yii\framework\web\CWebApplication.php(282): CController->run('login')
#2 C:\xampp\htdocs\LatihanHtdocs\yii\framework\web\CWebApplication.php(141): CWebApplication->runController('home/login')
#3 C:\xampp\htdocs\LatihanHtdocs\yii\framework\base\CApplication.php(180): CWebApplication->processRequest()
#4 C:\xampp\htdocs\LatihanHtdocs\yiibrian\index.php(13): CApplication->run()
#5 {main}
REQUEST_URI=/LatihanHtdocs/yiibrian/index.php?r=home/login
HTTP_REFERER=http://localhost/LatihanHtdocs/yiibrian/index.php
---
2014/01/24 08:51:04 [error] [exception.CHttpException.404] exception 'CHttpException' with message 'The system is unable to find the requested action "login".' in C:\xampp\htdocs\LatihanHtdocs\yii\framework\web\CController.php:483
Stack trace:
#0 C:\xampp\htdocs\LatihanHtdocs\yii\framework\web\CController.php(270): CController->missingAction('login')
#1 C:\xampp\htdocs\LatihanHtdocs\yii\framework\web\CWebApplication.php(282): CController->run('login')
#2 C:\xampp\htdocs\LatihanHtdocs\yii\framework\web\CWebApplication.php(141): CWebApplication->runController('home/login')
#3 C:\xampp\htdocs\LatihanHtdocs\yii\framework\base\CApplication.php(180): CWebApplication->processRequest()
#4 C:\xampp\htdocs\LatihanHtdocs\yiibrian\index.php(13): CApplication->run()
#5 {main}
REQUEST_URI=/LatihanHtdocs/yiibrian/index.php?r=home/login
HTTP_REFERER=http://localhost/LatihanHtdocs/yiibrian/index.php?r=home/login
---
2014/01/24 08:55:50 [error] [exception.CHttpException.404] exception 'CHttpException' with message 'The system is unable to find the requested action "login".' in C:\xampp\htdocs\LatihanHtdocs\yii\framework\web\CController.php:483
Stack trace:
#0 C:\xampp\htdocs\LatihanHtdocs\yii\framework\web\CController.php(270): CController->missingAction('login')
#1 C:\xampp\htdocs\LatihanHtdocs\yii\framework\web\CWebApplication.php(282): CController->run('login')
#2 C:\xampp\htdocs\LatihanHtdocs\yii\framework\web\CWebApplication.php(141): CWebApplication->runController('home/login')
#3 C:\xampp\htdocs\LatihanHtdocs\yii\framework\base\CApplication.php(180): CWebApplication->processRequest()
#4 C:\xampp\htdocs\LatihanHtdocs\yiibrian\index.php(13): CApplication->run()
#5 {main}
REQUEST_URI=/LatihanHtdocs/yiibrian/index.php?r=home/login
HTTP_REFERER=http://localhost/LatihanHtdocs/yiibrian/index.php
---
2014/01/24 08:59:33 [error] [exception.CHttpException.404] exception 'CHttpException' with message 'The system is unable to find the requested action "login".' in C:\xampp\htdocs\LatihanHtdocs\yii\framework\web\CController.php:483
Stack trace:
#0 C:\xampp\htdocs\LatihanHtdocs\yii\framework\web\CController.php(270): CController->missingAction('login')
#1 C:\xampp\htdocs\LatihanHtdocs\yii\framework\web\CWebApplication.php(282): CController->run('login')
#2 C:\xampp\htdocs\LatihanHtdocs\yii\framework\web\CWebApplication.php(141): CWebApplication->runController('home/login')
#3 C:\xampp\htdocs\LatihanHtdocs\yii\framework\base\CApplication.php(180): CWebApplication->processRequest()
#4 C:\xampp\htdocs\LatihanHtdocs\yiibrian\index.php(13): CApplication->run()
#5 {main}
REQUEST_URI=/LatihanHtdocs/yiibrian/index.php?r=home/login
HTTP_REFERER=http://localhost/LatihanHtdocs/yiibrian/index.php?r=site/index
---
2014/01/24 10:56:40 [error] [exception.CHttpException.404] exception 'CHttpException' with message 'The system is unable to find the requested action "index".' in C:\xampp\htdocs\LatihanHtdocs\yii\framework\web\CController.php:483
Stack trace:
#0 C:\xampp\htdocs\LatihanHtdocs\yii\framework\web\CController.php(270): CController->missingAction('index')
#1 C:\xampp\htdocs\LatihanHtdocs\yii\framework\web\CWebApplication.php(282): CController->run('index')
#2 C:\xampp\htdocs\LatihanHtdocs\yii\framework\web\CWebApplication.php(141): CWebApplication->runController('home/index')
#3 C:\xampp\htdocs\LatihanHtdocs\yii\framework\base\CApplication.php(180): CWebApplication->processRequest()
#4 C:\xampp\htdocs\LatihanHtdocs\yiibrian\index.php(13): CApplication->run()
#5 {main}
REQUEST_URI=/LatihanHtdocs/yiibrian/index.php?r=home/index
HTTP_REFERER=http://localhost/LatihanHtdocs/yiibrian/
---
2014/01/24 10:57:20 [error] [exception.CHttpException.404] exception 'CHttpException' with message 'The system is unable to find the requested action "index".' in C:\xampp\htdocs\LatihanHtdocs\yii\framework\web\CController.php:483
Stack trace:
#0 C:\xampp\htdocs\LatihanHtdocs\yii\framework\web\CController.php(270): CController->missingAction('index')
#1 C:\xampp\htdocs\LatihanHtdocs\yii\framework\web\CWebApplication.php(282): CController->run('index')
#2 C:\xampp\htdocs\LatihanHtdocs\yii\framework\web\CWebApplication.php(141): CWebApplication->runController('home/index')
#3 C:\xampp\htdocs\LatihanHtdocs\yii\framework\base\CApplication.php(180): CWebApplication->processRequest()
#4 C:\xampp\htdocs\LatihanHtdocs\yiibrian\index.php(13): CApplication->run()
#5 {main}
REQUEST_URI=/LatihanHtdocs/yiibrian/index.php?r=home/index
HTTP_REFERER=http://localhost/LatihanHtdocs/yiibrian/
---
2014/01/24 12:10:16 [error] [exception.CHttpException.404] exception 'CHttpException' with message 'The system is unable to find the requested action "admin".' in C:\xampp\htdocs\LatihanHtdocs\yii\framework\web\CController.php:483
Stack trace:
#0 C:\xampp\htdocs\LatihanHtdocs\yii\framework\web\CController.php(270): CController->missingAction('admin')
#1 C:\xampp\htdocs\LatihanHtdocs\yii\framework\web\CWebApplication.php(282): CController->run('admin')
#2 C:\xampp\htdocs\LatihanHtdocs\yii\framework\web\CWebApplication.php(141): CWebApplication->runController('site/admin')
#3 C:\xampp\htdocs\LatihanHtdocs\yii\framework\base\CApplication.php(180): CWebApplication->processRequest()
#4 C:\xampp\htdocs\LatihanHtdocs\yiibrian\index.php(13): CApplication->run()
#5 {main}
REQUEST_URI=/LatihanHtdocs/yiibrian/index.php?r=site/admin
HTTP_REFERER=http://localhost/LatihanHtdocs/yiibrian/index.php?r=kelas/admin
---
2014/01/24 12:12:15 [error] [exception.CHttpException.404] exception 'CHttpException' with message 'The system is unable to find the requested action "admin".' in C:\xampp\htdocs\LatihanHtdocs\yii\framework\web\CController.php:483
Stack trace:
#0 C:\xampp\htdocs\LatihanHtdocs\yii\framework\web\CController.php(270): CController->missingAction('admin')
#1 C:\xampp\htdocs\LatihanHtdocs\yii\framework\web\CWebApplication.php(282): CController->run('admin')
#2 C:\xampp\htdocs\LatihanHtdocs\yii\framework\web\CWebApplication.php(141): CWebApplication->runController('site/admin')
#3 C:\xampp\htdocs\LatihanHtdocs\yii\framework\base\CApplication.php(180): CWebApplication->processRequest()
#4 C:\xampp\htdocs\LatihanHtdocs\yiibrian\index.php(13): CApplication->run()
#5 {main}
REQUEST_URI=/LatihanHtdocs/yiibrian/index.php?r=site/admin
HTTP_REFERER=http://localhost/LatihanHtdocs/yiibrian/index.php?r=kelas/admin
---
2014/01/24 12:20:50 [error] [exception.CHttpException.404] exception 'CHttpException' with message 'The system is unable to find the requested action "admin".' in C:\xampp\htdocs\LatihanHtdocs\yii\framework\web\CController.php:483
Stack trace:
#0 C:\xampp\htdocs\LatihanHtdocs\yii\framework\web\CController.php(270): CController->missingAction('admin')
#1 C:\xampp\htdocs\LatihanHtdocs\yii\framework\web\CWebApplication.php(282): CController->run('admin')
#2 C:\xampp\htdocs\LatihanHtdocs\yii\framework\web\CWebApplication.php(141): CWebApplication->runController('site/admin')
#3 C:\xampp\htdocs\LatihanHtdocs\yii\framework\base\CApplication.php(180): CWebApplication->processRequest()
#4 C:\xampp\htdocs\LatihanHtdocs\yiibrian\index.php(13): CApplication->run()
#5 {main}
REQUEST_URI=/LatihanHtdocs/yiibrian/index.php?r=site/admin
HTTP_REFERER=http://localhost/LatihanHtdocs/yiibrian/index.php?r=kelas/admin
---
2014/01/24 12:21:12 [error] [exception.CHttpException.404] exception 'CHttpException' with message 'The system is unable to find the requested action "admin".' in C:\xampp\htdocs\LatihanHtdocs\yii\framework\web\CController.php:483
Stack trace:
#0 C:\xampp\htdocs\LatihanHtdocs\yii\framework\web\CController.php(270): CController->missingAction('admin')
#1 C:\xampp\htdocs\LatihanHtdocs\yii\framework\web\CWebApplication.php(282): CController->run('admin')
#2 C:\xampp\htdocs\LatihanHtdocs\yii\framework\web\CWebApplication.php(141): CWebApplication->runController('site/admin')
#3 C:\xampp\htdocs\LatihanHtdocs\yii\framework\base\CApplication.php(180): CWebApplication->processRequest()
#4 C:\xampp\htdocs\LatihanHtdocs\yiibrian\index.php(13): CApplication->run()
#5 {main}
REQUEST_URI=/LatihanHtdocs/yiibrian/index.php?r=site/admin
HTTP_REFERER=http://localhost/LatihanHtdocs/yiibrian/index.php?r=kelas/admin
---
2014/01/24 12:21:43 [error] [exception.CHttpException.404] exception 'CHttpException' with message 'The system is unable to find the requested action "admin".' in C:\xampp\htdocs\LatihanHtdocs\yii\framework\web\CController.php:483
Stack trace:
#0 C:\xampp\htdocs\LatihanHtdocs\yii\framework\web\CController.php(270): CController->missingAction('admin')
#1 C:\xampp\htdocs\LatihanHtdocs\yii\framework\web\CWebApplication.php(282): CController->run('admin')
#2 C:\xampp\htdocs\LatihanHtdocs\yii\framework\web\CWebApplication.php(141): CWebApplication->runController('site/admin')
#3 C:\xampp\htdocs\LatihanHtdocs\yii\framework\base\CApplication.php(180): CWebApplication->processRequest()
#4 C:\xampp\htdocs\LatihanHtdocs\yiibrian\index.php(13): CApplication->run()
#5 {main}
REQUEST_URI=/LatihanHtdocs/yiibrian/index.php?r=site/admin
HTTP_REFERER=http://localhost/LatihanHtdocs/yiibrian/index.php?r=kelas/admin
---
2014/01/24 12:24:33 [error] [exception.CHttpException.404] exception 'CHttpException' with message 'The system is unable to find the requested action "admin".' in C:\xampp\htdocs\LatihanHtdocs\yii\framework\web\CController.php:483
Stack trace:
#0 C:\xampp\htdocs\LatihanHtdocs\yii\framework\web\CController.php(270): CController->missingAction('admin')
#1 C:\xampp\htdocs\LatihanHtdocs\yii\framework\web\CWebApplication.php(282): CController->run('admin')
#2 C:\xampp\htdocs\LatihanHtdocs\yii\framework\web\CWebApplication.php(141): CWebApplication->runController('site/admin')
#3 C:\xampp\htdocs\LatihanHtdocs\yii\framework\base\CApplication.php(180): CWebApplication->processRequest()
#4 C:\xampp\htdocs\LatihanHtdocs\yiibrian\index.php(13): CApplication->run()
#5 {main}
REQUEST_URI=/LatihanHtdocs/yiibrian/index.php?r=site/admin
HTTP_REFERER=http://localhost/LatihanHtdocs/yiibrian/index.php?r=kelas/admin
---
2014/01/24 14:52:03 [error] [php] Trying to get property of non-object (C:\xampp\htdocs\LatihanHtdocs\yii\framework\base\CComponent.php(612) : eval()'d code:1)
Stack trace:
#0 C:\xampp\htdocs\LatihanHtdocs\yii\framework\zii\widgets\grid\CGridColumn.php(151): CDataColumn->renderDataCellContent()
#1 C:\xampp\htdocs\LatihanHtdocs\yii\framework\zii\widgets\grid\CGridView.php(616): CDataColumn->renderDataCell()
#2 C:\xampp\htdocs\LatihanHtdocs\yii\framework\zii\widgets\grid\CGridView.php(572): CGridView->renderTableRow()
#3 C:\xampp\htdocs\LatihanHtdocs\yii\framework\zii\widgets\grid\CGridView.php(482): CGridView->renderTableBody()
#4 C:\xampp\htdocs\LatihanHtdocs\yii\framework\zii\widgets\CBaseListView.php(167): CGridView->renderItems()
#5 unknown(0): CGridView->renderSection()
#6 C:\xampp\htdocs\LatihanHtdocs\yii\framework\zii\widgets\CBaseListView.php(150): preg_replace_callback()
#7 C:\xampp\htdocs\LatihanHtdocs\yii\framework\zii\widgets\CBaseListView.php(135): CGridView->renderContent()
#8 C:\xampp\htdocs\LatihanHtdocs\yii\framework\web\CBaseController.php(173): CGridView->run()
#9 C:\xampp\htdocs\LatihanHtdocs\yiibrian\protected\views\peserta\admin.php(60): PesertaController->widget()
#10 C:\xampp\htdocs\LatihanHtdocs\yii\framework\web\CBaseController.php(126): require()
#11 C:\xampp\htdocs\LatihanHtdocs\yii\framework\web\CBaseController.php(95): PesertaController->renderInternal()
#12 C:\xampp\htdocs\LatihanHtdocs\yii\framework\web\CController.php(869): PesertaController->renderFile()
#13 C:\xampp\htdocs\LatihanHtdocs\yii\framework\web\CController.php(782): PesertaController->renderPartial()
#14 C:\xampp\htdocs\LatihanHtdocs\yiibrian\protected\controllers\PesertaController.php(143): PesertaController->render()
#15 C:\xampp\htdocs\LatihanHtdocs\yii\framework\web\actions\CInlineAction.php(49): PesertaController->actionAdmin()
#16 C:\xampp\htdocs\LatihanHtdocs\yii\framework\web\CController.php(308): CInlineAction->runWithParams()
#17 C:\xampp\htdocs\LatihanHtdocs\yii\framework\web\filters\CFilterChain.php(133): PesertaController->runAction()
#18 C:\xampp\htdocs\LatihanHtdocs\yii\framework\web\filters\CFilter.php(40): CFilterChain->run()
#19 C:\xampp\htdocs\LatihanHtdocs\yii\framework\web\CController.php(1145): CAccessControlFilter->filter()
#20 C:\xampp\htdocs\LatihanHtdocs\yii\framework\web\filters\CInlineFilter.php(58): PesertaController->filterAccessControl()
#21 C:\xampp\htdocs\LatihanHtdocs\yii\framework\web\filters\CFilterChain.php(130): CInlineFilter->filter()
#22 C:\xampp\htdocs\LatihanHtdocs\yii\framework\web\CController.php(291): CFilterChain->run()
#23 C:\xampp\htdocs\LatihanHtdocs\yii\framework\web\CController.php(265): PesertaController->runActionWithFilters()
#24 C:\xampp\htdocs\LatihanHtdocs\yii\framework\web\CWebApplication.php(282): PesertaController->run()
#25 C:\xampp\htdocs\LatihanHtdocs\yii\framework\web\CWebApplication.php(141): CWebApplication->runController()
#26 C:\xampp\htdocs\LatihanHtdocs\yii\framework\base\CApplication.php(180): CWebApplication->processRequest()
#27 C:\xampp\htdocs\LatihanHtdocs\yiibrian\index.php(13): CWebApplication->run()
REQUEST_URI=/LatihanHtdocs/yiibrian/index.php?r=peserta/admin
in C:\xampp\htdocs\LatihanHtdocs\yiibrian\protected\views\peserta\admin.php (60)
in C:\xampp\htdocs\LatihanHtdocs\yiibrian\protected\controllers\PesertaController.php (143)
in C:\xampp\htdocs\LatihanHtdocs\yiibrian\index.php (13)
2014/01/24 14:52:13 [error] [php] Trying to get property of non-object (C:\xampp\htdocs\LatihanHtdocs\yii\framework\base\CComponent.php(612) : eval()'d code:1)
Stack trace:
#0 C:\xampp\htdocs\LatihanHtdocs\yii\framework\zii\widgets\grid\CGridColumn.php(151): CDataColumn->renderDataCellContent()
#1 C:\xampp\htdocs\LatihanHtdocs\yii\framework\zii\widgets\grid\CGridView.php(616): CDataColumn->renderDataCell()
#2 C:\xampp\htdocs\LatihanHtdocs\yii\framework\zii\widgets\grid\CGridView.php(572): CGridView->renderTableRow()
#3 C:\xampp\htdocs\LatihanHtdocs\yii\framework\zii\widgets\grid\CGridView.php(482): CGridView->renderTableBody()
#4 C:\xampp\htdocs\LatihanHtdocs\yii\framework\zii\widgets\CBaseListView.php(167): CGridView->renderItems()
#5 unknown(0): CGridView->renderSection()
#6 C:\xampp\htdocs\LatihanHtdocs\yii\framework\zii\widgets\CBaseListView.php(150): preg_replace_callback()
#7 C:\xampp\htdocs\LatihanHtdocs\yii\framework\zii\widgets\CBaseListView.php(135): CGridView->renderContent()
#8 C:\xampp\htdocs\LatihanHtdocs\yii\framework\web\CBaseController.php(173): CGridView->run()
#9 C:\xampp\htdocs\LatihanHtdocs\yiibrian\protected\views\peserta\admin.php(60): PesertaController->widget()
#10 C:\xampp\htdocs\LatihanHtdocs\yii\framework\web\CBaseController.php(126): require()
#11 C:\xampp\htdocs\LatihanHtdocs\yii\framework\web\CBaseController.php(95): PesertaController->renderInternal()
#12 C:\xampp\htdocs\LatihanHtdocs\yii\framework\web\CController.php(869): PesertaController->renderFile()
#13 C:\xampp\htdocs\LatihanHtdocs\yii\framework\web\CController.php(782): PesertaController->renderPartial()
#14 C:\xampp\htdocs\LatihanHtdocs\yiibrian\protected\controllers\PesertaController.php(143): PesertaController->render()
#15 C:\xampp\htdocs\LatihanHtdocs\yii\framework\web\actions\CInlineAction.php(49): PesertaController->actionAdmin()
#16 C:\xampp\htdocs\LatihanHtdocs\yii\framework\web\CController.php(308): CInlineAction->runWithParams()
#17 C:\xampp\htdocs\LatihanHtdocs\yii\framework\web\filters\CFilterChain.php(133): PesertaController->runAction()
#18 C:\xampp\htdocs\LatihanHtdocs\yii\framework\web\filters\CFilter.php(40): CFilterChain->run()
#19 C:\xampp\htdocs\LatihanHtdocs\yii\framework\web\CController.php(1145): CAccessControlFilter->filter()
#20 C:\xampp\htdocs\LatihanHtdocs\yii\framework\web\filters\CInlineFilter.php(58): PesertaController->filterAccessControl()
#21 C:\xampp\htdocs\LatihanHtdocs\yii\framework\web\filters\CFilterChain.php(130): CInlineFilter->filter()
#22 C:\xampp\htdocs\LatihanHtdocs\yii\framework\web\CController.php(291): CFilterChain->run()
#23 C:\xampp\htdocs\LatihanHtdocs\yii\framework\web\CController.php(265): PesertaController->runActionWithFilters()
#24 C:\xampp\htdocs\LatihanHtdocs\yii\framework\web\CWebApplication.php(282): PesertaController->run()
#25 C:\xampp\htdocs\LatihanHtdocs\yii\framework\web\CWebApplication.php(141): CWebApplication->runController()
#26 C:\xampp\htdocs\LatihanHtdocs\yii\framework\base\CApplication.php(180): CWebApplication->processRequest()
#27 C:\xampp\htdocs\LatihanHtdocs\yiibrian\index.php(13): CWebApplication->run()
REQUEST_URI=/LatihanHtdocs/yiibrian/index.php?r=peserta/admin
in C:\xampp\htdocs\LatihanHtdocs\yiibrian\protected\views\peserta\admin.php (60)
in C:\xampp\htdocs\LatihanHtdocs\yiibrian\protected\controllers\PesertaController.php (143)
in C:\xampp\htdocs\LatihanHtdocs\yiibrian\index.php (13)
2014/01/24 14:52:19 [error] [php] Trying to get property of non-object (C:\xampp\htdocs\LatihanHtdocs\yii\framework\base\CComponent.php(612) : eval()'d code:1)
Stack trace:
#0 C:\xampp\htdocs\LatihanHtdocs\yii\framework\zii\widgets\grid\CGridColumn.php(151): CDataColumn->renderDataCellContent()
#1 C:\xampp\htdocs\LatihanHtdocs\yii\framework\zii\widgets\grid\CGridView.php(616): CDataColumn->renderDataCell()
#2 C:\xampp\htdocs\LatihanHtdocs\yii\framework\zii\widgets\grid\CGridView.php(572): CGridView->renderTableRow()
#3 C:\xampp\htdocs\LatihanHtdocs\yii\framework\zii\widgets\grid\CGridView.php(482): CGridView->renderTableBody()
#4 C:\xampp\htdocs\LatihanHtdocs\yii\framework\zii\widgets\CBaseListView.php(167): CGridView->renderItems()
#5 unknown(0): CGridView->renderSection()
#6 C:\xampp\htdocs\LatihanHtdocs\yii\framework\zii\widgets\CBaseListView.php(150): preg_replace_callback()
#7 C:\xampp\htdocs\LatihanHtdocs\yii\framework\zii\widgets\CBaseListView.php(135): CGridView->renderContent()
#8 C:\xampp\htdocs\LatihanHtdocs\yii\framework\web\CBaseController.php(173): CGridView->run()
#9 C:\xampp\htdocs\LatihanHtdocs\yiibrian\protected\views\peserta\admin.php(60): PesertaController->widget()
#10 C:\xampp\htdocs\LatihanHtdocs\yii\framework\web\CBaseController.php(126): require()
#11 C:\xampp\htdocs\LatihanHtdocs\yii\framework\web\CBaseController.php(95): PesertaController->renderInternal()
#12 C:\xampp\htdocs\LatihanHtdocs\yii\framework\web\CController.php(869): PesertaController->renderFile()
#13 C:\xampp\htdocs\LatihanHtdocs\yii\framework\web\CController.php(782): PesertaController->renderPartial()
#14 C:\xampp\htdocs\LatihanHtdocs\yiibrian\protected\controllers\PesertaController.php(143): PesertaController->render()
#15 C:\xampp\htdocs\LatihanHtdocs\yii\framework\web\actions\CInlineAction.php(49): PesertaController->actionAdmin()
#16 C:\xampp\htdocs\LatihanHtdocs\yii\framework\web\CController.php(308): CInlineAction->runWithParams()
#17 C:\xampp\htdocs\LatihanHtdocs\yii\framework\web\filters\CFilterChain.php(133): PesertaController->runAction()
#18 C:\xampp\htdocs\LatihanHtdocs\yii\framework\web\filters\CFilter.php(40): CFilterChain->run()
#19 C:\xampp\htdocs\LatihanHtdocs\yii\framework\web\CController.php(1145): CAccessControlFilter->filter()
#20 C:\xampp\htdocs\LatihanHtdocs\yii\framework\web\filters\CInlineFilter.php(58): PesertaController->filterAccessControl()
#21 C:\xampp\htdocs\LatihanHtdocs\yii\framework\web\filters\CFilterChain.php(130): CInlineFilter->filter()
#22 C:\xampp\htdocs\LatihanHtdocs\yii\framework\web\CController.php(291): CFilterChain->run()
#23 C:\xampp\htdocs\LatihanHtdocs\yii\framework\web\CController.php(265): PesertaController->runActionWithFilters()
#24 C:\xampp\htdocs\LatihanHtdocs\yii\framework\web\CWebApplication.php(282): PesertaController->run()
#25 C:\xampp\htdocs\LatihanHtdocs\yii\framework\web\CWebApplication.php(141): CWebApplication->runController()
#26 C:\xampp\htdocs\LatihanHtdocs\yii\framework\base\CApplication.php(180): CWebApplication->processRequest()
#27 C:\xampp\htdocs\LatihanHtdocs\yiibrian\index.php(13): CWebApplication->run()
REQUEST_URI=/LatihanHtdocs/yiibrian/index.php?r=peserta/admin
in C:\xampp\htdocs\LatihanHtdocs\yiibrian\protected\views\peserta\admin.php (60)
in C:\xampp\htdocs\LatihanHtdocs\yiibrian\protected\controllers\PesertaController.php (143)
in C:\xampp\htdocs\LatihanHtdocs\yiibrian\index.php (13)
2014/01/24 14:52:32 [error] [php] Trying to get property of non-object (C:\xampp\htdocs\LatihanHtdocs\yii\framework\base\CComponent.php(612) : eval()'d code:1)
Stack trace:
#0 C:\xampp\htdocs\LatihanHtdocs\yii\framework\zii\widgets\grid\CGridColumn.php(151): CDataColumn->renderDataCellContent()
#1 C:\xampp\htdocs\LatihanHtdocs\yii\framework\zii\widgets\grid\CGridView.php(616): CDataColumn->renderDataCell()
#2 C:\xampp\htdocs\LatihanHtdocs\yii\framework\zii\widgets\grid\CGridView.php(572): CGridView->renderTableRow()
#3 C:\xampp\htdocs\LatihanHtdocs\yii\framework\zii\widgets\grid\CGridView.php(482): CGridView->renderTableBody()
#4 C:\xampp\htdocs\LatihanHtdocs\yii\framework\zii\widgets\CBaseListView.php(167): CGridView->renderItems()
#5 unknown(0): CGridView->renderSection()
#6 C:\xampp\htdocs\LatihanHtdocs\yii\framework\zii\widgets\CBaseListView.php(150): preg_replace_callback()
#7 C:\xampp\htdocs\LatihanHtdocs\yii\framework\zii\widgets\CBaseListView.php(135): CGridView->renderContent()
#8 C:\xampp\htdocs\LatihanHtdocs\yii\framework\web\CBaseController.php(173): CGridView->run()
#9 C:\xampp\htdocs\LatihanHtdocs\yiibrian\protected\views\peserta\admin.php(60): PesertaController->widget()
#10 C:\xampp\htdocs\LatihanHtdocs\yii\framework\web\CBaseController.php(126): require()
#11 C:\xampp\htdocs\LatihanHtdocs\yii\framework\web\CBaseController.php(95): PesertaController->renderInternal()
#12 C:\xampp\htdocs\LatihanHtdocs\yii\framework\web\CController.php(869): PesertaController->renderFile()
#13 C:\xampp\htdocs\LatihanHtdocs\yii\framework\web\CController.php(782): PesertaController->renderPartial()
#14 C:\xampp\htdocs\LatihanHtdocs\yiibrian\protected\controllers\PesertaController.php(143): PesertaController->render()
#15 C:\xampp\htdocs\LatihanHtdocs\yii\framework\web\actions\CInlineAction.php(49): PesertaController->actionAdmin()
#16 C:\xampp\htdocs\LatihanHtdocs\yii\framework\web\CController.php(308): CInlineAction->runWithParams()
#17 C:\xampp\htdocs\LatihanHtdocs\yii\framework\web\filters\CFilterChain.php(133): PesertaController->runAction()
#18 C:\xampp\htdocs\LatihanHtdocs\yii\framework\web\filters\CFilter.php(40): CFilterChain->run()
#19 C:\xampp\htdocs\LatihanHtdocs\yii\framework\web\CController.php(1145): CAccessControlFilter->filter()
#20 C:\xampp\htdocs\LatihanHtdocs\yii\framework\web\filters\CInlineFilter.php(58): PesertaController->filterAccessControl()
#21 C:\xampp\htdocs\LatihanHtdocs\yii\framework\web\filters\CFilterChain.php(130): CInlineFilter->filter()
#22 C:\xampp\htdocs\LatihanHtdocs\yii\framework\web\CController.php(291): CFilterChain->run()
#23 C:\xampp\htdocs\LatihanHtdocs\yii\framework\web\CController.php(265): PesertaController->runActionWithFilters()
#24 C:\xampp\htdocs\LatihanHtdocs\yii\framework\web\CWebApplication.php(282): PesertaController->run()
#25 C:\xampp\htdocs\LatihanHtdocs\yii\framework\web\CWebApplication.php(141): CWebApplication->runController()
#26 C:\xampp\htdocs\LatihanHtdocs\yii\framework\base\CApplication.php(180): CWebApplication->processRequest()
#27 C:\xampp\htdocs\LatihanHtdocs\yiibrian\index.php(13): CWebApplication->run()
REQUEST_URI=/LatihanHtdocs/yiibrian/index.php?r=peserta/admin
in C:\xampp\htdocs\LatihanHtdocs\yiibrian\protected\views\peserta\admin.php (60)
in C:\xampp\htdocs\LatihanHtdocs\yiibrian\protected\controllers\PesertaController.php (143)
in C:\xampp\htdocs\LatihanHtdocs\yiibrian\index.php (13)
2014/01/24 14:57:12 [error] [php] Trying to get property of non-object (C:\xampp\htdocs\LatihanHtdocs\yii\framework\base\CComponent.php(612) : eval()'d code:1)
Stack trace:
#0 C:\xampp\htdocs\LatihanHtdocs\yii\framework\zii\widgets\grid\CGridColumn.php(151): CDataColumn->renderDataCellContent()
#1 C:\xampp\htdocs\LatihanHtdocs\yii\framework\zii\widgets\grid\CGridView.php(616): CDataColumn->renderDataCell()
#2 C:\xampp\htdocs\LatihanHtdocs\yii\framework\zii\widgets\grid\CGridView.php(572): CGridView->renderTableRow()
#3 C:\xampp\htdocs\LatihanHtdocs\yii\framework\zii\widgets\grid\CGridView.php(482): CGridView->renderTableBody()
#4 C:\xampp\htdocs\LatihanHtdocs\yii\framework\zii\widgets\CBaseListView.php(167): CGridView->renderItems()
#5 unknown(0): CGridView->renderSection()
#6 C:\xampp\htdocs\LatihanHtdocs\yii\framework\zii\widgets\CBaseListView.php(150): preg_replace_callback()
#7 C:\xampp\htdocs\LatihanHtdocs\yii\framework\zii\widgets\CBaseListView.php(135): CGridView->renderContent()
#8 C:\xampp\htdocs\LatihanHtdocs\yii\framework\web\CBaseController.php(173): CGridView->run()
#9 C:\xampp\htdocs\LatihanHtdocs\yiibrian\protected\views\peserta\admin.php(60): PesertaController->widget()
#10 C:\xampp\htdocs\LatihanHtdocs\yii\framework\web\CBaseController.php(126): require()
#11 C:\xampp\htdocs\LatihanHtdocs\yii\framework\web\CBaseController.php(95): PesertaController->renderInternal()
#12 C:\xampp\htdocs\LatihanHtdocs\yii\framework\web\CController.php(869): PesertaController->renderFile()
#13 C:\xampp\htdocs\LatihanHtdocs\yii\framework\web\CController.php(782): PesertaController->renderPartial()
#14 C:\xampp\htdocs\LatihanHtdocs\yiibrian\protected\controllers\PesertaController.php(143): PesertaController->render()
#15 C:\xampp\htdocs\LatihanHtdocs\yii\framework\web\actions\CInlineAction.php(49): PesertaController->actionAdmin()
#16 C:\xampp\htdocs\LatihanHtdocs\yii\framework\web\CController.php(308): CInlineAction->runWithParams()
#17 C:\xampp\htdocs\LatihanHtdocs\yii\framework\web\filters\CFilterChain.php(133): PesertaController->runAction()
#18 C:\xampp\htdocs\LatihanHtdocs\yii\framework\web\filters\CFilter.php(40): CFilterChain->run()
#19 C:\xampp\htdocs\LatihanHtdocs\yii\framework\web\CController.php(1145): CAccessControlFilter->filter()
#20 C:\xampp\htdocs\LatihanHtdocs\yii\framework\web\filters\CInlineFilter.php(58): PesertaController->filterAccessControl()
#21 C:\xampp\htdocs\LatihanHtdocs\yii\framework\web\filters\CFilterChain.php(130): CInlineFilter->filter()
#22 C:\xampp\htdocs\LatihanHtdocs\yii\framework\web\CController.php(291): CFilterChain->run()
#23 C:\xampp\htdocs\LatihanHtdocs\yii\framework\web\CController.php(265): PesertaController->runActionWithFilters()
#24 C:\xampp\htdocs\LatihanHtdocs\yii\framework\web\CWebApplication.php(282): PesertaController->run()
#25 C:\xampp\htdocs\LatihanHtdocs\yii\framework\web\CWebApplication.php(141): CWebApplication->runController()
#26 C:\xampp\htdocs\LatihanHtdocs\yii\framework\base\CApplication.php(180): CWebApplication->processRequest()
#27 C:\xampp\htdocs\LatihanHtdocs\yiibrian\index.php(13): CWebApplication->run()
REQUEST_URI=/LatihanHtdocs/yiibrian/index.php?r=peserta/admin
in C:\xampp\htdocs\LatihanHtdocs\yiibrian\protected\views\peserta\admin.php (60)
in C:\xampp\htdocs\LatihanHtdocs\yiibrian\protected\controllers\PesertaController.php (143)
in C:\xampp\htdocs\LatihanHtdocs\yiibrian\index.php (13)
2014/01/24 14:58:18 [error] [php] Trying to get property of non-object (C:\xampp\htdocs\LatihanHtdocs\yii\framework\base\CComponent.php(612) : eval()'d code:1)
Stack trace:
#0 C:\xampp\htdocs\LatihanHtdocs\yii\framework\zii\widgets\grid\CGridColumn.php(151): CDataColumn->renderDataCellContent()
#1 C:\xampp\htdocs\LatihanHtdocs\yii\framework\zii\widgets\grid\CGridView.php(616): CDataColumn->renderDataCell()
#2 C:\xampp\htdocs\LatihanHtdocs\yii\framework\zii\widgets\grid\CGridView.php(572): CGridView->renderTableRow()
#3 C:\xampp\htdocs\LatihanHtdocs\yii\framework\zii\widgets\grid\CGridView.php(482): CGridView->renderTableBody()
#4 C:\xampp\htdocs\LatihanHtdocs\yii\framework\zii\widgets\CBaseListView.php(167): CGridView->renderItems()
#5 unknown(0): CGridView->renderSection()
#6 C:\xampp\htdocs\LatihanHtdocs\yii\framework\zii\widgets\CBaseListView.php(150): preg_replace_callback()
#7 C:\xampp\htdocs\LatihanHtdocs\yii\framework\zii\widgets\CBaseListView.php(135): CGridView->renderContent()
#8 C:\xampp\htdocs\LatihanHtdocs\yii\framework\web\CBaseController.php(173): CGridView->run()
#9 C:\xampp\htdocs\LatihanHtdocs\yiibrian\protected\views\peserta\admin.php(60): PesertaController->widget()
#10 C:\xampp\htdocs\LatihanHtdocs\yii\framework\web\CBaseController.php(126): require()
#11 C:\xampp\htdocs\LatihanHtdocs\yii\framework\web\CBaseController.php(95): PesertaController->renderInternal()
#12 C:\xampp\htdocs\LatihanHtdocs\yii\framework\web\CController.php(869): PesertaController->renderFile()
#13 C:\xampp\htdocs\LatihanHtdocs\yii\framework\web\CController.php(782): PesertaController->renderPartial()
#14 C:\xampp\htdocs\LatihanHtdocs\yiibrian\protected\controllers\PesertaController.php(143): PesertaController->render()
#15 C:\xampp\htdocs\LatihanHtdocs\yii\framework\web\actions\CInlineAction.php(49): PesertaController->actionAdmin()
#16 C:\xampp\htdocs\LatihanHtdocs\yii\framework\web\CController.php(308): CInlineAction->runWithParams()
#17 C:\xampp\htdocs\LatihanHtdocs\yii\framework\web\filters\CFilterChain.php(133): PesertaController->runAction()
#18 C:\xampp\htdocs\LatihanHtdocs\yii\framework\web\filters\CFilter.php(40): CFilterChain->run()
#19 C:\xampp\htdocs\LatihanHtdocs\yii\framework\web\CController.php(1145): CAccessControlFilter->filter()
#20 C:\xampp\htdocs\LatihanHtdocs\yii\framework\web\filters\CInlineFilter.php(58): PesertaController->filterAccessControl()
#21 C:\xampp\htdocs\LatihanHtdocs\yii\framework\web\filters\CFilterChain.php(130): CInlineFilter->filter()
#22 C:\xampp\htdocs\LatihanHtdocs\yii\framework\web\CController.php(291): CFilterChain->run()
#23 C:\xampp\htdocs\LatihanHtdocs\yii\framework\web\CController.php(265): PesertaController->runActionWithFilters()
#24 C:\xampp\htdocs\LatihanHtdocs\yii\framework\web\CWebApplication.php(282): PesertaController->run()
#25 C:\xampp\htdocs\LatihanHtdocs\yii\framework\web\CWebApplication.php(141): CWebApplication->runController()
#26 C:\xampp\htdocs\LatihanHtdocs\yii\framework\base\CApplication.php(180): CWebApplication->processRequest()
#27 C:\xampp\htdocs\LatihanHtdocs\yiibrian\index.php(13): CWebApplication->run()
REQUEST_URI=/LatihanHtdocs/yiibrian/index.php?r=peserta/admin
in C:\xampp\htdocs\LatihanHtdocs\yiibrian\protected\views\peserta\admin.php (60)
in C:\xampp\htdocs\LatihanHtdocs\yiibrian\protected\controllers\PesertaController.php (143)
in C:\xampp\htdocs\LatihanHtdocs\yiibrian\index.php (13)
2014/01/24 14:59:02 [error] [php] Trying to get property of non-object (C:\xampp\htdocs\LatihanHtdocs\yii\framework\base\CComponent.php(612) : eval()'d code:1)
Stack trace:
#0 C:\xampp\htdocs\LatihanHtdocs\yii\framework\zii\widgets\grid\CGridColumn.php(151): CDataColumn->renderDataCellContent()
#1 C:\xampp\htdocs\LatihanHtdocs\yii\framework\zii\widgets\grid\CGridView.php(616): CDataColumn->renderDataCell()
#2 C:\xampp\htdocs\LatihanHtdocs\yii\framework\zii\widgets\grid\CGridView.php(572): CGridView->renderTableRow()
#3 C:\xampp\htdocs\LatihanHtdocs\yii\framework\zii\widgets\grid\CGridView.php(482): CGridView->renderTableBody()
#4 C:\xampp\htdocs\LatihanHtdocs\yii\framework\zii\widgets\CBaseListView.php(167): CGridView->renderItems()
#5 unknown(0): CGridView->renderSection()
#6 C:\xampp\htdocs\LatihanHtdocs\yii\framework\zii\widgets\CBaseListView.php(150): preg_replace_callback()
#7 C:\xampp\htdocs\LatihanHtdocs\yii\framework\zii\widgets\CBaseListView.php(135): CGridView->renderContent()
#8 C:\xampp\htdocs\LatihanHtdocs\yii\framework\web\CBaseController.php(173): CGridView->run()
#9 C:\xampp\htdocs\LatihanHtdocs\yiibrian\protected\views\peserta\admin.php(60): PesertaController->widget()
#10 C:\xampp\htdocs\LatihanHtdocs\yii\framework\web\CBaseController.php(126): require()
#11 C:\xampp\htdocs\LatihanHtdocs\yii\framework\web\CBaseController.php(95): PesertaController->renderInternal()
#12 C:\xampp\htdocs\LatihanHtdocs\yii\framework\web\CController.php(869): PesertaController->renderFile()
#13 C:\xampp\htdocs\LatihanHtdocs\yii\framework\web\CController.php(782): PesertaController->renderPartial()
#14 C:\xampp\htdocs\LatihanHtdocs\yiibrian\protected\controllers\PesertaController.php(143): PesertaController->render()
#15 C:\xampp\htdocs\LatihanHtdocs\yii\framework\web\actions\CInlineAction.php(49): PesertaController->actionAdmin()
#16 C:\xampp\htdocs\LatihanHtdocs\yii\framework\web\CController.php(308): CInlineAction->runWithParams()
#17 C:\xampp\htdocs\LatihanHtdocs\yii\framework\web\filters\CFilterChain.php(133): PesertaController->runAction()
#18 C:\xampp\htdocs\LatihanHtdocs\yii\framework\web\filters\CFilter.php(40): CFilterChain->run()
#19 C:\xampp\htdocs\LatihanHtdocs\yii\framework\web\CController.php(1145): CAccessControlFilter->filter()
#20 C:\xampp\htdocs\LatihanHtdocs\yii\framework\web\filters\CInlineFilter.php(58): PesertaController->filterAccessControl()
#21 C:\xampp\htdocs\LatihanHtdocs\yii\framework\web\filters\CFilterChain.php(130): CInlineFilter->filter()
#22 C:\xampp\htdocs\LatihanHtdocs\yii\framework\web\CController.php(291): CFilterChain->run()
#23 C:\xampp\htdocs\LatihanHtdocs\yii\framework\web\CController.php(265): PesertaController->runActionWithFilters()
#24 C:\xampp\htdocs\LatihanHtdocs\yii\framework\web\CWebApplication.php(282): PesertaController->run()
#25 C:\xampp\htdocs\LatihanHtdocs\yii\framework\web\CWebApplication.php(141): CWebApplication->runController()
#26 C:\xampp\htdocs\LatihanHtdocs\yii\framework\base\CApplication.php(180): CWebApplication->processRequest()
#27 C:\xampp\htdocs\LatihanHtdocs\yiibrian\index.php(13): CWebApplication->run()
REQUEST_URI=/LatihanHtdocs/yiibrian/index.php?r=peserta/admin
in C:\xampp\htdocs\LatihanHtdocs\yiibrian\protected\views\peserta\admin.php (60)
in C:\xampp\htdocs\LatihanHtdocs\yiibrian\protected\controllers\PesertaController.php (143)
in C:\xampp\htdocs\LatihanHtdocs\yiibrian\index.php (13)
2014/01/24 14:59:34 [error] [php] Trying to get property of non-object (C:\xampp\htdocs\LatihanHtdocs\yii\framework\base\CComponent.php(612) : eval()'d code:1)
Stack trace:
#0 C:\xampp\htdocs\LatihanHtdocs\yii\framework\zii\widgets\grid\CGridColumn.php(151): CDataColumn->renderDataCellContent()
#1 C:\xampp\htdocs\LatihanHtdocs\yii\framework\zii\widgets\grid\CGridView.php(616): CDataColumn->renderDataCell()
#2 C:\xampp\htdocs\LatihanHtdocs\yii\framework\zii\widgets\grid\CGridView.php(572): CGridView->renderTableRow()
#3 C:\xampp\htdocs\LatihanHtdocs\yii\framework\zii\widgets\grid\CGridView.php(482): CGridView->renderTableBody()
#4 C:\xampp\htdocs\LatihanHtdocs\yii\framework\zii\widgets\CBaseListView.php(167): CGridView->renderItems()
#5 unknown(0): CGridView->renderSection()
#6 C:\xampp\htdocs\LatihanHtdocs\yii\framework\zii\widgets\CBaseListView.php(150): preg_replace_callback()
#7 C:\xampp\htdocs\LatihanHtdocs\yii\framework\zii\widgets\CBaseListView.php(135): CGridView->renderContent()
#8 C:\xampp\htdocs\LatihanHtdocs\yii\framework\web\CBaseController.php(173): CGridView->run()
#9 C:\xampp\htdocs\LatihanHtdocs\yiibrian\protected\views\peserta\admin.php(60): PesertaController->widget()
#10 C:\xampp\htdocs\LatihanHtdocs\yii\framework\web\CBaseController.php(126): require()
#11 C:\xampp\htdocs\LatihanHtdocs\yii\framework\web\CBaseController.php(95): PesertaController->renderInternal()
#12 C:\xampp\htdocs\LatihanHtdocs\yii\framework\web\CController.php(869): PesertaController->renderFile()
#13 C:\xampp\htdocs\LatihanHtdocs\yii\framework\web\CController.php(782): PesertaController->renderPartial()
#14 C:\xampp\htdocs\LatihanHtdocs\yiibrian\protected\controllers\PesertaController.php(143): PesertaController->render()
#15 C:\xampp\htdocs\LatihanHtdocs\yii\framework\web\actions\CInlineAction.php(49): PesertaController->actionAdmin()
#16 C:\xampp\htdocs\LatihanHtdocs\yii\framework\web\CController.php(308): CInlineAction->runWithParams()
#17 C:\xampp\htdocs\LatihanHtdocs\yii\framework\web\filters\CFilterChain.php(133): PesertaController->runAction()
#18 C:\xampp\htdocs\LatihanHtdocs\yii\framework\web\filters\CFilter.php(40): CFilterChain->run()
#19 C:\xampp\htdocs\LatihanHtdocs\yii\framework\web\CController.php(1145): CAccessControlFilter->filter()
#20 C:\xampp\htdocs\LatihanHtdocs\yii\framework\web\filters\CInlineFilter.php(58): PesertaController->filterAccessControl()
#21 C:\xampp\htdocs\LatihanHtdocs\yii\framework\web\filters\CFilterChain.php(130): CInlineFilter->filter()
#22 C:\xampp\htdocs\LatihanHtdocs\yii\framework\web\CController.php(291): CFilterChain->run()
#23 C:\xampp\htdocs\LatihanHtdocs\yii\framework\web\CController.php(265): PesertaController->runActionWithFilters()
#24 C:\xampp\htdocs\LatihanHtdocs\yii\framework\web\CWebApplication.php(282): PesertaController->run()
#25 C:\xampp\htdocs\LatihanHtdocs\yii\framework\web\CWebApplication.php(141): CWebApplication->runController()
#26 C:\xampp\htdocs\LatihanHtdocs\yii\framework\base\CApplication.php(180): CWebApplication->processRequest()
#27 C:\xampp\htdocs\LatihanHtdocs\yiibrian\index.php(13): CWebApplication->run()
REQUEST_URI=/LatihanHtdocs/yiibrian/index.php?r=peserta/admin
in C:\xampp\htdocs\LatihanHtdocs\yiibrian\protected\views\peserta\admin.php (60)
in C:\xampp\htdocs\LatihanHtdocs\yiibrian\protected\controllers\PesertaController.php (143)
in C:\xampp\htdocs\LatihanHtdocs\yiibrian\index.php (13)
2014/01/24 15:00:27 [error] [php] Trying to get property of non-object (C:\xampp\htdocs\LatihanHtdocs\yii\framework\base\CComponent.php(612) : eval()'d code:1)
Stack trace:
#0 C:\xampp\htdocs\LatihanHtdocs\yii\framework\zii\widgets\grid\CGridColumn.php(151): CDataColumn->renderDataCellContent()
#1 C:\xampp\htdocs\LatihanHtdocs\yii\framework\zii\widgets\grid\CGridView.php(616): CDataColumn->renderDataCell()
#2 C:\xampp\htdocs\LatihanHtdocs\yii\framework\zii\widgets\grid\CGridView.php(572): CGridView->renderTableRow()
#3 C:\xampp\htdocs\LatihanHtdocs\yii\framework\zii\widgets\grid\CGridView.php(482): CGridView->renderTableBody()
#4 C:\xampp\htdocs\LatihanHtdocs\yii\framework\zii\widgets\CBaseListView.php(167): CGridView->renderItems()
#5 unknown(0): CGridView->renderSection()
#6 C:\xampp\htdocs\LatihanHtdocs\yii\framework\zii\widgets\CBaseListView.php(150): preg_replace_callback()
#7 C:\xampp\htdocs\LatihanHtdocs\yii\framework\zii\widgets\CBaseListView.php(135): CGridView->renderContent()
#8 C:\xampp\htdocs\LatihanHtdocs\yii\framework\web\CBaseController.php(173): CGridView->run()
#9 C:\xampp\htdocs\LatihanHtdocs\yiibrian\protected\views\peserta\admin.php(60): PesertaController->widget()
#10 C:\xampp\htdocs\LatihanHtdocs\yii\framework\web\CBaseController.php(126): require()
#11 C:\xampp\htdocs\LatihanHtdocs\yii\framework\web\CBaseController.php(95): PesertaController->renderInternal()
#12 C:\xampp\htdocs\LatihanHtdocs\yii\framework\web\CController.php(869): PesertaController->renderFile()
#13 C:\xampp\htdocs\LatihanHtdocs\yii\framework\web\CController.php(782): PesertaController->renderPartial()
#14 C:\xampp\htdocs\LatihanHtdocs\yiibrian\protected\controllers\PesertaController.php(143): PesertaController->render()
#15 C:\xampp\htdocs\LatihanHtdocs\yii\framework\web\actions\CInlineAction.php(49): PesertaController->actionAdmin()
#16 C:\xampp\htdocs\LatihanHtdocs\yii\framework\web\CController.php(308): CInlineAction->runWithParams()
#17 C:\xampp\htdocs\LatihanHtdocs\yii\framework\web\filters\CFilterChain.php(133): PesertaController->runAction()
#18 C:\xampp\htdocs\LatihanHtdocs\yii\framework\web\filters\CFilter.php(40): CFilterChain->run()
#19 C:\xampp\htdocs\LatihanHtdocs\yii\framework\web\CController.php(1145): CAccessControlFilter->filter()
#20 C:\xampp\htdocs\LatihanHtdocs\yii\framework\web\filters\CInlineFilter.php(58): PesertaController->filterAccessControl()
#21 C:\xampp\htdocs\LatihanHtdocs\yii\framework\web\filters\CFilterChain.php(130): CInlineFilter->filter()
#22 C:\xampp\htdocs\LatihanHtdocs\yii\framework\web\CController.php(291): CFilterChain->run()
#23 C:\xampp\htdocs\LatihanHtdocs\yii\framework\web\CController.php(265): PesertaController->runActionWithFilters()
#24 C:\xampp\htdocs\LatihanHtdocs\yii\framework\web\CWebApplication.php(282): PesertaController->run()
#25 C:\xampp\htdocs\LatihanHtdocs\yii\framework\web\CWebApplication.php(141): CWebApplication->runController()
#26 C:\xampp\htdocs\LatihanHtdocs\yii\framework\base\CApplication.php(180): CWebApplication->processRequest()
#27 C:\xampp\htdocs\LatihanHtdocs\yiibrian\index.php(13): CWebApplication->run()
REQUEST_URI=/LatihanHtdocs/yiibrian/index.php?r=peserta/admin
in C:\xampp\htdocs\LatihanHtdocs\yiibrian\protected\views\peserta\admin.php (60)
in C:\xampp\htdocs\LatihanHtdocs\yiibrian\protected\controllers\PesertaController.php (143)
in C:\xampp\htdocs\LatihanHtdocs\yiibrian\index.php (13)
2014/01/24 15:01:22 [error] [php] Trying to get property of non-object (C:\xampp\htdocs\LatihanHtdocs\yii\framework\base\CComponent.php(612) : eval()'d code:1)
Stack trace:
#0 C:\xampp\htdocs\LatihanHtdocs\yii\framework\zii\widgets\grid\CGridColumn.php(151): CDataColumn->renderDataCellContent()
#1 C:\xampp\htdocs\LatihanHtdocs\yii\framework\zii\widgets\grid\CGridView.php(616): CDataColumn->renderDataCell()
#2 C:\xampp\htdocs\LatihanHtdocs\yii\framework\zii\widgets\grid\CGridView.php(572): CGridView->renderTableRow()
#3 C:\xampp\htdocs\LatihanHtdocs\yii\framework\zii\widgets\grid\CGridView.php(482): CGridView->renderTableBody()
#4 C:\xampp\htdocs\LatihanHtdocs\yii\framework\zii\widgets\CBaseListView.php(167): CGridView->renderItems()
#5 unknown(0): CGridView->renderSection()
#6 C:\xampp\htdocs\LatihanHtdocs\yii\framework\zii\widgets\CBaseListView.php(150): preg_replace_callback()
#7 C:\xampp\htdocs\LatihanHtdocs\yii\framework\zii\widgets\CBaseListView.php(135): CGridView->renderContent()
#8 C:\xampp\htdocs\LatihanHtdocs\yii\framework\web\CBaseController.php(173): CGridView->run()
#9 C:\xampp\htdocs\LatihanHtdocs\yiibrian\protected\views\peserta\admin.php(60): PesertaController->widget()
#10 C:\xampp\htdocs\LatihanHtdocs\yii\framework\web\CBaseController.php(126): require()
#11 C:\xampp\htdocs\LatihanHtdocs\yii\framework\web\CBaseController.php(95): PesertaController->renderInternal()
#12 C:\xampp\htdocs\LatihanHtdocs\yii\framework\web\CController.php(869): PesertaController->renderFile()
#13 C:\xampp\htdocs\LatihanHtdocs\yii\framework\web\CController.php(782): PesertaController->renderPartial()
#14 C:\xampp\htdocs\LatihanHtdocs\yiibrian\protected\controllers\PesertaController.php(143): PesertaController->render()
#15 C:\xampp\htdocs\LatihanHtdocs\yii\framework\web\actions\CInlineAction.php(49): PesertaController->actionAdmin()
#16 C:\xampp\htdocs\LatihanHtdocs\yii\framework\web\CController.php(308): CInlineAction->runWithParams()
#17 C:\xampp\htdocs\LatihanHtdocs\yii\framework\web\filters\CFilterChain.php(133): PesertaController->runAction()
#18 C:\xampp\htdocs\LatihanHtdocs\yii\framework\web\filters\CFilter.php(40): CFilterChain->run()
#19 C:\xampp\htdocs\LatihanHtdocs\yii\framework\web\CController.php(1145): CAccessControlFilter->filter()
#20 C:\xampp\htdocs\LatihanHtdocs\yii\framework\web\filters\CInlineFilter.php(58): PesertaController->filterAccessControl()
#21 C:\xampp\htdocs\LatihanHtdocs\yii\framework\web\filters\CFilterChain.php(130): CInlineFilter->filter()
#22 C:\xampp\htdocs\LatihanHtdocs\yii\framework\web\CController.php(291): CFilterChain->run()
#23 C:\xampp\htdocs\LatihanHtdocs\yii\framework\web\CController.php(265): PesertaController->runActionWithFilters()
#24 C:\xampp\htdocs\LatihanHtdocs\yii\framework\web\CWebApplication.php(282): PesertaController->run()
#25 C:\xampp\htdocs\LatihanHtdocs\yii\framework\web\CWebApplication.php(141): CWebApplication->runController()
#26 C:\xampp\htdocs\LatihanHtdocs\yii\framework\base\CApplication.php(180): CWebApplication->processRequest()
#27 C:\xampp\htdocs\LatihanHtdocs\yiibrian\index.php(13): CWebApplication->run()
REQUEST_URI=/LatihanHtdocs/yiibrian/index.php?r=peserta/admin
in C:\xampp\htdocs\LatihanHtdocs\yiibrian\protected\views\peserta\admin.php (60)
in C:\xampp\htdocs\LatihanHtdocs\yiibrian\protected\controllers\PesertaController.php (143)
in C:\xampp\htdocs\LatihanHtdocs\yiibrian\index.php (13)
2014/01/24 15:07:19 [error] [exception.CHttpException.404] exception 'CHttpException' with message 'Unable to resolve the request "kelas/admin".' in C:\xampp\htdocs\LatihanHtdocs\yii\framework\web\CWebApplication.php:286
Stack trace:
#0 C:\xampp\htdocs\LatihanHtdocs\yii\framework\web\CWebApplication.php(141): CWebApplication->runController('kelas/admin')
#1 C:\xampp\htdocs\LatihanHtdocs\yii\framework\base\CApplication.php(180): CWebApplication->processRequest()
#2 C:\xampp\htdocs\LatihanHtdocs\yiibrian\index.php(13): CApplication->run()
#3 {main}
REQUEST_URI=/LatihanHtdocs/yiibrian/index.php?r=kelas/admin
HTTP_REFERER=http://localhost/LatihanHtdocs/yiibrian/index.php
---
