2014/01/25 13:19:26 [error] [system.db.CDbCommand] CDbCommand::execute() failed: SQLSTATE[23000]: Integrity constraint violation: 1062 Duplicate entry 'Boneka' for key 'PRIMARY'. The SQL statement executed was: INSERT INTO `parsel` (`namabarang`, `harga`, `ukuran`, `lama_pesan`) VALUES (:yp0, :yp1, :yp2, :yp3).
in C:\xampp\htdocs\latihanyiidian\protected\controllers\ParselController.php (73)
in C:\xampp\htdocs\latihanyiidian\index.php (13)
2014/01/25 13:19:26 [error] [exception.CDbException] exception 'CDbException' with message 'CDbCommand failed to execute the SQL statement: SQLSTATE[23000]: Integrity constraint violation: 1062 Duplicate entry 'Boneka' for key 'PRIMARY'. The SQL statement executed was: INSERT INTO `parsel` (`namabarang`, `harga`, `ukuran`, `lama_pesan`) VALUES (:yp0, :yp1, :yp2, :yp3)' in C:\xampp\htdocs\yii\framework\db\CDbCommand.php:357
Stack trace:
#0 C:\xampp\htdocs\yii\framework\db\ar\CActiveRecord.php(1023): CDbCommand->execute()
#1 C:\xampp\htdocs\yii\framework\db\ar\CActiveRecord.php(795): CActiveRecord->insert(NULL)
#2 C:\xampp\htdocs\latihanyiidian\protected\controllers\ParselController.php(73): CActiveRecord->save()
#3 C:\xampp\htdocs\yii\framework\web\actions\CInlineAction.php(49): ParselController->actionCreate()
#4 C:\xampp\htdocs\yii\framework\web\CController.php(308): CInlineAction->runWithParams(Array)
#5 C:\xampp\htdocs\yii\framework\web\filters\CFilterChain.php(133): CController->runAction(Object(CInlineAction))
#6 C:\xampp\htdocs\yii\framework\web\filters\CFilter.php(40): CFilterChain->run()
#7 C:\xampp\htdocs\yii\framework\web\CController.php(1145): CFilter->filter(Object(CFilterChain))
#8 C:\xampp\htdocs\yii\framework\web\filters\CInlineFilter.php(58): CController->filterAccessControl(Object(CFilterChain))
#9 C:\xampp\htdocs\yii\framework\web\filters\CFilterChain.php(130): CInlineFilter->filter(Object(CFilterChain))
#10 C:\xampp\htdocs\yii\framework\web\CController.php(291): CFilterChain->run()
#11 C:\xampp\htdocs\yii\framework\web\CController.php(265): CController->runActionWithFilters(Object(CInlineAction), Array)
#12 C:\xampp\htdocs\yii\framework\web\CWebApplication.php(282): CController->run('create')
#13 C:\xampp\htdocs\yii\framework\web\CWebApplication.php(141): CWebApplication->runController('parsel/create')
#14 C:\xampp\htdocs\yii\framework\base\CApplication.php(169): CWebApplication->processRequest()
#15 C:\xampp\htdocs\latihanyiidian\index.php(13): CApplication->run()
#16 {main}
REQUEST_URI=/latihanyiidian/index.php?r=parsel/create
HTTP_REFERER=http://localhost/latihanyiidian/index.php?r=parsel/create
---
2014/01/25 13:19:26 [error] [system.db.CDbCommand] CDbCommand::execute() failed: SQLSTATE[23000]: Integrity constraint violation: 1062 Duplicate entry 'Boneka' for key 'PRIMARY'. The SQL statement executed was: INSERT INTO `parsel` (`namabarang`, `harga`, `ukuran`, `lama_pesan`) VALUES (:yp0, :yp1, :yp2, :yp3).
in C:\xampp\htdocs\latihanyiidian\protected\controllers\ParselController.php (73)
in C:\xampp\htdocs\latihanyiidian\index.php (13)
2014/01/25 13:19:26 [error] [exception.CDbException] exception 'CDbException' with message 'CDbCommand failed to execute the SQL statement: SQLSTATE[23000]: Integrity constraint violation: 1062 Duplicate entry 'Boneka' for key 'PRIMARY'. The SQL statement executed was: INSERT INTO `parsel` (`namabarang`, `harga`, `ukuran`, `lama_pesan`) VALUES (:yp0, :yp1, :yp2, :yp3)' in C:\xampp\htdocs\yii\framework\db\CDbCommand.php:357
Stack trace:
#0 C:\xampp\htdocs\yii\framework\db\ar\CActiveRecord.php(1023): CDbCommand->execute()
#1 C:\xampp\htdocs\yii\framework\db\ar\CActiveRecord.php(795): CActiveRecord->insert(NULL)
#2 C:\xampp\htdocs\latihanyiidian\protected\controllers\ParselController.php(73): CActiveRecord->save()
#3 C:\xampp\htdocs\yii\framework\web\actions\CInlineAction.php(49): ParselController->actionCreate()
#4 C:\xampp\htdocs\yii\framework\web\CController.php(308): CInlineAction->runWithParams(Array)
#5 C:\xampp\htdocs\yii\framework\web\filters\CFilterChain.php(133): CController->runAction(Object(CInlineAction))
#6 C:\xampp\htdocs\yii\framework\web\filters\CFilter.php(40): CFilterChain->run()
#7 C:\xampp\htdocs\yii\framework\web\CController.php(1145): CFilter->filter(Object(CFilterChain))
#8 C:\xampp\htdocs\yii\framework\web\filters\CInlineFilter.php(58): CController->filterAccessControl(Object(CFilterChain))
#9 C:\xampp\htdocs\yii\framework\web\filters\CFilterChain.php(130): CInlineFilter->filter(Object(CFilterChain))
#10 C:\xampp\htdocs\yii\framework\web\CController.php(291): CFilterChain->run()
#11 C:\xampp\htdocs\yii\framework\web\CController.php(265): CController->runActionWithFilters(Object(CInlineAction), Array)
#12 C:\xampp\htdocs\yii\framework\web\CWebApplication.php(282): CController->run('create')
#13 C:\xampp\htdocs\yii\framework\web\CWebApplication.php(141): CWebApplication->runController('parsel/create')
#14 C:\xampp\htdocs\yii\framework\base\CApplication.php(169): CWebApplication->processRequest()
#15 C:\xampp\htdocs\latihanyiidian\index.php(13): CApplication->run()
#16 {main}
REQUEST_URI=/latihanyiidian/index.php?r=parsel/create
HTTP_REFERER=http://localhost/latihanyiidian/index.php?r=parsel/create
---
2014/01/25 13:19:26 [error] [system.db.CDbCommand] CDbCommand::execute() failed: SQLSTATE[23000]: Integrity constraint violation: 1062 Duplicate entry 'Boneka' for key 'PRIMARY'. The SQL statement executed was: INSERT INTO `parsel` (`namabarang`, `harga`, `ukuran`, `lama_pesan`) VALUES (:yp0, :yp1, :yp2, :yp3).
in C:\xampp\htdocs\latihanyiidian\protected\controllers\ParselController.php (73)
in C:\xampp\htdocs\latihanyiidian\index.php (13)
2014/01/25 13:19:26 [error] [exception.CDbException] exception 'CDbException' with message 'CDbCommand failed to execute the SQL statement: SQLSTATE[23000]: Integrity constraint violation: 1062 Duplicate entry 'Boneka' for key 'PRIMARY'. The SQL statement executed was: INSERT INTO `parsel` (`namabarang`, `harga`, `ukuran`, `lama_pesan`) VALUES (:yp0, :yp1, :yp2, :yp3)' in C:\xampp\htdocs\yii\framework\db\CDbCommand.php:357
Stack trace:
#0 C:\xampp\htdocs\yii\framework\db\ar\CActiveRecord.php(1023): CDbCommand->execute()
#1 C:\xampp\htdocs\yii\framework\db\ar\CActiveRecord.php(795): CActiveRecord->insert(NULL)
#2 C:\xampp\htdocs\latihanyiidian\protected\controllers\ParselController.php(73): CActiveRecord->save()
#3 C:\xampp\htdocs\yii\framework\web\actions\CInlineAction.php(49): ParselController->actionCreate()
#4 C:\xampp\htdocs\yii\framework\web\CController.php(308): CInlineAction->runWithParams(Array)
#5 C:\xampp\htdocs\yii\framework\web\filters\CFilterChain.php(133): CController->runAction(Object(CInlineAction))
#6 C:\xampp\htdocs\yii\framework\web\filters\CFilter.php(40): CFilterChain->run()
#7 C:\xampp\htdocs\yii\framework\web\CController.php(1145): CFilter->filter(Object(CFilterChain))
#8 C:\xampp\htdocs\yii\framework\web\filters\CInlineFilter.php(58): CController->filterAccessControl(Object(CFilterChain))
#9 C:\xampp\htdocs\yii\framework\web\filters\CFilterChain.php(130): CInlineFilter->filter(Object(CFilterChain))
#10 C:\xampp\htdocs\yii\framework\web\CController.php(291): CFilterChain->run()
#11 C:\xampp\htdocs\yii\framework\web\CController.php(265): CController->runActionWithFilters(Object(CInlineAction), Array)
#12 C:\xampp\htdocs\yii\framework\web\CWebApplication.php(282): CController->run('create')
#13 C:\xampp\htdocs\yii\framework\web\CWebApplication.php(141): CWebApplication->runController('parsel/create')
#14 C:\xampp\htdocs\yii\framework\base\CApplication.php(169): CWebApplication->processRequest()
#15 C:\xampp\htdocs\latihanyiidian\index.php(13): CApplication->run()
#16 {main}
REQUEST_URI=/latihanyiidian/index.php?r=parsel/create
HTTP_REFERER=http://localhost/latihanyiidian/index.php?r=parsel/create
---
2014/01/25 13:19:36 [error] [system.db.CDbCommand] CDbCommand::execute() failed: SQLSTATE[23000]: Integrity constraint violation: 1062 Duplicate entry 'Boneka' for key 'PRIMARY'. The SQL statement executed was: INSERT INTO `parsel` (`namabarang`, `harga`, `ukuran`, `lama_pesan`) VALUES (:yp0, :yp1, :yp2, :yp3).
in C:\xampp\htdocs\latihanyiidian\protected\controllers\ParselController.php (73)
in C:\xampp\htdocs\latihanyiidian\index.php (13)
2014/01/25 13:19:36 [error] [exception.CDbException] exception 'CDbException' with message 'CDbCommand failed to execute the SQL statement: SQLSTATE[23000]: Integrity constraint violation: 1062 Duplicate entry 'Boneka' for key 'PRIMARY'. The SQL statement executed was: INSERT INTO `parsel` (`namabarang`, `harga`, `ukuran`, `lama_pesan`) VALUES (:yp0, :yp1, :yp2, :yp3)' in C:\xampp\htdocs\yii\framework\db\CDbCommand.php:357
Stack trace:
#0 C:\xampp\htdocs\yii\framework\db\ar\CActiveRecord.php(1023): CDbCommand->execute()
#1 C:\xampp\htdocs\yii\framework\db\ar\CActiveRecord.php(795): CActiveRecord->insert(NULL)
#2 C:\xampp\htdocs\latihanyiidian\protected\controllers\ParselController.php(73): CActiveRecord->save()
#3 C:\xampp\htdocs\yii\framework\web\actions\CInlineAction.php(49): ParselController->actionCreate()
#4 C:\xampp\htdocs\yii\framework\web\CController.php(308): CInlineAction->runWithParams(Array)
#5 C:\xampp\htdocs\yii\framework\web\filters\CFilterChain.php(133): CController->runAction(Object(CInlineAction))
#6 C:\xampp\htdocs\yii\framework\web\filters\CFilter.php(40): CFilterChain->run()
#7 C:\xampp\htdocs\yii\framework\web\CController.php(1145): CFilter->filter(Object(CFilterChain))
#8 C:\xampp\htdocs\yii\framework\web\filters\CInlineFilter.php(58): CController->filterAccessControl(Object(CFilterChain))
#9 C:\xampp\htdocs\yii\framework\web\filters\CFilterChain.php(130): CInlineFilter->filter(Object(CFilterChain))
#10 C:\xampp\htdocs\yii\framework\web\CController.php(291): CFilterChain->run()
#11 C:\xampp\htdocs\yii\framework\web\CController.php(265): CController->runActionWithFilters(Object(CInlineAction), Array)
#12 C:\xampp\htdocs\yii\framework\web\CWebApplication.php(282): CController->run('create')
#13 C:\xampp\htdocs\yii\framework\web\CWebApplication.php(141): CWebApplication->runController('parsel/create')
#14 C:\xampp\htdocs\yii\framework\base\CApplication.php(169): CWebApplication->processRequest()
#15 C:\xampp\htdocs\latihanyiidian\index.php(13): CApplication->run()
#16 {main}
REQUEST_URI=/latihanyiidian/index.php?r=parsel/create
HTTP_REFERER=http://localhost/latihanyiidian/index.php?r=parsel/create
---
2014/01/26 08:25:29 [error] [exception.CException] exception 'CException' with message 'Property "ContactForm.Dian" is not defined.' in C:\xampp\htdocs\yii\framework\base\CComponent.php:130
Stack trace:
#0 C:\xampp\htdocs\yii\framework\web\helpers\CHtml.php(2255): CComponent->__get('Dian')
#1 C:\xampp\htdocs\yii\framework\web\helpers\CHtml.php(1980): CHtml::resolveValue(Object(ContactForm), 'Dian')
#2 C:\xampp\htdocs\yii\framework\web\helpers\CHtml.php(1257): CHtml::activeInputField('text', Object(ContactForm), 'Dian', Array)
#3 C:\xampp\htdocs\yii\framework\web\widgets\CActiveForm.php(657): CHtml::activeTextField(Object(ContactForm), 'Dian', Array)
#4 C:\xampp\htdocs\latihanyiidian\protected\views\site\contact.php(42): CActiveForm->textField(Object(ContactForm), 'Dian')
#5 C:\xampp\htdocs\yii\framework\web\CBaseController.php(126): require('C:\xampp\htdocs...')
#6 C:\xampp\htdocs\yii\framework\web\CBaseController.php(95): CBaseController->renderInternal('C:\xampp\htdocs...', Array, true)
#7 C:\xampp\htdocs\yii\framework\web\CController.php(869): CBaseController->renderFile('C:\xampp\htdocs...', Array, true)
#8 C:\xampp\htdocs\yii\framework\web\CController.php(782): CController->renderPartial('contact', Array, true)
#9 C:\xampp\htdocs\latihanyiidian\protected\controllers\SiteController.php(72): CController->render('contact', Array)
#10 C:\xampp\htdocs\yii\framework\web\actions\CInlineAction.php(49): SiteController->actionContact()
#11 C:\xampp\htdocs\yii\framework\web\CController.php(308): CInlineAction->runWithParams(Array)
#12 C:\xampp\htdocs\yii\framework\web\CController.php(286): CController->runAction(Object(CInlineAction))
#13 C:\xampp\htdocs\yii\framework\web\CController.php(265): CController->runActionWithFilters(Object(CInlineAction), Array)
#14 C:\xampp\htdocs\yii\framework\web\CWebApplication.php(282): CController->run('contact')
#15 C:\xampp\htdocs\yii\framework\web\CWebApplication.php(141): CWebApplication->runController('site/contact')
#16 C:\xampp\htdocs\yii\framework\base\CApplication.php(169): CWebApplication->processRequest()
#17 C:\xampp\htdocs\latihanyiidian\index.php(13): CApplication->run()
#18 {main}
REQUEST_URI=/latihanyiidian/index.php?r=site/contact
---
2014/01/26 08:25:43 [error] [exception.CException] exception 'CException' with message 'Property "ContactForm.Dian" is not defined.' in C:\xampp\htdocs\yii\framework\base\CComponent.php:130
Stack trace:
#0 C:\xampp\htdocs\yii\framework\web\helpers\CHtml.php(2255): CComponent->__get('Dian')
#1 C:\xampp\htdocs\yii\framework\web\helpers\CHtml.php(1980): CHtml::resolveValue(Object(ContactForm), 'Dian')
#2 C:\xampp\htdocs\yii\framework\web\helpers\CHtml.php(1257): CHtml::activeInputField('text', Object(ContactForm), 'Dian', Array)
#3 C:\xampp\htdocs\yii\framework\web\widgets\CActiveForm.php(657): CHtml::activeTextField(Object(ContactForm), 'Dian', Array)
#4 C:\xampp\htdocs\latihanyiidian\protected\views\site\contact.php(42): CActiveForm->textField(Object(ContactForm), 'Dian')
#5 C:\xampp\htdocs\yii\framework\web\CBaseController.php(126): require('C:\xampp\htdocs...')
#6 C:\xampp\htdocs\yii\framework\web\CBaseController.php(95): CBaseController->renderInternal('C:\xampp\htdocs...', Array, true)
#7 C:\xampp\htdocs\yii\framework\web\CController.php(869): CBaseController->renderFile('C:\xampp\htdocs...', Array, true)
#8 C:\xampp\htdocs\yii\framework\web\CController.php(782): CController->renderPartial('contact', Array, true)
#9 C:\xampp\htdocs\latihanyiidian\protected\controllers\SiteController.php(72): CController->render('contact', Array)
#10 C:\xampp\htdocs\yii\framework\web\actions\CInlineAction.php(49): SiteController->actionContact()
#11 C:\xampp\htdocs\yii\framework\web\CController.php(308): CInlineAction->runWithParams(Array)
#12 C:\xampp\htdocs\yii\framework\web\CController.php(286): CController->runAction(Object(CInlineAction))
#13 C:\xampp\htdocs\yii\framework\web\CController.php(265): CController->runActionWithFilters(Object(CInlineAction), Array)
#14 C:\xampp\htdocs\yii\framework\web\CWebApplication.php(282): CController->run('contact')
#15 C:\xampp\htdocs\yii\framework\web\CWebApplication.php(141): CWebApplication->runController('site/contact')
#16 C:\xampp\htdocs\yii\framework\base\CApplication.php(169): CWebApplication->processRequest()
#17 C:\xampp\htdocs\latihanyiidian\index.php(13): CApplication->run()
#18 {main}
REQUEST_URI=/latihanyiidian/index.php?r=site/contact
---
2014/01/26 08:25:48 [error] [exception.CException] exception 'CException' with message 'Property "ContactForm.Dian" is not defined.' in C:\xampp\htdocs\yii\framework\base\CComponent.php:130
Stack trace:
#0 C:\xampp\htdocs\yii\framework\web\helpers\CHtml.php(2255): CComponent->__get('Dian')
#1 C:\xampp\htdocs\yii\framework\web\helpers\CHtml.php(1980): CHtml::resolveValue(Object(ContactForm), 'Dian')
#2 C:\xampp\htdocs\yii\framework\web\helpers\CHtml.php(1257): CHtml::activeInputField('text', Object(ContactForm), 'Dian', Array)
#3 C:\xampp\htdocs\yii\framework\web\widgets\CActiveForm.php(657): CHtml::activeTextField(Object(ContactForm), 'Dian', Array)
#4 C:\xampp\htdocs\latihanyiidian\protected\views\site\contact.php(42): CActiveForm->textField(Object(ContactForm), 'Dian')
#5 C:\xampp\htdocs\yii\framework\web\CBaseController.php(126): require('C:\xampp\htdocs...')
#6 C:\xampp\htdocs\yii\framework\web\CBaseController.php(95): CBaseController->renderInternal('C:\xampp\htdocs...', Array, true)
#7 C:\xampp\htdocs\yii\framework\web\CController.php(869): CBaseController->renderFile('C:\xampp\htdocs...', Array, true)
#8 C:\xampp\htdocs\yii\framework\web\CController.php(782): CController->renderPartial('contact', Array, true)
#9 C:\xampp\htdocs\latihanyiidian\protected\controllers\SiteController.php(72): CController->render('contact', Array)
#10 C:\xampp\htdocs\yii\framework\web\actions\CInlineAction.php(49): SiteController->actionContact()
#11 C:\xampp\htdocs\yii\framework\web\CController.php(308): CInlineAction->runWithParams(Array)
#12 C:\xampp\htdocs\yii\framework\web\CController.php(286): CController->runAction(Object(CInlineAction))
#13 C:\xampp\htdocs\yii\framework\web\CController.php(265): CController->runActionWithFilters(Object(CInlineAction), Array)
#14 C:\xampp\htdocs\yii\framework\web\CWebApplication.php(282): CController->run('contact')
#15 C:\xampp\htdocs\yii\framework\web\CWebApplication.php(141): CWebApplication->runController('site/contact')
#16 C:\xampp\htdocs\yii\framework\base\CApplication.php(169): CWebApplication->processRequest()
#17 C:\xampp\htdocs\latihanyiidian\index.php(13): CApplication->run()
#18 {main}
REQUEST_URI=/latihanyiidian/index.php?r=site/contact
---
2014/01/26 08:29:39 [error] [exception.CException] exception 'CException' with message 'Property "ContactForm.Dian" is not defined.' in C:\xampp\htdocs\yii\framework\base\CComponent.php:130
Stack trace:
#0 C:\xampp\htdocs\yii\framework\web\helpers\CHtml.php(2255): CComponent->__get('Dian')
#1 C:\xampp\htdocs\yii\framework\web\helpers\CHtml.php(1980): CHtml::resolveValue(Object(ContactForm), 'Dian')
#2 C:\xampp\htdocs\yii\framework\web\helpers\CHtml.php(1257): CHtml::activeInputField('text', Object(ContactForm), 'Dian', Array)
#3 C:\xampp\htdocs\yii\framework\web\widgets\CActiveForm.php(657): CHtml::activeTextField(Object(ContactForm), 'Dian', Array)
#4 C:\xampp\htdocs\latihanyiidian\protected\views\site\contact.php(42): CActiveForm->textField(Object(ContactForm), 'Dian')
#5 C:\xampp\htdocs\yii\framework\web\CBaseController.php(126): require('C:\xampp\htdocs...')
#6 C:\xampp\htdocs\yii\framework\web\CBaseController.php(95): CBaseController->renderInternal('C:\xampp\htdocs...', Array, true)
#7 C:\xampp\htdocs\yii\framework\web\CController.php(869): CBaseController->renderFile('C:\xampp\htdocs...', Array, true)
#8 C:\xampp\htdocs\yii\framework\web\CController.php(782): CController->renderPartial('contact', Array, true)
#9 C:\xampp\htdocs\latihanyiidian\protected\controllers\SiteController.php(72): CController->render('contact', Array)
#10 C:\xampp\htdocs\yii\framework\web\actions\CInlineAction.php(49): SiteController->actionContact()
#11 C:\xampp\htdocs\yii\framework\web\CController.php(308): CInlineAction->runWithParams(Array)
#12 C:\xampp\htdocs\yii\framework\web\CController.php(286): CController->runAction(Object(CInlineAction))
#13 C:\xampp\htdocs\yii\framework\web\CController.php(265): CController->runActionWithFilters(Object(CInlineAction), Array)
#14 C:\xampp\htdocs\yii\framework\web\CWebApplication.php(282): CController->run('contact')
#15 C:\xampp\htdocs\yii\framework\web\CWebApplication.php(141): CWebApplication->runController('site/contact')
#16 C:\xampp\htdocs\yii\framework\base\CApplication.php(169): CWebApplication->processRequest()
#17 C:\xampp\htdocs\latihanyiidian\index.php(13): CApplication->run()
#18 {main}
REQUEST_URI=/latihanyiidian/index.php?r=site/contact
HTTP_REFERER=http://localhost/latihanyiidian/index.php?r=parsel/admin
---
2014/01/26 08:36:45 [error] [exception.com_exception] exception 'com_exception' with message 'Could not create COM object - invalid arguments!' in C:\xampp\htdocs\yii\framework\validators\CValidator.php:187
Stack trace:
#0 C:\xampp\htdocs\yii\framework\validators\CValidator.php(187): com->com()
#1 C:\xampp\htdocs\yii\framework\base\CModel.php(286): CValidator::createValidator('Diansintaagusti...', Object(ContactForm), 'Diansintaagsuti...', Array)
#2 C:\xampp\htdocs\yii\framework\base\CModel.php(260): CModel->createValidators()
#3 C:\xampp\htdocs\yii\framework\base\CModel.php(303): CModel->getValidators('name')
#4 C:\xampp\htdocs\yii\framework\web\helpers\CHtml.php(1237): CModel->isAttributeRequired('name')
#5 C:\xampp\htdocs\yii\framework\web\widgets\CActiveForm.php(562): CHtml::activeLabelEx(Object(ContactForm), 'name', Array)
#6 C:\xampp\htdocs\latihanyiidian\protected\views\site\contact.php(41): CActiveForm->labelEx(Object(ContactForm), 'name')
#7 C:\xampp\htdocs\yii\framework\web\CBaseController.php(126): require('C:\xampp\htdocs...')
#8 C:\xampp\htdocs\yii\framework\web\CBaseController.php(95): CBaseController->renderInternal('C:\xampp\htdocs...', Array, true)
#9 C:\xampp\htdocs\yii\framework\web\CController.php(869): CBaseController->renderFile('C:\xampp\htdocs...', Array, true)
#10 C:\xampp\htdocs\yii\framework\web\CController.php(782): CController->renderPartial('contact', Array, true)
#11 C:\xampp\htdocs\latihanyiidian\protected\controllers\SiteController.php(72): CController->render('contact', Array)
#12 C:\xampp\htdocs\yii\framework\web\actions\CInlineAction.php(49): SiteController->actionContact()
#13 C:\xampp\htdocs\yii\framework\web\CController.php(308): CInlineAction->runWithParams(Array)
#14 C:\xampp\htdocs\yii\framework\web\CController.php(286): CController->runAction(Object(CInlineAction))
#15 C:\xampp\htdocs\yii\framework\web\CController.php(265): CController->runActionWithFilters(Object(CInlineAction), Array)
#16 C:\xampp\htdocs\yii\framework\web\CWebApplication.php(282): CController->run('contact')
#17 C:\xampp\htdocs\yii\framework\web\CWebApplication.php(141): CWebApplication->runController('site/contact')
#18 C:\xampp\htdocs\yii\framework\base\CApplication.php(169): CWebApplication->processRequest()
#19 C:\xampp\htdocs\latihanyiidian\index.php(13): CApplication->run()
#20 {main}
REQUEST_URI=/latihanyiidian/index.php?r=site/contact
---
2014/01/26 08:40:32 [error] [exception.com_exception] exception 'com_exception' with message 'Could not create COM object - invalid arguments!' in C:\xampp\htdocs\yii\framework\validators\CValidator.php:187
Stack trace:
#0 C:\xampp\htdocs\yii\framework\validators\CValidator.php(187): com->com()
#1 C:\xampp\htdocs\yii\framework\base\CModel.php(286): CValidator::createValidator('Diansintaagusti...', Object(ContactForm), 'email', Array)
#2 C:\xampp\htdocs\yii\framework\base\CModel.php(260): CModel->createValidators()
#3 C:\xampp\htdocs\yii\framework\base\CModel.php(303): CModel->getValidators('Dian')
#4 C:\xampp\htdocs\yii\framework\web\helpers\CHtml.php(1237): CModel->isAttributeRequired('Dian')
#5 C:\xampp\htdocs\yii\framework\web\widgets\CActiveForm.php(562): CHtml::activeLabelEx(Object(ContactForm), 'Dian', Array)
#6 C:\xampp\htdocs\latihanyiidian\protected\views\site\contact.php(41): CActiveForm->labelEx(Object(ContactForm), 'Dian')
#7 C:\xampp\htdocs\yii\framework\web\CBaseController.php(126): require('C:\xampp\htdocs...')
#8 C:\xampp\htdocs\yii\framework\web\CBaseController.php(95): CBaseController->renderInternal('C:\xampp\htdocs...', Array, true)
#9 C:\xampp\htdocs\yii\framework\web\CController.php(869): CBaseController->renderFile('C:\xampp\htdocs...', Array, true)
#10 C:\xampp\htdocs\yii\framework\web\CController.php(782): CController->renderPartial('contact', Array, true)
#11 C:\xampp\htdocs\latihanyiidian\protected\controllers\SiteController.php(72): CController->render('contact', Array)
#12 C:\xampp\htdocs\yii\framework\web\actions\CInlineAction.php(49): SiteController->actionContact()
#13 C:\xampp\htdocs\yii\framework\web\CController.php(308): CInlineAction->runWithParams(Array)
#14 C:\xampp\htdocs\yii\framework\web\CController.php(286): CController->runAction(Object(CInlineAction))
#15 C:\xampp\htdocs\yii\framework\web\CController.php(265): CController->runActionWithFilters(Object(CInlineAction), Array)
#16 C:\xampp\htdocs\yii\framework\web\CWebApplication.php(282): CController->run('contact')
#17 C:\xampp\htdocs\yii\framework\web\CWebApplication.php(141): CWebApplication->runController('site/contact')
#18 C:\xampp\htdocs\yii\framework\base\CApplication.php(169): CWebApplication->processRequest()
#19 C:\xampp\htdocs\latihanyiidian\index.php(13): CApplication->run()
#20 {main}
REQUEST_URI=/latihanyiidian/index.php?r=site/contact
HTTP_REFERER=http://localhost/latihanyiidian/index.php?r=site/index
---
2014/01/27 10:28:03 [error] [exception.CHttpException.404] exception 'CHttpException' with message 'Unable to resolve the request "admin/tentang saya".' in C:\xampp\htdocs\yii\framework\web\CWebApplication.php:286
Stack trace:
#0 C:\xampp\htdocs\yii\framework\web\CWebApplication.php(141): CWebApplication->runController('admin/tentang s...')
#1 C:\xampp\htdocs\yii\framework\base\CApplication.php(169): CWebApplication->processRequest()
#2 C:\xampp\htdocs\latihanyiidian\index.php(13): CApplication->run()
#3 {main}
REQUEST_URI=/latihanyiidian/index.php?r=admin/tentang%20saya
HTTP_REFERER=http://localhost/latihanyiidian/index.php?r=site/index
---
2014/01/27 10:36:51 [error] [exception.CHttpException.404] exception 'CHttpException' with message 'Unable to resolve the request "admin/tentang saya".' in C:\xampp\htdocs\yii\framework\web\CWebApplication.php:286
Stack trace:
#0 C:\xampp\htdocs\yii\framework\web\CWebApplication.php(141): CWebApplication->runController('admin/tentang s...')
#1 C:\xampp\htdocs\yii\framework\base\CApplication.php(169): CWebApplication->processRequest()
#2 C:\xampp\htdocs\latihanyiidian\index.php(13): CApplication->run()
#3 {main}
REQUEST_URI=/latihanyiidian/index.php?r=admin/tentang%20saya
HTTP_REFERER=http://localhost/latihanyiidian/index.php?r=site/index
---
2014/01/27 10:39:58 [error] [exception.CHttpException.404] exception 'CHttpException' with message 'Unable to resolve the request "admin/tentang saya".' in C:\xampp\htdocs\yii\framework\web\CWebApplication.php:286
Stack trace:
#0 C:\xampp\htdocs\yii\framework\web\CWebApplication.php(141): CWebApplication->runController('admin/tentang s...')
#1 C:\xampp\htdocs\yii\framework\base\CApplication.php(169): CWebApplication->processRequest()
#2 C:\xampp\htdocs\latihanyiidian\index.php(13): CApplication->run()
#3 {main}
REQUEST_URI=/latihanyiidian/index.php?r=admin/tentang%20saya
HTTP_REFERER=http://localhost/latihanyiidian/index.php?r=site/index
---
2014/01/27 10:44:38 [error] [exception.CHttpException.404] exception 'CHttpException' with message 'Unable to resolve the request "admin/tentang saya".' in C:\xampp\htdocs\yii\framework\web\CWebApplication.php:286
Stack trace:
#0 C:\xampp\htdocs\yii\framework\web\CWebApplication.php(141): CWebApplication->runController('admin/tentang s...')
#1 C:\xampp\htdocs\yii\framework\base\CApplication.php(169): CWebApplication->processRequest()
#2 C:\xampp\htdocs\latihanyiidian\index.php(13): CApplication->run()
#3 {main}
REQUEST_URI=/latihanyiidian/index.php?r=admin/tentang%20saya
---
2014/01/27 10:44:49 [error] [exception.CHttpException.404] exception 'CHttpException' with message 'Unable to resolve the request "admin/tentang saya".' in C:\xampp\htdocs\yii\framework\web\CWebApplication.php:286
Stack trace:
#0 C:\xampp\htdocs\yii\framework\web\CWebApplication.php(141): CWebApplication->runController('admin/tentang s...')
#1 C:\xampp\htdocs\yii\framework\base\CApplication.php(169): CWebApplication->processRequest()
#2 C:\xampp\htdocs\latihanyiidian\index.php(13): CApplication->run()
#3 {main}
REQUEST_URI=/latihanyiidian/index.php?r=admin/tentang%20saya
HTTP_REFERER=http://localhost/latihanyiidian/index.php?r=site/index
---
2014/01/27 10:45:12 [error] [exception.CHttpException.404] exception 'CHttpException' with message 'Unable to resolve the request "admin/tentang saya".' in C:\xampp\htdocs\yii\framework\web\CWebApplication.php:286
Stack trace:
#0 C:\xampp\htdocs\yii\framework\web\CWebApplication.php(141): CWebApplication->runController('admin/tentang s...')
#1 C:\xampp\htdocs\yii\framework\base\CApplication.php(169): CWebApplication->processRequest()
#2 C:\xampp\htdocs\latihanyiidian\index.php(13): CApplication->run()
#3 {main}
REQUEST_URI=/latihanyiidian/index.php?r=admin/tentang%20saya
---
2014/01/27 10:45:17 [error] [exception.CHttpException.404] exception 'CHttpException' with message 'Unable to resolve the request "admin/tentang saya".' in C:\xampp\htdocs\yii\framework\web\CWebApplication.php:286
Stack trace:
#0 C:\xampp\htdocs\yii\framework\web\CWebApplication.php(141): CWebApplication->runController('admin/tentang s...')
#1 C:\xampp\htdocs\yii\framework\base\CApplication.php(169): CWebApplication->processRequest()
#2 C:\xampp\htdocs\latihanyiidian\index.php(13): CApplication->run()
#3 {main}
REQUEST_URI=/latihanyiidian/index.php?r=admin/tentang%20saya
---
2014/01/27 10:46:08 [error] [exception.CHttpException.404] exception 'CHttpException' with message 'Unable to resolve the request "admin/gambar".' in C:\xampp\htdocs\yii\framework\web\CWebApplication.php:286
Stack trace:
#0 C:\xampp\htdocs\yii\framework\web\CWebApplication.php(141): CWebApplication->runController('admin/gambar')
#1 C:\xampp\htdocs\yii\framework\base\CApplication.php(169): CWebApplication->processRequest()
#2 C:\xampp\htdocs\latihanyiidian\index.php(13): CApplication->run()
#3 {main}
REQUEST_URI=/latihanyiidian/index.php?r=admin/gambar
HTTP_REFERER=http://localhost/latihanyiidian/index.php?r=parsel/admin
---
2014/01/27 10:53:46 [error] [exception.CHttpException.404] exception 'CHttpException' with message 'Unable to resolve the request "admin/gambar".' in C:\xampp\htdocs\yii\framework\web\CWebApplication.php:286
Stack trace:
#0 C:\xampp\htdocs\yii\framework\web\CWebApplication.php(141): CWebApplication->runController('admin/gambar')
#1 C:\xampp\htdocs\yii\framework\base\CApplication.php(169): CWebApplication->processRequest()
#2 C:\xampp\htdocs\latihanyiidian\index.php(13): CApplication->run()
#3 {main}
REQUEST_URI=/latihanyiidian/index.php?r=admin/gambar
HTTP_REFERER=http://localhost/latihanyiidian/index.php?r=site/index
---
2014/01/27 10:58:46 [error] [exception.CHttpException.404] exception 'CHttpException' with message 'Unable to resolve the request "admin/gambar".' in C:\xampp\htdocs\yii\framework\web\CWebApplication.php:286
Stack trace:
#0 C:\xampp\htdocs\yii\framework\web\CWebApplication.php(141): CWebApplication->runController('admin/gambar')
#1 C:\xampp\htdocs\yii\framework\base\CApplication.php(169): CWebApplication->processRequest()
#2 C:\xampp\htdocs\latihanyiidian\index.php(13): CApplication->run()
#3 {main}
REQUEST_URI=/latihanyiidian/index.php?r=admin/gambar
---
2014/01/27 10:58:54 [error] [exception.CHttpException.404] exception 'CHttpException' with message 'Unable to resolve the request "admin/biodata".' in C:\xampp\htdocs\yii\framework\web\CWebApplication.php:286
Stack trace:
#0 C:\xampp\htdocs\yii\framework\web\CWebApplication.php(141): CWebApplication->runController('admin/biodata')
#1 C:\xampp\htdocs\yii\framework\base\CApplication.php(169): CWebApplication->processRequest()
#2 C:\xampp\htdocs\latihanyiidian\index.php(13): CApplication->run()
#3 {main}
REQUEST_URI=/latihanyiidian/index.php?r=admin/biodata
HTTP_REFERER=http://localhost/latihanyiidian/index.php?r=parsel/admin
---
2014/01/27 10:59:16 [error] [exception.CHttpException.404] exception 'CHttpException' with message 'Unable to resolve the request "admin/biodata".' in C:\xampp\htdocs\yii\framework\web\CWebApplication.php:286
Stack trace:
#0 C:\xampp\htdocs\yii\framework\web\CWebApplication.php(141): CWebApplication->runController('admin/biodata')
#1 C:\xampp\htdocs\yii\framework\base\CApplication.php(169): CWebApplication->processRequest()
#2 C:\xampp\htdocs\latihanyiidian\index.php(13): CApplication->run()
#3 {main}
REQUEST_URI=/latihanyiidian/index.php?r=admin/biodata
---
2014/01/27 10:59:19 [error] [exception.CHttpException.404] exception 'CHttpException' with message 'Unable to resolve the request "admin/biodata".' in C:\xampp\htdocs\yii\framework\web\CWebApplication.php:286
Stack trace:
#0 C:\xampp\htdocs\yii\framework\web\CWebApplication.php(141): CWebApplication->runController('admin/biodata')
#1 C:\xampp\htdocs\yii\framework\base\CApplication.php(169): CWebApplication->processRequest()
#2 C:\xampp\htdocs\latihanyiidian\index.php(13): CApplication->run()
#3 {main}
REQUEST_URI=/latihanyiidian/index.php?r=admin/biodata
---
2014/01/27 10:59:28 [error] [exception.CHttpException.404] exception 'CHttpException' with message 'The system is unable to find the requested action "biodata".' in C:\xampp\htdocs\yii\framework\web\CController.php:483
Stack trace:
#0 C:\xampp\htdocs\yii\framework\web\CController.php(270): CController->missingAction('biodata')
#1 C:\xampp\htdocs\yii\framework\web\CWebApplication.php(282): CController->run('biodata')
#2 C:\xampp\htdocs\yii\framework\web\CWebApplication.php(141): CWebApplication->runController('site/biodata')
#3 C:\xampp\htdocs\yii\framework\base\CApplication.php(169): CWebApplication->processRequest()
#4 C:\xampp\htdocs\latihanyiidian\index.php(13): CApplication->run()
#5 {main}
REQUEST_URI=/latihanyiidian/index.php?r=site/biodata
HTTP_REFERER=http://localhost/latihanyiidian/index.php?r=site/index
---
2014/01/27 11:00:55 [error] [exception.CHttpException.404] exception 'CHttpException' with message 'The system is unable to find the requested action "biodata".' in C:\xampp\htdocs\yii\framework\web\CController.php:483
Stack trace:
#0 C:\xampp\htdocs\yii\framework\web\CController.php(270): CController->missingAction('biodata')
#1 C:\xampp\htdocs\yii\framework\web\CWebApplication.php(282): CController->run('biodata')
#2 C:\xampp\htdocs\yii\framework\web\CWebApplication.php(141): CWebApplication->runController('site/biodata')
#3 C:\xampp\htdocs\yii\framework\base\CApplication.php(169): CWebApplication->processRequest()
#4 C:\xampp\htdocs\latihanyiidian\index.php(13): CApplication->run()
#5 {main}
REQUEST_URI=/latihanyiidian/index.php?r=site/biodata
---
2014/01/27 11:01:36 [error] [exception.CHttpException.404] exception 'CHttpException' with message 'Unable to resolve the request "pages/biodata".' in C:\xampp\htdocs\yii\framework\web\CWebApplication.php:286
Stack trace:
#0 C:\xampp\htdocs\yii\framework\web\CWebApplication.php(141): CWebApplication->runController('pages/biodata')
#1 C:\xampp\htdocs\yii\framework\base\CApplication.php(169): CWebApplication->processRequest()
#2 C:\xampp\htdocs\latihanyiidian\index.php(13): CApplication->run()
#3 {main}
REQUEST_URI=/latihanyiidian/index.php?r=pages/biodata
HTTP_REFERER=http://localhost/latihanyiidian/index.php
---
2014/01/27 11:02:46 [error] [exception.CHttpException.404] exception 'CHttpException' with message 'Unable to resolve the request "pages/biodata".' in C:\xampp\htdocs\yii\framework\web\CWebApplication.php:286
Stack trace:
#0 C:\xampp\htdocs\yii\framework\web\CWebApplication.php(141): CWebApplication->runController('pages/biodata')
#1 C:\xampp\htdocs\yii\framework\base\CApplication.php(169): CWebApplication->processRequest()
#2 C:\xampp\htdocs\latihanyiidian\index.php(13): CApplication->run()
#3 {main}
REQUEST_URI=/latihanyiidian/index.php?r=pages/biodata
HTTP_REFERER=http://localhost/latihanyiidian/index.php?r=pages/biodata
---
2014/01/27 11:02:48 [error] [exception.CHttpException.404] exception 'CHttpException' with message 'Unable to resolve the request "pages/biodata".' in C:\xampp\htdocs\yii\framework\web\CWebApplication.php:286
Stack trace:
#0 C:\xampp\htdocs\yii\framework\web\CWebApplication.php(141): CWebApplication->runController('pages/biodata')
#1 C:\xampp\htdocs\yii\framework\base\CApplication.php(169): CWebApplication->processRequest()
#2 C:\xampp\htdocs\latihanyiidian\index.php(13): CApplication->run()
#3 {main}
REQUEST_URI=/latihanyiidian/index.php?r=pages/biodata
HTTP_REFERER=http://localhost/latihanyiidian/index.php?r=pages/biodata
---
2014/01/27 11:02:49 [error] [exception.CHttpException.404] exception 'CHttpException' with message 'Unable to resolve the request "pages/biodata".' in C:\xampp\htdocs\yii\framework\web\CWebApplication.php:286
Stack trace:
#0 C:\xampp\htdocs\yii\framework\web\CWebApplication.php(141): CWebApplication->runController('pages/biodata')
#1 C:\xampp\htdocs\yii\framework\base\CApplication.php(169): CWebApplication->processRequest()
#2 C:\xampp\htdocs\latihanyiidian\index.php(13): CApplication->run()
#3 {main}
REQUEST_URI=/latihanyiidian/index.php?r=pages/biodata
HTTP_REFERER=http://localhost/latihanyiidian/index.php?r=pages/biodata
---
2014/01/27 11:05:51 [error] [exception.CHttpException.404] exception 'CHttpException' with message 'Unable to resolve the request "pages/biodata".' in C:\xampp\htdocs\yii\framework\web\CWebApplication.php:286
Stack trace:
#0 C:\xampp\htdocs\yii\framework\web\CWebApplication.php(141): CWebApplication->runController('pages/biodata')
#1 C:\xampp\htdocs\yii\framework\base\CApplication.php(169): CWebApplication->processRequest()
#2 C:\xampp\htdocs\latihanyiidian\index.php(13): CApplication->run()
#3 {main}
REQUEST_URI=/latihanyiidian/index.php?r=pages/biodata
HTTP_REFERER=http://localhost/latihanyiidian/index.php?r=pages/biodata
---
2014/01/27 11:06:07 [error] [exception.CHttpException.404] exception 'CHttpException' with message 'Unable to resolve the request "pages/about".' in C:\xampp\htdocs\yii\framework\web\CWebApplication.php:286
Stack trace:
#0 C:\xampp\htdocs\yii\framework\web\CWebApplication.php(141): CWebApplication->runController('pages/about')
#1 C:\xampp\htdocs\yii\framework\base\CApplication.php(169): CWebApplication->processRequest()
#2 C:\xampp\htdocs\latihanyiidian\index.php(13): CApplication->run()
#3 {main}
REQUEST_URI=/latihanyiidian/index.php?r=pages/about
HTTP_REFERER=http://localhost/latihanyiidian/index.php
---
2014/01/27 11:11:00 [error] [exception.CHttpException.404] exception 'CHttpException' with message 'The system is unable to find the requested action "pages".' in C:\xampp\htdocs\yii\framework\web\CController.php:483
Stack trace:
#0 C:\xampp\htdocs\yii\framework\web\CController.php(270): CController->missingAction('pages')
#1 C:\xampp\htdocs\yii\framework\web\CWebApplication.php(282): CController->run('pages')
#2 C:\xampp\htdocs\yii\framework\web\CWebApplication.php(141): CWebApplication->runController('site/pages/abou...')
#3 C:\xampp\htdocs\yii\framework\base\CApplication.php(169): CWebApplication->processRequest()
#4 C:\xampp\htdocs\latihanyiidian\index.php(13): CApplication->run()
#5 {main}
REQUEST_URI=/latihanyiidian/index.php?r=site/pages/about
HTTP_REFERER=http://localhost/latihanyiidian/
---
2014/01/27 11:11:02 [error] [exception.CHttpException.404] exception 'CHttpException' with message 'The system is unable to find the requested action "pages".' in C:\xampp\htdocs\yii\framework\web\CController.php:483
Stack trace:
#0 C:\xampp\htdocs\yii\framework\web\CController.php(270): CController->missingAction('pages')
#1 C:\xampp\htdocs\yii\framework\web\CWebApplication.php(282): CController->run('pages')
#2 C:\xampp\htdocs\yii\framework\web\CWebApplication.php(141): CWebApplication->runController('site/pages/abou...')
#3 C:\xampp\htdocs\yii\framework\base\CApplication.php(169): CWebApplication->processRequest()
#4 C:\xampp\htdocs\latihanyiidian\index.php(13): CApplication->run()
#5 {main}
REQUEST_URI=/latihanyiidian/index.php?r=site/pages/about
HTTP_REFERER=http://localhost/latihanyiidian/index.php?r=site/pages/about
---
2014/01/27 11:11:03 [error] [exception.CHttpException.404] exception 'CHttpException' with message 'The system is unable to find the requested action "pages".' in C:\xampp\htdocs\yii\framework\web\CController.php:483
Stack trace:
#0 C:\xampp\htdocs\yii\framework\web\CController.php(270): CController->missingAction('pages')
#1 C:\xampp\htdocs\yii\framework\web\CWebApplication.php(282): CController->run('pages')
#2 C:\xampp\htdocs\yii\framework\web\CWebApplication.php(141): CWebApplication->runController('site/pages/abou...')
#3 C:\xampp\htdocs\yii\framework\base\CApplication.php(169): CWebApplication->processRequest()
#4 C:\xampp\htdocs\latihanyiidian\index.php(13): CApplication->run()
#5 {main}
REQUEST_URI=/latihanyiidian/index.php?r=site/pages/about
HTTP_REFERER=http://localhost/latihanyiidian/index.php?r=site/pages/about
---
2014/01/27 11:11:03 [error] [exception.CHttpException.404] exception 'CHttpException' with message 'The system is unable to find the requested action "pages".' in C:\xampp\htdocs\yii\framework\web\CController.php:483
Stack trace:
#0 C:\xampp\htdocs\yii\framework\web\CController.php(270): CController->missingAction('pages')
#1 C:\xampp\htdocs\yii\framework\web\CWebApplication.php(282): CController->run('pages')
#2 C:\xampp\htdocs\yii\framework\web\CWebApplication.php(141): CWebApplication->runController('site/pages/abou...')
#3 C:\xampp\htdocs\yii\framework\base\CApplication.php(169): CWebApplication->processRequest()
#4 C:\xampp\htdocs\latihanyiidian\index.php(13): CApplication->run()
#5 {main}
REQUEST_URI=/latihanyiidian/index.php?r=site/pages/about
HTTP_REFERER=http://localhost/latihanyiidian/index.php?r=site/pages/about
---
2014/01/27 11:13:05 [error] [exception.CHttpException.404] exception 'CHttpException' with message 'The system is unable to find the requested action "biodata".' in C:\xampp\htdocs\yii\framework\web\CController.php:483
Stack trace:
#0 C:\xampp\htdocs\yii\framework\web\CController.php(270): CController->missingAction('biodata')
#1 C:\xampp\htdocs\yii\framework\web\CWebApplication.php(282): CController->run('biodata')
#2 C:\xampp\htdocs\yii\framework\web\CWebApplication.php(141): CWebApplication->runController('site/biodata')
#3 C:\xampp\htdocs\yii\framework\base\CApplication.php(169): CWebApplication->processRequest()
#4 C:\xampp\htdocs\latihanyiidian\index.php(13): CApplication->run()
#5 {main}
REQUEST_URI=/latihanyiidian/index.php?r=site/biodata
HTTP_REFERER=http://localhost/latihanyiidian/
---
2014/01/27 11:14:54 [error] [exception.CHttpException.404] exception 'CHttpException' with message 'The system is unable to find the requested action "biodata".' in C:\xampp\htdocs\yii\framework\web\CController.php:483
Stack trace:
#0 C:\xampp\htdocs\yii\framework\web\CController.php(270): CController->missingAction('biodata')
#1 C:\xampp\htdocs\yii\framework\web\CWebApplication.php(282): CController->run('biodata')
#2 C:\xampp\htdocs\yii\framework\web\CWebApplication.php(141): CWebApplication->runController('site/biodata')
#3 C:\xampp\htdocs\yii\framework\base\CApplication.php(169): CWebApplication->processRequest()
#4 C:\xampp\htdocs\latihanyiidian\index.php(13): CApplication->run()
#5 {main}
REQUEST_URI=/latihanyiidian/index.php?r=site/biodata
---
2014/01/27 12:31:28 [error] [exception.CHttpException.404] exception 'CHttpException' with message 'The system is unable to find the requested action "gambar".' in C:\xampp\htdocs\yii\framework\web\CController.php:483
Stack trace:
#0 C:\xampp\htdocs\yii\framework\web\CController.php(270): CController->missingAction('gambar')
#1 C:\xampp\htdocs\yii\framework\web\CWebApplication.php(282): CController->run('gambar')
#2 C:\xampp\htdocs\yii\framework\web\CWebApplication.php(141): CWebApplication->runController('site/gambar')
#3 C:\xampp\htdocs\yii\framework\base\CApplication.php(169): CWebApplication->processRequest()
#4 C:\xampp\htdocs\latihanyiidian\index.php(13): CApplication->run()
#5 {main}
REQUEST_URI=/latihanyiidian/index.php?r=site/gambar
HTTP_REFERER=http://localhost/latihanyiidian/index.php?r=site/contact
---
2014/01/27 12:32:22 [error] [exception.CHttpException.404] exception 'CHttpException' with message 'The system is unable to find the requested action "gambar".' in C:\xampp\htdocs\yii\framework\web\CController.php:483
Stack trace:
#0 C:\xampp\htdocs\yii\framework\web\CController.php(270): CController->missingAction('gambar')
#1 C:\xampp\htdocs\yii\framework\web\CWebApplication.php(282): CController->run('gambar')
#2 C:\xampp\htdocs\yii\framework\web\CWebApplication.php(141): CWebApplication->runController('site/gambar')
#3 C:\xampp\htdocs\yii\framework\base\CApplication.php(169): CWebApplication->processRequest()
#4 C:\xampp\htdocs\latihanyiidian\index.php(13): CApplication->run()
#5 {main}
REQUEST_URI=/latihanyiidian/index.php?r=site/gambar
HTTP_REFERER=http://localhost/latihanyiidian/index.php?r=site/gambar
---
2014/01/27 12:36:06 [error] [exception.CHttpException.404] exception 'CHttpException' with message 'The system is unable to find the requested action "gambar".' in C:\xampp\htdocs\yii\framework\web\CController.php:483
Stack trace:
#0 C:\xampp\htdocs\yii\framework\web\CController.php(270): CController->missingAction('gambar')
#1 C:\xampp\htdocs\yii\framework\web\CWebApplication.php(282): CController->run('gambar')
#2 C:\xampp\htdocs\yii\framework\web\CWebApplication.php(141): CWebApplication->runController('site/gambar')
#3 C:\xampp\htdocs\yii\framework\base\CApplication.php(169): CWebApplication->processRequest()
#4 C:\xampp\htdocs\latihanyiidian\index.php(13): CApplication->run()
#5 {main}
REQUEST_URI=/latihanyiidian/index.php?r=site/gambar
---
