2013/12/19 03:32:02 [error] [exception.CHttpException.404] exception 'CHttpException' with message 'The system is unable to find the requested action "riki".' in C:\xampp\htdocs\MyBlog\framework\web\CController.php:483
Stack trace:
#0 C:\xampp\htdocs\MyBlog\framework\web\CController.php(270): CController->missingAction('riki')
#1 C:\xampp\htdocs\MyBlog\framework\web\CWebApplication.php(282): CController->run('riki')
#2 C:\xampp\htdocs\MyBlog\framework\web\CWebApplication.php(141): CWebApplication->runController('nama/riki')
#3 C:\xampp\htdocs\MyBlog\framework\base\CApplication.php(169): CWebApplication->processRequest()
#4 C:\xampp\htdocs\rickyanas\index.php(13): CApplication->run()
#5 {main}
REQUEST_URI=/rickyanas/index.php?r=nama/riki
---
2013/12/19 03:35:14 [error] [exception.CHttpException.404] exception 'CHttpException' with message 'The system is unable to find the requested action "riki".' in C:\xampp\htdocs\MyBlog\framework\web\CController.php:483
Stack trace:
#0 C:\xampp\htdocs\MyBlog\framework\web\CController.php(270): CController->missingAction('riki')
#1 C:\xampp\htdocs\MyBlog\framework\web\CWebApplication.php(282): CController->run('riki')
#2 C:\xampp\htdocs\MyBlog\framework\web\CWebApplication.php(141): CWebApplication->runController('nama/riki')
#3 C:\xampp\htdocs\MyBlog\framework\base\CApplication.php(169): CWebApplication->processRequest()
#4 C:\xampp\htdocs\rickyanas\index.php(13): CApplication->run()
#5 {main}
REQUEST_URI=/rickyanas/index.php?r=nama/riki
---
2013/12/19 03:51:59 [error] [exception.CHttpException.404] exception 'CHttpException' with message 'The system is unable to find the requested action "index".' in C:\xampp\htdocs\MyBlog\framework\web\CController.php:483
Stack trace:
#0 C:\xampp\htdocs\MyBlog\framework\web\CController.php(270): CController->missingAction('')
#1 C:\xampp\htdocs\MyBlog\framework\web\CWebApplication.php(282): CController->run('')
#2 C:\xampp\htdocs\MyBlog\framework\web\CWebApplication.php(141): CWebApplication->runController('nama')
#3 C:\xampp\htdocs\MyBlog\framework\base\CApplication.php(169): CWebApplication->processRequest()
#4 C:\xampp\htdocs\rickyanas\index.php(13): CApplication->run()
#5 {main}
REQUEST_URI=/rickyanas/index.php?r=nama
---
2013/12/19 03:52:27 [error] [exception.CHttpException.404] exception 'CHttpException' with message 'Unable to resolve the request "ricky/nama".' in C:\xampp\htdocs\MyBlog\framework\web\CWebApplication.php:286
Stack trace:
#0 C:\xampp\htdocs\MyBlog\framework\web\CWebApplication.php(141): CWebApplication->runController('ricky/nama')
#1 C:\xampp\htdocs\MyBlog\framework\base\CApplication.php(169): CWebApplication->processRequest()
#2 C:\xampp\htdocs\rickyanas\index.php(13): CApplication->run()
#3 {main}
REQUEST_URI=/rickyanas/index.php?r=ricky/nama
---
2013/12/19 03:52:39 [error] [exception.CHttpException.404] exception 'CHttpException' with message 'Unable to resolve the request "ricky/nama.php".' in C:\xampp\htdocs\MyBlog\framework\web\CWebApplication.php:286
Stack trace:
#0 C:\xampp\htdocs\MyBlog\framework\web\CWebApplication.php(141): CWebApplication->runController('ricky/nama.php')
#1 C:\xampp\htdocs\MyBlog\framework\base\CApplication.php(169): CWebApplication->processRequest()
#2 C:\xampp\htdocs\rickyanas\index.php(13): CApplication->run()
#3 {main}
REQUEST_URI=/rickyanas/index.php?r=ricky/nama.php
---
2013/12/19 04:02:55 [error] [exception.CHttpException.404] exception 'CHttpException' with message 'Unable to resolve the request "ricky/nama.php".' in C:\xampp\htdocs\MyBlog\framework\web\CWebApplication.php:286
Stack trace:
#0 C:\xampp\htdocs\MyBlog\framework\web\CWebApplication.php(141): CWebApplication->runController('ricky/nama.php')
#1 C:\xampp\htdocs\MyBlog\framework\base\CApplication.php(169): CWebApplication->processRequest()
#2 C:\xampp\htdocs\rickyanas\index.php(13): CApplication->run()
#3 {main}
REQUEST_URI=/rickyanas/index.php?r=ricky/nama.php
---
2013/12/19 04:06:11 [error] [exception.CHttpException.404] exception 'CHttpException' with message 'Unable to resolve the request "ricky/nama.php".' in C:\xampp\htdocs\MyBlog\framework\web\CWebApplication.php:286
Stack trace:
#0 C:\xampp\htdocs\MyBlog\framework\web\CWebApplication.php(141): CWebApplication->runController('ricky/nama.php')
#1 C:\xampp\htdocs\MyBlog\framework\base\CApplication.php(169): CWebApplication->processRequest()
#2 C:\xampp\htdocs\rickyanas\index.php(13): CApplication->run()
#3 {main}
REQUEST_URI=/rickyanas/index.php?r=ricky/nama.php
---
2013/12/19 04:06:14 [error] [exception.CHttpException.404] exception 'CHttpException' with message 'Unable to resolve the request "ricky/nama.php".' in C:\xampp\htdocs\MyBlog\framework\web\CWebApplication.php:286
Stack trace:
#0 C:\xampp\htdocs\MyBlog\framework\web\CWebApplication.php(141): CWebApplication->runController('ricky/nama.php')
#1 C:\xampp\htdocs\MyBlog\framework\base\CApplication.php(169): CWebApplication->processRequest()
#2 C:\xampp\htdocs\rickyanas\index.php(13): CApplication->run()
#3 {main}
REQUEST_URI=/rickyanas/index.php?r=ricky/nama.php
---
2014/01/05 04:14:24 [error] [system.db.CDbCommand] CDbCommand::execute() failed: SQLSTATE[23000]: Integrity constraint violation: 1451 Cannot delete or update a parent row: a foreign key constraint fails (`elektronik`.`membeli`, CONSTRAINT `membeli_ibfk_2` FOREIGN KEY (`idpembeli`) REFERENCES `daftarpembeli` (`idpembeli`)). The SQL statement executed was: DELETE FROM `daftarpembeli` WHERE `daftarpembeli`.`idpembeli`=113.
in C:\xampp\htdocs\rickyanas\protected\controllers\NamaController.php (19)
in C:\xampp\htdocs\rickyanas\index.php (13)
2014/01/05 04:14:24 [error] [exception.CDbException] exception 'CDbException' with message 'CDbCommand failed to execute the SQL statement: SQLSTATE[23000]: Integrity constraint violation: 1451 Cannot delete or update a parent row: a foreign key constraint fails (`elektronik`.`membeli`, CONSTRAINT `membeli_ibfk_2` FOREIGN KEY (`idpembeli`) REFERENCES `daftarpembeli` (`idpembeli`)). The SQL statement executed was: DELETE FROM `daftarpembeli` WHERE `daftarpembeli`.`idpembeli`=113' in C:\xampp\htdocs\MyBlog\framework\db\CDbCommand.php:357
Stack trace:
#0 C:\xampp\htdocs\MyBlog\framework\db\ar\CActiveRecord.php(1745): CDbCommand->execute()
#1 C:\xampp\htdocs\rickyanas\protected\controllers\NamaController.php(19): CActiveRecord->deleteByPk('113')
#2 [internal function]: NamaController->actionDelete('113')
#3 C:\xampp\htdocs\MyBlog\framework\web\actions\CAction.php(108): ReflectionMethod->invokeArgs(Object(NamaController), Array)
#4 C:\xampp\htdocs\MyBlog\framework\web\actions\CInlineAction.php(47): CAction->runWithParamsInternal(Object(NamaController), Object(ReflectionMethod), Array)
#5 C:\xampp\htdocs\MyBlog\framework\web\CController.php(308): CInlineAction->runWithParams(Array)
#6 C:\xampp\htdocs\MyBlog\framework\web\CController.php(286): CController->runAction(Object(CInlineAction))
#7 C:\xampp\htdocs\MyBlog\framework\web\CController.php(265): CController->runActionWithFilters(Object(CInlineAction), Array)
#8 C:\xampp\htdocs\MyBlog\framework\web\CWebApplication.php(282): CController->run('delete')
#9 C:\xampp\htdocs\MyBlog\framework\web\CWebApplication.php(141): CWebApplication->runController('nama/delete')
#10 C:\xampp\htdocs\MyBlog\framework\base\CApplication.php(169): CWebApplication->processRequest()
#11 C:\xampp\htdocs\rickyanas\index.php(13): CApplication->run()
#12 {main}
REQUEST_URI=/rickyanas/index.php?r=nama/delete&idpembeli=113
HTTP_REFERER=http://localhost/rickyanas/index.php?r=nama
---
2014/01/05 04:15:04 [error] [system.db.CDbCommand] CDbCommand::execute() failed: SQLSTATE[23000]: Integrity constraint violation: 1451 Cannot delete or update a parent row: a foreign key constraint fails (`elektronik`.`membeli`, CONSTRAINT `membeli_ibfk_2` FOREIGN KEY (`idpembeli`) REFERENCES `daftarpembeli` (`idpembeli`)). The SQL statement executed was: DELETE FROM `daftarpembeli` WHERE `daftarpembeli`.`idpembeli`=115.
in C:\xampp\htdocs\rickyanas\protected\controllers\NamaController.php (19)
in C:\xampp\htdocs\rickyanas\index.php (13)
2014/01/05 04:15:04 [error] [exception.CDbException] exception 'CDbException' with message 'CDbCommand failed to execute the SQL statement: SQLSTATE[23000]: Integrity constraint violation: 1451 Cannot delete or update a parent row: a foreign key constraint fails (`elektronik`.`membeli`, CONSTRAINT `membeli_ibfk_2` FOREIGN KEY (`idpembeli`) REFERENCES `daftarpembeli` (`idpembeli`)). The SQL statement executed was: DELETE FROM `daftarpembeli` WHERE `daftarpembeli`.`idpembeli`=115' in C:\xampp\htdocs\MyBlog\framework\db\CDbCommand.php:357
Stack trace:
#0 C:\xampp\htdocs\MyBlog\framework\db\ar\CActiveRecord.php(1745): CDbCommand->execute()
#1 C:\xampp\htdocs\rickyanas\protected\controllers\NamaController.php(19): CActiveRecord->deleteByPk('115')
#2 [internal function]: NamaController->actionDelete('115')
#3 C:\xampp\htdocs\MyBlog\framework\web\actions\CAction.php(108): ReflectionMethod->invokeArgs(Object(NamaController), Array)
#4 C:\xampp\htdocs\MyBlog\framework\web\actions\CInlineAction.php(47): CAction->runWithParamsInternal(Object(NamaController), Object(ReflectionMethod), Array)
#5 C:\xampp\htdocs\MyBlog\framework\web\CController.php(308): CInlineAction->runWithParams(Array)
#6 C:\xampp\htdocs\MyBlog\framework\web\CController.php(286): CController->runAction(Object(CInlineAction))
#7 C:\xampp\htdocs\MyBlog\framework\web\CController.php(265): CController->runActionWithFilters(Object(CInlineAction), Array)
#8 C:\xampp\htdocs\MyBlog\framework\web\CWebApplication.php(282): CController->run('delete')
#9 C:\xampp\htdocs\MyBlog\framework\web\CWebApplication.php(141): CWebApplication->runController('nama/delete')
#10 C:\xampp\htdocs\MyBlog\framework\base\CApplication.php(169): CWebApplication->processRequest()
#11 C:\xampp\htdocs\rickyanas\index.php(13): CApplication->run()
#12 {main}
REQUEST_URI=/rickyanas/index.php?r=nama/delete&idpembeli=115
HTTP_REFERER=http://localhost/rickyanas/index.php?r=nama
---
2014/01/05 04:19:08 [error] [system.db.CDbCommand] CDbCommand::execute() failed: SQLSTATE[23000]: Integrity constraint violation: 1451 Cannot delete or update a parent row: a foreign key constraint fails (`elektronik`.`membeli`, CONSTRAINT `membeli_ibfk_2` FOREIGN KEY (`idpembeli`) REFERENCES `daftarpembeli` (`idpembeli`)). The SQL statement executed was: DELETE FROM `daftarpembeli` WHERE `daftarpembeli`.`idpembeli`=112.
in C:\xampp\htdocs\rickyanas\protected\controllers\NamaController.php (19)
in C:\xampp\htdocs\rickyanas\index.php (13)
2014/01/05 04:19:08 [error] [exception.CDbException] exception 'CDbException' with message 'CDbCommand failed to execute the SQL statement: SQLSTATE[23000]: Integrity constraint violation: 1451 Cannot delete or update a parent row: a foreign key constraint fails (`elektronik`.`membeli`, CONSTRAINT `membeli_ibfk_2` FOREIGN KEY (`idpembeli`) REFERENCES `daftarpembeli` (`idpembeli`)). The SQL statement executed was: DELETE FROM `daftarpembeli` WHERE `daftarpembeli`.`idpembeli`=112' in C:\xampp\htdocs\MyBlog\framework\db\CDbCommand.php:357
Stack trace:
#0 C:\xampp\htdocs\MyBlog\framework\db\ar\CActiveRecord.php(1745): CDbCommand->execute()
#1 C:\xampp\htdocs\rickyanas\protected\controllers\NamaController.php(19): CActiveRecord->deleteByPk('112')
#2 [internal function]: NamaController->actionDelete('112')
#3 C:\xampp\htdocs\MyBlog\framework\web\actions\CAction.php(108): ReflectionMethod->invokeArgs(Object(NamaController), Array)
#4 C:\xampp\htdocs\MyBlog\framework\web\actions\CInlineAction.php(47): CAction->runWithParamsInternal(Object(NamaController), Object(ReflectionMethod), Array)
#5 C:\xampp\htdocs\MyBlog\framework\web\CController.php(308): CInlineAction->runWithParams(Array)
#6 C:\xampp\htdocs\MyBlog\framework\web\CController.php(286): CController->runAction(Object(CInlineAction))
#7 C:\xampp\htdocs\MyBlog\framework\web\CController.php(265): CController->runActionWithFilters(Object(CInlineAction), Array)
#8 C:\xampp\htdocs\MyBlog\framework\web\CWebApplication.php(282): CController->run('delete')
#9 C:\xampp\htdocs\MyBlog\framework\web\CWebApplication.php(141): CWebApplication->runController('nama/delete')
#10 C:\xampp\htdocs\MyBlog\framework\base\CApplication.php(169): CWebApplication->processRequest()
#11 C:\xampp\htdocs\rickyanas\index.php(13): CApplication->run()
#12 {main}
REQUEST_URI=/rickyanas/index.php?r=nama/delete&idpembeli=112
HTTP_REFERER=http://localhost/rickyanas/index.php?r=nama
---
2014/01/05 04:25:11 [error] [system.db.CDbCommand] CDbCommand::execute() failed: SQLSTATE[23000]: Integrity constraint violation: 1451 Cannot delete or update a parent row: a foreign key constraint fails (`elektronik`.`membeli`, CONSTRAINT `membeli_ibfk_2` FOREIGN KEY (`idpembeli`) REFERENCES `daftarpembeli` (`idpembeli`)). The SQL statement executed was: DELETE FROM `daftarpembeli` WHERE `daftarpembeli`.`idpembeli`=111.
in C:\xampp\htdocs\rickyanas\protected\controllers\NamaController.php (19)
in C:\xampp\htdocs\rickyanas\index.php (13)
2014/01/05 04:25:11 [error] [exception.CDbException] exception 'CDbException' with message 'CDbCommand failed to execute the SQL statement: SQLSTATE[23000]: Integrity constraint violation: 1451 Cannot delete or update a parent row: a foreign key constraint fails (`elektronik`.`membeli`, CONSTRAINT `membeli_ibfk_2` FOREIGN KEY (`idpembeli`) REFERENCES `daftarpembeli` (`idpembeli`)). The SQL statement executed was: DELETE FROM `daftarpembeli` WHERE `daftarpembeli`.`idpembeli`=111' in C:\xampp\htdocs\MyBlog\framework\db\CDbCommand.php:357
Stack trace:
#0 C:\xampp\htdocs\MyBlog\framework\db\ar\CActiveRecord.php(1745): CDbCommand->execute()
#1 C:\xampp\htdocs\rickyanas\protected\controllers\NamaController.php(19): CActiveRecord->deleteByPk('111')
#2 [internal function]: NamaController->actionDelete('111')
#3 C:\xampp\htdocs\MyBlog\framework\web\actions\CAction.php(108): ReflectionMethod->invokeArgs(Object(NamaController), Array)
#4 C:\xampp\htdocs\MyBlog\framework\web\actions\CInlineAction.php(47): CAction->runWithParamsInternal(Object(NamaController), Object(ReflectionMethod), Array)
#5 C:\xampp\htdocs\MyBlog\framework\web\CController.php(308): CInlineAction->runWithParams(Array)
#6 C:\xampp\htdocs\MyBlog\framework\web\CController.php(286): CController->runAction(Object(CInlineAction))
#7 C:\xampp\htdocs\MyBlog\framework\web\CController.php(265): CController->runActionWithFilters(Object(CInlineAction), Array)
#8 C:\xampp\htdocs\MyBlog\framework\web\CWebApplication.php(282): CController->run('delete')
#9 C:\xampp\htdocs\MyBlog\framework\web\CWebApplication.php(141): CWebApplication->runController('nama/delete')
#10 C:\xampp\htdocs\MyBlog\framework\base\CApplication.php(169): CWebApplication->processRequest()
#11 C:\xampp\htdocs\rickyanas\index.php(13): CApplication->run()
#12 {main}
REQUEST_URI=/rickyanas/index.php?r=nama/delete&idpembeli=111
HTTP_REFERER=http://localhost/rickyanas/index.php?r=nama
---
2014/01/05 04:26:32 [error] [system.db.CDbCommand] CDbCommand::execute() failed: SQLSTATE[23000]: Integrity constraint violation: 1451 Cannot delete or update a parent row: a foreign key constraint fails (`elektronik`.`membeli`, CONSTRAINT `membeli_ibfk_2` FOREIGN KEY (`idpembeli`) REFERENCES `daftarpembeli` (`idpembeli`)). The SQL statement executed was: DELETE FROM `daftarpembeli` WHERE `daftarpembeli`.`idpembeli`=111.
in C:\xampp\htdocs\rickyanas\protected\controllers\NamaController.php (19)
in C:\xampp\htdocs\rickyanas\index.php (13)
2014/01/05 04:26:32 [error] [exception.CDbException] exception 'CDbException' with message 'CDbCommand failed to execute the SQL statement: SQLSTATE[23000]: Integrity constraint violation: 1451 Cannot delete or update a parent row: a foreign key constraint fails (`elektronik`.`membeli`, CONSTRAINT `membeli_ibfk_2` FOREIGN KEY (`idpembeli`) REFERENCES `daftarpembeli` (`idpembeli`)). The SQL statement executed was: DELETE FROM `daftarpembeli` WHERE `daftarpembeli`.`idpembeli`=111' in C:\xampp\htdocs\MyBlog\framework\db\CDbCommand.php:357
Stack trace:
#0 C:\xampp\htdocs\MyBlog\framework\db\ar\CActiveRecord.php(1745): CDbCommand->execute()
#1 C:\xampp\htdocs\rickyanas\protected\controllers\NamaController.php(19): CActiveRecord->deleteByPk('111')
#2 [internal function]: NamaController->actionDelete('111')
#3 C:\xampp\htdocs\MyBlog\framework\web\actions\CAction.php(108): ReflectionMethod->invokeArgs(Object(NamaController), Array)
#4 C:\xampp\htdocs\MyBlog\framework\web\actions\CInlineAction.php(47): CAction->runWithParamsInternal(Object(NamaController), Object(ReflectionMethod), Array)
#5 C:\xampp\htdocs\MyBlog\framework\web\CController.php(308): CInlineAction->runWithParams(Array)
#6 C:\xampp\htdocs\MyBlog\framework\web\CController.php(286): CController->runAction(Object(CInlineAction))
#7 C:\xampp\htdocs\MyBlog\framework\web\CController.php(265): CController->runActionWithFilters(Object(CInlineAction), Array)
#8 C:\xampp\htdocs\MyBlog\framework\web\CWebApplication.php(282): CController->run('delete')
#9 C:\xampp\htdocs\MyBlog\framework\web\CWebApplication.php(141): CWebApplication->runController('nama/delete')
#10 C:\xampp\htdocs\MyBlog\framework\base\CApplication.php(169): CWebApplication->processRequest()
#11 C:\xampp\htdocs\rickyanas\index.php(13): CApplication->run()
#12 {main}
REQUEST_URI=/rickyanas/index.php?r=nama/delete&idpembeli=111
HTTP_REFERER=http://localhost/rickyanas/index.php?r=nama
---
2014/01/05 04:27:39 [error] [php] include(daftarpembeli.php): failed to open stream: No such file or directory (C:\xampp\htdocs\MyBlog\framework\YiiBase.php:421)
Stack trace:
#0 C:\xampp\htdocs\rickyanas\protected\controllers\NamaController.php(29): spl_autoload_call()
#1 unknown(0): NamaController->actionUpdate()
#2 C:\xampp\htdocs\MyBlog\framework\web\actions\CAction.php(108): ReflectionMethod->invokeArgs()
#3 C:\xampp\htdocs\MyBlog\framework\web\actions\CInlineAction.php(47): CInlineAction->runWithParamsInternal()
#4 C:\xampp\htdocs\MyBlog\framework\web\CController.php(308): CInlineAction->runWithParams()
#5 C:\xampp\htdocs\MyBlog\framework\web\CController.php(286): NamaController->runAction()
#6 C:\xampp\htdocs\MyBlog\framework\web\CController.php(265): NamaController->runActionWithFilters()
#7 C:\xampp\htdocs\MyBlog\framework\web\CWebApplication.php(282): NamaController->run()
#8 C:\xampp\htdocs\MyBlog\framework\web\CWebApplication.php(141): CWebApplication->runController()
#9 C:\xampp\htdocs\MyBlog\framework\base\CApplication.php(169): CWebApplication->processRequest()
#10 C:\xampp\htdocs\rickyanas\index.php(13): CWebApplication->run()
REQUEST_URI=/rickyanas/index.php?r=nama/update&idpembeli=115
in C:\xampp\htdocs\rickyanas\protected\controllers\NamaController.php (29)
in C:\xampp\htdocs\rickyanas\index.php (13)
2014/01/05 04:28:29 [error] [system.db.CDbCommand] CDbCommand::execute() failed: SQLSTATE[23000]: Integrity constraint violation: 1451 Cannot delete or update a parent row: a foreign key constraint fails (`elektronik`.`membeli`, CONSTRAINT `membeli_ibfk_2` FOREIGN KEY (`idpembeli`) REFERENCES `daftarpembeli` (`idpembeli`)). The SQL statement executed was: DELETE FROM `daftarpembeli` WHERE `daftarpembeli`.`idpembeli`=115.
in C:\xampp\htdocs\rickyanas\protected\controllers\NamaController.php (19)
in C:\xampp\htdocs\rickyanas\index.php (13)
2014/01/05 04:28:29 [error] [exception.CDbException] exception 'CDbException' with message 'CDbCommand failed to execute the SQL statement: SQLSTATE[23000]: Integrity constraint violation: 1451 Cannot delete or update a parent row: a foreign key constraint fails (`elektronik`.`membeli`, CONSTRAINT `membeli_ibfk_2` FOREIGN KEY (`idpembeli`) REFERENCES `daftarpembeli` (`idpembeli`)). The SQL statement executed was: DELETE FROM `daftarpembeli` WHERE `daftarpembeli`.`idpembeli`=115' in C:\xampp\htdocs\MyBlog\framework\db\CDbCommand.php:357
Stack trace:
#0 C:\xampp\htdocs\MyBlog\framework\db\ar\CActiveRecord.php(1745): CDbCommand->execute()
#1 C:\xampp\htdocs\rickyanas\protected\controllers\NamaController.php(19): CActiveRecord->deleteByPk('115')
#2 [internal function]: NamaController->actionDelete('115')
#3 C:\xampp\htdocs\MyBlog\framework\web\actions\CAction.php(108): ReflectionMethod->invokeArgs(Object(NamaController), Array)
#4 C:\xampp\htdocs\MyBlog\framework\web\actions\CInlineAction.php(47): CAction->runWithParamsInternal(Object(NamaController), Object(ReflectionMethod), Array)
#5 C:\xampp\htdocs\MyBlog\framework\web\CController.php(308): CInlineAction->runWithParams(Array)
#6 C:\xampp\htdocs\MyBlog\framework\web\CController.php(286): CController->runAction(Object(CInlineAction))
#7 C:\xampp\htdocs\MyBlog\framework\web\CController.php(265): CController->runActionWithFilters(Object(CInlineAction), Array)
#8 C:\xampp\htdocs\MyBlog\framework\web\CWebApplication.php(282): CController->run('delete')
#9 C:\xampp\htdocs\MyBlog\framework\web\CWebApplication.php(141): CWebApplication->runController('nama/delete')
#10 C:\xampp\htdocs\MyBlog\framework\base\CApplication.php(169): CWebApplication->processRequest()
#11 C:\xampp\htdocs\rickyanas\index.php(13): CApplication->run()
#12 {main}
REQUEST_URI=/rickyanas/index.php?r=nama/delete&idpembeli=115
HTTP_REFERER=http://localhost/rickyanas/index.php?r=nama/index
---
2014/01/05 04:33:27 [error] [system.db.CDbCommand] CDbCommand::execute() failed: SQLSTATE[23000]: Integrity constraint violation: 1451 Cannot delete or update a parent row: a foreign key constraint fails (`elektronik`.`membeli`, CONSTRAINT `membeli_ibfk_2` FOREIGN KEY (`idpembeli`) REFERENCES `daftarpembeli` (`idpembeli`)). The SQL statement executed was: DELETE FROM `daftarpembeli` WHERE `daftarpembeli`.`idpembeli`=115.
in C:\xampp\htdocs\rickyanas\protected\controllers\NamaController.php (19)
in C:\xampp\htdocs\rickyanas\index.php (13)
2014/01/05 04:33:27 [error] [exception.CDbException] exception 'CDbException' with message 'CDbCommand failed to execute the SQL statement: SQLSTATE[23000]: Integrity constraint violation: 1451 Cannot delete or update a parent row: a foreign key constraint fails (`elektronik`.`membeli`, CONSTRAINT `membeli_ibfk_2` FOREIGN KEY (`idpembeli`) REFERENCES `daftarpembeli` (`idpembeli`)). The SQL statement executed was: DELETE FROM `daftarpembeli` WHERE `daftarpembeli`.`idpembeli`=115' in C:\xampp\htdocs\MyBlog\framework\db\CDbCommand.php:357
Stack trace:
#0 C:\xampp\htdocs\MyBlog\framework\db\ar\CActiveRecord.php(1745): CDbCommand->execute()
#1 C:\xampp\htdocs\rickyanas\protected\controllers\NamaController.php(19): CActiveRecord->deleteByPk('115')
#2 [internal function]: NamaController->actionDelete('115')
#3 C:\xampp\htdocs\MyBlog\framework\web\actions\CAction.php(108): ReflectionMethod->invokeArgs(Object(NamaController), Array)
#4 C:\xampp\htdocs\MyBlog\framework\web\actions\CInlineAction.php(47): CAction->runWithParamsInternal(Object(NamaController), Object(ReflectionMethod), Array)
#5 C:\xampp\htdocs\MyBlog\framework\web\CController.php(308): CInlineAction->runWithParams(Array)
#6 C:\xampp\htdocs\MyBlog\framework\web\CController.php(286): CController->runAction(Object(CInlineAction))
#7 C:\xampp\htdocs\MyBlog\framework\web\CController.php(265): CController->runActionWithFilters(Object(CInlineAction), Array)
#8 C:\xampp\htdocs\MyBlog\framework\web\CWebApplication.php(282): CController->run('delete')
#9 C:\xampp\htdocs\MyBlog\framework\web\CWebApplication.php(141): CWebApplication->runController('nama/delete')
#10 C:\xampp\htdocs\MyBlog\framework\base\CApplication.php(169): CWebApplication->processRequest()
#11 C:\xampp\htdocs\rickyanas\index.php(13): CApplication->run()
#12 {main}
REQUEST_URI=/rickyanas/index.php?r=nama/delete&idpembeli=115
HTTP_REFERER=http://localhost/rickyanas/index.php?r=nama/index
---
2014/01/05 04:43:35 [error] [exception.CHttpException.404] exception 'CHttpException' with message 'Unable to resolve the request "gii".' in C:\xampp\htdocs\MyBlog\framework\web\CWebApplication.php:286
Stack trace:
#0 C:\xampp\htdocs\MyBlog\framework\web\CWebApplication.php(141): CWebApplication->runController('gii')
#1 C:\xampp\htdocs\MyBlog\framework\base\CApplication.php(169): CWebApplication->processRequest()
#2 C:\xampp\htdocs\rickyanas\index.php(13): CApplication->run()
#3 {main}
REQUEST_URI=/rickyanas/index.php?r=gii
---
2014/01/05 06:01:45 [error] [exception.CException] exception 'CException' with message 'Property "Nama.idbarang" is not defined.' in C:\xampp\htdocs\MyBlog\framework\base\CComponent.php:130
Stack trace:
#0 C:\xampp\htdocs\MyBlog\framework\db\ar\CActiveRecord.php(143): CComponent->__get('idbarang')
#1 C:\xampp\htdocs\rickyanas\protected\views\barang\index.php(21): CActiveRecord->__get('idbarang')
#2 C:\xampp\htdocs\MyBlog\framework\web\CBaseController.php(126): require('C:\xampp\htdocs...')
#3 C:\xampp\htdocs\MyBlog\framework\web\CBaseController.php(95): CBaseController->renderInternal('C:\xampp\htdocs...', Array, true)
#4 C:\xampp\htdocs\MyBlog\framework\web\CController.php(869): CBaseController->renderFile('C:\xampp\htdocs...', Array, true)
#5 C:\xampp\htdocs\MyBlog\framework\web\CController.php(782): CController->renderPartial('index', Array, true)
#6 C:\xampp\htdocs\rickyanas\protected\controllers\BarangController.php(13): CController->render('index', Array)
#7 C:\xampp\htdocs\MyBlog\framework\web\actions\CInlineAction.php(49): BarangController->actionIndex()
#8 C:\xampp\htdocs\MyBlog\framework\web\CController.php(308): CInlineAction->runWithParams(Array)
#9 C:\xampp\htdocs\MyBlog\framework\web\CController.php(286): CController->runAction(Object(CInlineAction))
#10 C:\xampp\htdocs\MyBlog\framework\web\CController.php(265): CController->runActionWithFilters(Object(CInlineAction), Array)
#11 C:\xampp\htdocs\MyBlog\framework\web\CWebApplication.php(282): CController->run('')
#12 C:\xampp\htdocs\MyBlog\framework\web\CWebApplication.php(141): CWebApplication->runController('barang')
#13 C:\xampp\htdocs\MyBlog\framework\base\CApplication.php(169): CWebApplication->processRequest()
#14 C:\xampp\htdocs\rickyanas\index.php(13): CApplication->run()
#15 {main}
REQUEST_URI=/rickyanas/index.php?r=barang
---
2014/01/05 06:02:16 [error] [exception.CHttpException.404] exception 'CHttpException' with message 'The system is unable to find the requested action "index.php".' in C:\xampp\htdocs\MyBlog\framework\web\CController.php:483
Stack trace:
#0 C:\xampp\htdocs\MyBlog\framework\web\CController.php(270): CController->missingAction('index.php')
#1 C:\xampp\htdocs\MyBlog\framework\web\CWebApplication.php(282): CController->run('index.php')
#2 C:\xampp\htdocs\MyBlog\framework\web\CWebApplication.php(141): CWebApplication->runController('barang/index.ph...')
#3 C:\xampp\htdocs\MyBlog\framework\base\CApplication.php(169): CWebApplication->processRequest()
#4 C:\xampp\htdocs\rickyanas\index.php(13): CApplication->run()
#5 {main}
REQUEST_URI=/rickyanas/index.php?r=barang/index.php
---
2014/01/05 06:05:11 [error] [exception.CHttpException.404] exception 'CHttpException' with message 'The system is unable to find the requested action "index".' in C:\xampp\htdocs\MyBlog\framework\web\CController.php:483
Stack trace:
#0 C:\xampp\htdocs\MyBlog\framework\web\CController.php(270): CController->missingAction('')
#1 C:\xampp\htdocs\MyBlog\framework\web\CWebApplication.php(282): CController->run('')
#2 C:\xampp\htdocs\MyBlog\framework\web\CWebApplication.php(141): CWebApplication->runController('laptop')
#3 C:\xampp\htdocs\MyBlog\framework\base\CApplication.php(169): CWebApplication->processRequest()
#4 C:\xampp\htdocs\rickyanas\index.php(13): CApplication->run()
#5 {main}
REQUEST_URI=/rickyanas/index.php?r=laptop
---
2014/01/05 06:05:24 [error] [exception.CHttpException.404] exception 'CHttpException' with message 'The system is unable to find the requested action "index".' in C:\xampp\htdocs\MyBlog\framework\web\CController.php:483
Stack trace:
#0 C:\xampp\htdocs\MyBlog\framework\web\CController.php(270): CController->missingAction('')
#1 C:\xampp\htdocs\MyBlog\framework\web\CWebApplication.php(282): CController->run('')
#2 C:\xampp\htdocs\MyBlog\framework\web\CWebApplication.php(141): CWebApplication->runController('laptop')
#3 C:\xampp\htdocs\MyBlog\framework\base\CApplication.php(169): CWebApplication->processRequest()
#4 C:\xampp\htdocs\rickyanas\index.php(13): CApplication->run()
#5 {main}
REQUEST_URI=/rickyanas/index.php?r=laptop
---
2014/01/05 06:05:40 [error] [exception.CHttpException.404] exception 'CHttpException' with message 'The system is unable to find the requested action "index".' in C:\xampp\htdocs\MyBlog\framework\web\CController.php:483
Stack trace:
#0 C:\xampp\htdocs\MyBlog\framework\web\CController.php(270): CController->missingAction('index')
#1 C:\xampp\htdocs\MyBlog\framework\web\CWebApplication.php(282): CController->run('index')
#2 C:\xampp\htdocs\MyBlog\framework\web\CWebApplication.php(141): CWebApplication->runController('laptop/index')
#3 C:\xampp\htdocs\MyBlog\framework\base\CApplication.php(169): CWebApplication->processRequest()
#4 C:\xampp\htdocs\rickyanas\index.php(13): CApplication->run()
#5 {main}
REQUEST_URI=/rickyanas/index.php?r=laptop/index
---
2014/01/05 06:08:17 [error] [exception.CHttpException.404] exception 'CHttpException' with message 'The system is unable to find the requested action "index".' in C:\xampp\htdocs\MyBlog\framework\web\CController.php:483
Stack trace:
#0 C:\xampp\htdocs\MyBlog\framework\web\CController.php(270): CController->missingAction('index')
#1 C:\xampp\htdocs\MyBlog\framework\web\CWebApplication.php(282): CController->run('index')
#2 C:\xampp\htdocs\MyBlog\framework\web\CWebApplication.php(141): CWebApplication->runController('laptop/index')
#3 C:\xampp\htdocs\MyBlog\framework\base\CApplication.php(169): CWebApplication->processRequest()
#4 C:\xampp\htdocs\rickyanas\index.php(13): CApplication->run()
#5 {main}
REQUEST_URI=/rickyanas/index.php?r=laptop/index
---
2014/01/05 06:08:21 [error] [exception.CHttpException.404] exception 'CHttpException' with message 'The system is unable to find the requested action "index".' in C:\xampp\htdocs\MyBlog\framework\web\CController.php:483
Stack trace:
#0 C:\xampp\htdocs\MyBlog\framework\web\CController.php(270): CController->missingAction('index')
#1 C:\xampp\htdocs\MyBlog\framework\web\CWebApplication.php(282): CController->run('index')
#2 C:\xampp\htdocs\MyBlog\framework\web\CWebApplication.php(141): CWebApplication->runController('laptop/index')
#3 C:\xampp\htdocs\MyBlog\framework\base\CApplication.php(169): CWebApplication->processRequest()
#4 C:\xampp\htdocs\rickyanas\index.php(13): CApplication->run()
#5 {main}
REQUEST_URI=/rickyanas/index.php?r=laptop/index
---
2014/01/05 06:20:24 [error] [exception.CHttpException.404] exception 'CHttpException' with message 'The system is unable to find the requested action "index".' in C:\xampp\htdocs\MyBlog\framework\web\CController.php:483
Stack trace:
#0 C:\xampp\htdocs\MyBlog\framework\web\CController.php(270): CController->missingAction('')
#1 C:\xampp\htdocs\MyBlog\framework\web\CWebApplication.php(282): CController->run('')
#2 C:\xampp\htdocs\MyBlog\framework\web\CWebApplication.php(141): CWebApplication->runController('barang')
#3 C:\xampp\htdocs\MyBlog\framework\base\CApplication.php(169): CWebApplication->processRequest()
#4 C:\xampp\htdocs\rickyanas\index.php(13): CApplication->run()
#5 {main}
REQUEST_URI=/rickyanas/index.php?r=barang
---
2014/01/06 05:04:16 [error] [exception.CException] exception 'CException' with message 'Property "Nama.merklaptop" is not defined.' in C:\xampp\htdocs\MyBlog\framework\base\CComponent.php:130
Stack trace:
#0 C:\xampp\htdocs\MyBlog\framework\db\ar\CActiveRecord.php(143): CComponent->__get('merklaptop')
#1 C:\xampp\htdocs\rickyanas\protected\views\nama\index.php(28): CActiveRecord->__get('merklaptop')
#2 C:\xampp\htdocs\MyBlog\framework\web\CBaseController.php(126): require('C:\xampp\htdocs...')
#3 C:\xampp\htdocs\MyBlog\framework\web\CBaseController.php(95): CBaseController->renderInternal('C:\xampp\htdocs...', Array, true)
#4 C:\xampp\htdocs\MyBlog\framework\web\CController.php(869): CBaseController->renderFile('C:\xampp\htdocs...', Array, true)
#5 C:\xampp\htdocs\MyBlog\framework\web\CController.php(782): CController->renderPartial('index', Array, true)
#6 C:\xampp\htdocs\rickyanas\protected\controllers\NamaController.php(13): CController->render('index', Array)
#7 C:\xampp\htdocs\MyBlog\framework\web\actions\CInlineAction.php(49): NamaController->actionIndex()
#8 C:\xampp\htdocs\MyBlog\framework\web\CController.php(308): CInlineAction->runWithParams(Array)
#9 C:\xampp\htdocs\MyBlog\framework\web\CController.php(286): CController->runAction(Object(CInlineAction))
#10 C:\xampp\htdocs\MyBlog\framework\web\CController.php(265): CController->runActionWithFilters(Object(CInlineAction), Array)
#11 C:\xampp\htdocs\MyBlog\framework\web\CWebApplication.php(282): CController->run('index')
#12 C:\xampp\htdocs\MyBlog\framework\web\CWebApplication.php(141): CWebApplication->runController('nama/index')
#13 C:\xampp\htdocs\MyBlog\framework\base\CApplication.php(169): CWebApplication->processRequest()
#14 C:\xampp\htdocs\rickyanas\index.php(13): CApplication->run()
#15 {main}
REQUEST_URI=/rickyanas/index.php?r=nama/index
---
2014/01/06 05:09:10 [error] [php] Undefined index: merklaptop (C:\xampp\htdocs\rickyanas\protected\controllers\ElektronikController.php:15)
Stack trace:
#0 C:\xampp\htdocs\MyBlog\framework\web\CController.php(286): ElektronikController->runAction()
#1 C:\xampp\htdocs\MyBlog\framework\web\CController.php(265): ElektronikController->runActionWithFilters()
#2 C:\xampp\htdocs\MyBlog\framework\web\CWebApplication.php(282): ElektronikController->run()
#3 C:\xampp\htdocs\MyBlog\framework\web\CWebApplication.php(141): CWebApplication->runController()
#4 C:\xampp\htdocs\MyBlog\framework\base\CApplication.php(169): CWebApplication->processRequest()
#5 C:\xampp\htdocs\rickyanas\index.php(13): CWebApplication->run()
REQUEST_URI=/rickyanas/index.php?r=Elektronik/create
in C:\xampp\htdocs\rickyanas\protected\controllers\ElektronikController.php (15)
in C:\xampp\htdocs\rickyanas\index.php (13)
2014/01/06 05:11:01 [error] [exception.CException] exception 'CException' with message 'Property "Elektronik.merklaptop" is not defined.' in C:\xampp\htdocs\MyBlog\framework\base\CComponent.php:173
Stack trace:
#0 C:\xampp\htdocs\MyBlog\framework\db\ar\CActiveRecord.php(159): CComponent->__set('merklaptop', 'Laptop Rusak')
#1 C:\xampp\htdocs\rickyanas\protected\controllers\ElektronikController.php(15): CActiveRecord->__set('merklaptop', 'Laptop Rusak')
#2 C:\xampp\htdocs\MyBlog\framework\web\actions\CInlineAction.php(49): ElektronikController->actionCreate()
#3 C:\xampp\htdocs\MyBlog\framework\web\CController.php(308): CInlineAction->runWithParams(Array)
#4 C:\xampp\htdocs\MyBlog\framework\web\CController.php(286): CController->runAction(Object(CInlineAction))
#5 C:\xampp\htdocs\MyBlog\framework\web\CController.php(265): CController->runActionWithFilters(Object(CInlineAction), Array)
#6 C:\xampp\htdocs\MyBlog\framework\web\CWebApplication.php(282): CController->run('create')
#7 C:\xampp\htdocs\MyBlog\framework\web\CWebApplication.php(141): CWebApplication->runController('Elektronik/crea...')
#8 C:\xampp\htdocs\MyBlog\framework\base\CApplication.php(169): CWebApplication->processRequest()
#9 C:\xampp\htdocs\rickyanas\index.php(13): CApplication->run()
#10 {main}
REQUEST_URI=/rickyanas/index.php?r=Elektronik/create
HTTP_REFERER=http://localhost/rickyanas/index.php?r=elektronik/create
---
2014/01/06 05:17:03 [error] [exception.CException] exception 'CException' with message 'Property "Elektronik.merklaptop" is not defined.' in C:\xampp\htdocs\MyBlog\framework\base\CComponent.php:173
Stack trace:
#0 C:\xampp\htdocs\MyBlog\framework\db\ar\CActiveRecord.php(159): CComponent->__set('merklaptop', 'KLJL')
#1 C:\xampp\htdocs\rickyanas\protected\controllers\ElektronikController.php(15): CActiveRecord->__set('merklaptop', 'KLJL')
#2 C:\xampp\htdocs\MyBlog\framework\web\actions\CInlineAction.php(49): ElektronikController->actionCreate()
#3 C:\xampp\htdocs\MyBlog\framework\web\CController.php(308): CInlineAction->runWithParams(Array)
#4 C:\xampp\htdocs\MyBlog\framework\web\CController.php(286): CController->runAction(Object(CInlineAction))
#5 C:\xampp\htdocs\MyBlog\framework\web\CController.php(265): CController->runActionWithFilters(Object(CInlineAction), Array)
#6 C:\xampp\htdocs\MyBlog\framework\web\CWebApplication.php(282): CController->run('create')
#7 C:\xampp\htdocs\MyBlog\framework\web\CWebApplication.php(141): CWebApplication->runController('Elektronik/crea...')
#8 C:\xampp\htdocs\MyBlog\framework\base\CApplication.php(169): CWebApplication->processRequest()
#9 C:\xampp\htdocs\rickyanas\index.php(13): CApplication->run()
#10 {main}
REQUEST_URI=/rickyanas/index.php?r=Elektronik/create
HTTP_REFERER=http://localhost/rickyanas/index.php?r=Elektronik/create
---
2014/01/06 06:04:07 [error] [system.db.CDbCommand] CDbCommand::execute() failed: SQLSTATE[23000]: Integrity constraint violation: 1062 Duplicate entry '111' for key 'PRIMARY'. The SQL statement executed was: INSERT INTO `daftarpembeli` (`idpembeli`, `namapembeli`, `alamat`, `nohp`, `Merk_Laptop`, `Harga`, `Tahun_Produksi`) VALUES (:yp0, :yp1, :yp2, :yp3, :yp4, :yp5, :yp6).
in C:\xampp\htdocs\rickyanas\protected\controllers\ElektronikController.php (19)
in C:\xampp\htdocs\rickyanas\index.php (13)
2014/01/06 06:04:07 [error] [exception.CDbException] exception 'CDbException' with message 'CDbCommand failed to execute the SQL statement: SQLSTATE[23000]: Integrity constraint violation: 1062 Duplicate entry '111' for key 'PRIMARY'. The SQL statement executed was: INSERT INTO `daftarpembeli` (`idpembeli`, `namapembeli`, `alamat`, `nohp`, `Merk_Laptop`, `Harga`, `Tahun_Produksi`) VALUES (:yp0, :yp1, :yp2, :yp3, :yp4, :yp5, :yp6)' in C:\xampp\htdocs\MyBlog\framework\db\CDbCommand.php:357
Stack trace:
#0 C:\xampp\htdocs\MyBlog\framework\db\ar\CActiveRecord.php(1023): CDbCommand->execute()
#1 C:\xampp\htdocs\MyBlog\framework\db\ar\CActiveRecord.php(795): CActiveRecord->insert(NULL)
#2 C:\xampp\htdocs\rickyanas\protected\controllers\ElektronikController.php(19): CActiveRecord->save()
#3 C:\xampp\htdocs\MyBlog\framework\web\actions\CInlineAction.php(49): ElektronikController->actionCreate()
#4 C:\xampp\htdocs\MyBlog\framework\web\CController.php(308): CInlineAction->runWithParams(Array)
#5 C:\xampp\htdocs\MyBlog\framework\web\CController.php(286): CController->runAction(Object(CInlineAction))
#6 C:\xampp\htdocs\MyBlog\framework\web\CController.php(265): CController->runActionWithFilters(Object(CInlineAction), Array)
#7 C:\xampp\htdocs\MyBlog\framework\web\CWebApplication.php(282): CController->run('create')
#8 C:\xampp\htdocs\MyBlog\framework\web\CWebApplication.php(141): CWebApplication->runController('Elektronik/crea...')
#9 C:\xampp\htdocs\MyBlog\framework\base\CApplication.php(169): CWebApplication->processRequest()
#10 C:\xampp\htdocs\rickyanas\index.php(13): CApplication->run()
#11 {main}
REQUEST_URI=/rickyanas/index.php?r=Elektronik/create
HTTP_REFERER=http://localhost/rickyanas/index.php?r=elektronik/create
---
2014/01/07 03:33:41 [error] [system.db.CDbCommand] CDbCommand::execute() failed: SQLSTATE[23000]: Integrity constraint violation: 1062 Duplicate entry '111' for key 'PRIMARY'. The SQL statement executed was: INSERT INTO `daftarpembeli` (`idpembeli`, `namapembeli`, `alamat`, `nohp`, `Merk_Laptop`, `Harga`, `Tahun_Produksi`) VALUES (:yp0, :yp1, :yp2, :yp3, :yp4, :yp5, :yp6).
in C:\xampp\htdocs\rickyanas\protected\controllers\ElektronikController.php (19)
in C:\xampp\htdocs\rickyanas\index.php (13)
2014/01/07 03:33:42 [error] [exception.CDbException] exception 'CDbException' with message 'CDbCommand failed to execute the SQL statement: SQLSTATE[23000]: Integrity constraint violation: 1062 Duplicate entry '111' for key 'PRIMARY'. The SQL statement executed was: INSERT INTO `daftarpembeli` (`idpembeli`, `namapembeli`, `alamat`, `nohp`, `Merk_Laptop`, `Harga`, `Tahun_Produksi`) VALUES (:yp0, :yp1, :yp2, :yp3, :yp4, :yp5, :yp6)' in C:\xampp\htdocs\MyBlog\framework\db\CDbCommand.php:357
Stack trace:
#0 C:\xampp\htdocs\MyBlog\framework\db\ar\CActiveRecord.php(1023): CDbCommand->execute()
#1 C:\xampp\htdocs\MyBlog\framework\db\ar\CActiveRecord.php(795): CActiveRecord->insert(NULL)
#2 C:\xampp\htdocs\rickyanas\protected\controllers\ElektronikController.php(19): CActiveRecord->save()
#3 C:\xampp\htdocs\MyBlog\framework\web\actions\CInlineAction.php(49): ElektronikController->actionCreate()
#4 C:\xampp\htdocs\MyBlog\framework\web\CController.php(308): CInlineAction->runWithParams(Array)
#5 C:\xampp\htdocs\MyBlog\framework\web\CController.php(286): CController->runAction(Object(CInlineAction))
#6 C:\xampp\htdocs\MyBlog\framework\web\CController.php(265): CController->runActionWithFilters(Object(CInlineAction), Array)
#7 C:\xampp\htdocs\MyBlog\framework\web\CWebApplication.php(282): CController->run('create')
#8 C:\xampp\htdocs\MyBlog\framework\web\CWebApplication.php(141): CWebApplication->runController('Elektronik/crea...')
#9 C:\xampp\htdocs\MyBlog\framework\base\CApplication.php(169): CWebApplication->processRequest()
#10 C:\xampp\htdocs\rickyanas\index.php(13): CApplication->run()
#11 {main}
REQUEST_URI=/rickyanas/index.php?r=Elektronik/create
HTTP_REFERER=http://localhost/rickyanas/index.php?r=elektronik/create
---
2014/01/10 03:36:46 [error] [exception.CHttpException.404] exception 'CHttpException' with message 'Unable to resolve the request "tampilindex".' in C:\xampp\htdocs\MyBlog\framework\web\CWebApplication.php:286
Stack trace:
#0 C:\xampp\htdocs\MyBlog\framework\web\CWebApplication.php(141): CWebApplication->runController('tampilindex')
#1 C:\xampp\htdocs\MyBlog\framework\base\CApplication.php(169): CWebApplication->processRequest()
#2 C:\xampp\htdocs\rickyanas\index.php(13): CApplication->run()
#3 {main}
REQUEST_URI=/rickyanas/index.php?r=tampilindex
---
2014/01/10 03:46:40 [error] [exception.CHttpException.404] exception 'CHttpException' with message 'Unable to resolve the request "tampilindex".' in C:\xampp\htdocs\MyBlog\framework\web\CWebApplication.php:286
Stack trace:
#0 C:\xampp\htdocs\MyBlog\framework\web\CWebApplication.php(141): CWebApplication->runController('tampilindex')
#1 C:\xampp\htdocs\MyBlog\framework\base\CApplication.php(169): CWebApplication->processRequest()
#2 C:\xampp\htdocs\rickyanas\index.php(13): CApplication->run()
#3 {main}
REQUEST_URI=/rickyanas/index.php?r=tampilindex
---
2014/01/11 04:06:16 [error] [exception.CHttpException.404] exception 'CHttpException' with message 'Unable to resolve the request "gii".' in C:\xampp\htdocs\MyBlog\framework\web\CWebApplication.php:286
Stack trace:
#0 C:\xampp\htdocs\MyBlog\framework\web\CWebApplication.php(141): CWebApplication->runController('gii')
#1 C:\xampp\htdocs\MyBlog\framework\base\CApplication.php(169): CWebApplication->processRequest()
#2 C:\xampp\htdocs\rickyanas\index.php(13): CApplication->run()
#3 {main}
REQUEST_URI=/rickyanas/index.php?r=gii
---
2014/01/11 04:41:37 [error] [php] Undefined variable: form (C:\xampp\htdocs\rickyanas\protected\views\elektronik\create.php:37)
Stack trace:
#0 C:\xampp\htdocs\MyBlog\framework\web\CController.php(869): ElektronikController->renderFile()
#1 C:\xampp\htdocs\MyBlog\framework\web\CController.php(782): ElektronikController->renderPartial()
#2 C:\xampp\htdocs\rickyanas\protected\controllers\ElektronikController.php(23): ElektronikController->render()
#3 C:\xampp\htdocs\MyBlog\framework\web\actions\CInlineAction.php(49): ElektronikController->actionCreate()
#4 C:\xampp\htdocs\MyBlog\framework\web\CController.php(308): CInlineAction->runWithParams()
#5 C:\xampp\htdocs\MyBlog\framework\web\CController.php(286): ElektronikController->runAction()
#6 C:\xampp\htdocs\MyBlog\framework\web\CController.php(265): ElektronikController->runActionWithFilters()
#7 C:\xampp\htdocs\MyBlog\framework\web\CWebApplication.php(282): ElektronikController->run()
#8 C:\xampp\htdocs\MyBlog\framework\web\CWebApplication.php(141): CWebApplication->runController()
#9 C:\xampp\htdocs\MyBlog\framework\base\CApplication.php(169): CWebApplication->processRequest()
#10 C:\xampp\htdocs\rickyanas\index.php(13): CWebApplication->run()
REQUEST_URI=/rickyanas/index.php?r=elektronik/create
in C:\xampp\htdocs\rickyanas\protected\views\elektronik\create.php (37)
in C:\xampp\htdocs\rickyanas\protected\controllers\ElektronikController.php (23)
in C:\xampp\htdocs\rickyanas\index.php (13)
2014/01/23 04:56:35 [error] [exception.CHttpException.404] exception 'CHttpException' with message 'The system is unable to find the requested action "update".' in C:\xampp\htdocs\MyBlog\framework\web\CController.php:483
Stack trace:
#0 C:\xampp\htdocs\MyBlog\framework\web\CController.php(270): CController->missingAction('update')
#1 C:\xampp\htdocs\MyBlog\framework\web\CWebApplication.php(282): CController->run('update')
#2 C:\xampp\htdocs\MyBlog\framework\web\CWebApplication.php(141): CWebApplication->runController('nama/update')
#3 C:\xampp\htdocs\MyBlog\framework\base\CApplication.php(169): CWebApplication->processRequest()
#4 C:\xampp\htdocs\rickyanas\index.php(13): CApplication->run()
#5 {main}
REQUEST_URI=/rickyanas/index.php?r=nama/update&idpembeli=100
HTTP_REFERER=http://localhost/rickyanas/index.php?r=nama/index
---
2014/01/23 04:57:40 [error] [exception.CHttpException.404] exception 'CHttpException' with message 'The system is unable to find the requested action "update".' in C:\xampp\htdocs\MyBlog\framework\web\CController.php:483
Stack trace:
#0 C:\xampp\htdocs\MyBlog\framework\web\CController.php(270): CController->missingAction('update')
#1 C:\xampp\htdocs\MyBlog\framework\web\CWebApplication.php(282): CController->run('update')
#2 C:\xampp\htdocs\MyBlog\framework\web\CWebApplication.php(141): CWebApplication->runController('nama/update')
#3 C:\xampp\htdocs\MyBlog\framework\base\CApplication.php(169): CWebApplication->processRequest()
#4 C:\xampp\htdocs\rickyanas\index.php(13): CApplication->run()
#5 {main}
REQUEST_URI=/rickyanas/index.php?r=nama/update&idpembeli=100
HTTP_REFERER=http://localhost/rickyanas/index.php?r=nama/index
---
2014/01/23 04:58:35 [error] [exception.CHttpException.404] exception 'CHttpException' with message 'The system is unable to find the requested action "update".' in C:\xampp\htdocs\MyBlog\framework\web\CController.php:483
Stack trace:
#0 C:\xampp\htdocs\MyBlog\framework\web\CController.php(270): CController->missingAction('update')
#1 C:\xampp\htdocs\MyBlog\framework\web\CWebApplication.php(282): CController->run('update')
#2 C:\xampp\htdocs\MyBlog\framework\web\CWebApplication.php(141): CWebApplication->runController('nama/update')
#3 C:\xampp\htdocs\MyBlog\framework\base\CApplication.php(169): CWebApplication->processRequest()
#4 C:\xampp\htdocs\rickyanas\index.php(13): CApplication->run()
#5 {main}
REQUEST_URI=/rickyanas/index.php?r=nama/update&idpembeli=100
HTTP_REFERER=http://localhost/rickyanas/index.php?r=nama/index
---
2014/01/23 04:59:56 [error] [exception.CHttpException.404] exception 'CHttpException' with message 'The system is unable to find the requested action "update".' in C:\xampp\htdocs\MyBlog\framework\web\CController.php:483
Stack trace:
#0 C:\xampp\htdocs\MyBlog\framework\web\CController.php(270): CController->missingAction('update')
#1 C:\xampp\htdocs\MyBlog\framework\web\CWebApplication.php(282): CController->run('update')
#2 C:\xampp\htdocs\MyBlog\framework\web\CWebApplication.php(141): CWebApplication->runController('nama/update')
#3 C:\xampp\htdocs\MyBlog\framework\base\CApplication.php(169): CWebApplication->processRequest()
#4 C:\xampp\htdocs\rickyanas\index.php(13): CApplication->run()
#5 {main}
REQUEST_URI=/rickyanas/index.php?r=nama/update&idpembeli=100
HTTP_REFERER=http://localhost/rickyanas/index.php?r=nama/index
---
2014/01/23 05:01:42 [error] [exception.CHttpException.404] exception 'CHttpException' with message 'The system is unable to find the requested action "update".' in C:\xampp\htdocs\MyBlog\framework\web\CController.php:483
Stack trace:
#0 C:\xampp\htdocs\MyBlog\framework\web\CController.php(270): CController->missingAction('update')
#1 C:\xampp\htdocs\MyBlog\framework\web\CWebApplication.php(282): CController->run('update')
#2 C:\xampp\htdocs\MyBlog\framework\web\CWebApplication.php(141): CWebApplication->runController('nama/update')
#3 C:\xampp\htdocs\MyBlog\framework\base\CApplication.php(169): CWebApplication->processRequest()
#4 C:\xampp\htdocs\rickyanas\index.php(13): CApplication->run()
#5 {main}
REQUEST_URI=/rickyanas/index.php?r=nama/update&idpembeli=100
HTTP_REFERER=http://localhost/rickyanas/index.php?r=nama/index
---
2014/01/23 05:02:55 [error] [exception.CHttpException.404] exception 'CHttpException' with message 'The system is unable to find the requested action "update".' in C:\xampp\htdocs\MyBlog\framework\web\CController.php:483
Stack trace:
#0 C:\xampp\htdocs\MyBlog\framework\web\CController.php(270): CController->missingAction('update')
#1 C:\xampp\htdocs\MyBlog\framework\web\CWebApplication.php(282): CController->run('update')
#2 C:\xampp\htdocs\MyBlog\framework\web\CWebApplication.php(141): CWebApplication->runController('nama/update')
#3 C:\xampp\htdocs\MyBlog\framework\base\CApplication.php(169): CWebApplication->processRequest()
#4 C:\xampp\htdocs\rickyanas\index.php(13): CApplication->run()
#5 {main}
REQUEST_URI=/rickyanas/index.php?r=nama/update&idpembeli=100
HTTP_REFERER=http://localhost/rickyanas/index.php?r=nama/index
---
2014/01/23 05:06:48 [error] [exception.CHttpException.404] exception 'CHttpException' with message 'The system is unable to find the requested action "update".' in C:\xampp\htdocs\MyBlog\framework\web\CController.php:483
Stack trace:
#0 C:\xampp\htdocs\MyBlog\framework\web\CController.php(270): CController->missingAction('update')
#1 C:\xampp\htdocs\MyBlog\framework\web\CWebApplication.php(282): CController->run('update')
#2 C:\xampp\htdocs\MyBlog\framework\web\CWebApplication.php(141): CWebApplication->runController('nama/update')
#3 C:\xampp\htdocs\MyBlog\framework\base\CApplication.php(169): CWebApplication->processRequest()
#4 C:\xampp\htdocs\rickyanas\index.php(13): CApplication->run()
#5 {main}
REQUEST_URI=/rickyanas/index.php?r=nama/update&idpembeli=100
HTTP_REFERER=http://localhost/rickyanas/index.php?r=nama/index
---
2014/01/23 05:07:11 [error] [exception.CHttpException.404] exception 'CHttpException' with message 'The system is unable to find the requested action "update".' in C:\xampp\htdocs\MyBlog\framework\web\CController.php:483
Stack trace:
#0 C:\xampp\htdocs\MyBlog\framework\web\CController.php(270): CController->missingAction('update')
#1 C:\xampp\htdocs\MyBlog\framework\web\CWebApplication.php(282): CController->run('update')
#2 C:\xampp\htdocs\MyBlog\framework\web\CWebApplication.php(141): CWebApplication->runController('nama/update')
#3 C:\xampp\htdocs\MyBlog\framework\base\CApplication.php(169): CWebApplication->processRequest()
#4 C:\xampp\htdocs\rickyanas\index.php(13): CApplication->run()
#5 {main}
REQUEST_URI=/rickyanas/index.php?r=nama/update&idpembeli=100
HTTP_REFERER=http://localhost/rickyanas/index.php?r=nama/index
---
2014/01/23 05:08:04 [error] [exception.CHttpException.404] exception 'CHttpException' with message 'The system is unable to find the requested action "update".' in C:\xampp\htdocs\MyBlog\framework\web\CController.php:483
Stack trace:
#0 C:\xampp\htdocs\MyBlog\framework\web\CController.php(270): CController->missingAction('update')
#1 C:\xampp\htdocs\MyBlog\framework\web\CWebApplication.php(282): CController->run('update')
#2 C:\xampp\htdocs\MyBlog\framework\web\CWebApplication.php(141): CWebApplication->runController('nama/update')
#3 C:\xampp\htdocs\MyBlog\framework\base\CApplication.php(169): CWebApplication->processRequest()
#4 C:\xampp\htdocs\rickyanas\index.php(13): CApplication->run()
#5 {main}
REQUEST_URI=/rickyanas/index.php?r=nama/update&idpembeli=100
HTTP_REFERER=http://localhost/rickyanas/index.php?r=nama/index
---
2014/01/23 05:08:41 [error] [exception.CHttpException.404] exception 'CHttpException' with message 'The system is unable to find the requested action "update".' in C:\xampp\htdocs\MyBlog\framework\web\CController.php:483
Stack trace:
#0 C:\xampp\htdocs\MyBlog\framework\web\CController.php(270): CController->missingAction('update')
#1 C:\xampp\htdocs\MyBlog\framework\web\CWebApplication.php(282): CController->run('update')
#2 C:\xampp\htdocs\MyBlog\framework\web\CWebApplication.php(141): CWebApplication->runController('nama/update')
#3 C:\xampp\htdocs\MyBlog\framework\base\CApplication.php(169): CWebApplication->processRequest()
#4 C:\xampp\htdocs\rickyanas\index.php(13): CApplication->run()
#5 {main}
REQUEST_URI=/rickyanas/index.php?r=nama/update&idpembeli=100
HTTP_REFERER=http://localhost/rickyanas/index.php?r=nama/index
---
2014/01/23 05:08:42 [error] [exception.CHttpException.404] exception 'CHttpException' with message 'The system is unable to find the requested action "update".' in C:\xampp\htdocs\MyBlog\framework\web\CController.php:483
Stack trace:
#0 C:\xampp\htdocs\MyBlog\framework\web\CController.php(270): CController->missingAction('update')
#1 C:\xampp\htdocs\MyBlog\framework\web\CWebApplication.php(282): CController->run('update')
#2 C:\xampp\htdocs\MyBlog\framework\web\CWebApplication.php(141): CWebApplication->runController('nama/update')
#3 C:\xampp\htdocs\MyBlog\framework\base\CApplication.php(169): CWebApplication->processRequest()
#4 C:\xampp\htdocs\rickyanas\index.php(13): CApplication->run()
#5 {main}
REQUEST_URI=/rickyanas/index.php?r=nama/update&idpembeli=100
HTTP_REFERER=http://localhost/rickyanas/index.php?r=nama/index
---
2014/01/23 05:08:49 [error] [exception.CHttpException.404] exception 'CHttpException' with message 'The system is unable to find the requested action "update".' in C:\xampp\htdocs\MyBlog\framework\web\CController.php:483
Stack trace:
#0 C:\xampp\htdocs\MyBlog\framework\web\CController.php(270): CController->missingAction('update')
#1 C:\xampp\htdocs\MyBlog\framework\web\CWebApplication.php(282): CController->run('update')
#2 C:\xampp\htdocs\MyBlog\framework\web\CWebApplication.php(141): CWebApplication->runController('nama/update')
#3 C:\xampp\htdocs\MyBlog\framework\base\CApplication.php(169): CWebApplication->processRequest()
#4 C:\xampp\htdocs\rickyanas\index.php(13): CApplication->run()
#5 {main}
REQUEST_URI=/rickyanas/index.php?r=nama/update&idpembeli=100
HTTP_REFERER=http://localhost/rickyanas/index.php?r=nama/index
---
2014/01/23 05:15:11 [error] [exception.CHttpException.404] exception 'CHttpException' with message 'The system is unable to find the requested action "update".' in C:\xampp\htdocs\MyBlog\framework\web\CController.php:483
Stack trace:
#0 C:\xampp\htdocs\MyBlog\framework\web\CController.php(270): CController->missingAction('update')
#1 C:\xampp\htdocs\MyBlog\framework\web\CWebApplication.php(282): CController->run('update')
#2 C:\xampp\htdocs\MyBlog\framework\web\CWebApplication.php(141): CWebApplication->runController('nama/update')
#3 C:\xampp\htdocs\MyBlog\framework\base\CApplication.php(169): CWebApplication->processRequest()
#4 C:\xampp\htdocs\rickyanas\index.php(13): CApplication->run()
#5 {main}
REQUEST_URI=/rickyanas/index.php?r=nama/update&idpembeli=101
HTTP_REFERER=http://localhost/rickyanas/index.php?r=nama
---
2014/01/24 23:42:46 [error] [exception.CHttpException.404] exception 'CHttpException' with message 'The system is unable to find the requested action "masuk".' in C:\xampp\htdocs\MyBlog\framework\web\CController.php:483
Stack trace:
#0 C:\xampp\htdocs\MyBlog\framework\web\CController.php(270): CController->missingAction('masuk')
#1 C:\xampp\htdocs\MyBlog\framework\web\CWebApplication.php(282): CController->run('masuk')
#2 C:\xampp\htdocs\MyBlog\framework\web\CWebApplication.php(141): CWebApplication->runController('site/masuk')
#3 C:\xampp\htdocs\MyBlog\framework\base\CApplication.php(169): CWebApplication->processRequest()
#4 C:\xampp\htdocs\rickyanas\index.php(13): CApplication->run()
#5 {main}
REQUEST_URI=/rickyanas/index.php?r=site/masuk
HTTP_REFERER=http://localhost/rickyanas/index.php?r=tampil/index
---
