2013/10/31 11:05:13 [error] [php] date() [<a href='function.date'>function.date</a>]: It is not safe to rely on the system's timezone settings. You are *required* to use the date.timezone setting or the date_default_timezone_set() function. In case you used any of those methods and you are still getting this warning, you most likely misspelled the timezone identifier. We selected 'Asia/Krasnoyarsk' for '7.0/no DST' instead (C:\xampp\htdocs\YolandaRetditia\protected\views\layouts\main.php:51)
Stack trace:
#0 C:\xampp\htdocs\yolanda_tes\framework\web\CBaseController.php(95): SiteController->renderInternal()
#1 C:\xampp\htdocs\yolanda_tes\framework\web\widgets\CContentDecorator.php(76): SiteController->renderFile()
#2 C:\xampp\htdocs\yolanda_tes\framework\web\widgets\CContentDecorator.php(54): CContentDecorator->decorate()
#3 C:\xampp\htdocs\yolanda_tes\framework\web\widgets\COutputProcessor.php(44): CContentDecorator->processOutput()
#4 C:\xampp\htdocs\yolanda_tes\framework\web\CBaseController.php(206): CContentDecorator->run()
#5 C:\xampp\htdocs\yolanda_tes\framework\web\CBaseController.php(300): SiteController->endWidget()
#6 C:\xampp\htdocs\YolandaRetditia\protected\views\layouts\column1.php(6): SiteController->endContent()
#7 C:\xampp\htdocs\yolanda_tes\framework\web\CBaseController.php(126): require()
#8 C:\xampp\htdocs\yolanda_tes\framework\web\CBaseController.php(95): SiteController->renderInternal()
#9 C:\xampp\htdocs\yolanda_tes\framework\web\CController.php(784): SiteController->renderFile()
#10 C:\xampp\htdocs\YolandaRetditia\protected\controllers\SiteController.php(32): SiteController->render()
#11 C:\xampp\htdocs\yolanda_tes\framework\web\actions\CInlineAction.php(49): SiteController->actionIndex()
#12 C:\xampp\htdocs\yolanda_tes\framework\web\CController.php(308): CInlineAction->runWithParams()
#13 C:\xampp\htdocs\yolanda_tes\framework\web\CController.php(286): SiteController->runAction()
#14 C:\xampp\htdocs\yolanda_tes\framework\web\CController.php(265): SiteController->runActionWithFilters()
#15 C:\xampp\htdocs\yolanda_tes\framework\web\CWebApplication.php(282): SiteController->run()
#16 C:\xampp\htdocs\yolanda_tes\framework\web\CWebApplication.php(141): CWebApplication->runController()
#17 C:\xampp\htdocs\yolanda_tes\framework\base\CApplication.php(169): CWebApplication->processRequest()
#18 C:\xampp\htdocs\YolandaRetditia\index.php(13): CWebApplication->run()
REQUEST_URI=/yolandaretditia/
in C:\xampp\htdocs\YolandaRetditia\protected\views\layouts\main.php (51)
in C:\xampp\htdocs\YolandaRetditia\protected\views\layouts\column1.php (6)
in C:\xampp\htdocs\YolandaRetditia\protected\controllers\SiteController.php (32)
2013/10/31 11:06:15 [error] [php] date() [<a href='function.date'>function.date</a>]: It is not safe to rely on the system's timezone settings. You are *required* to use the date.timezone setting or the date_default_timezone_set() function. In case you used any of those methods and you are still getting this warning, you most likely misspelled the timezone identifier. We selected 'Asia/Krasnoyarsk' for '7.0/no DST' instead (C:\xampp\htdocs\YolandaRetditia\protected\views\layouts\main.php:51)
Stack trace:
#0 C:\xampp\htdocs\yolanda_tes\framework\web\CBaseController.php(95): SiteController->renderInternal()
#1 C:\xampp\htdocs\yolanda_tes\framework\web\widgets\CContentDecorator.php(76): SiteController->renderFile()
#2 C:\xampp\htdocs\yolanda_tes\framework\web\widgets\CContentDecorator.php(54): CContentDecorator->decorate()
#3 C:\xampp\htdocs\yolanda_tes\framework\web\widgets\COutputProcessor.php(44): CContentDecorator->processOutput()
#4 C:\xampp\htdocs\yolanda_tes\framework\web\CBaseController.php(206): CContentDecorator->run()
#5 C:\xampp\htdocs\yolanda_tes\framework\web\CBaseController.php(300): SiteController->endWidget()
#6 C:\xampp\htdocs\YolandaRetditia\protected\views\layouts\column1.php(6): SiteController->endContent()
#7 C:\xampp\htdocs\yolanda_tes\framework\web\CBaseController.php(126): require()
#8 C:\xampp\htdocs\yolanda_tes\framework\web\CBaseController.php(95): SiteController->renderInternal()
#9 C:\xampp\htdocs\yolanda_tes\framework\web\CController.php(784): SiteController->renderFile()
#10 C:\xampp\htdocs\YolandaRetditia\protected\controllers\SiteController.php(32): SiteController->render()
#11 C:\xampp\htdocs\yolanda_tes\framework\web\actions\CInlineAction.php(49): SiteController->actionIndex()
#12 C:\xampp\htdocs\yolanda_tes\framework\web\CController.php(308): CInlineAction->runWithParams()
#13 C:\xampp\htdocs\yolanda_tes\framework\web\CController.php(286): SiteController->runAction()
#14 C:\xampp\htdocs\yolanda_tes\framework\web\CController.php(265): SiteController->runActionWithFilters()
#15 C:\xampp\htdocs\yolanda_tes\framework\web\CWebApplication.php(282): SiteController->run()
#16 C:\xampp\htdocs\yolanda_tes\framework\web\CWebApplication.php(141): CWebApplication->runController()
#17 C:\xampp\htdocs\yolanda_tes\framework\base\CApplication.php(169): CWebApplication->processRequest()
#18 C:\xampp\htdocs\YolandaRetditia\index.php(13): CWebApplication->run()
REQUEST_URI=/YolandaRetditia/
in C:\xampp\htdocs\YolandaRetditia\protected\views\layouts\main.php (51)
in C:\xampp\htdocs\YolandaRetditia\protected\views\layouts\column1.php (6)
in C:\xampp\htdocs\YolandaRetditia\protected\controllers\SiteController.php (32)
2013/10/31 11:07:08 [error] [php] date() [<a href='function.date'>function.date</a>]: It is not safe to rely on the system's timezone settings. You are *required* to use the date.timezone setting or the date_default_timezone_set() function. In case you used any of those methods and you are still getting this warning, you most likely misspelled the timezone identifier. We selected 'Asia/Krasnoyarsk' for '7.0/no DST' instead (C:\xampp\htdocs\YolandaRetditia\protected\views\layouts\main.php:51)
Stack trace:
#0 C:\xampp\htdocs\yolanda_tes\framework\web\CBaseController.php(95): SiteController->renderInternal()
#1 C:\xampp\htdocs\yolanda_tes\framework\web\widgets\CContentDecorator.php(76): SiteController->renderFile()
#2 C:\xampp\htdocs\yolanda_tes\framework\web\widgets\CContentDecorator.php(54): CContentDecorator->decorate()
#3 C:\xampp\htdocs\yolanda_tes\framework\web\widgets\COutputProcessor.php(44): CContentDecorator->processOutput()
#4 C:\xampp\htdocs\yolanda_tes\framework\web\CBaseController.php(206): CContentDecorator->run()
#5 C:\xampp\htdocs\yolanda_tes\framework\web\CBaseController.php(300): SiteController->endWidget()
#6 C:\xampp\htdocs\YolandaRetditia\protected\views\layouts\column1.php(6): SiteController->endContent()
#7 C:\xampp\htdocs\yolanda_tes\framework\web\CBaseController.php(126): require()
#8 C:\xampp\htdocs\yolanda_tes\framework\web\CBaseController.php(95): SiteController->renderInternal()
#9 C:\xampp\htdocs\yolanda_tes\framework\web\CController.php(784): SiteController->renderFile()
#10 C:\xampp\htdocs\YolandaRetditia\protected\controllers\SiteController.php(32): SiteController->render()
#11 C:\xampp\htdocs\yolanda_tes\framework\web\actions\CInlineAction.php(49): SiteController->actionIndex()
#12 C:\xampp\htdocs\yolanda_tes\framework\web\CController.php(308): CInlineAction->runWithParams()
#13 C:\xampp\htdocs\yolanda_tes\framework\web\CController.php(286): SiteController->runAction()
#14 C:\xampp\htdocs\yolanda_tes\framework\web\CController.php(265): SiteController->runActionWithFilters()
#15 C:\xampp\htdocs\yolanda_tes\framework\web\CWebApplication.php(282): SiteController->run()
#16 C:\xampp\htdocs\yolanda_tes\framework\web\CWebApplication.php(141): CWebApplication->runController()
#17 C:\xampp\htdocs\yolanda_tes\framework\base\CApplication.php(169): CWebApplication->processRequest()
#18 C:\xampp\htdocs\YolandaRetditia\index.php(13): CWebApplication->run()
REQUEST_URI=/YolandaRetditia/
in C:\xampp\htdocs\YolandaRetditia\protected\views\layouts\main.php (51)
in C:\xampp\htdocs\YolandaRetditia\protected\views\layouts\column1.php (6)
in C:\xampp\htdocs\YolandaRetditia\protected\controllers\SiteController.php (32)
2013/10/31 11:07:43 [error] [php] date() [<a href='function.date'>function.date</a>]: It is not safe to rely on the system's timezone settings. You are *required* to use the date.timezone setting or the date_default_timezone_set() function. In case you used any of those methods and you are still getting this warning, you most likely misspelled the timezone identifier. We selected 'Asia/Krasnoyarsk' for '7.0/no DST' instead (C:\xampp\htdocs\YolandaRetditia\protected\views\layouts\main.php:51)
Stack trace:
#0 C:\xampp\htdocs\yolanda_tes\framework\web\CBaseController.php(95): SiteController->renderInternal()
#1 C:\xampp\htdocs\yolanda_tes\framework\web\widgets\CContentDecorator.php(76): SiteController->renderFile()
#2 C:\xampp\htdocs\yolanda_tes\framework\web\widgets\CContentDecorator.php(54): CContentDecorator->decorate()
#3 C:\xampp\htdocs\yolanda_tes\framework\web\widgets\COutputProcessor.php(44): CContentDecorator->processOutput()
#4 C:\xampp\htdocs\yolanda_tes\framework\web\CBaseController.php(206): CContentDecorator->run()
#5 C:\xampp\htdocs\yolanda_tes\framework\web\CBaseController.php(300): SiteController->endWidget()
#6 C:\xampp\htdocs\YolandaRetditia\protected\views\layouts\column1.php(6): SiteController->endContent()
#7 C:\xampp\htdocs\yolanda_tes\framework\web\CBaseController.php(126): require()
#8 C:\xampp\htdocs\yolanda_tes\framework\web\CBaseController.php(95): SiteController->renderInternal()
#9 C:\xampp\htdocs\yolanda_tes\framework\web\CController.php(784): SiteController->renderFile()
#10 C:\xampp\htdocs\YolandaRetditia\protected\controllers\SiteController.php(32): SiteController->render()
#11 C:\xampp\htdocs\yolanda_tes\framework\web\actions\CInlineAction.php(49): SiteController->actionIndex()
#12 C:\xampp\htdocs\yolanda_tes\framework\web\CController.php(308): CInlineAction->runWithParams()
#13 C:\xampp\htdocs\yolanda_tes\framework\web\CController.php(286): SiteController->runAction()
#14 C:\xampp\htdocs\yolanda_tes\framework\web\CController.php(265): SiteController->runActionWithFilters()
#15 C:\xampp\htdocs\yolanda_tes\framework\web\CWebApplication.php(282): SiteController->run()
#16 C:\xampp\htdocs\yolanda_tes\framework\web\CWebApplication.php(141): CWebApplication->runController()
#17 C:\xampp\htdocs\yolanda_tes\framework\base\CApplication.php(169): CWebApplication->processRequest()
#18 C:\xampp\htdocs\YolandaRetditia\index.php(13): CWebApplication->run()
REQUEST_URI=/YolandaRetditia/
in C:\xampp\htdocs\YolandaRetditia\protected\views\layouts\main.php (51)
in C:\xampp\htdocs\YolandaRetditia\protected\views\layouts\column1.php (6)
in C:\xampp\htdocs\YolandaRetditia\protected\controllers\SiteController.php (32)
2013/10/31 11:39:56 [error] [php] date() [<a href='function.date'>function.date</a>]: It is not safe to rely on the system's timezone settings. You are *required* to use the date.timezone setting or the date_default_timezone_set() function. In case you used any of those methods and you are still getting this warning, you most likely misspelled the timezone identifier. We selected 'Asia/Krasnoyarsk' for '7.0/no DST' instead (C:\xampp\htdocs\YolandaRetditia\protected\views\layouts\main.php:51)
Stack trace:
#0 C:\xampp\htdocs\yolanda_tes\framework\web\CBaseController.php(95): SiteController->renderInternal()
#1 C:\xampp\htdocs\yolanda_tes\framework\web\widgets\CContentDecorator.php(76): SiteController->renderFile()
#2 C:\xampp\htdocs\yolanda_tes\framework\web\widgets\CContentDecorator.php(54): CContentDecorator->decorate()
#3 C:\xampp\htdocs\yolanda_tes\framework\web\widgets\COutputProcessor.php(44): CContentDecorator->processOutput()
#4 C:\xampp\htdocs\yolanda_tes\framework\web\CBaseController.php(206): CContentDecorator->run()
#5 C:\xampp\htdocs\yolanda_tes\framework\web\CBaseController.php(300): SiteController->endWidget()
#6 C:\xampp\htdocs\YolandaRetditia\protected\views\layouts\column1.php(6): SiteController->endContent()
#7 C:\xampp\htdocs\yolanda_tes\framework\web\CBaseController.php(126): require()
#8 C:\xampp\htdocs\yolanda_tes\framework\web\CBaseController.php(95): SiteController->renderInternal()
#9 C:\xampp\htdocs\yolanda_tes\framework\web\CController.php(784): SiteController->renderFile()
#10 C:\xampp\htdocs\YolandaRetditia\protected\controllers\SiteController.php(32): SiteController->render()
#11 C:\xampp\htdocs\yolanda_tes\framework\web\actions\CInlineAction.php(49): SiteController->actionIndex()
#12 C:\xampp\htdocs\yolanda_tes\framework\web\CController.php(308): CInlineAction->runWithParams()
#13 C:\xampp\htdocs\yolanda_tes\framework\web\CController.php(286): SiteController->runAction()
#14 C:\xampp\htdocs\yolanda_tes\framework\web\CController.php(265): SiteController->runActionWithFilters()
#15 C:\xampp\htdocs\yolanda_tes\framework\web\CWebApplication.php(282): SiteController->run()
#16 C:\xampp\htdocs\yolanda_tes\framework\web\CWebApplication.php(141): CWebApplication->runController()
#17 C:\xampp\htdocs\yolanda_tes\framework\base\CApplication.php(169): CWebApplication->processRequest()
#18 C:\xampp\htdocs\YolandaRetditia\index.php(13): CWebApplication->run()
REQUEST_URI=/YolandaRetditia/
in C:\xampp\htdocs\YolandaRetditia\protected\views\layouts\main.php (51)
in C:\xampp\htdocs\YolandaRetditia\protected\views\layouts\column1.php (6)
in C:\xampp\htdocs\YolandaRetditia\protected\controllers\SiteController.php (32)
2013/10/31 15:34:09 [error] [php] date() [<a href='function.date'>function.date</a>]: It is not safe to rely on the system's timezone settings. You are *required* to use the date.timezone setting or the date_default_timezone_set() function. In case you used any of those methods and you are still getting this warning, you most likely misspelled the timezone identifier. We selected 'Asia/Krasnoyarsk' for '7.0/no DST' instead (C:\xampp\htdocs\YolandaRetditia\protected\views\layouts\main.php:51)
Stack trace:
#0 C:\xampp\htdocs\yolanda_tes\framework\web\CBaseController.php(95): SiteController->renderInternal()
#1 C:\xampp\htdocs\yolanda_tes\framework\web\widgets\CContentDecorator.php(76): SiteController->renderFile()
#2 C:\xampp\htdocs\yolanda_tes\framework\web\widgets\CContentDecorator.php(54): CContentDecorator->decorate()
#3 C:\xampp\htdocs\yolanda_tes\framework\web\widgets\COutputProcessor.php(44): CContentDecorator->processOutput()
#4 C:\xampp\htdocs\yolanda_tes\framework\web\CBaseController.php(206): CContentDecorator->run()
#5 C:\xampp\htdocs\yolanda_tes\framework\web\CBaseController.php(300): SiteController->endWidget()
#6 C:\xampp\htdocs\YolandaRetditia\protected\views\layouts\column1.php(6): SiteController->endContent()
#7 C:\xampp\htdocs\yolanda_tes\framework\web\CBaseController.php(126): require()
#8 C:\xampp\htdocs\yolanda_tes\framework\web\CBaseController.php(95): SiteController->renderInternal()
#9 C:\xampp\htdocs\yolanda_tes\framework\web\CController.php(784): SiteController->renderFile()
#10 C:\xampp\htdocs\YolandaRetditia\protected\controllers\SiteController.php(32): SiteController->render()
#11 C:\xampp\htdocs\yolanda_tes\framework\web\actions\CInlineAction.php(49): SiteController->actionIndex()
#12 C:\xampp\htdocs\yolanda_tes\framework\web\CController.php(308): CInlineAction->runWithParams()
#13 C:\xampp\htdocs\yolanda_tes\framework\web\CController.php(286): SiteController->runAction()
#14 C:\xampp\htdocs\yolanda_tes\framework\web\CController.php(265): SiteController->runActionWithFilters()
#15 C:\xampp\htdocs\yolanda_tes\framework\web\CWebApplication.php(282): SiteController->run()
#16 C:\xampp\htdocs\yolanda_tes\framework\web\CWebApplication.php(141): CWebApplication->runController()
#17 C:\xampp\htdocs\yolanda_tes\framework\base\CApplication.php(169): CWebApplication->processRequest()
#18 C:\xampp\htdocs\YolandaRetditia\index.php(13): CWebApplication->run()
REQUEST_URI=/YolandaRetditia/
in C:\xampp\htdocs\YolandaRetditia\protected\views\layouts\main.php (51)
in C:\xampp\htdocs\YolandaRetditia\protected\views\layouts\column1.php (6)
in C:\xampp\htdocs\YolandaRetditia\protected\controllers\SiteController.php (32)
2013/10/31 18:40:47 [error] [php] date() [<a href='function.date'>function.date</a>]: It is not safe to rely on the system's timezone settings. You are *required* to use the date.timezone setting or the date_default_timezone_set() function. In case you used any of those methods and you are still getting this warning, you most likely misspelled the timezone identifier. We selected 'Asia/Krasnoyarsk' for '7.0/no DST' instead (C:\xampp\htdocs\YolandaRetditia\protected\views\layouts\main.php:51)
Stack trace:
#0 C:\xampp\htdocs\yolanda_tes\framework\web\CBaseController.php(95): SiteController->renderInternal()
#1 C:\xampp\htdocs\yolanda_tes\framework\web\widgets\CContentDecorator.php(76): SiteController->renderFile()
#2 C:\xampp\htdocs\yolanda_tes\framework\web\widgets\CContentDecorator.php(54): CContentDecorator->decorate()
#3 C:\xampp\htdocs\yolanda_tes\framework\web\widgets\COutputProcessor.php(44): CContentDecorator->processOutput()
#4 C:\xampp\htdocs\yolanda_tes\framework\web\CBaseController.php(206): CContentDecorator->run()
#5 C:\xampp\htdocs\yolanda_tes\framework\web\CBaseController.php(300): SiteController->endWidget()
#6 C:\xampp\htdocs\YolandaRetditia\protected\views\layouts\column1.php(6): SiteController->endContent()
#7 C:\xampp\htdocs\yolanda_tes\framework\web\CBaseController.php(126): require()
#8 C:\xampp\htdocs\yolanda_tes\framework\web\CBaseController.php(95): SiteController->renderInternal()
#9 C:\xampp\htdocs\yolanda_tes\framework\web\CController.php(784): SiteController->renderFile()
#10 C:\xampp\htdocs\YolandaRetditia\protected\controllers\SiteController.php(32): SiteController->render()
#11 C:\xampp\htdocs\yolanda_tes\framework\web\actions\CInlineAction.php(49): SiteController->actionIndex()
#12 C:\xampp\htdocs\yolanda_tes\framework\web\CController.php(308): CInlineAction->runWithParams()
#13 C:\xampp\htdocs\yolanda_tes\framework\web\CController.php(286): SiteController->runAction()
#14 C:\xampp\htdocs\yolanda_tes\framework\web\CController.php(265): SiteController->runActionWithFilters()
#15 C:\xampp\htdocs\yolanda_tes\framework\web\CWebApplication.php(282): SiteController->run()
#16 C:\xampp\htdocs\yolanda_tes\framework\web\CWebApplication.php(141): CWebApplication->runController()
#17 C:\xampp\htdocs\yolanda_tes\framework\base\CApplication.php(169): CWebApplication->processRequest()
#18 C:\xampp\htdocs\YolandaRetditia\index.php(13): CWebApplication->run()
REQUEST_URI=/YolandaRetditia/
in C:\xampp\htdocs\YolandaRetditia\protected\views\layouts\main.php (51)
in C:\xampp\htdocs\YolandaRetditia\protected\views\layouts\column1.php (6)
in C:\xampp\htdocs\YolandaRetditia\protected\controllers\SiteController.php (32)
2014/01/21 21:01:35 [error] [exception.CHttpException.403] exception 'CHttpException' with message 'You are not authorized to perform this action.' in C:\xampp\htdocs\yolanda_tes\framework\web\auth\CAccessControlFilter.php:179
Stack trace:
#0 C:\xampp\htdocs\yolanda_tes\framework\web\auth\CAccessControlFilter.php(142): CAccessControlFilter->accessDenied(Object(CWebUser), 'You are not aut...')
#1 C:\xampp\htdocs\yolanda_tes\framework\web\filters\CFilter.php(38): CAccessControlFilter->preFilter(Object(CFilterChain))
#2 C:\xampp\htdocs\yolanda_tes\framework\web\CController.php(1145): CFilter->filter(Object(CFilterChain))
#3 C:\xampp\htdocs\yolanda_tes\framework\web\filters\CInlineFilter.php(58): CController->filterAccessControl(Object(CFilterChain))
#4 C:\xampp\htdocs\yolanda_tes\framework\web\filters\CFilterChain.php(130): CInlineFilter->filter(Object(CFilterChain))
#5 C:\xampp\htdocs\yolanda_tes\framework\web\CController.php(291): CFilterChain->run()
#6 C:\xampp\htdocs\yolanda_tes\framework\web\CController.php(265): CController->runActionWithFilters(Object(CInlineAction), Array)
#7 C:\xampp\htdocs\yolanda_tes\framework\web\CWebApplication.php(282): CController->run('admin')
#8 C:\xampp\htdocs\yolanda_tes\framework\web\CWebApplication.php(141): CWebApplication->runController('student/admin')
#9 C:\xampp\htdocs\yolanda_tes\framework\base\CApplication.php(169): CWebApplication->processRequest()
#10 C:\xampp\htdocs\YolandaRetditia\index.php(13): CApplication->run()
#11 {main}
REQUEST_URI=/YolandarETDITIA/index.php?r=student/admin
HTTP_REFERER=http://localhost/YolandarETDITIA/index.php?r=student/create
---
2014/01/21 21:02:25 [error] [exception.CHttpException.403] exception 'CHttpException' with message 'You are not authorized to perform this action.' in C:\xampp\htdocs\yolanda_tes\framework\web\auth\CAccessControlFilter.php:179
Stack trace:
#0 C:\xampp\htdocs\yolanda_tes\framework\web\auth\CAccessControlFilter.php(142): CAccessControlFilter->accessDenied(Object(CWebUser), 'You are not aut...')
#1 C:\xampp\htdocs\yolanda_tes\framework\web\filters\CFilter.php(38): CAccessControlFilter->preFilter(Object(CFilterChain))
#2 C:\xampp\htdocs\yolanda_tes\framework\web\CController.php(1145): CFilter->filter(Object(CFilterChain))
#3 C:\xampp\htdocs\yolanda_tes\framework\web\filters\CInlineFilter.php(58): CController->filterAccessControl(Object(CFilterChain))
#4 C:\xampp\htdocs\yolanda_tes\framework\web\filters\CFilterChain.php(130): CInlineFilter->filter(Object(CFilterChain))
#5 C:\xampp\htdocs\yolanda_tes\framework\web\CController.php(291): CFilterChain->run()
#6 C:\xampp\htdocs\yolanda_tes\framework\web\CController.php(265): CController->runActionWithFilters(Object(CInlineAction), Array)
#7 C:\xampp\htdocs\yolanda_tes\framework\web\CWebApplication.php(282): CController->run('admin')
#8 C:\xampp\htdocs\yolanda_tes\framework\web\CWebApplication.php(141): CWebApplication->runController('student/admin')
#9 C:\xampp\htdocs\yolanda_tes\framework\base\CApplication.php(169): CWebApplication->processRequest()
#10 C:\xampp\htdocs\YolandaRetditia\index.php(13): CApplication->run()
#11 {main}
REQUEST_URI=/YolandarETDITIA/index.php?r=student/admin
HTTP_REFERER=http://localhost/YolandarETDITIA/index.php?r=student/view&id=2
---
2014/01/21 21:05:44 [error] [exception.CHttpException.403] exception 'CHttpException' with message 'You are not authorized to perform this action.' in C:\xampp\htdocs\yolanda_tes\framework\web\auth\CAccessControlFilter.php:179
Stack trace:
#0 C:\xampp\htdocs\yolanda_tes\framework\web\auth\CAccessControlFilter.php(142): CAccessControlFilter->accessDenied(Object(CWebUser), 'You are not aut...')
#1 C:\xampp\htdocs\yolanda_tes\framework\web\filters\CFilter.php(38): CAccessControlFilter->preFilter(Object(CFilterChain))
#2 C:\xampp\htdocs\yolanda_tes\framework\web\CController.php(1145): CFilter->filter(Object(CFilterChain))
#3 C:\xampp\htdocs\yolanda_tes\framework\web\filters\CInlineFilter.php(58): CController->filterAccessControl(Object(CFilterChain))
#4 C:\xampp\htdocs\yolanda_tes\framework\web\filters\CFilterChain.php(130): CInlineFilter->filter(Object(CFilterChain))
#5 C:\xampp\htdocs\yolanda_tes\framework\web\CController.php(291): CFilterChain->run()
#6 C:\xampp\htdocs\yolanda_tes\framework\web\CController.php(265): CController->runActionWithFilters(Object(CInlineAction), Array)
#7 C:\xampp\htdocs\yolanda_tes\framework\web\CWebApplication.php(282): CController->run('admin')
#8 C:\xampp\htdocs\yolanda_tes\framework\web\CWebApplication.php(141): CWebApplication->runController('student/admin')
#9 C:\xampp\htdocs\yolanda_tes\framework\base\CApplication.php(169): CWebApplication->processRequest()
#10 C:\xampp\htdocs\YolandaRetditia\index.php(13): CApplication->run()
#11 {main}
REQUEST_URI=/YolandarETDITIA/index.php?r=student/admin
HTTP_REFERER=http://localhost/YolandarETDITIA/index.php?r=student/view&id=3
---
2014/01/21 21:06:34 [error] [exception.CHttpException.403] exception 'CHttpException' with message 'You are not authorized to perform this action.' in C:\xampp\htdocs\yolanda_tes\framework\web\auth\CAccessControlFilter.php:179
Stack trace:
#0 C:\xampp\htdocs\yolanda_tes\framework\web\auth\CAccessControlFilter.php(142): CAccessControlFilter->accessDenied(Object(CWebUser), 'You are not aut...')
#1 C:\xampp\htdocs\yolanda_tes\framework\web\filters\CFilter.php(38): CAccessControlFilter->preFilter(Object(CFilterChain))
#2 C:\xampp\htdocs\yolanda_tes\framework\web\CController.php(1145): CFilter->filter(Object(CFilterChain))
#3 C:\xampp\htdocs\yolanda_tes\framework\web\filters\CInlineFilter.php(58): CController->filterAccessControl(Object(CFilterChain))
#4 C:\xampp\htdocs\yolanda_tes\framework\web\filters\CFilterChain.php(130): CInlineFilter->filter(Object(CFilterChain))
#5 C:\xampp\htdocs\yolanda_tes\framework\web\CController.php(291): CFilterChain->run()
#6 C:\xampp\htdocs\yolanda_tes\framework\web\CController.php(265): CController->runActionWithFilters(Object(CInlineAction), Array)
#7 C:\xampp\htdocs\yolanda_tes\framework\web\CWebApplication.php(282): CController->run('admin')
#8 C:\xampp\htdocs\yolanda_tes\framework\web\CWebApplication.php(141): CWebApplication->runController('student/admin')
#9 C:\xampp\htdocs\yolanda_tes\framework\base\CApplication.php(169): CWebApplication->processRequest()
#10 C:\xampp\htdocs\YolandaRetditia\index.php(13): CApplication->run()
#11 {main}
REQUEST_URI=/YolandarETDITIA/index.php?r=student/admin
HTTP_REFERER=http://localhost/YolandarETDITIA/index.php?r=student/view&id=3
---
2014/01/21 21:08:38 [error] [exception.CHttpException.403] exception 'CHttpException' with message 'You are not authorized to perform this action.' in C:\xampp\htdocs\yolanda_tes\framework\web\auth\CAccessControlFilter.php:179
Stack trace:
#0 C:\xampp\htdocs\yolanda_tes\framework\web\auth\CAccessControlFilter.php(142): CAccessControlFilter->accessDenied(Object(CWebUser), 'You are not aut...')
#1 C:\xampp\htdocs\yolanda_tes\framework\web\filters\CFilter.php(38): CAccessControlFilter->preFilter(Object(CFilterChain))
#2 C:\xampp\htdocs\yolanda_tes\framework\web\CController.php(1145): CFilter->filter(Object(CFilterChain))
#3 C:\xampp\htdocs\yolanda_tes\framework\web\filters\CInlineFilter.php(58): CController->filterAccessControl(Object(CFilterChain))
#4 C:\xampp\htdocs\yolanda_tes\framework\web\filters\CFilterChain.php(130): CInlineFilter->filter(Object(CFilterChain))
#5 C:\xampp\htdocs\yolanda_tes\framework\web\CController.php(291): CFilterChain->run()
#6 C:\xampp\htdocs\yolanda_tes\framework\web\CController.php(265): CController->runActionWithFilters(Object(CInlineAction), Array)
#7 C:\xampp\htdocs\yolanda_tes\framework\web\CWebApplication.php(282): CController->run('admin')
#8 C:\xampp\htdocs\yolanda_tes\framework\web\CWebApplication.php(141): CWebApplication->runController('student/admin')
#9 C:\xampp\htdocs\yolanda_tes\framework\base\CApplication.php(169): CWebApplication->processRequest()
#10 C:\xampp\htdocs\YolandaRetditia\index.php(13): CApplication->run()
#11 {main}
REQUEST_URI=/YolandarETDITIA/index.php?r=student/admin
HTTP_REFERER=http://localhost/YolandarETDITIA/index.php?r=student/index
---
2014/01/21 21:21:10 [error] [exception.CHttpException.403] exception 'CHttpException' with message 'You are not authorized to perform this action.' in C:\xampp\htdocs\yolanda_tes\framework\web\auth\CAccessControlFilter.php:179
Stack trace:
#0 C:\xampp\htdocs\yolanda_tes\framework\web\auth\CAccessControlFilter.php(142): CAccessControlFilter->accessDenied(Object(CWebUser), 'You are not aut...')
#1 C:\xampp\htdocs\yolanda_tes\framework\web\filters\CFilter.php(38): CAccessControlFilter->preFilter(Object(CFilterChain))
#2 C:\xampp\htdocs\yolanda_tes\framework\web\CController.php(1145): CFilter->filter(Object(CFilterChain))
#3 C:\xampp\htdocs\yolanda_tes\framework\web\filters\CInlineFilter.php(58): CController->filterAccessControl(Object(CFilterChain))
#4 C:\xampp\htdocs\yolanda_tes\framework\web\filters\CFilterChain.php(130): CInlineFilter->filter(Object(CFilterChain))
#5 C:\xampp\htdocs\yolanda_tes\framework\web\CController.php(291): CFilterChain->run()
#6 C:\xampp\htdocs\yolanda_tes\framework\web\CController.php(265): CController->runActionWithFilters(Object(CInlineAction), Array)
#7 C:\xampp\htdocs\yolanda_tes\framework\web\CWebApplication.php(282): CController->run('admin')
#8 C:\xampp\htdocs\yolanda_tes\framework\web\CWebApplication.php(141): CWebApplication->runController('student/admin')
#9 C:\xampp\htdocs\yolanda_tes\framework\base\CApplication.php(169): CWebApplication->processRequest()
#10 C:\xampp\htdocs\YolandaRetditia\index.php(13): CApplication->run()
#11 {main}
REQUEST_URI=/YolandarETDITIA/index.php?r=student/admin
HTTP_REFERER=http://localhost/YolandarETDITIA/index.php?r=student/index
---
2014/01/21 21:26:46 [error] [exception.CHttpException.404] exception 'CHttpException' with message 'Unable to resolve the request "studen".' in C:\xampp\htdocs\yolanda_tes\framework\web\CWebApplication.php:286
Stack trace:
#0 C:\xampp\htdocs\yolanda_tes\framework\web\CWebApplication.php(141): CWebApplication->runController('studen')
#1 C:\xampp\htdocs\yolanda_tes\framework\base\CApplication.php(169): CWebApplication->processRequest()
#2 C:\xampp\htdocs\YolandaRetditia\index.php(13): CApplication->run()
#3 {main}
REQUEST_URI=/YolandarETDITIA/index.php?r=studen
---
2014/01/21 22:05:47 [error] [exception.CHttpException.403] exception 'CHttpException' with message 'You are not authorized to perform this action.' in C:\xampp\htdocs\yolanda_tes\framework\web\auth\CAccessControlFilter.php:179
Stack trace:
#0 C:\xampp\htdocs\yolanda_tes\framework\web\auth\CAccessControlFilter.php(142): CAccessControlFilter->accessDenied(Object(CWebUser), 'You are not aut...')
#1 C:\xampp\htdocs\yolanda_tes\framework\web\filters\CFilter.php(38): CAccessControlFilter->preFilter(Object(CFilterChain))
#2 C:\xampp\htdocs\yolanda_tes\framework\web\CController.php(1145): CFilter->filter(Object(CFilterChain))
#3 C:\xampp\htdocs\yolanda_tes\framework\web\filters\CInlineFilter.php(58): CController->filterAccessControl(Object(CFilterChain))
#4 C:\xampp\htdocs\yolanda_tes\framework\web\filters\CFilterChain.php(130): CInlineFilter->filter(Object(CFilterChain))
#5 C:\xampp\htdocs\yolanda_tes\framework\web\CController.php(291): CFilterChain->run()
#6 C:\xampp\htdocs\yolanda_tes\framework\web\CController.php(265): CController->runActionWithFilters(Object(CInlineAction), Array)
#7 C:\xampp\htdocs\yolanda_tes\framework\web\CWebApplication.php(282): CController->run('admin')
#8 C:\xampp\htdocs\yolanda_tes\framework\web\CWebApplication.php(141): CWebApplication->runController('student/admin')
#9 C:\xampp\htdocs\yolanda_tes\framework\base\CApplication.php(169): CWebApplication->processRequest()
#10 C:\xampp\htdocs\YolandaRetditia\index.php(13): CApplication->run()
#11 {main}
REQUEST_URI=/YolandarETDITIA/index.php?r=student/admin
HTTP_REFERER=http://localhost/YolandarETDITIA/index.php?r=site/login
---
2014/01/21 22:12:45 [error] [system.db.CDbCommand] CDbCommand::fetchAll() failed: SQLSTATE[42S02]: Base table or view not found: 1146 Table 'customer.customer' doesn't exist. The SQL statement executed was: SHOW FULL COLUMNS FROM `customer`.
in C:\xampp\htdocs\YolandaRetditia\index.php (13)
2014/01/21 22:13:14 [error] [system.db.CDbCommand] CDbCommand::fetchAll() failed: SQLSTATE[42S02]: Base table or view not found: 1146 Table 'customer.customer' doesn't exist. The SQL statement executed was: SHOW FULL COLUMNS FROM `customer`.
in C:\xampp\htdocs\YolandaRetditia\index.php (13)
2014/01/21 22:13:45 [error] [system.db.CDbCommand] CDbCommand::fetchAll() failed: SQLSTATE[42S02]: Base table or view not found: 1146 Table 'customer.customer' doesn't exist. The SQL statement executed was: SHOW FULL COLUMNS FROM `customer`.
in C:\xampp\htdocs\YolandaRetditia\index.php (13)
2014/01/21 22:13:59 [error] [system.db.CDbCommand] CDbCommand::fetchAll() failed: SQLSTATE[42S02]: Base table or view not found: 1146 Table 'customer.customer' doesn't exist. The SQL statement executed was: SHOW FULL COLUMNS FROM `customer`.
in C:\xampp\htdocs\YolandaRetditia\index.php (13)
2014/01/21 22:14:12 [error] [system.db.CDbCommand] CDbCommand::fetchAll() failed: SQLSTATE[42S02]: Base table or view not found: 1146 Table 'customer.customer' doesn't exist. The SQL statement executed was: SHOW FULL COLUMNS FROM `Customer`.
in C:\xampp\htdocs\YolandaRetditia\index.php (13)
2014/01/21 22:14:59 [error] [system.db.CDbCommand] CDbCommand::fetchAll() failed: SQLSTATE[42S02]: Base table or view not found: 1146 Table 'customer.customer' doesn't exist. The SQL statement executed was: SHOW FULL COLUMNS FROM `customer`.
in C:\xampp\htdocs\YolandaRetditia\index.php (13)
2014/01/21 22:15:10 [error] [system.db.CDbCommand] CDbCommand::fetchAll() failed: SQLSTATE[42S02]: Base table or view not found: 1146 Table 'customer.customer' doesn't exist. The SQL statement executed was: SHOW FULL COLUMNS FROM `customer`.
in C:\xampp\htdocs\YolandaRetditia\index.php (13)
2014/01/21 22:16:42 [error] [system.db.CDbCommand] CDbCommand::fetchAll() failed: SQLSTATE[42S02]: Base table or view not found: 1146 Table 'customer.customer' doesn't exist. The SQL statement executed was: SHOW FULL COLUMNS FROM `customer`.
in C:\xampp\htdocs\YolandaRetditia\index.php (13)
2014/01/21 22:27:03 [error] [exception.CHttpException.403] exception 'CHttpException' with message 'You are not authorized to perform this action.' in C:\xampp\htdocs\yolanda_tes\framework\web\auth\CAccessControlFilter.php:179
Stack trace:
#0 C:\xampp\htdocs\yolanda_tes\framework\web\auth\CAccessControlFilter.php(142): CAccessControlFilter->accessDenied(Object(CWebUser), 'You are not aut...')
#1 C:\xampp\htdocs\yolanda_tes\framework\web\filters\CFilter.php(38): CAccessControlFilter->preFilter(Object(CFilterChain))
#2 C:\xampp\htdocs\yolanda_tes\framework\web\CController.php(1145): CFilter->filter(Object(CFilterChain))
#3 C:\xampp\htdocs\yolanda_tes\framework\web\filters\CInlineFilter.php(58): CController->filterAccessControl(Object(CFilterChain))
#4 C:\xampp\htdocs\yolanda_tes\framework\web\filters\CFilterChain.php(130): CInlineFilter->filter(Object(CFilterChain))
#5 C:\xampp\htdocs\yolanda_tes\framework\web\CController.php(291): CFilterChain->run()
#6 C:\xampp\htdocs\yolanda_tes\framework\web\CController.php(265): CController->runActionWithFilters(Object(CInlineAction), Array)
#7 C:\xampp\htdocs\yolanda_tes\framework\web\CWebApplication.php(282): CController->run('admin')
#8 C:\xampp\htdocs\yolanda_tes\framework\web\CWebApplication.php(141): CWebApplication->runController('student/admin')
#9 C:\xampp\htdocs\yolanda_tes\framework\base\CApplication.php(169): CWebApplication->processRequest()
#10 C:\xampp\htdocs\YolandaRetditia\index.php(13): CApplication->run()
#11 {main}
REQUEST_URI=/YolandarETDITIA/index.php?r=student/admin
HTTP_REFERER=http://localhost/YolandarETDITIA/index.php?r=student/update&id=3
---
2014/01/21 22:29:17 [error] [exception.CHttpException.403] exception 'CHttpException' with message 'You are not authorized to perform this action.' in C:\xampp\htdocs\yolanda_tes\framework\web\auth\CAccessControlFilter.php:179
Stack trace:
#0 C:\xampp\htdocs\yolanda_tes\framework\web\auth\CAccessControlFilter.php(142): CAccessControlFilter->accessDenied(Object(CWebUser), 'You are not aut...')
#1 C:\xampp\htdocs\yolanda_tes\framework\web\filters\CFilter.php(38): CAccessControlFilter->preFilter(Object(CFilterChain))
#2 C:\xampp\htdocs\yolanda_tes\framework\web\CController.php(1145): CFilter->filter(Object(CFilterChain))
#3 C:\xampp\htdocs\yolanda_tes\framework\web\filters\CInlineFilter.php(58): CController->filterAccessControl(Object(CFilterChain))
#4 C:\xampp\htdocs\yolanda_tes\framework\web\filters\CFilterChain.php(130): CInlineFilter->filter(Object(CFilterChain))
#5 C:\xampp\htdocs\yolanda_tes\framework\web\CController.php(291): CFilterChain->run()
#6 C:\xampp\htdocs\yolanda_tes\framework\web\CController.php(265): CController->runActionWithFilters(Object(CInlineAction), Array)
#7 C:\xampp\htdocs\yolanda_tes\framework\web\CWebApplication.php(282): CController->run('admin')
#8 C:\xampp\htdocs\yolanda_tes\framework\web\CWebApplication.php(141): CWebApplication->runController('student/admin')
#9 C:\xampp\htdocs\yolanda_tes\framework\base\CApplication.php(169): CWebApplication->processRequest()
#10 C:\xampp\htdocs\YolandaRetditia\index.php(13): CApplication->run()
#11 {main}
REQUEST_URI=/YolandarETDITIA/index.php?r=student/admin
HTTP_REFERER=http://localhost/YolandarETDITIA/index.php?r=student/index
---
2014/01/21 22:38:17 [error] [exception.CHttpException.403] exception 'CHttpException' with message 'You are not authorized to perform this action.' in C:\xampp\htdocs\yolanda_tes\framework\web\auth\CAccessControlFilter.php:179
Stack trace:
#0 C:\xampp\htdocs\yolanda_tes\framework\web\auth\CAccessControlFilter.php(142): CAccessControlFilter->accessDenied(Object(CWebUser), 'You are not aut...')
#1 C:\xampp\htdocs\yolanda_tes\framework\web\filters\CFilter.php(38): CAccessControlFilter->preFilter(Object(CFilterChain))
#2 C:\xampp\htdocs\yolanda_tes\framework\web\CController.php(1145): CFilter->filter(Object(CFilterChain))
#3 C:\xampp\htdocs\yolanda_tes\framework\web\filters\CInlineFilter.php(58): CController->filterAccessControl(Object(CFilterChain))
#4 C:\xampp\htdocs\yolanda_tes\framework\web\filters\CFilterChain.php(130): CInlineFilter->filter(Object(CFilterChain))
#5 C:\xampp\htdocs\yolanda_tes\framework\web\CController.php(291): CFilterChain->run()
#6 C:\xampp\htdocs\yolanda_tes\framework\web\CController.php(265): CController->runActionWithFilters(Object(CInlineAction), Array)
#7 C:\xampp\htdocs\yolanda_tes\framework\web\CWebApplication.php(282): CController->run('admin')
#8 C:\xampp\htdocs\yolanda_tes\framework\web\CWebApplication.php(141): CWebApplication->runController('student/admin')
#9 C:\xampp\htdocs\yolanda_tes\framework\base\CApplication.php(169): CWebApplication->processRequest()
#10 C:\xampp\htdocs\YolandaRetditia\index.php(13): CApplication->run()
#11 {main}
REQUEST_URI=/YolandarETDITIA/index.php?r=student/admin
HTTP_REFERER=http://localhost/YolandarETDITIA/index.php?r=student/index
---
2014/01/22 09:10:12 [error] [exception.CHttpException.404] exception 'CHttpException' with message 'Unable to resolve the request "view".' in C:\xampp\htdocs\yolanda_tes\framework\web\CWebApplication.php:286
Stack trace:
#0 C:\xampp\htdocs\yolanda_tes\framework\web\CWebApplication.php(141): CWebApplication->runController('view')
#1 C:\xampp\htdocs\yolanda_tes\framework\base\CApplication.php(169): CWebApplication->processRequest()
#2 C:\xampp\htdocs\YolandaRetditia\index.php(13): CApplication->run()
#3 {main}
REQUEST_URI=/YolandaRetditia/index.php?r=view
---
2014/01/22 09:10:58 [error] [exception.CHttpException.403] exception 'CHttpException' with message 'You are not authorized to perform this action.' in C:\xampp\htdocs\yolanda_tes\framework\web\auth\CAccessControlFilter.php:179
Stack trace:
#0 C:\xampp\htdocs\yolanda_tes\framework\web\auth\CAccessControlFilter.php(142): CAccessControlFilter->accessDenied(Object(CWebUser), 'You are not aut...')
#1 C:\xampp\htdocs\yolanda_tes\framework\web\filters\CFilter.php(38): CAccessControlFilter->preFilter(Object(CFilterChain))
#2 C:\xampp\htdocs\yolanda_tes\framework\web\CController.php(1145): CFilter->filter(Object(CFilterChain))
#3 C:\xampp\htdocs\yolanda_tes\framework\web\filters\CInlineFilter.php(58): CController->filterAccessControl(Object(CFilterChain))
#4 C:\xampp\htdocs\yolanda_tes\framework\web\filters\CFilterChain.php(130): CInlineFilter->filter(Object(CFilterChain))
#5 C:\xampp\htdocs\yolanda_tes\framework\web\CController.php(291): CFilterChain->run()
#6 C:\xampp\htdocs\yolanda_tes\framework\web\CController.php(265): CController->runActionWithFilters(Object(CInlineAction), Array)
#7 C:\xampp\htdocs\yolanda_tes\framework\web\CWebApplication.php(282): CController->run('admin')
#8 C:\xampp\htdocs\yolanda_tes\framework\web\CWebApplication.php(141): CWebApplication->runController('student/admin')
#9 C:\xampp\htdocs\yolanda_tes\framework\base\CApplication.php(169): CWebApplication->processRequest()
#10 C:\xampp\htdocs\YolandaRetditia\index.php(13): CApplication->run()
#11 {main}
REQUEST_URI=/YolandaRetditia/index.php?r=student/admin
HTTP_REFERER=http://localhost/YolandaRetditia/index.php?r=student/index
---
2014/01/22 09:10:58 [error] [exception.CHttpException.403] exception 'CHttpException' with message 'You are not authorized to perform this action.' in C:\xampp\htdocs\yolanda_tes\framework\web\auth\CAccessControlFilter.php:179
Stack trace:
#0 C:\xampp\htdocs\yolanda_tes\framework\web\auth\CAccessControlFilter.php(142): CAccessControlFilter->accessDenied(Object(CWebUser), 'You are not aut...')
#1 C:\xampp\htdocs\yolanda_tes\framework\web\filters\CFilter.php(38): CAccessControlFilter->preFilter(Object(CFilterChain))
#2 C:\xampp\htdocs\yolanda_tes\framework\web\CController.php(1145): CFilter->filter(Object(CFilterChain))
#3 C:\xampp\htdocs\yolanda_tes\framework\web\filters\CInlineFilter.php(58): CController->filterAccessControl(Object(CFilterChain))
#4 C:\xampp\htdocs\yolanda_tes\framework\web\filters\CFilterChain.php(130): CInlineFilter->filter(Object(CFilterChain))
#5 C:\xampp\htdocs\yolanda_tes\framework\web\CController.php(291): CFilterChain->run()
#6 C:\xampp\htdocs\yolanda_tes\framework\web\CController.php(265): CController->runActionWithFilters(Object(CInlineAction), Array)
#7 C:\xampp\htdocs\yolanda_tes\framework\web\CWebApplication.php(282): CController->run('admin')
#8 C:\xampp\htdocs\yolanda_tes\framework\web\CWebApplication.php(141): CWebApplication->runController('student/admin')
#9 C:\xampp\htdocs\yolanda_tes\framework\base\CApplication.php(169): CWebApplication->processRequest()
#10 C:\xampp\htdocs\YolandaRetditia\index.php(13): CApplication->run()
#11 {main}
REQUEST_URI=/YolandaRetditia/index.php?r=student/admin
HTTP_REFERER=http://localhost/YolandaRetditia/index.php?r=student/index
---
2014/01/22 09:13:43 [error] [exception.CHttpException.403] exception 'CHttpException' with message 'You are not authorized to perform this action.' in C:\xampp\htdocs\yolanda_tes\framework\web\auth\CAccessControlFilter.php:179
Stack trace:
#0 C:\xampp\htdocs\yolanda_tes\framework\web\auth\CAccessControlFilter.php(142): CAccessControlFilter->accessDenied(Object(CWebUser), 'You are not aut...')
#1 C:\xampp\htdocs\yolanda_tes\framework\web\filters\CFilter.php(38): CAccessControlFilter->preFilter(Object(CFilterChain))
#2 C:\xampp\htdocs\yolanda_tes\framework\web\CController.php(1145): CFilter->filter(Object(CFilterChain))
#3 C:\xampp\htdocs\yolanda_tes\framework\web\filters\CInlineFilter.php(58): CController->filterAccessControl(Object(CFilterChain))
#4 C:\xampp\htdocs\yolanda_tes\framework\web\filters\CFilterChain.php(130): CInlineFilter->filter(Object(CFilterChain))
#5 C:\xampp\htdocs\yolanda_tes\framework\web\CController.php(291): CFilterChain->run()
#6 C:\xampp\htdocs\yolanda_tes\framework\web\CController.php(265): CController->runActionWithFilters(Object(CInlineAction), Array)
#7 C:\xampp\htdocs\yolanda_tes\framework\web\CWebApplication.php(282): CController->run('admin')
#8 C:\xampp\htdocs\yolanda_tes\framework\web\CWebApplication.php(141): CWebApplication->runController('student/admin')
#9 C:\xampp\htdocs\yolanda_tes\framework\base\CApplication.php(169): CWebApplication->processRequest()
#10 C:\xampp\htdocs\YolandaRetditia\index.php(13): CApplication->run()
#11 {main}
REQUEST_URI=/YolandaRetditia/index.php?r=student/admin
---
2014/01/22 09:13:59 [error] [exception.CHttpException.400] exception 'CHttpException' with message 'Your request is invalid.' in C:\xampp\htdocs\yolanda_tes\framework\web\CController.php:336
Stack trace:
#0 C:\xampp\htdocs\yolanda_tes\framework\web\CController.php(309): CController->invalidActionParams(Object(CInlineAction))
#1 C:\xampp\htdocs\yolanda_tes\framework\web\filters\CFilterChain.php(133): CController->runAction(Object(CInlineAction))
#2 C:\xampp\htdocs\yolanda_tes\framework\web\filters\CFilter.php(40): CFilterChain->run()
#3 C:\xampp\htdocs\yolanda_tes\framework\web\CController.php(1145): CFilter->filter(Object(CFilterChain))
#4 C:\xampp\htdocs\yolanda_tes\framework\web\filters\CInlineFilter.php(58): CController->filterAccessControl(Object(CFilterChain))
#5 C:\xampp\htdocs\yolanda_tes\framework\web\filters\CFilterChain.php(130): CInlineFilter->filter(Object(CFilterChain))
#6 C:\xampp\htdocs\yolanda_tes\framework\web\CController.php(291): CFilterChain->run()
#7 C:\xampp\htdocs\yolanda_tes\framework\web\CController.php(265): CController->runActionWithFilters(Object(CInlineAction), Array)
#8 C:\xampp\htdocs\yolanda_tes\framework\web\CWebApplication.php(282): CController->run('view')
#9 C:\xampp\htdocs\yolanda_tes\framework\web\CWebApplication.php(141): CWebApplication->runController('student/view')
#10 C:\xampp\htdocs\yolanda_tes\framework\base\CApplication.php(169): CWebApplication->processRequest()
#11 C:\xampp\htdocs\YolandaRetditia\index.php(13): CApplication->run()
#12 {main}
REQUEST_URI=/YolandaRetditia/index.php?r=student/view
---
2014/01/22 09:14:15 [error] [exception.CHttpException.400] exception 'CHttpException' with message 'Your request is invalid.' in C:\xampp\htdocs\yolanda_tes\framework\web\CController.php:336
Stack trace:
#0 C:\xampp\htdocs\yolanda_tes\framework\web\CController.php(309): CController->invalidActionParams(Object(CInlineAction))
#1 C:\xampp\htdocs\yolanda_tes\framework\web\filters\CFilterChain.php(133): CController->runAction(Object(CInlineAction))
#2 C:\xampp\htdocs\yolanda_tes\framework\web\filters\CFilter.php(40): CFilterChain->run()
#3 C:\xampp\htdocs\yolanda_tes\framework\web\CController.php(1145): CFilter->filter(Object(CFilterChain))
#4 C:\xampp\htdocs\yolanda_tes\framework\web\filters\CInlineFilter.php(58): CController->filterAccessControl(Object(CFilterChain))
#5 C:\xampp\htdocs\yolanda_tes\framework\web\filters\CFilterChain.php(130): CInlineFilter->filter(Object(CFilterChain))
#6 C:\xampp\htdocs\yolanda_tes\framework\web\CController.php(291): CFilterChain->run()
#7 C:\xampp\htdocs\yolanda_tes\framework\web\CController.php(265): CController->runActionWithFilters(Object(CInlineAction), Array)
#8 C:\xampp\htdocs\yolanda_tes\framework\web\CWebApplication.php(282): CController->run('view')
#9 C:\xampp\htdocs\yolanda_tes\framework\web\CWebApplication.php(141): CWebApplication->runController('student/view')
#10 C:\xampp\htdocs\yolanda_tes\framework\base\CApplication.php(169): CWebApplication->processRequest()
#11 C:\xampp\htdocs\YolandaRetditia\index.php(13): CApplication->run()
#12 {main}
REQUEST_URI=/YolandaRetditia/index.php?r=student/view
---
2014/01/22 09:21:52 [error] [exception.CHttpException.400] exception 'CHttpException' with message 'Your request is invalid.' in C:\xampp\htdocs\yolanda_tes\framework\web\CController.php:336
Stack trace:
#0 C:\xampp\htdocs\yolanda_tes\framework\web\CController.php(309): CController->invalidActionParams(Object(CInlineAction))
#1 C:\xampp\htdocs\yolanda_tes\framework\web\filters\CFilterChain.php(133): CController->runAction(Object(CInlineAction))
#2 C:\xampp\htdocs\yolanda_tes\framework\web\filters\CFilter.php(40): CFilterChain->run()
#3 C:\xampp\htdocs\yolanda_tes\framework\web\CController.php(1145): CFilter->filter(Object(CFilterChain))
#4 C:\xampp\htdocs\yolanda_tes\framework\web\filters\CInlineFilter.php(58): CController->filterAccessControl(Object(CFilterChain))
#5 C:\xampp\htdocs\yolanda_tes\framework\web\filters\CFilterChain.php(130): CInlineFilter->filter(Object(CFilterChain))
#6 C:\xampp\htdocs\yolanda_tes\framework\web\CController.php(291): CFilterChain->run()
#7 C:\xampp\htdocs\yolanda_tes\framework\web\CController.php(265): CController->runActionWithFilters(Object(CInlineAction), Array)
#8 C:\xampp\htdocs\yolanda_tes\framework\web\CWebApplication.php(282): CController->run('view')
#9 C:\xampp\htdocs\yolanda_tes\framework\web\CWebApplication.php(141): CWebApplication->runController('student/view')
#10 C:\xampp\htdocs\yolanda_tes\framework\base\CApplication.php(169): CWebApplication->processRequest()
#11 C:\xampp\htdocs\YolandaRetditia\index.php(13): CApplication->run()
#12 {main}
REQUEST_URI=/YolandaRetditia/index.php?r=student/view
---
2014/01/22 09:24:26 [error] [exception.CHttpException.403] exception 'CHttpException' with message 'You are not authorized to perform this action.' in C:\xampp\htdocs\yolanda_tes\framework\web\auth\CAccessControlFilter.php:179
Stack trace:
#0 C:\xampp\htdocs\yolanda_tes\framework\web\auth\CAccessControlFilter.php(142): CAccessControlFilter->accessDenied(Object(CWebUser), 'You are not aut...')
#1 C:\xampp\htdocs\yolanda_tes\framework\web\filters\CFilter.php(38): CAccessControlFilter->preFilter(Object(CFilterChain))
#2 C:\xampp\htdocs\yolanda_tes\framework\web\CController.php(1145): CFilter->filter(Object(CFilterChain))
#3 C:\xampp\htdocs\yolanda_tes\framework\web\filters\CInlineFilter.php(58): CController->filterAccessControl(Object(CFilterChain))
#4 C:\xampp\htdocs\yolanda_tes\framework\web\filters\CFilterChain.php(130): CInlineFilter->filter(Object(CFilterChain))
#5 C:\xampp\htdocs\yolanda_tes\framework\web\CController.php(291): CFilterChain->run()
#6 C:\xampp\htdocs\yolanda_tes\framework\web\CController.php(265): CController->runActionWithFilters(Object(CInlineAction), Array)
#7 C:\xampp\htdocs\yolanda_tes\framework\web\CWebApplication.php(282): CController->run('admin')
#8 C:\xampp\htdocs\yolanda_tes\framework\web\CWebApplication.php(141): CWebApplication->runController('student/admin')
#9 C:\xampp\htdocs\yolanda_tes\framework\base\CApplication.php(169): CWebApplication->processRequest()
#10 C:\xampp\htdocs\YolandaRetditia\index.php(13): CApplication->run()
#11 {main}
REQUEST_URI=/YolandaRetditia/index.php?r=student/admin
HTTP_REFERER=http://localhost/YolandaRetditia/index.php?r=student/index
---
2014/01/22 10:11:03 [error] [exception.CHttpException.403] exception 'CHttpException' with message 'You are not authorized to perform this action.' in C:\xampp\htdocs\yolanda_tes\framework\web\auth\CAccessControlFilter.php:179
Stack trace:
#0 C:\xampp\htdocs\yolanda_tes\framework\web\auth\CAccessControlFilter.php(142): CAccessControlFilter->accessDenied(Object(CWebUser), 'You are not aut...')
#1 C:\xampp\htdocs\yolanda_tes\framework\web\filters\CFilter.php(38): CAccessControlFilter->preFilter(Object(CFilterChain))
#2 C:\xampp\htdocs\yolanda_tes\framework\web\CController.php(1145): CFilter->filter(Object(CFilterChain))
#3 C:\xampp\htdocs\yolanda_tes\framework\web\filters\CInlineFilter.php(58): CController->filterAccessControl(Object(CFilterChain))
#4 C:\xampp\htdocs\yolanda_tes\framework\web\filters\CFilterChain.php(130): CInlineFilter->filter(Object(CFilterChain))
#5 C:\xampp\htdocs\yolanda_tes\framework\web\CController.php(291): CFilterChain->run()
#6 C:\xampp\htdocs\yolanda_tes\framework\web\CController.php(265): CController->runActionWithFilters(Object(CInlineAction), Array)
#7 C:\xampp\htdocs\yolanda_tes\framework\web\CWebApplication.php(282): CController->run('admin')
#8 C:\xampp\htdocs\yolanda_tes\framework\web\CWebApplication.php(141): CWebApplication->runController('student/admin')
#9 C:\xampp\htdocs\yolanda_tes\framework\base\CApplication.php(169): CWebApplication->processRequest()
#10 C:\xampp\htdocs\YolandaRetditia\index.php(13): CApplication->run()
#11 {main}
REQUEST_URI=/YolandaRetditia/index.php?r=student/admin
HTTP_REFERER=http://localhost/YolandaRetditia/index.php?r=student
---
2014/01/22 10:27:57 [error] [exception.CHttpException.403] exception 'CHttpException' with message 'You are not authorized to perform this action.' in C:\xampp\htdocs\yolanda_tes\framework\web\auth\CAccessControlFilter.php:179
Stack trace:
#0 C:\xampp\htdocs\yolanda_tes\framework\web\auth\CAccessControlFilter.php(142): CAccessControlFilter->accessDenied(Object(CWebUser), 'You are not aut...')
#1 C:\xampp\htdocs\yolanda_tes\framework\web\filters\CFilter.php(38): CAccessControlFilter->preFilter(Object(CFilterChain))
#2 C:\xampp\htdocs\yolanda_tes\framework\web\CController.php(1145): CFilter->filter(Object(CFilterChain))
#3 C:\xampp\htdocs\yolanda_tes\framework\web\filters\CInlineFilter.php(58): CController->filterAccessControl(Object(CFilterChain))
#4 C:\xampp\htdocs\yolanda_tes\framework\web\filters\CFilterChain.php(130): CInlineFilter->filter(Object(CFilterChain))
#5 C:\xampp\htdocs\yolanda_tes\framework\web\CController.php(291): CFilterChain->run()
#6 C:\xampp\htdocs\yolanda_tes\framework\web\CController.php(265): CController->runActionWithFilters(Object(CInlineAction), Array)
#7 C:\xampp\htdocs\yolanda_tes\framework\web\CWebApplication.php(282): CController->run('admin')
#8 C:\xampp\htdocs\yolanda_tes\framework\web\CWebApplication.php(141): CWebApplication->runController('student/admin')
#9 C:\xampp\htdocs\yolanda_tes\framework\base\CApplication.php(169): CWebApplication->processRequest()
#10 C:\xampp\htdocs\YolandaRetditia\index.php(13): CApplication->run()
#11 {main}
REQUEST_URI=/YolandaRetditia/index.php?r=student/admin
HTTP_REFERER=http://localhost/YolandaRetditia/index.php?r=student/index
---
2014/01/22 10:28:09 [error] [exception.CHttpException.403] exception 'CHttpException' with message 'You are not authorized to perform this action.' in C:\xampp\htdocs\yolanda_tes\framework\web\auth\CAccessControlFilter.php:179
Stack trace:
#0 C:\xampp\htdocs\yolanda_tes\framework\web\auth\CAccessControlFilter.php(142): CAccessControlFilter->accessDenied(Object(CWebUser), 'You are not aut...')
#1 C:\xampp\htdocs\yolanda_tes\framework\web\filters\CFilter.php(38): CAccessControlFilter->preFilter(Object(CFilterChain))
#2 C:\xampp\htdocs\yolanda_tes\framework\web\CController.php(1145): CFilter->filter(Object(CFilterChain))
#3 C:\xampp\htdocs\yolanda_tes\framework\web\filters\CInlineFilter.php(58): CController->filterAccessControl(Object(CFilterChain))
#4 C:\xampp\htdocs\yolanda_tes\framework\web\filters\CFilterChain.php(130): CInlineFilter->filter(Object(CFilterChain))
#5 C:\xampp\htdocs\yolanda_tes\framework\web\CController.php(291): CFilterChain->run()
#6 C:\xampp\htdocs\yolanda_tes\framework\web\CController.php(265): CController->runActionWithFilters(Object(CInlineAction), Array)
#7 C:\xampp\htdocs\yolanda_tes\framework\web\CWebApplication.php(282): CController->run('admin')
#8 C:\xampp\htdocs\yolanda_tes\framework\web\CWebApplication.php(141): CWebApplication->runController('student/admin')
#9 C:\xampp\htdocs\yolanda_tes\framework\base\CApplication.php(169): CWebApplication->processRequest()
#10 C:\xampp\htdocs\YolandaRetditia\index.php(13): CApplication->run()
#11 {main}
REQUEST_URI=/YolandaRetditia/index.php?r=student/admin
HTTP_REFERER=http://localhost/YolandaRetditia/index.php?r=student/index
---
2014/01/25 13:44:41 [error] [exception.CHttpException.404] exception 'CHttpException' with message 'The requested view "jadwal kursus" was not found.' in C:\xampp\htdocs\yolanda_tes\framework\web\actions\CViewAction.php:112
Stack trace:
#0 C:\xampp\htdocs\yolanda_tes\framework\web\actions\CViewAction.php(123): CViewAction->resolveView('jadwal kursus')
#1 C:\xampp\htdocs\yolanda_tes\framework\web\actions\CAction.php(76): CViewAction->run()
#2 C:\xampp\htdocs\yolanda_tes\framework\web\CController.php(308): CAction->runWithParams(Array)
#3 C:\xampp\htdocs\yolanda_tes\framework\web\CController.php(286): CController->runAction(Object(CViewAction))
#4 C:\xampp\htdocs\yolanda_tes\framework\web\CController.php(265): CController->runActionWithFilters(Object(CViewAction), Array)
#5 C:\xampp\htdocs\yolanda_tes\framework\web\CWebApplication.php(282): CController->run('page')
#6 C:\xampp\htdocs\yolanda_tes\framework\web\CWebApplication.php(141): CWebApplication->runController('site/page')
#7 C:\xampp\htdocs\yolanda_tes\framework\base\CApplication.php(169): CWebApplication->processRequest()
#8 C:\xampp\htdocs\YolandaRetditia\index.php(13): CApplication->run()
#9 {main}
REQUEST_URI=/YolandaRetditia/index.php?r=site/page&view=jadwal+kursus
HTTP_REFERER=http://localhost/YolandaRetditia/index.php
---
2014/01/25 13:45:58 [error] [exception.CHttpException.404] exception 'CHttpException' with message 'The requested view "jadwal kursus" was not found.' in C:\xampp\htdocs\yolanda_tes\framework\web\actions\CViewAction.php:112
Stack trace:
#0 C:\xampp\htdocs\yolanda_tes\framework\web\actions\CViewAction.php(123): CViewAction->resolveView('jadwal kursus')
#1 C:\xampp\htdocs\yolanda_tes\framework\web\actions\CAction.php(76): CViewAction->run()
#2 C:\xampp\htdocs\yolanda_tes\framework\web\CController.php(308): CAction->runWithParams(Array)
#3 C:\xampp\htdocs\yolanda_tes\framework\web\CController.php(286): CController->runAction(Object(CViewAction))
#4 C:\xampp\htdocs\yolanda_tes\framework\web\CController.php(265): CController->runActionWithFilters(Object(CViewAction), Array)
#5 C:\xampp\htdocs\yolanda_tes\framework\web\CWebApplication.php(282): CController->run('page')
#6 C:\xampp\htdocs\yolanda_tes\framework\web\CWebApplication.php(141): CWebApplication->runController('site/page')
#7 C:\xampp\htdocs\yolanda_tes\framework\base\CApplication.php(169): CWebApplication->processRequest()
#8 C:\xampp\htdocs\YolandaRetditia\index.php(13): CApplication->run()
#9 {main}
REQUEST_URI=/YolandaRetditia/index.php?r=site/page&view=jadwal+kursus
HTTP_REFERER=http://localhost/YolandaRetditia/index.php
---
2014/01/25 20:09:04 [error] [exception.CHttpException.404] exception 'CHttpException' with message 'The system is unable to find the requested action "jadwal".' in C:\xampp\htdocs\yolanda_tes\framework\web\CController.php:483
Stack trace:
#0 C:\xampp\htdocs\yolanda_tes\framework\web\CController.php(270): CController->missingAction('jadwal')
#1 C:\xampp\htdocs\yolanda_tes\framework\web\CWebApplication.php(282): CController->run('jadwal')
#2 C:\xampp\htdocs\yolanda_tes\framework\web\CWebApplication.php(141): CWebApplication->runController('site/jadwal')
#3 C:\xampp\htdocs\yolanda_tes\framework\base\CApplication.php(169): CWebApplication->processRequest()
#4 C:\xampp\htdocs\YolandaRetditia\index.php(13): CApplication->run()
#5 {main}
REQUEST_URI=/YolandaRetditia/index.php?r=site/jadwal
HTTP_REFERER=http://localhost/YolandaRetditia/index.php?r=site/index
---
2014/01/25 20:34:10 [error] [exception.CHttpException.404] exception 'CHttpException' with message 'The requested view "Jadwal Kursus" was not found.' in C:\xampp\htdocs\yolanda_tes\framework\web\actions\CViewAction.php:112
Stack trace:
#0 C:\xampp\htdocs\yolanda_tes\framework\web\actions\CViewAction.php(123): CViewAction->resolveView('Jadwal Kursus')
#1 C:\xampp\htdocs\yolanda_tes\framework\web\actions\CAction.php(76): CViewAction->run()
#2 C:\xampp\htdocs\yolanda_tes\framework\web\CController.php(308): CAction->runWithParams(Array)
#3 C:\xampp\htdocs\yolanda_tes\framework\web\CController.php(286): CController->runAction(Object(CViewAction))
#4 C:\xampp\htdocs\yolanda_tes\framework\web\CController.php(265): CController->runActionWithFilters(Object(CViewAction), Array)
#5 C:\xampp\htdocs\yolanda_tes\framework\web\CWebApplication.php(282): CController->run('page')
#6 C:\xampp\htdocs\yolanda_tes\framework\web\CWebApplication.php(141): CWebApplication->runController('site/page')
#7 C:\xampp\htdocs\yolanda_tes\framework\base\CApplication.php(169): CWebApplication->processRequest()
#8 C:\xampp\htdocs\YolandaRetditia\index.php(13): CApplication->run()
#9 {main}
REQUEST_URI=/YolandaRetditia/index.php?r=site/page&view=Jadwal+Kursus
HTTP_REFERER=http://localhost/YolandaRetditia/index.php?r=site/index
---
2014/01/25 20:35:33 [error] [exception.CHttpException.404] exception 'CHttpException' with message 'The requested view "Jadwal Kursus" was not found.' in C:\xampp\htdocs\yolanda_tes\framework\web\actions\CViewAction.php:112
Stack trace:
#0 C:\xampp\htdocs\yolanda_tes\framework\web\actions\CViewAction.php(123): CViewAction->resolveView('Jadwal Kursus')
#1 C:\xampp\htdocs\yolanda_tes\framework\web\actions\CAction.php(76): CViewAction->run()
#2 C:\xampp\htdocs\yolanda_tes\framework\web\CController.php(308): CAction->runWithParams(Array)
#3 C:\xampp\htdocs\yolanda_tes\framework\web\CController.php(286): CController->runAction(Object(CViewAction))
#4 C:\xampp\htdocs\yolanda_tes\framework\web\CController.php(265): CController->runActionWithFilters(Object(CViewAction), Array)
#5 C:\xampp\htdocs\yolanda_tes\framework\web\CWebApplication.php(282): CController->run('page')
#6 C:\xampp\htdocs\yolanda_tes\framework\web\CWebApplication.php(141): CWebApplication->runController('site/page')
#7 C:\xampp\htdocs\yolanda_tes\framework\base\CApplication.php(169): CWebApplication->processRequest()
#8 C:\xampp\htdocs\YolandaRetditia\index.php(13): CApplication->run()
#9 {main}
REQUEST_URI=/YolandaRetditia/index.php?r=site/page&view=Jadwal+Kursus
---
2014/01/25 20:45:53 [error] [exception.CHttpException.404] exception 'CHttpException' with message 'The requested view "index" was not found.' in C:\xampp\htdocs\yolanda_tes\framework\web\actions\CViewAction.php:112
Stack trace:
#0 C:\xampp\htdocs\yolanda_tes\framework\web\actions\CViewAction.php(123): CViewAction->resolveView('index')
#1 C:\xampp\htdocs\yolanda_tes\framework\web\actions\CAction.php(76): CViewAction->run()
#2 C:\xampp\htdocs\yolanda_tes\framework\web\CController.php(308): CAction->runWithParams(Array)
#3 C:\xampp\htdocs\yolanda_tes\framework\web\CController.php(286): CController->runAction(Object(CViewAction))
#4 C:\xampp\htdocs\yolanda_tes\framework\web\CController.php(265): CController->runActionWithFilters(Object(CViewAction), Array)
#5 C:\xampp\htdocs\yolanda_tes\framework\web\CWebApplication.php(282): CController->run('page')
#6 C:\xampp\htdocs\yolanda_tes\framework\web\CWebApplication.php(141): CWebApplication->runController('site/page')
#7 C:\xampp\htdocs\yolanda_tes\framework\base\CApplication.php(169): CWebApplication->processRequest()
#8 C:\xampp\htdocs\YolandaRetditia\index.php(13): CApplication->run()
#9 {main}
REQUEST_URI=/YolandaRetditia/index.php?r=site/page
HTTP_REFERER=http://localhost/YolandaRetditia/index.php?r=student/admin
---
2014/01/25 20:46:30 [error] [exception.CHttpException.404] exception 'CHttpException' with message 'The requested view "index" was not found.' in C:\xampp\htdocs\yolanda_tes\framework\web\actions\CViewAction.php:112
Stack trace:
#0 C:\xampp\htdocs\yolanda_tes\framework\web\actions\CViewAction.php(123): CViewAction->resolveView('index')
#1 C:\xampp\htdocs\yolanda_tes\framework\web\actions\CAction.php(76): CViewAction->run()
#2 C:\xampp\htdocs\yolanda_tes\framework\web\CController.php(308): CAction->runWithParams(Array)
#3 C:\xampp\htdocs\yolanda_tes\framework\web\CController.php(286): CController->runAction(Object(CViewAction))
#4 C:\xampp\htdocs\yolanda_tes\framework\web\CController.php(265): CController->runActionWithFilters(Object(CViewAction), Array)
#5 C:\xampp\htdocs\yolanda_tes\framework\web\CWebApplication.php(282): CController->run('page')
#6 C:\xampp\htdocs\yolanda_tes\framework\web\CWebApplication.php(141): CWebApplication->runController('site/page')
#7 C:\xampp\htdocs\yolanda_tes\framework\base\CApplication.php(169): CWebApplication->processRequest()
#8 C:\xampp\htdocs\YolandaRetditia\index.php(13): CApplication->run()
#9 {main}
REQUEST_URI=/YolandaRetditia/index.php?r=site/page
---
2014/01/25 20:46:35 [error] [exception.CHttpException.404] exception 'CHttpException' with message 'The requested view "Jadwal Kursus" was not found.' in C:\xampp\htdocs\yolanda_tes\framework\web\actions\CViewAction.php:112
Stack trace:
#0 C:\xampp\htdocs\yolanda_tes\framework\web\actions\CViewAction.php(123): CViewAction->resolveView('Jadwal Kursus')
#1 C:\xampp\htdocs\yolanda_tes\framework\web\actions\CAction.php(76): CViewAction->run()
#2 C:\xampp\htdocs\yolanda_tes\framework\web\CController.php(308): CAction->runWithParams(Array)
#3 C:\xampp\htdocs\yolanda_tes\framework\web\CController.php(286): CController->runAction(Object(CViewAction))
#4 C:\xampp\htdocs\yolanda_tes\framework\web\CController.php(265): CController->runActionWithFilters(Object(CViewAction), Array)
#5 C:\xampp\htdocs\yolanda_tes\framework\web\CWebApplication.php(282): CController->run('page')
#6 C:\xampp\htdocs\yolanda_tes\framework\web\CWebApplication.php(141): CWebApplication->runController('site/page')
#7 C:\xampp\htdocs\yolanda_tes\framework\base\CApplication.php(169): CWebApplication->processRequest()
#8 C:\xampp\htdocs\YolandaRetditia\index.php(13): CApplication->run()
#9 {main}
REQUEST_URI=/YolandaRetditia/index.php?r=site/page&view=Jadwal+Kursus
HTTP_REFERER=http://localhost/YolandaRetditia/index.php?r=site/page
---
2014/01/25 20:46:40 [error] [exception.CHttpException.404] exception 'CHttpException' with message 'The requested view "Jadwal Kursus" was not found.' in C:\xampp\htdocs\yolanda_tes\framework\web\actions\CViewAction.php:112
Stack trace:
#0 C:\xampp\htdocs\yolanda_tes\framework\web\actions\CViewAction.php(123): CViewAction->resolveView('Jadwal Kursus')
#1 C:\xampp\htdocs\yolanda_tes\framework\web\actions\CAction.php(76): CViewAction->run()
#2 C:\xampp\htdocs\yolanda_tes\framework\web\CController.php(308): CAction->runWithParams(Array)
#3 C:\xampp\htdocs\yolanda_tes\framework\web\CController.php(286): CController->runAction(Object(CViewAction))
#4 C:\xampp\htdocs\yolanda_tes\framework\web\CController.php(265): CController->runActionWithFilters(Object(CViewAction), Array)
#5 C:\xampp\htdocs\yolanda_tes\framework\web\CWebApplication.php(282): CController->run('page')
#6 C:\xampp\htdocs\yolanda_tes\framework\web\CWebApplication.php(141): CWebApplication->runController('site/page')
#7 C:\xampp\htdocs\yolanda_tes\framework\base\CApplication.php(169): CWebApplication->processRequest()
#8 C:\xampp\htdocs\YolandaRetditia\index.php(13): CApplication->run()
#9 {main}
REQUEST_URI=/YolandaRetditia/index.php?r=site/page&view=Jadwal+Kursus
HTTP_REFERER=http://localhost/YolandaRetditia/index.php?r=site/page&view=Jadwal+Kursus
---
2014/01/25 20:47:35 [error] [exception.CHttpException.404] exception 'CHttpException' with message 'The requested view "Jadwal Kursus" was not found.' in C:\xampp\htdocs\yolanda_tes\framework\web\actions\CViewAction.php:112
Stack trace:
#0 C:\xampp\htdocs\yolanda_tes\framework\web\actions\CViewAction.php(123): CViewAction->resolveView('Jadwal Kursus')
#1 C:\xampp\htdocs\yolanda_tes\framework\web\actions\CAction.php(76): CViewAction->run()
#2 C:\xampp\htdocs\yolanda_tes\framework\web\CController.php(308): CAction->runWithParams(Array)
#3 C:\xampp\htdocs\yolanda_tes\framework\web\CController.php(286): CController->runAction(Object(CViewAction))
#4 C:\xampp\htdocs\yolanda_tes\framework\web\CController.php(265): CController->runActionWithFilters(Object(CViewAction), Array)
#5 C:\xampp\htdocs\yolanda_tes\framework\web\CWebApplication.php(282): CController->run('page')
#6 C:\xampp\htdocs\yolanda_tes\framework\web\CWebApplication.php(141): CWebApplication->runController('site/page')
#7 C:\xampp\htdocs\yolanda_tes\framework\base\CApplication.php(169): CWebApplication->processRequest()
#8 C:\xampp\htdocs\YolandaRetditia\index.php(13): CApplication->run()
#9 {main}
REQUEST_URI=/YolandaRetditia/index.php?r=site/page&view=Jadwal+Kursus
HTTP_REFERER=http://localhost/YolandaRetditia/index.php?r=site/index
---
2014/01/25 20:48:22 [error] [exception.CHttpException.404] exception 'CHttpException' with message 'The requested view "Jadwal Kursus" was not found.' in C:\xampp\htdocs\yolanda_tes\framework\web\actions\CViewAction.php:112
Stack trace:
#0 C:\xampp\htdocs\yolanda_tes\framework\web\actions\CViewAction.php(123): CViewAction->resolveView('Jadwal Kursus')
#1 C:\xampp\htdocs\yolanda_tes\framework\web\actions\CAction.php(76): CViewAction->run()
#2 C:\xampp\htdocs\yolanda_tes\framework\web\CController.php(308): CAction->runWithParams(Array)
#3 C:\xampp\htdocs\yolanda_tes\framework\web\CController.php(286): CController->runAction(Object(CViewAction))
#4 C:\xampp\htdocs\yolanda_tes\framework\web\CController.php(265): CController->runActionWithFilters(Object(CViewAction), Array)
#5 C:\xampp\htdocs\yolanda_tes\framework\web\CWebApplication.php(282): CController->run('page')
#6 C:\xampp\htdocs\yolanda_tes\framework\web\CWebApplication.php(141): CWebApplication->runController('site/page')
#7 C:\xampp\htdocs\yolanda_tes\framework\base\CApplication.php(169): CWebApplication->processRequest()
#8 C:\xampp\htdocs\YolandaRetditia\index.php(13): CApplication->run()
#9 {main}
REQUEST_URI=/YolandaRetditia/index.php?r=site/page&view=Jadwal+Kursus
---
2014/01/25 20:50:56 [error] [exception.CHttpException.404] exception 'CHttpException' with message 'The requested view "Jadwal" was not found.' in C:\xampp\htdocs\yolanda_tes\framework\web\actions\CViewAction.php:112
Stack trace:
#0 C:\xampp\htdocs\yolanda_tes\framework\web\actions\CViewAction.php(123): CViewAction->resolveView('Jadwal')
#1 C:\xampp\htdocs\yolanda_tes\framework\web\actions\CAction.php(76): CViewAction->run()
#2 C:\xampp\htdocs\yolanda_tes\framework\web\CController.php(308): CAction->runWithParams(Array)
#3 C:\xampp\htdocs\yolanda_tes\framework\web\CController.php(286): CController->runAction(Object(CViewAction))
#4 C:\xampp\htdocs\yolanda_tes\framework\web\CController.php(265): CController->runActionWithFilters(Object(CViewAction), Array)
#5 C:\xampp\htdocs\yolanda_tes\framework\web\CWebApplication.php(282): CController->run('page')
#6 C:\xampp\htdocs\yolanda_tes\framework\web\CWebApplication.php(141): CWebApplication->runController('site/page')
#7 C:\xampp\htdocs\yolanda_tes\framework\base\CApplication.php(169): CWebApplication->processRequest()
#8 C:\xampp\htdocs\YolandaRetditia\index.php(13): CApplication->run()
#9 {main}
REQUEST_URI=/YolandaRetditia/index.php?r=site/page&view=Jadwal
---
2014/01/25 20:51:02 [error] [exception.CHttpException.404] exception 'CHttpException' with message 'The requested view "Jadwal Kursus" was not found.' in C:\xampp\htdocs\yolanda_tes\framework\web\actions\CViewAction.php:112
Stack trace:
#0 C:\xampp\htdocs\yolanda_tes\framework\web\actions\CViewAction.php(123): CViewAction->resolveView('Jadwal Kursus')
#1 C:\xampp\htdocs\yolanda_tes\framework\web\actions\CAction.php(76): CViewAction->run()
#2 C:\xampp\htdocs\yolanda_tes\framework\web\CController.php(308): CAction->runWithParams(Array)
#3 C:\xampp\htdocs\yolanda_tes\framework\web\CController.php(286): CController->runAction(Object(CViewAction))
#4 C:\xampp\htdocs\yolanda_tes\framework\web\CController.php(265): CController->runActionWithFilters(Object(CViewAction), Array)
#5 C:\xampp\htdocs\yolanda_tes\framework\web\CWebApplication.php(282): CController->run('page')
#6 C:\xampp\htdocs\yolanda_tes\framework\web\CWebApplication.php(141): CWebApplication->runController('site/page')
#7 C:\xampp\htdocs\yolanda_tes\framework\base\CApplication.php(169): CWebApplication->processRequest()
#8 C:\xampp\htdocs\YolandaRetditia\index.php(13): CApplication->run()
#9 {main}
REQUEST_URI=/YolandaRetditia/index.php?r=site/page&view=Jadwal+Kursus
HTTP_REFERER=http://localhost/YolandaRetditia/index.php?r=site/page&view=Jadwal
---
2014/01/25 20:54:45 [error] [exception.CHttpException.404] exception 'CHttpException' with message 'The requested view "Jadwal Kursus" was not found.' in C:\xampp\htdocs\yolanda_tes\framework\web\actions\CViewAction.php:112
Stack trace:
#0 C:\xampp\htdocs\yolanda_tes\framework\web\actions\CViewAction.php(123): CViewAction->resolveView('Jadwal Kursus')
#1 C:\xampp\htdocs\yolanda_tes\framework\web\actions\CAction.php(76): CViewAction->run()
#2 C:\xampp\htdocs\yolanda_tes\framework\web\CController.php(308): CAction->runWithParams(Array)
#3 C:\xampp\htdocs\yolanda_tes\framework\web\CController.php(286): CController->runAction(Object(CViewAction))
#4 C:\xampp\htdocs\yolanda_tes\framework\web\CController.php(265): CController->runActionWithFilters(Object(CViewAction), Array)
#5 C:\xampp\htdocs\yolanda_tes\framework\web\CWebApplication.php(282): CController->run('page')
#6 C:\xampp\htdocs\yolanda_tes\framework\web\CWebApplication.php(141): CWebApplication->runController('site/page')
#7 C:\xampp\htdocs\yolanda_tes\framework\base\CApplication.php(169): CWebApplication->processRequest()
#8 C:\xampp\htdocs\YolandaRetditia\index.php(13): CApplication->run()
#9 {main}
REQUEST_URI=/YolandaRetditia/index.php?r=site/page&view=Jadwal+Kursus
HTTP_REFERER=http://localhost/YolandaRetditia/index.php?r=site/index
---
2014/01/25 20:56:46 [error] [exception.CHttpException.404] exception 'CHttpException' with message 'The requested view "Jadwal Kursus" was not found.' in C:\xampp\htdocs\yolanda_tes\framework\web\actions\CViewAction.php:112
Stack trace:
#0 C:\xampp\htdocs\yolanda_tes\framework\web\actions\CViewAction.php(123): CViewAction->resolveView('Jadwal Kursus')
#1 C:\xampp\htdocs\yolanda_tes\framework\web\actions\CAction.php(76): CViewAction->run()
#2 C:\xampp\htdocs\yolanda_tes\framework\web\CController.php(308): CAction->runWithParams(Array)
#3 C:\xampp\htdocs\yolanda_tes\framework\web\CController.php(286): CController->runAction(Object(CViewAction))
#4 C:\xampp\htdocs\yolanda_tes\framework\web\CController.php(265): CController->runActionWithFilters(Object(CViewAction), Array)
#5 C:\xampp\htdocs\yolanda_tes\framework\web\CWebApplication.php(282): CController->run('page')
#6 C:\xampp\htdocs\yolanda_tes\framework\web\CWebApplication.php(141): CWebApplication->runController('site/page')
#7 C:\xampp\htdocs\yolanda_tes\framework\base\CApplication.php(169): CWebApplication->processRequest()
#8 C:\xampp\htdocs\YolandaRetditia\index.php(13): CApplication->run()
#9 {main}
REQUEST_URI=/YolandaRetditia/index.php?r=site/page&view=Jadwal+Kursus
---
2014/01/25 20:56:56 [error] [exception.CHttpException.404] exception 'CHttpException' with message 'The requested view "Jadwal Kursus" was not found.' in C:\xampp\htdocs\yolanda_tes\framework\web\actions\CViewAction.php:112
Stack trace:
#0 C:\xampp\htdocs\yolanda_tes\framework\web\actions\CViewAction.php(123): CViewAction->resolveView('Jadwal Kursus')
#1 C:\xampp\htdocs\yolanda_tes\framework\web\actions\CAction.php(76): CViewAction->run()
#2 C:\xampp\htdocs\yolanda_tes\framework\web\CController.php(308): CAction->runWithParams(Array)
#3 C:\xampp\htdocs\yolanda_tes\framework\web\CController.php(286): CController->runAction(Object(CViewAction))
#4 C:\xampp\htdocs\yolanda_tes\framework\web\CController.php(265): CController->runActionWithFilters(Object(CViewAction), Array)
#5 C:\xampp\htdocs\yolanda_tes\framework\web\CWebApplication.php(282): CController->run('page')
#6 C:\xampp\htdocs\yolanda_tes\framework\web\CWebApplication.php(141): CWebApplication->runController('site/page')
#7 C:\xampp\htdocs\yolanda_tes\framework\base\CApplication.php(169): CWebApplication->processRequest()
#8 C:\xampp\htdocs\YolandaRetditia\index.php(13): CApplication->run()
#9 {main}
REQUEST_URI=/YolandaRetditia/index.php?r=site/page&view=Jadwal+Kursus
HTTP_REFERER=http://localhost/YolandaRetditia/index.php?r=site/index
---
2014/01/25 20:57:51 [error] [exception.CHttpException.404] exception 'CHttpException' with message 'The requested view "Jadwal Kursus" was not found.' in C:\xampp\htdocs\yolanda_tes\framework\web\actions\CViewAction.php:112
Stack trace:
#0 C:\xampp\htdocs\yolanda_tes\framework\web\actions\CViewAction.php(123): CViewAction->resolveView('Jadwal Kursus')
#1 C:\xampp\htdocs\yolanda_tes\framework\web\actions\CAction.php(76): CViewAction->run()
#2 C:\xampp\htdocs\yolanda_tes\framework\web\CController.php(308): CAction->runWithParams(Array)
#3 C:\xampp\htdocs\yolanda_tes\framework\web\CController.php(286): CController->runAction(Object(CViewAction))
#4 C:\xampp\htdocs\yolanda_tes\framework\web\CController.php(265): CController->runActionWithFilters(Object(CViewAction), Array)
#5 C:\xampp\htdocs\yolanda_tes\framework\web\CWebApplication.php(282): CController->run('page')
#6 C:\xampp\htdocs\yolanda_tes\framework\web\CWebApplication.php(141): CWebApplication->runController('site/page')
#7 C:\xampp\htdocs\yolanda_tes\framework\base\CApplication.php(169): CWebApplication->processRequest()
#8 C:\xampp\htdocs\YolandaRetditia\index.php(13): CApplication->run()
#9 {main}
REQUEST_URI=/YolandaRetditia/index.php?r=site/page&view=Jadwal+Kursus
---
2014/01/25 20:57:55 [error] [exception.CHttpException.404] exception 'CHttpException' with message 'The requested view "Jadwal Kursus" was not found.' in C:\xampp\htdocs\yolanda_tes\framework\web\actions\CViewAction.php:112
Stack trace:
#0 C:\xampp\htdocs\yolanda_tes\framework\web\actions\CViewAction.php(123): CViewAction->resolveView('Jadwal Kursus')
#1 C:\xampp\htdocs\yolanda_tes\framework\web\actions\CAction.php(76): CViewAction->run()
#2 C:\xampp\htdocs\yolanda_tes\framework\web\CController.php(308): CAction->runWithParams(Array)
#3 C:\xampp\htdocs\yolanda_tes\framework\web\CController.php(286): CController->runAction(Object(CViewAction))
#4 C:\xampp\htdocs\yolanda_tes\framework\web\CController.php(265): CController->runActionWithFilters(Object(CViewAction), Array)
#5 C:\xampp\htdocs\yolanda_tes\framework\web\CWebApplication.php(282): CController->run('page')
#6 C:\xampp\htdocs\yolanda_tes\framework\web\CWebApplication.php(141): CWebApplication->runController('site/page')
#7 C:\xampp\htdocs\yolanda_tes\framework\base\CApplication.php(169): CWebApplication->processRequest()
#8 C:\xampp\htdocs\YolandaRetditia\index.php(13): CApplication->run()
#9 {main}
REQUEST_URI=/YolandaRetditia/index.php?r=site/page&view=Jadwal+Kursus
HTTP_REFERER=http://localhost/YolandaRetditia/index.php?r=site/page&view=Jadwal+Kursus
---
2014/01/25 20:58:19 [error] [exception.CHttpException.404] exception 'CHttpException' with message 'The requested view "Jadwal Kursus" was not found.' in C:\xampp\htdocs\yolanda_tes\framework\web\actions\CViewAction.php:112
Stack trace:
#0 C:\xampp\htdocs\yolanda_tes\framework\web\actions\CViewAction.php(123): CViewAction->resolveView('Jadwal Kursus')
#1 C:\xampp\htdocs\yolanda_tes\framework\web\actions\CAction.php(76): CViewAction->run()
#2 C:\xampp\htdocs\yolanda_tes\framework\web\CController.php(308): CAction->runWithParams(Array)
#3 C:\xampp\htdocs\yolanda_tes\framework\web\CController.php(286): CController->runAction(Object(CViewAction))
#4 C:\xampp\htdocs\yolanda_tes\framework\web\CController.php(265): CController->runActionWithFilters(Object(CViewAction), Array)
#5 C:\xampp\htdocs\yolanda_tes\framework\web\CWebApplication.php(282): CController->run('page')
#6 C:\xampp\htdocs\yolanda_tes\framework\web\CWebApplication.php(141): CWebApplication->runController('site/page')
#7 C:\xampp\htdocs\yolanda_tes\framework\base\CApplication.php(169): CWebApplication->processRequest()
#8 C:\xampp\htdocs\YolandaRetditia\index.php(13): CApplication->run()
#9 {main}
REQUEST_URI=/YolandaRetditia/index.php?r=site/page&view=Jadwal+Kursus
---
2014/01/25 21:00:57 [error] [exception.CHttpException.404] exception 'CHttpException' with message 'The requested view "Jadwal Kursus" was not found.' in C:\xampp\htdocs\yolanda_tes\framework\web\actions\CViewAction.php:112
Stack trace:
#0 C:\xampp\htdocs\yolanda_tes\framework\web\actions\CViewAction.php(123): CViewAction->resolveView('Jadwal Kursus')
#1 C:\xampp\htdocs\yolanda_tes\framework\web\actions\CAction.php(76): CViewAction->run()
#2 C:\xampp\htdocs\yolanda_tes\framework\web\CController.php(308): CAction->runWithParams(Array)
#3 C:\xampp\htdocs\yolanda_tes\framework\web\CController.php(286): CController->runAction(Object(CViewAction))
#4 C:\xampp\htdocs\yolanda_tes\framework\web\CController.php(265): CController->runActionWithFilters(Object(CViewAction), Array)
#5 C:\xampp\htdocs\yolanda_tes\framework\web\CWebApplication.php(282): CController->run('page')
#6 C:\xampp\htdocs\yolanda_tes\framework\web\CWebApplication.php(141): CWebApplication->runController('site/page')
#7 C:\xampp\htdocs\yolanda_tes\framework\base\CApplication.php(169): CWebApplication->processRequest()
#8 C:\xampp\htdocs\YolandaRetditia\index.php(13): CApplication->run()
#9 {main}
REQUEST_URI=/YolandaRetditia/index.php?r=site/page&view=Jadwal+Kursus
---
2014/01/25 21:01:01 [error] [exception.CHttpException.404] exception 'CHttpException' with message 'The requested view "Jadwal Kursus" was not found.' in C:\xampp\htdocs\yolanda_tes\framework\web\actions\CViewAction.php:112
Stack trace:
#0 C:\xampp\htdocs\yolanda_tes\framework\web\actions\CViewAction.php(123): CViewAction->resolveView('Jadwal Kursus')
#1 C:\xampp\htdocs\yolanda_tes\framework\web\actions\CAction.php(76): CViewAction->run()
#2 C:\xampp\htdocs\yolanda_tes\framework\web\CController.php(308): CAction->runWithParams(Array)
#3 C:\xampp\htdocs\yolanda_tes\framework\web\CController.php(286): CController->runAction(Object(CViewAction))
#4 C:\xampp\htdocs\yolanda_tes\framework\web\CController.php(265): CController->runActionWithFilters(Object(CViewAction), Array)
#5 C:\xampp\htdocs\yolanda_tes\framework\web\CWebApplication.php(282): CController->run('page')
#6 C:\xampp\htdocs\yolanda_tes\framework\web\CWebApplication.php(141): CWebApplication->runController('site/page')
#7 C:\xampp\htdocs\yolanda_tes\framework\base\CApplication.php(169): CWebApplication->processRequest()
#8 C:\xampp\htdocs\YolandaRetditia\index.php(13): CApplication->run()
#9 {main}
REQUEST_URI=/YolandaRetditia/index.php?r=site/page&view=Jadwal+Kursus
HTTP_REFERER=http://localhost/YolandaRetditia/index.php?r=site/page&view=Jadwal+Kursus
---
2014/01/25 21:05:34 [error] [exception.CHttpException.404] exception 'CHttpException' with message 'The requested view "Jadwal Kursus" was not found.' in C:\xampp\htdocs\yolanda_tes\framework\web\actions\CViewAction.php:112
Stack trace:
#0 C:\xampp\htdocs\yolanda_tes\framework\web\actions\CViewAction.php(123): CViewAction->resolveView('Jadwal Kursus')
#1 C:\xampp\htdocs\yolanda_tes\framework\web\actions\CAction.php(76): CViewAction->run()
#2 C:\xampp\htdocs\yolanda_tes\framework\web\CController.php(308): CAction->runWithParams(Array)
#3 C:\xampp\htdocs\yolanda_tes\framework\web\CController.php(286): CController->runAction(Object(CViewAction))
#4 C:\xampp\htdocs\yolanda_tes\framework\web\CController.php(265): CController->runActionWithFilters(Object(CViewAction), Array)
#5 C:\xampp\htdocs\yolanda_tes\framework\web\CWebApplication.php(282): CController->run('page')
#6 C:\xampp\htdocs\yolanda_tes\framework\web\CWebApplication.php(141): CWebApplication->runController('site/page')
#7 C:\xampp\htdocs\yolanda_tes\framework\base\CApplication.php(169): CWebApplication->processRequest()
#8 C:\xampp\htdocs\YolandaRetditia\index.php(13): CApplication->run()
#9 {main}
REQUEST_URI=/YolandaRetditia/index.php?r=site/page&view=Jadwal+Kursus
HTTP_REFERER=http://localhost/YolandaRetditia/index.php?r=student/index
---
2014/01/25 21:06:26 [error] [exception.CHttpException.404] exception 'CHttpException' with message 'The requested view "Jadwal Kursus" was not found.' in C:\xampp\htdocs\yolanda_tes\framework\web\actions\CViewAction.php:112
Stack trace:
#0 C:\xampp\htdocs\yolanda_tes\framework\web\actions\CViewAction.php(123): CViewAction->resolveView('Jadwal Kursus')
#1 C:\xampp\htdocs\yolanda_tes\framework\web\actions\CAction.php(76): CViewAction->run()
#2 C:\xampp\htdocs\yolanda_tes\framework\web\CController.php(308): CAction->runWithParams(Array)
#3 C:\xampp\htdocs\yolanda_tes\framework\web\CController.php(286): CController->runAction(Object(CViewAction))
#4 C:\xampp\htdocs\yolanda_tes\framework\web\CController.php(265): CController->runActionWithFilters(Object(CViewAction), Array)
#5 C:\xampp\htdocs\yolanda_tes\framework\web\CWebApplication.php(282): CController->run('page')
#6 C:\xampp\htdocs\yolanda_tes\framework\web\CWebApplication.php(141): CWebApplication->runController('site/page')
#7 C:\xampp\htdocs\yolanda_tes\framework\base\CApplication.php(169): CWebApplication->processRequest()
#8 C:\xampp\htdocs\YolandaRetditia\index.php(13): CApplication->run()
#9 {main}
REQUEST_URI=/YolandaRetditia/index.php?r=site/page&view=Jadwal+Kursus
---
2014/01/25 21:07:49 [error] [exception.CHttpException.404] exception 'CHttpException' with message 'The requested view "Jadwal Kursus" was not found.' in C:\xampp\htdocs\yolanda_tes\framework\web\actions\CViewAction.php:112
Stack trace:
#0 C:\xampp\htdocs\yolanda_tes\framework\web\actions\CViewAction.php(123): CViewAction->resolveView('Jadwal Kursus')
#1 C:\xampp\htdocs\yolanda_tes\framework\web\actions\CAction.php(76): CViewAction->run()
#2 C:\xampp\htdocs\yolanda_tes\framework\web\CController.php(308): CAction->runWithParams(Array)
#3 C:\xampp\htdocs\yolanda_tes\framework\web\CController.php(286): CController->runAction(Object(CViewAction))
#4 C:\xampp\htdocs\yolanda_tes\framework\web\CController.php(265): CController->runActionWithFilters(Object(CViewAction), Array)
#5 C:\xampp\htdocs\yolanda_tes\framework\web\CWebApplication.php(282): CController->run('page')
#6 C:\xampp\htdocs\yolanda_tes\framework\web\CWebApplication.php(141): CWebApplication->runController('site/page')
#7 C:\xampp\htdocs\yolanda_tes\framework\base\CApplication.php(169): CWebApplication->processRequest()
#8 C:\xampp\htdocs\YolandaRetditia\index.php(13): CApplication->run()
#9 {main}
REQUEST_URI=/YolandaRetditia/index.php?r=site/page&view=Jadwal+Kursus
---
2014/01/25 21:07:54 [error] [exception.CHttpException.404] exception 'CHttpException' with message 'The requested view "Jadwal Kursus" was not found.' in C:\xampp\htdocs\yolanda_tes\framework\web\actions\CViewAction.php:112
Stack trace:
#0 C:\xampp\htdocs\yolanda_tes\framework\web\actions\CViewAction.php(123): CViewAction->resolveView('Jadwal Kursus')
#1 C:\xampp\htdocs\yolanda_tes\framework\web\actions\CAction.php(76): CViewAction->run()
#2 C:\xampp\htdocs\yolanda_tes\framework\web\CController.php(308): CAction->runWithParams(Array)
#3 C:\xampp\htdocs\yolanda_tes\framework\web\CController.php(286): CController->runAction(Object(CViewAction))
#4 C:\xampp\htdocs\yolanda_tes\framework\web\CController.php(265): CController->runActionWithFilters(Object(CViewAction), Array)
#5 C:\xampp\htdocs\yolanda_tes\framework\web\CWebApplication.php(282): CController->run('page')
#6 C:\xampp\htdocs\yolanda_tes\framework\web\CWebApplication.php(141): CWebApplication->runController('site/page')
#7 C:\xampp\htdocs\yolanda_tes\framework\base\CApplication.php(169): CWebApplication->processRequest()
#8 C:\xampp\htdocs\YolandaRetditia\index.php(13): CApplication->run()
#9 {main}
REQUEST_URI=/YolandaRetditia/index.php?r=site/page&view=Jadwal+Kursus
HTTP_REFERER=http://localhost/YolandaRetditia/index.php?r=site/page&view=Jadwal+Kursus
---
2014/01/25 21:08:30 [error] [exception.CHttpException.404] exception 'CHttpException' with message 'The requested view "Jadwal Kursus" was not found.' in C:\xampp\htdocs\yolanda_tes\framework\web\actions\CViewAction.php:112
Stack trace:
#0 C:\xampp\htdocs\yolanda_tes\framework\web\actions\CViewAction.php(123): CViewAction->resolveView('Jadwal Kursus')
#1 C:\xampp\htdocs\yolanda_tes\framework\web\actions\CAction.php(76): CViewAction->run()
#2 C:\xampp\htdocs\yolanda_tes\framework\web\CController.php(308): CAction->runWithParams(Array)
#3 C:\xampp\htdocs\yolanda_tes\framework\web\CController.php(286): CController->runAction(Object(CViewAction))
#4 C:\xampp\htdocs\yolanda_tes\framework\web\CController.php(265): CController->runActionWithFilters(Object(CViewAction), Array)
#5 C:\xampp\htdocs\yolanda_tes\framework\web\CWebApplication.php(282): CController->run('page')
#6 C:\xampp\htdocs\yolanda_tes\framework\web\CWebApplication.php(141): CWebApplication->runController('site/page')
#7 C:\xampp\htdocs\yolanda_tes\framework\base\CApplication.php(169): CWebApplication->processRequest()
#8 C:\xampp\htdocs\YolandaRetditia\index.php(13): CApplication->run()
#9 {main}
REQUEST_URI=/YolandaRetditia/index.php?r=site/page&view=Jadwal+Kursus
HTTP_REFERER=http://localhost/YolandaRetditia/index.php?r=site/page&view=Jadwal+Kursus
---
2014/01/26 09:37:20 [error] [exception.CHttpException.404] exception 'CHttpException' with message 'Unable to resolve the request "boyfriend - boy friend".' in C:\xampp\htdocs\yolanda_tes\framework\web\CWebApplication.php:286
Stack trace:
#0 C:\xampp\htdocs\yolanda_tes\framework\web\CWebApplication.php(141): CWebApplication->runController('boyfriend - boy...')
#1 C:\xampp\htdocs\yolanda_tes\framework\base\CApplication.php(169): CWebApplication->processRequest()
#2 C:\xampp\htdocs\YolandaRetditia\index.php(13): CApplication->run()
#3 {main}
REQUEST_URI=/YolandaRetditia/index.php?r=boyfriend%20-%20boy%20friend
---
2014/01/26 09:38:31 [error] [exception.CHttpException.404] exception 'CHttpException' with message 'Unable to resolve the request "MP3".' in C:\xampp\htdocs\yolanda_tes\framework\web\CWebApplication.php:286
Stack trace:
#0 C:\xampp\htdocs\yolanda_tes\framework\web\CWebApplication.php(141): CWebApplication->runController('MP3')
#1 C:\xampp\htdocs\yolanda_tes\framework\base\CApplication.php(169): CWebApplication->processRequest()
#2 C:\xampp\htdocs\YolandaRetditia\index.php(13): CApplication->run()
#3 {main}
REQUEST_URI=/YolandaRetditia/index.php?r=MP3
---
2014/01/26 09:39:28 [error] [exception.CHttpException.404] exception 'CHttpException' with message 'Unable to resolve the request "MP3.PHP".' in C:\xampp\htdocs\yolanda_tes\framework\web\CWebApplication.php:286
Stack trace:
#0 C:\xampp\htdocs\yolanda_tes\framework\web\CWebApplication.php(141): CWebApplication->runController('MP3.PHP')
#1 C:\xampp\htdocs\yolanda_tes\framework\base\CApplication.php(169): CWebApplication->processRequest()
#2 C:\xampp\htdocs\YolandaRetditia\index.php(13): CApplication->run()
#3 {main}
REQUEST_URI=/YolandaRetditia/index.php?r=MP3.PHP
---
2014/01/26 09:39:40 [error] [exception.CHttpException.404] exception 'CHttpException' with message 'Unable to resolve the request "MP3.php".' in C:\xampp\htdocs\yolanda_tes\framework\web\CWebApplication.php:286
Stack trace:
#0 C:\xampp\htdocs\yolanda_tes\framework\web\CWebApplication.php(141): CWebApplication->runController('MP3.php')
#1 C:\xampp\htdocs\yolanda_tes\framework\base\CApplication.php(169): CWebApplication->processRequest()
#2 C:\xampp\htdocs\YolandaRetditia\index.php(13): CApplication->run()
#3 {main}
REQUEST_URI=/YolandaRetditia/index.php?r=MP3.php
---
2014/01/26 09:40:07 [error] [exception.CHttpException.404] exception 'CHttpException' with message 'Unable to resolve the request "SoundManager.php".' in C:\xampp\htdocs\yolanda_tes\framework\web\CWebApplication.php:286
Stack trace:
#0 C:\xampp\htdocs\yolanda_tes\framework\web\CWebApplication.php(141): CWebApplication->runController('SoundManager.ph...')
#1 C:\xampp\htdocs\yolanda_tes\framework\base\CApplication.php(169): CWebApplication->processRequest()
#2 C:\xampp\htdocs\YolandaRetditia\index.php(13): CApplication->run()
#3 {main}
REQUEST_URI=/YolandaRetditia/index.php?r=SoundManager.php
---
2014/01/26 09:40:15 [error] [exception.CHttpException.404] exception 'CHttpException' with message 'Unable to resolve the request "SoundManager.php".' in C:\xampp\htdocs\yolanda_tes\framework\web\CWebApplication.php:286
Stack trace:
#0 C:\xampp\htdocs\yolanda_tes\framework\web\CWebApplication.php(141): CWebApplication->runController('SoundManager.ph...')
#1 C:\xampp\htdocs\yolanda_tes\framework\base\CApplication.php(169): CWebApplication->processRequest()
#2 C:\xampp\htdocs\YolandaRetditia\index.php(13): CApplication->run()
#3 {main}
REQUEST_URI=/YolandaRetditia/index.php?r=SoundManager.php
---
2014/01/26 09:48:28 [error] [exception.CHttpException.404] exception 'CHttpException' with message 'Unable to resolve the request "SoundManager.php".' in C:\xampp\htdocs\yolanda_tes\framework\web\CWebApplication.php:286
Stack trace:
#0 C:\xampp\htdocs\yolanda_tes\framework\web\CWebApplication.php(141): CWebApplication->runController('SoundManager.ph...')
#1 C:\xampp\htdocs\yolanda_tes\framework\base\CApplication.php(169): CWebApplication->processRequest()
#2 C:\xampp\htdocs\YolandaRetditia\index.php(13): CApplication->run()
#3 {main}
REQUEST_URI=/YolandaRetditia/index.php?r=SoundManager.php
---
2014/01/26 09:50:28 [error] [exception.CHttpException.404] exception 'CHttpException' with message 'Unable to resolve the request "protected/extensions".' in C:\xampp\htdocs\yolanda_tes\framework\web\CWebApplication.php:286
Stack trace:
#0 C:\xampp\htdocs\yolanda_tes\framework\web\CWebApplication.php(141): CWebApplication->runController('protected/exten...')
#1 C:\xampp\htdocs\yolanda_tes\framework\base\CApplication.php(169): CWebApplication->processRequest()
#2 C:\xampp\htdocs\YolandaRetditia\index.php(13): CApplication->run()
#3 {main}
REQUEST_URI=/YolandaRetditia/index.php?r=protected/extensions
HTTP_REFERER=http://localhost/YolandaRetditia/index.php
---
2014/01/26 17:42:56 [error] [exception.CHttpException.404] exception 'CHttpException' with message 'Unable to resolve the request "protected/extensions".' in C:\xampp\htdocs\yolanda_tes\framework\web\CWebApplication.php:286
Stack trace:
#0 C:\xampp\htdocs\yolanda_tes\framework\web\CWebApplication.php(141): CWebApplication->runController('protected/exten...')
#1 C:\xampp\htdocs\yolanda_tes\framework\base\CApplication.php(169): CWebApplication->processRequest()
#2 C:\xampp\htdocs\YolandaRetditia\index.php(13): CApplication->run()
#3 {main}
REQUEST_URI=/YolandaRetditia/index.php?r=protected/extensions
HTTP_REFERER=http://localhost/YolandaRetditia/index.php?r=site/index
---
2014/01/26 19:32:23 [error] [exception.CHttpException.404] exception 'CHttpException' with message 'Unable to resolve the request "protected/extensions".' in C:\xampp\htdocs\yolanda_tes\framework\web\CWebApplication.php:286
Stack trace:
#0 C:\xampp\htdocs\yolanda_tes\framework\web\CWebApplication.php(141): CWebApplication->runController('protected/exten...')
#1 C:\xampp\htdocs\yolanda_tes\framework\base\CApplication.php(169): CWebApplication->processRequest()
#2 C:\xampp\htdocs\YolandaRetditia\index.php(13): CApplication->run()
#3 {main}
REQUEST_URI=/YolandaRetditia/index.php?r=protected/extensions
HTTP_REFERER=http://localhost/YolandaRetditia/index.php?r=student/admin
---
2014/01/27 12:07:54 [error] [exception.CHttpException.404] exception 'CHttpException' with message 'Unable to resolve the request "protected/extensions".' in C:\xampp\htdocs\yolanda_tes\framework\web\CWebApplication.php:286
Stack trace:
#0 C:\xampp\htdocs\yolanda_tes\framework\web\CWebApplication.php(141): CWebApplication->runController('protected/exten...')
#1 C:\xampp\htdocs\yolanda_tes\framework\base\CApplication.php(169): CWebApplication->processRequest()
#2 C:\xampp\htdocs\YolandaRetditia\index.php(13): CApplication->run()
#3 {main}
REQUEST_URI=/YolandaRetditia/index.php?r=protected/extensions
HTTP_REFERER=http://localhost/YolandaRetditia/index.php?r=site/page&view=Jadwal
---
2014/01/27 12:21:57 [error] [exception.CHttpException.404] exception 'CHttpException' with message 'Unable to resolve the request "protected/extensions".' in C:\xampp\htdocs\yolanda_tes\framework\web\CWebApplication.php:286
Stack trace:
#0 C:\xampp\htdocs\yolanda_tes\framework\web\CWebApplication.php(141): CWebApplication->runController('protected/exten...')
#1 C:\xampp\htdocs\yolanda_tes\framework\base\CApplication.php(169): CWebApplication->processRequest()
#2 C:\xampp\htdocs\YolandaRetditia\index.php(13): CApplication->run()
#3 {main}
REQUEST_URI=/YolandaRetditia/index.php?r=protected/extensions
HTTP_REFERER=http://localhost/YolandaRetditia/index.php?r=site/index
---
2014/01/27 12:30:46 [error] [exception.CHttpException.404] exception 'CHttpException' with message 'Unable to resolve the request "SoundManager.php".' in C:\xampp\htdocs\yolanda_tes\framework\web\CWebApplication.php:286
Stack trace:
#0 C:\xampp\htdocs\yolanda_tes\framework\web\CWebApplication.php(141): CWebApplication->runController('SoundManager.ph...')
#1 C:\xampp\htdocs\yolanda_tes\framework\base\CApplication.php(169): CWebApplication->processRequest()
#2 C:\xampp\htdocs\YolandaRetditia\index.php(13): CApplication->run()
#3 {main}
REQUEST_URI=/YolandaRetditia/index.php?r=SoundManager.php
---
2014/01/27 12:35:46 [error] [exception.CHttpException.404] exception 'CHttpException' with message 'Unable to resolve the request "Mp3.php".' in C:\xampp\htdocs\yolanda_tes\framework\web\CWebApplication.php:286
Stack trace:
#0 C:\xampp\htdocs\yolanda_tes\framework\web\CWebApplication.php(141): CWebApplication->runController('Mp3.php')
#1 C:\xampp\htdocs\yolanda_tes\framework\base\CApplication.php(169): CWebApplication->processRequest()
#2 C:\xampp\htdocs\YolandaRetditia\index.php(13): CApplication->run()
#3 {main}
REQUEST_URI=/YolandaRetditia/index.php?r=Mp3.php
---
2014/01/27 12:35:58 [error] [exception.CHttpException.404] exception 'CHttpException' with message 'Unable to resolve the request "MP3.php".' in C:\xampp\htdocs\yolanda_tes\framework\web\CWebApplication.php:286
Stack trace:
#0 C:\xampp\htdocs\yolanda_tes\framework\web\CWebApplication.php(141): CWebApplication->runController('MP3.php')
#1 C:\xampp\htdocs\yolanda_tes\framework\base\CApplication.php(169): CWebApplication->processRequest()
#2 C:\xampp\htdocs\YolandaRetditia\index.php(13): CApplication->run()
#3 {main}
REQUEST_URI=/YolandaRetditia/index.php?r=MP3.php
---
2014/01/27 12:45:35 [error] [exception.CHttpException.404] exception 'CHttpException' with message 'Unable to resolve the request "soundmanager.php".' in C:\xampp\htdocs\yolanda_tes\framework\web\CWebApplication.php:286
Stack trace:
#0 C:\xampp\htdocs\yolanda_tes\framework\web\CWebApplication.php(141): CWebApplication->runController('soundmanager.ph...')
#1 C:\xampp\htdocs\yolanda_tes\framework\base\CApplication.php(169): CWebApplication->processRequest()
#2 C:\xampp\htdocs\YolandaRetditia\index.php(13): CApplication->run()
#3 {main}
REQUEST_URI=/YolandaRetditia/index.php?r=soundmanager.php
---
2014/01/27 12:46:12 [error] [exception.CHttpException.404] exception 'CHttpException' with message 'Unable to resolve the request "MP3.php".' in C:\xampp\htdocs\yolanda_tes\framework\web\CWebApplication.php:286
Stack trace:
#0 C:\xampp\htdocs\yolanda_tes\framework\web\CWebApplication.php(141): CWebApplication->runController('MP3.php')
#1 C:\xampp\htdocs\yolanda_tes\framework\base\CApplication.php(169): CWebApplication->processRequest()
#2 C:\xampp\htdocs\YolandaRetditia\index.php(13): CApplication->run()
#3 {main}
REQUEST_URI=/YolandaRetditia/index.php?r=MP3.php
---
2014/01/27 12:46:22 [error] [exception.CHttpException.404] exception 'CHttpException' with message 'Unable to resolve the request "Mp3.php".' in C:\xampp\htdocs\yolanda_tes\framework\web\CWebApplication.php:286
Stack trace:
#0 C:\xampp\htdocs\yolanda_tes\framework\web\CWebApplication.php(141): CWebApplication->runController('Mp3.php')
#1 C:\xampp\htdocs\yolanda_tes\framework\base\CApplication.php(169): CWebApplication->processRequest()
#2 C:\xampp\htdocs\YolandaRetditia\index.php(13): CApplication->run()
#3 {main}
REQUEST_URI=/YolandaRetditia/index.php?r=Mp3.php
---
